#
# There is insufficient memory for the Java Runtime Environment to continue.
# Native memory allocation (mmap) failed to map 91226112 bytes for G1 virtual space
# Possible reasons:
#   The system is out of physical RAM or swap space
#   The process is running with CompressedOops enabled, and the Java Heap may be blocking the growth of the native heap
# Possible solutions:
#   Reduce memory load on the system
#   Increase physical memory or swap space
#   Check if swap backing store is full
#   Decrease Java heap size (-Xmx/-Xms)
#   Decrease number of Java threads
#   Decrease Java thread stack sizes (-Xss)
#   Set larger code cache with -XX:ReservedCodeCacheSize=
#   JVM is running with Unscaled Compressed Oops mode in which the Java heap is
#     placed in the first 4GB address space. The Java Heap base address is the
#     maximum limit for the native heap growth. Please use -XX:HeapBaseMinAddress
#     to set the Java Heap base and to place the Java Heap above 4GB virtual address.
# This output file may be truncated or incomplete.
#
#  Out of Memory Error (os_windows.cpp:3769), pid=18164, tid=4244
#
# JRE version: OpenJDK Runtime Environment (17.0.6) (build 17.0.6+0-b2043.56-10027231)
# Java VM: OpenJDK 64-Bit Server VM (17.0.6+0-b2043.56-10027231, mixed mode, tiered, compressed oops, compressed class ptrs, g1 gc, windows-amd64)
# No core dump will be written. Minidumps are not enabled by default on client versions of Windows
#

---------------  S U M M A R Y ------------

Command Line: --add-opens=java.base/java.util=ALL-UNNAMED --add-opens=java.base/java.lang=ALL-UNNAMED --add-opens=java.base/java.lang.invoke=ALL-UNNAMED --add-opens=java.prefs/java.util.prefs=ALL-UNNAMED --add-opens=java.base/java.nio.charset=ALL-UNNAMED --add-opens=java.base/java.net=ALL-UNNAMED --add-opens=java.base/java.util.concurrent.atomic=ALL-UNNAMED -Xmx2048m -Dfile.encoding=UTF-8 -Duser.country=US -Duser.language=en -Duser.variant org.gradle.launcher.daemon.bootstrap.GradleDaemon 8.0

Host: AMD Ryzen 3 5300U with Radeon Graphics         , 8 cores, 7G,  Windows 11 , 64 bit Build 22621 (10.0.22621.3374)
Time: Sun Apr 28 17:18:01 2024 W. Central Africa Standard Time elapsed time: 19.731582 seconds (0d 0h 0m 19s)

---------------  T H R E A D  ---------------

Current thread (0x000001ad7afe5330):  VMThread "VM Thread" [stack: 0x0000006edb000000,0x0000006edb100000] [id=4244]

Stack: [0x0000006edb000000,0x0000006edb100000]
Native frames: (J=compiled Java code, j=interpreted, Vv=VM code, C=native code)
V  [jvm.dll+0x683c9a]
V  [jvm.dll+0x8427a4]
V  [jvm.dll+0x843f9e]
V  [jvm.dll+0x844603]
V  [jvm.dll+0x249b75]
V  [jvm.dll+0x680b69]
V  [jvm.dll+0x67505a]
V  [jvm.dll+0x309acb]
V  [jvm.dll+0x310f86]
V  [jvm.dll+0x3608ee]
V  [jvm.dll+0x360b1f]
V  [jvm.dll+0x2dfbf8]
V  [jvm.dll+0x2ddec4]
V  [jvm.dll+0x2dd4cc]
V  [jvm.dll+0x321f3b]
V  [jvm.dll+0x848ccb]
V  [jvm.dll+0x849a04]
V  [jvm.dll+0x849f1d]
V  [jvm.dll+0x84a2f4]
V  [jvm.dll+0x84a3c0]
V  [jvm.dll+0x7f274a]
V  [jvm.dll+0x682ad5]
C  [ucrtbase.dll+0x29333]
C  [KERNEL32.DLL+0x1257d]
C  [ntdll.dll+0x5aa48]

VM_Operation (0x0000006edc8f6250): G1CollectForAllocation, mode: safepoint, requested by thread 0x000001ad7b9a9600


---------------  P R O C E S S  ---------------

Threads class SMR info:
_java_thread_list=0x000001ad10458d70, length=126, elements={
0x000001ad7017e530, 0x000001ad7aff8260, 0x000001ad7afb3470, 0x000001ad7afd2100,
0x000001ad7b80f1f0, 0x000001ad7b8117d0, 0x000001ad7b8147a0, 0x000001ad7b818d90,
0x000001ad7b819b90, 0x000001ad7b81ad60, 0x000001ad7b9ac620, 0x000001ad7b9acaf0,
0x000001ad7b9a9ad0, 0x000001ad7b9ab2e0, 0x000001ad7b9aa470, 0x000001ad7b9ab7b0,
0x000001ad7b9aa940, 0x000001ad7b9aae10, 0x000001ad7b9a9600, 0x000001ad7b9abc80,
0x000001ad7b9ac150, 0x000001ad7b9a9130, 0x000001ad7e266600, 0x000001ad7e268c80,
0x000001ad7e2682e0, 0x000001ad7e269fc0, 0x000001ad7e266ad0, 0x000001ad7e269150,
0x000001ad7e26a960, 0x000001ad7e26cb10, 0x000001ad7e26c640, 0x000001ad7e267470,
0x000001ad7e265c60, 0x000001ad7e26a490, 0x000001ad7e269af0, 0x000001ad7e26d4b0,
0x000001ad7e26b300, 0x000001ad7e26b7d0, 0x000001ad7e269620, 0x000001ad7e26bca0,
0x000001ad7e267940, 0x000001ad7e26c170, 0x000001ad7e924680, 0x000001ad7e9241b0,
0x000001ad7e9254f0, 0x000001ad7e925020, 0x000001ad7e924b50, 0x000001ad7e9259c0,
0x000001ad7e925e90, 0x000001ad7e923340, 0x000001ad7e926360, 0x000001ad7e923ce0,
0x000001ad7e926830, 0x000001ad7e923810, 0x000001ad7e922e70, 0x000001ad7e2d6810,
0x000001ad7e2d3cc0, 0x000001ad7e2d4190, 0x000001ad7e2da1d0, 0x000001ad7e2d54d0,
0x000001ad7e2d84f0, 0x000001ad7e2d5e70, 0x000001ad7e2d37f0, 0x000001ad7e2d6340,
0x000001ad7e2d4b30, 0x000001ad7e2d9360, 0x000001ad7e2d5000, 0x000001ad7e2d6ce0,
0x000001ad7e2da6a0, 0x000001ad7e2d3320, 0x000001ad7e2d59a0, 0x000001ad7e2d89c0,
0x000001ad7e2d2e50, 0x000001ad7e2d71b0, 0x000001ad7e2d4660, 0x000001ad7e2d7680,
0x000001ad7e2d7b50, 0x000001ad7e2d9830, 0x000001ad7e2d8020, 0x000001ad7e2d8e90,
0x000001ad7e2d9d00, 0x000001ad7c5cb7b0, 0x000001ad7c5cbc80, 0x000001ad7c5c82c0,
0x000001ad7c5cb2e0, 0x000001ad7c5ccaf0, 0x000001ad7c5c9600, 0x000001ad7c5ca940,
0x000001ad7c5c7920, 0x000001ad7c5c52a0, 0x000001ad7c5c7450, 0x000001ad7c5cae10,
0x000001ad7c5c8790, 0x000001ad7c5ca470, 0x000001ad7c5c7df0, 0x000001ad7c5c9fa0,
0x000001ad7c5cc150, 0x000001ad7c5cc620, 0x000001ad7c5c5770, 0x000001ad7c5c6ab0,
0x000001ad7c5c5c40, 0x000001ad7c5c6110, 0x000001ad7c5c6f80, 0x000001ad7c5c8c60,
0x000001ad7c5c65e0, 0x000001ad7c5c9130, 0x000001ad7c5c9ad0, 0x000001ad7ef410e0,
0x000001ad7ef43c30, 0x000001ad7ef42dc0, 0x000001ad7ef3c3e0, 0x000001ad7ef415b0,
0x000001ad7ef3ea60, 0x000001ad7ef40270, 0x000001ad7ef3e590, 0x000001ad7ef41f50,
0x000001ad7ef3cd80, 0x000001ad7ef3ef30, 0x000001ad7ef3fda0, 0x000001ad7ef3d250,
0x000001ad7ef43290, 0x000001ad7ef3dbf0, 0x000001ad7ef43760, 0x000001ad7ef3c8b0,
0x000001ad7ef3d720, 0x000001ad7ef3e0c0
}

Java Threads: ( => current thread )
  0x000001ad7017e530 JavaThread "main" [_thread_blocked, id=18488, stack(0x0000006edaa00000,0x0000006edab00000)]
  0x000001ad7aff8260 JavaThread "Reference Handler" daemon [_thread_blocked, id=8068, stack(0x0000006edb100000,0x0000006edb200000)]
  0x000001ad7afb3470 JavaThread "Finalizer" daemon [_thread_blocked, id=22944, stack(0x0000006edb200000,0x0000006edb300000)]
  0x000001ad7afd2100 JavaThread "Signal Dispatcher" daemon [_thread_blocked, id=18636, stack(0x0000006edb300000,0x0000006edb400000)]
  0x000001ad7b80f1f0 JavaThread "Attach Listener" daemon [_thread_blocked, id=5180, stack(0x0000006edb400000,0x0000006edb500000)]
  0x000001ad7b8117d0 JavaThread "Service Thread" daemon [_thread_blocked, id=4476, stack(0x0000006edb500000,0x0000006edb600000)]
  0x000001ad7b8147a0 JavaThread "Monitor Deflation Thread" daemon [_thread_blocked, id=13564, stack(0x0000006edb600000,0x0000006edb700000)]
  0x000001ad7b818d90 JavaThread "C2 CompilerThread0" daemon [_thread_blocked, id=4936, stack(0x0000006edb700000,0x0000006edb800000)]
  0x000001ad7b819b90 JavaThread "C1 CompilerThread0" daemon [_thread_blocked, id=11804, stack(0x0000006edb800000,0x0000006edb900000)]
  0x000001ad7b81ad60 JavaThread "Sweeper thread" daemon [_thread_blocked, id=18336, stack(0x0000006edb900000,0x0000006edba00000)]
  0x000001ad7b9ac620 JavaThread "Common-Cleaner" daemon [_thread_blocked, id=21220, stack(0x0000006edba00000,0x0000006edbb00000)]
  0x000001ad7b9acaf0 JavaThread "Notification Thread" daemon [_thread_blocked, id=5304, stack(0x0000006edbb00000,0x0000006edbc00000)]
  0x000001ad7b9a9ad0 JavaThread "Daemon health stats" [_thread_blocked, id=22464, stack(0x0000006edc100000,0x0000006edc200000)]
  0x000001ad7b9ab2e0 JavaThread "Incoming local TCP Connector on port 65121" [_thread_in_native, id=23080, stack(0x0000006edc300000,0x0000006edc400000)]
  0x000001ad7b9aa470 JavaThread "Daemon periodic checks" [_thread_blocked, id=9488, stack(0x0000006edc400000,0x0000006edc500000)]
  0x000001ad7b9ab7b0 JavaThread "Daemon" [_thread_blocked, id=6532, stack(0x0000006edc500000,0x0000006edc600000)]
  0x000001ad7b9aa940 JavaThread "Handler for socket connection from /127.0.0.1:65121 to /127.0.0.1:65122" [_thread_in_native, id=19128, stack(0x0000006edc600000,0x0000006edc700000)]
  0x000001ad7b9aae10 JavaThread "Cancel handler" [_thread_blocked, id=8028, stack(0x0000006edc700000,0x0000006edc800000)]
  0x000001ad7b9a9600 JavaThread "Daemon worker" [_thread_blocked, id=4856, stack(0x0000006edc800000,0x0000006edc900000)]
  0x000001ad7b9abc80 JavaThread "Asynchronous log dispatcher for DefaultDaemonConnection: socket connection from /127.0.0.1:65121 to /127.0.0.1:65122" [_thread_blocked, id=13396, stack(0x0000006edc900000,0x0000006edca00000)]
  0x000001ad7b9ac150 JavaThread "Stdin handler" [_thread_blocked, id=6332, stack(0x0000006edca00000,0x0000006edcb00000)]
  0x000001ad7b9a9130 JavaThread "Daemon client event forwarder" [_thread_blocked, id=4408, stack(0x0000006edcb00000,0x0000006edcc00000)]
  0x000001ad7e266600 JavaThread "Cache worker for journal cache (C:\Users\23480\.gradle\caches\journal-1)" [_thread_blocked, id=21764, stack(0x0000006edcf00000,0x0000006edd000000)]
  0x000001ad7e268c80 JavaThread "File lock request listener" [_thread_in_native, id=11140, stack(0x0000006edd000000,0x0000006edd100000)]
  0x000001ad7e2682e0 JavaThread "Cache worker for file hash cache (C:\Users\23480\.gradle\caches\8.0\fileHashes)" [_thread_blocked, id=17312, stack(0x0000006edd100000,0x0000006edd200000)]
  0x000001ad7e269fc0 JavaThread "File watcher server" daemon [_thread_in_native, id=20960, stack(0x0000006edd300000,0x0000006edd400000)]
  0x000001ad7e266ad0 JavaThread "File watcher consumer" daemon [_thread_blocked, id=704, stack(0x0000006edd400000,0x0000006edd500000)]
  0x000001ad7e269150 JavaThread "Cache worker for checksums cache (C:\Users\23480\Documents\androidproject\Motivation\.gradle\8.0\checksums)" [_thread_blocked, id=11032, stack(0x0000006edd500000,0x0000006edd600000)]
  0x000001ad7e26a960 JavaThread "Cache worker for cache directory md-rule (C:\Users\23480\.gradle\caches\8.0\md-rule)" [_thread_blocked, id=15152, stack(0x0000006edd600000,0x0000006edd700000)]
  0x000001ad7e26cb10 JavaThread "Cache worker for file content cache (C:\Users\23480\.gradle\caches\8.0\fileContent)" [_thread_blocked, id=19080, stack(0x0000006edd700000,0x0000006edd800000)]
  0x000001ad7e26c640 JavaThread "Cache worker for file hash cache (C:\Users\23480\Documents\androidproject\Motivation\.gradle\8.0\fileHashes)" [_thread_blocked, id=3640, stack(0x0000006edd800000,0x0000006edd900000)]
  0x000001ad7e267470 JavaThread "Cache worker for cache directory md-supplier (C:\Users\23480\.gradle\caches\8.0\md-supplier)" [_thread_blocked, id=3688, stack(0x0000006edd900000,0x0000006edda00000)]
  0x000001ad7e265c60 JavaThread "Cache worker for execution history cache (C:\Users\23480\.gradle\caches\8.0\executionHistory)" [_thread_blocked, id=22872, stack(0x0000006edda00000,0x0000006eddb00000)]
  0x000001ad7e26a490 JavaThread "jar transforms" [_thread_blocked, id=1616, stack(0x0000006edd200000,0x0000006edd300000)]
  0x000001ad7e269af0 JavaThread "jar transforms Thread 2" [_thread_blocked, id=4168, stack(0x0000006eddb00000,0x0000006eddc00000)]
  0x000001ad7e26d4b0 JavaThread "Cache worker for kotlin-dsl (C:\Users\23480\.gradle\caches\8.0\kotlin-dsl)" [_thread_blocked, id=6096, stack(0x0000006eddc00000,0x0000006eddd00000)]
  0x000001ad7e26b300 JavaThread "jar transforms Thread 3" [_thread_blocked, id=15880, stack(0x0000006eddd00000,0x0000006edde00000)]
  0x000001ad7e26b7d0 JavaThread "jar transforms Thread 4" [_thread_blocked, id=14944, stack(0x0000006edde00000,0x0000006eddf00000)]
  0x000001ad7e269620 JavaThread "Cache worker for dependencies-accessors (C:\Users\23480\Documents\androidproject\Motivation\.gradle\8.0\dependencies-accessors)" [_thread_blocked, id=19508, stack(0x0000006eddf00000,0x0000006ede000000)]
  0x000001ad7e26bca0 JavaThread "Cache worker for Build Output Cleanup Cache (C:\Users\23480\Documents\androidproject\Motivation\.gradle\buildOutputCleanup)" [_thread_blocked, id=3920, stack(0x0000006ede000000,0x0000006ede100000)]
  0x000001ad7e267940 JavaThread "jar transforms Thread 5" [_thread_blocked, id=16452, stack(0x0000006ede100000,0x0000006ede200000)]
  0x000001ad7e26c170 JavaThread "Unconstrained build operations" [_thread_blocked, id=18384, stack(0x0000006ede300000,0x0000006ede400000)]
  0x000001ad7e924680 JavaThread "Unconstrained build operations Thread 2" [_thread_blocked, id=20448, stack(0x0000006ede400000,0x0000006ede500000)]
  0x000001ad7e9241b0 JavaThread "Unconstrained build operations Thread 3" [_thread_blocked, id=26472, stack(0x0000006ede500000,0x0000006ede600000)]
  0x000001ad7e9254f0 JavaThread "Unconstrained build operations Thread 4" [_thread_blocked, id=16024, stack(0x0000006ede600000,0x0000006ede700000)]
  0x000001ad7e925020 JavaThread "Unconstrained build operations Thread 5" [_thread_blocked, id=9552, stack(0x0000006ede700000,0x0000006ede800000)]
  0x000001ad7e924b50 JavaThread "Unconstrained build operations Thread 6" [_thread_blocked, id=24120, stack(0x0000006ede800000,0x0000006ede900000)]
  0x000001ad7e9259c0 JavaThread "Unconstrained build operations Thread 7" [_thread_blocked, id=17296, stack(0x0000006ede900000,0x0000006edea00000)]
  0x000001ad7e925e90 JavaThread "Unconstrained build operations Thread 8" [_thread_blocked, id=25608, stack(0x0000006edea00000,0x0000006edeb00000)]
  0x000001ad7e923340 JavaThread "Unconstrained build operations Thread 9" [_thread_blocked, id=15676, stack(0x0000006edeb00000,0x0000006edec00000)]
  0x000001ad7e926360 JavaThread "Unconstrained build operations Thread 10" [_thread_blocked, id=21080, stack(0x0000006edec00000,0x0000006eded00000)]
  0x000001ad7e923ce0 JavaThread "Unconstrained build operations Thread 11" [_thread_blocked, id=17864, stack(0x0000006eded00000,0x0000006edee00000)]
  0x000001ad7e926830 JavaThread "Unconstrained build operations Thread 12" [_thread_blocked, id=25908, stack(0x0000006edee00000,0x0000006edef00000)]
  0x000001ad7e923810 JavaThread "Unconstrained build operations Thread 13" [_thread_blocked, id=2756, stack(0x0000006edef00000,0x0000006edf000000)]
  0x000001ad7e922e70 JavaThread "Unconstrained build operations Thread 14" [_thread_blocked, id=11416, stack(0x0000006edf000000,0x0000006edf100000)]
  0x000001ad7e2d6810 JavaThread "Unconstrained build operations Thread 15" [_thread_blocked, id=25384, stack(0x0000006edf100000,0x0000006edf200000)]
  0x000001ad7e2d3cc0 JavaThread "Unconstrained build operations Thread 16" [_thread_blocked, id=6464, stack(0x0000006edf200000,0x0000006edf300000)]
  0x000001ad7e2d4190 JavaThread "Unconstrained build operations Thread 17" [_thread_blocked, id=18372, stack(0x0000006edf300000,0x0000006edf400000)]
  0x000001ad7e2da1d0 JavaThread "Unconstrained build operations Thread 18" [_thread_blocked, id=24272, stack(0x0000006edf400000,0x0000006edf500000)]
  0x000001ad7e2d54d0 JavaThread "Unconstrained build operations Thread 19" [_thread_blocked, id=25700, stack(0x0000006edf500000,0x0000006edf600000)]
  0x000001ad7e2d84f0 JavaThread "Unconstrained build operations Thread 20" [_thread_blocked, id=24508, stack(0x0000006edf600000,0x0000006edf700000)]
  0x000001ad7e2d5e70 JavaThread "Unconstrained build operations Thread 21" [_thread_blocked, id=9052, stack(0x0000006edf700000,0x0000006edf800000)]
  0x000001ad7e2d37f0 JavaThread "Unconstrained build operations Thread 22" [_thread_blocked, id=23680, stack(0x0000006edf800000,0x0000006edf900000)]
  0x000001ad7e2d6340 JavaThread "Unconstrained build operations Thread 23" [_thread_blocked, id=23168, stack(0x0000006edf900000,0x0000006edfa00000)]
  0x000001ad7e2d4b30 JavaThread "Unconstrained build operations Thread 24" [_thread_blocked, id=17584, stack(0x0000006edfa00000,0x0000006edfb00000)]
  0x000001ad7e2d9360 JavaThread "Unconstrained build operations Thread 25" [_thread_blocked, id=19708, stack(0x0000006edfb00000,0x0000006edfc00000)]
  0x000001ad7e2d5000 JavaThread "Unconstrained build operations Thread 26" [_thread_blocked, id=7904, stack(0x0000006edfc00000,0x0000006edfd00000)]
  0x000001ad7e2d6ce0 JavaThread "Unconstrained build operations Thread 27" [_thread_blocked, id=2400, stack(0x0000006edfd00000,0x0000006edfe00000)]
  0x000001ad7e2da6a0 JavaThread "Unconstrained build operations Thread 28" [_thread_blocked, id=13916, stack(0x0000006edfe00000,0x0000006edff00000)]
  0x000001ad7e2d3320 JavaThread "Unconstrained build operations Thread 29" [_thread_blocked, id=22468, stack(0x0000006edff00000,0x0000006ee0000000)]
  0x000001ad7e2d59a0 JavaThread "Unconstrained build operations Thread 30" [_thread_blocked, id=17332, stack(0x0000006ee0000000,0x0000006ee0100000)]
  0x000001ad7e2d89c0 JavaThread "Unconstrained build operations Thread 31" [_thread_blocked, id=5020, stack(0x0000006ee0100000,0x0000006ee0200000)]
  0x000001ad7e2d2e50 JavaThread "Unconstrained build operations Thread 32" [_thread_blocked, id=25884, stack(0x0000006ee0200000,0x0000006ee0300000)]
  0x000001ad7e2d71b0 JavaThread "Unconstrained build operations Thread 33" [_thread_blocked, id=13888, stack(0x0000006ee0300000,0x0000006ee0400000)]
  0x000001ad7e2d4660 JavaThread "Unconstrained build operations Thread 34" [_thread_blocked, id=9092, stack(0x0000006ee0400000,0x0000006ee0500000)]
  0x000001ad7e2d7680 JavaThread "Unconstrained build operations Thread 35" [_thread_blocked, id=22920, stack(0x0000006ee0500000,0x0000006ee0600000)]
  0x000001ad7e2d7b50 JavaThread "Unconstrained build operations Thread 36" [_thread_blocked, id=26320, stack(0x0000006ee0600000,0x0000006ee0700000)]
  0x000001ad7e2d9830 JavaThread "Unconstrained build operations Thread 37" [_thread_blocked, id=3584, stack(0x0000006ee0700000,0x0000006ee0800000)]
  0x000001ad7e2d8020 JavaThread "Unconstrained build operations Thread 38" [_thread_blocked, id=12900, stack(0x0000006ee0800000,0x0000006ee0900000)]
  0x000001ad7e2d8e90 JavaThread "Unconstrained build operations Thread 39" [_thread_blocked, id=19540, stack(0x0000006ee0900000,0x0000006ee0a00000)]
  0x000001ad7e2d9d00 JavaThread "Unconstrained build operations Thread 40" [_thread_blocked, id=20564, stack(0x0000006ee0a00000,0x0000006ee0b00000)]
  0x000001ad7c5cb7b0 JavaThread "Unconstrained build operations Thread 41" [_thread_blocked, id=22860, stack(0x0000006ee0b00000,0x0000006ee0c00000)]
  0x000001ad7c5cbc80 JavaThread "Unconstrained build operations Thread 42" [_thread_blocked, id=21760, stack(0x0000006ee0c00000,0x0000006ee0d00000)]
  0x000001ad7c5c82c0 JavaThread "Unconstrained build operations Thread 43" [_thread_blocked, id=15664, stack(0x0000006ee0d00000,0x0000006ee0e00000)]
  0x000001ad7c5cb2e0 JavaThread "Unconstrained build operations Thread 44" [_thread_blocked, id=17848, stack(0x0000006ee0e00000,0x0000006ee0f00000)]
  0x000001ad7c5ccaf0 JavaThread "Unconstrained build operations Thread 45" [_thread_blocked, id=17796, stack(0x0000006ee0f00000,0x0000006ee1000000)]
  0x000001ad7c5c9600 JavaThread "Unconstrained build operations Thread 46" [_thread_blocked, id=13944, stack(0x0000006ee1000000,0x0000006ee1100000)]
  0x000001ad7c5ca940 JavaThread "Unconstrained build operations Thread 47" [_thread_blocked, id=2252, stack(0x0000006ee1100000,0x0000006ee1200000)]
  0x000001ad7c5c7920 JavaThread "Unconstrained build operations Thread 48" [_thread_blocked, id=1584, stack(0x0000006ee1200000,0x0000006ee1300000)]
  0x000001ad7c5c52a0 JavaThread "Unconstrained build operations Thread 49" [_thread_blocked, id=17652, stack(0x0000006ee1300000,0x0000006ee1400000)]
  0x000001ad7c5c7450 JavaThread "Unconstrained build operations Thread 50" [_thread_blocked, id=10588, stack(0x0000006ee1400000,0x0000006ee1500000)]
  0x000001ad7c5cae10 JavaThread "Unconstrained build operations Thread 51" [_thread_blocked, id=7268, stack(0x0000006ee1500000,0x0000006ee1600000)]
  0x000001ad7c5c8790 JavaThread "Unconstrained build operations Thread 52" [_thread_blocked, id=26384, stack(0x0000006ee1600000,0x0000006ee1700000)]
  0x000001ad7c5ca470 JavaThread "Unconstrained build operations Thread 53" [_thread_blocked, id=22052, stack(0x0000006ee1700000,0x0000006ee1800000)]
  0x000001ad7c5c7df0 JavaThread "Unconstrained build operations Thread 54" [_thread_blocked, id=23768, stack(0x0000006ee1800000,0x0000006ee1900000)]
  0x000001ad7c5c9fa0 JavaThread "Unconstrained build operations Thread 55" [_thread_blocked, id=11800, stack(0x0000006ee1900000,0x0000006ee1a00000)]
  0x000001ad7c5cc150 JavaThread "Unconstrained build operations Thread 56" [_thread_blocked, id=22208, stack(0x0000006ee1a00000,0x0000006ee1b00000)]
  0x000001ad7c5cc620 JavaThread "Unconstrained build operations Thread 57" [_thread_blocked, id=26000, stack(0x0000006ee1b00000,0x0000006ee1c00000)]
  0x000001ad7c5c5770 JavaThread "Unconstrained build operations Thread 58" [_thread_blocked, id=20496, stack(0x0000006ee1c00000,0x0000006ee1d00000)]
  0x000001ad7c5c6ab0 JavaThread "Unconstrained build operations Thread 59" [_thread_blocked, id=1400, stack(0x0000006ee1d00000,0x0000006ee1e00000)]
  0x000001ad7c5c5c40 JavaThread "Unconstrained build operations Thread 60" [_thread_blocked, id=1928, stack(0x0000006ee1e00000,0x0000006ee1f00000)]
  0x000001ad7c5c6110 JavaThread "Unconstrained build operations Thread 61" [_thread_blocked, id=26488, stack(0x0000006ee1f00000,0x0000006ee2000000)]
  0x000001ad7c5c6f80 JavaThread "Unconstrained build operations Thread 62" [_thread_blocked, id=26376, stack(0x0000006ee2000000,0x0000006ee2100000)]
  0x000001ad7c5c8c60 JavaThread "Unconstrained build operations Thread 63" [_thread_blocked, id=21784, stack(0x0000006ee2100000,0x0000006ee2200000)]
  0x000001ad7c5c65e0 JavaThread "Unconstrained build operations Thread 64" [_thread_blocked, id=25968, stack(0x0000006ee2200000,0x0000006ee2300000)]
  0x000001ad7c5c9130 JavaThread "Unconstrained build operations Thread 65" [_thread_blocked, id=2112, stack(0x0000006ee2300000,0x0000006ee2400000)]
  0x000001ad7c5c9ad0 JavaThread "Unconstrained build operations Thread 66" [_thread_blocked, id=22696, stack(0x0000006ee2400000,0x0000006ee2500000)]
  0x000001ad7ef410e0 JavaThread "Unconstrained build operations Thread 67" [_thread_blocked, id=11960, stack(0x0000006ee2500000,0x0000006ee2600000)]
  0x000001ad7ef43c30 JavaThread "Unconstrained build operations Thread 68" [_thread_blocked, id=1164, stack(0x0000006ee2600000,0x0000006ee2700000)]
  0x000001ad7ef42dc0 JavaThread "Unconstrained build operations Thread 69" [_thread_blocked, id=4184, stack(0x0000006ee2700000,0x0000006ee2800000)]
  0x000001ad7ef3c3e0 JavaThread "Unconstrained build operations Thread 70" [_thread_blocked, id=13524, stack(0x0000006ee2800000,0x0000006ee2900000)]
  0x000001ad7ef415b0 JavaThread "Unconstrained build operations Thread 71" [_thread_blocked, id=14344, stack(0x0000006ee2900000,0x0000006ee2a00000)]
  0x000001ad7ef3ea60 JavaThread "Unconstrained build operations Thread 72" [_thread_blocked, id=17128, stack(0x0000006ee2a00000,0x0000006ee2b00000)]
  0x000001ad7ef40270 JavaThread "Unconstrained build operations Thread 73" [_thread_blocked, id=9684, stack(0x0000006ee2b00000,0x0000006ee2c00000)]
  0x000001ad7ef3e590 JavaThread "Unconstrained build operations Thread 74" [_thread_blocked, id=22092, stack(0x0000006ee2c00000,0x0000006ee2d00000)]
  0x000001ad7ef41f50 JavaThread "Unconstrained build operations Thread 75" [_thread_blocked, id=10484, stack(0x0000006ee2d00000,0x0000006ee2e00000)]
  0x000001ad7ef3cd80 JavaThread "Unconstrained build operations Thread 76" [_thread_blocked, id=6472, stack(0x0000006ee2e00000,0x0000006ee2f00000)]
  0x000001ad7ef3ef30 JavaThread "Unconstrained build operations Thread 77" [_thread_blocked, id=19460, stack(0x0000006ee2f00000,0x0000006ee3000000)]
  0x000001ad7ef3fda0 JavaThread "Unconstrained build operations Thread 78" [_thread_blocked, id=16348, stack(0x0000006ee3000000,0x0000006ee3100000)]
  0x000001ad7ef3d250 JavaThread "Unconstrained build operations Thread 79" [_thread_blocked, id=412, stack(0x0000006ee3100000,0x0000006ee3200000)]
  0x000001ad7ef43290 JavaThread "Unconstrained build operations Thread 80" [_thread_blocked, id=13620, stack(0x0000006ee3200000,0x0000006ee3300000)]
  0x000001ad7ef3dbf0 JavaThread "jar transforms Thread 6" [_thread_blocked, id=5520, stack(0x0000006ee3300000,0x0000006ee3400000)]
  0x000001ad7ef43760 JavaThread "jar transforms Thread 7" [_thread_blocked, id=26516, stack(0x0000006ee3400000,0x0000006ee3500000)]
  0x000001ad7ef3c8b0 JavaThread "jar transforms Thread 8" [_thread_blocked, id=21972, stack(0x0000006ee3500000,0x0000006ee3600000)]
  0x000001ad7ef3d720 JavaThread "build event listener" [_thread_blocked, id=2152, stack(0x0000006ee3600000,0x0000006ee3700000)]
  0x000001ad7ef3e0c0 JavaThread "Memory manager" [_thread_blocked, id=6748, stack(0x0000006ee3700000,0x0000006ee3800000)]

Other Threads:
=>0x000001ad7afe5330 VMThread "VM Thread" [stack: 0x0000006edb000000,0x0000006edb100000] [id=4244]
  0x000001ad7b9b1930 WatcherThread [stack: 0x0000006edbc00000,0x0000006edbd00000] [id=9772]
  0x000001ad701db2e0 GCTaskThread "GC Thread#0" [stack: 0x0000006edab00000,0x0000006edac00000] [id=17628]
  0x000001ad7bfaa280 GCTaskThread "GC Thread#1" [stack: 0x0000006edbd00000,0x0000006edbe00000] [id=13380]
  0x000001ad7c2de900 GCTaskThread "GC Thread#2" [stack: 0x0000006edbe00000,0x0000006edbf00000] [id=4312]
  0x000001ad7c727b30 GCTaskThread "GC Thread#3" [stack: 0x0000006edbf00000,0x0000006edc000000] [id=5096]
  0x000001ad7c80f130 GCTaskThread "GC Thread#4" [stack: 0x0000006edc000000,0x0000006edc100000] [id=2416]
  0x000001ad7d0ef040 GCTaskThread "GC Thread#5" [stack: 0x0000006edc200000,0x0000006edc300000] [id=19940]
  0x000001ad7d0b9b20 GCTaskThread "GC Thread#6" [stack: 0x0000006edcc00000,0x0000006edcd00000] [id=5232]
  0x000001ad7d124630 GCTaskThread "GC Thread#7" [stack: 0x0000006edcd00000,0x0000006edce00000] [id=22916]
  0x000001ad701ec220 ConcurrentGCThread "G1 Main Marker" [stack: 0x0000006edac00000,0x0000006edad00000] [id=26452]
  0x000001ad701ed3d0 ConcurrentGCThread "G1 Conc#0" [stack: 0x0000006edad00000,0x0000006edae00000] [id=12436]
  0x000001ad7d22a180 ConcurrentGCThread "G1 Conc#1" [stack: 0x0000006edce00000,0x0000006edcf00000] [id=24672]
  0x000001ad7023e300 ConcurrentGCThread "G1 Refine#0" [stack: 0x0000006edae00000,0x0000006edaf00000] [id=26040]
  0x000001ad7ae240c0 ConcurrentGCThread "G1 Service" [stack: 0x0000006edaf00000,0x0000006edb000000] [id=12800]

Threads with active compile tasks:
C2 CompilerThread0    19791 7038       4       jdk.internal.loader.URLClassPath$JarLoader$2::getBytes (48 bytes)
C1 CompilerThread0    19791 7139       2       sun.reflect.generics.visitor.Reifier::visitTypeVariableSignature (18 bytes)

VM state: at safepoint (normal execution)

VM Mutex/Monitor currently owned by a thread:  ([mutex/lock_event])
[0x000001ad7017a7b0] Threads_lock - owner thread: 0x000001ad7afe5330
[0x000001ad7017a060] Heap_lock - owner thread: 0x000001ad7b9a9600

Heap address: 0x0000000080000000, size: 2048 MB, Compressed Oops mode: 32-bit

CDS archive(s) not mapped
Compressed class space mapped at: 0x0000000100000000-0x0000000140000000, reserved size: 1073741824
Narrow klass base: 0x0000000000000000, Narrow klass shift: 3, Narrow klass range: 0x140000000

GC Precious Log:
 CPUs: 8 total, 8 available
 Memory: 7502M
 Large Page Support: Disabled
 NUMA Support: Disabled
 Compressed Oops: Enabled (32-bit)
 Heap Region Size: 1M
 Heap Min Capacity: 8M
 Heap Initial Capacity: 118M
 Heap Max Capacity: 2G
 Pre-touch: Disabled
 Parallel Workers: 8
 Concurrent Workers: 2
 Concurrent Refinement Workers: 8
 Periodic GC: Disabled

Heap:
 garbage-first heap   total 120832K, used 70905K [0x0000000080000000, 0x0000000100000000)
  region size 1024K, 2 young (2048K), 2 survivors (2048K)
 Metaspace       used 72611K, committed 73216K, reserved 1114112K
  class space    used 9574K, committed 9856K, reserved 1048576K

Heap Regions: E=young(eden), S=young(survivor), O=old, HS=humongous(starts), HC=humongous(continues), CS=collection set, F=free, OA=open archive, CA=closed archive, TAMS=top-at-mark-start (previous, next)
|   0|0x0000000080000000, 0x0000000080100000, 0x0000000080100000|100%|HS|  |TAMS 0x0000000080100000, 0x0000000080100000| Complete 
|   1|0x0000000080100000, 0x0000000080200000, 0x0000000080200000|100%|HC|  |TAMS 0x0000000080200000, 0x0000000080200000| Complete 
|   2|0x0000000080200000, 0x0000000080300000, 0x0000000080300000|100%|HC|  |TAMS 0x0000000080300000, 0x0000000080300000| Complete 
|   3|0x0000000080300000, 0x0000000080400000, 0x0000000080400000|100%|HC|  |TAMS 0x0000000080400000, 0x0000000080400000| Complete 
|   4|0x0000000080400000, 0x0000000080500000, 0x0000000080500000|100%| O|  |TAMS 0x0000000080500000, 0x0000000080500000| Untracked 
|   5|0x0000000080500000, 0x0000000080600000, 0x0000000080600000|100%| O|  |TAMS 0x0000000080600000, 0x0000000080600000| Untracked 
|   6|0x0000000080600000, 0x0000000080700000, 0x0000000080700000|100%| O|  |TAMS 0x0000000080700000, 0x0000000080700000| Untracked 
|   7|0x0000000080700000, 0x0000000080800000, 0x0000000080800000|100%| O|  |TAMS 0x0000000080800000, 0x0000000080800000| Untracked 
|   8|0x0000000080800000, 0x0000000080900000, 0x0000000080900000|100%| O|  |TAMS 0x0000000080900000, 0x0000000080900000| Untracked 
|   9|0x0000000080900000, 0x0000000080a00000, 0x0000000080a00000|100%| O|  |TAMS 0x0000000080a00000, 0x0000000080a00000| Untracked 
|  10|0x0000000080a00000, 0x0000000080b00000, 0x0000000080b00000|100%| O|  |TAMS 0x0000000080b00000, 0x0000000080b00000| Untracked 
|  11|0x0000000080b00000, 0x0000000080c00000, 0x0000000080c00000|100%| O|  |TAMS 0x0000000080c00000, 0x0000000080c00000| Untracked 
|  12|0x0000000080c00000, 0x0000000080d00000, 0x0000000080d00000|100%| O|  |TAMS 0x0000000080d00000, 0x0000000080d00000| Untracked 
|  13|0x0000000080d00000, 0x0000000080e00000, 0x0000000080e00000|100%| O|  |TAMS 0x0000000080e00000, 0x0000000080e00000| Untracked 
|  14|0x0000000080e00000, 0x0000000080f00000, 0x0000000080f00000|100%| O|  |TAMS 0x0000000080f00000, 0x0000000080f00000| Untracked 
|  15|0x0000000080f00000, 0x0000000081000000, 0x0000000081000000|100%| O|  |TAMS 0x0000000081000000, 0x0000000081000000| Untracked 
|  16|0x0000000081000000, 0x0000000081100000, 0x0000000081100000|100%| O|  |TAMS 0x0000000081100000, 0x0000000081100000| Untracked 
|  17|0x0000000081100000, 0x0000000081200000, 0x0000000081200000|100%| O|  |TAMS 0x0000000081200000, 0x0000000081200000| Untracked 
|  18|0x0000000081200000, 0x0000000081300000, 0x0000000081300000|100%| O|  |TAMS 0x0000000081300000, 0x0000000081300000| Untracked 
|  19|0x0000000081300000, 0x0000000081400000, 0x0000000081400000|100%| O|  |TAMS 0x0000000081400000, 0x0000000081400000| Untracked 
|  20|0x0000000081400000, 0x0000000081500000, 0x0000000081500000|100%| O|  |TAMS 0x0000000081500000, 0x0000000081500000| Untracked 
|  21|0x0000000081500000, 0x0000000081600000, 0x0000000081600000|100%| O|  |TAMS 0x0000000081600000, 0x0000000081600000| Untracked 
|  22|0x0000000081600000, 0x0000000081700000, 0x0000000081700000|100%| O|  |TAMS 0x0000000081700000, 0x0000000081700000| Untracked 
|  23|0x0000000081700000, 0x0000000081800000, 0x0000000081800000|100%| O|  |TAMS 0x0000000081800000, 0x0000000081800000| Untracked 
|  24|0x0000000081800000, 0x0000000081900000, 0x0000000081900000|100%| O|  |TAMS 0x0000000081900000, 0x0000000081900000| Untracked 
|  25|0x0000000081900000, 0x0000000081a00000, 0x0000000081a00000|100%| O|  |TAMS 0x0000000081a00000, 0x0000000081a00000| Untracked 
|  26|0x0000000081a00000, 0x0000000081b00000, 0x0000000081b00000|100%| O|  |TAMS 0x0000000081b00000, 0x0000000081b00000| Untracked 
|  27|0x0000000081b00000, 0x0000000081c00000, 0x0000000081c00000|100%| O|  |TAMS 0x0000000081c00000, 0x0000000081c00000| Untracked 
|  28|0x0000000081c00000, 0x0000000081d00000, 0x0000000081d00000|100%| O|  |TAMS 0x0000000081d00000, 0x0000000081d00000| Untracked 
|  29|0x0000000081d00000, 0x0000000081e00000, 0x0000000081e00000|100%| O|  |TAMS 0x0000000081e00000, 0x0000000081e00000| Untracked 
|  30|0x0000000081e00000, 0x0000000081f00000, 0x0000000081f00000|100%| O|  |TAMS 0x0000000081f00000, 0x0000000081f00000| Untracked 
|  31|0x0000000081f00000, 0x0000000082000000, 0x0000000082000000|100%| O|  |TAMS 0x0000000082000000, 0x0000000082000000| Untracked 
|  32|0x0000000082000000, 0x0000000082100000, 0x0000000082100000|100%| O|  |TAMS 0x0000000082100000, 0x0000000082100000| Untracked 
|  33|0x0000000082100000, 0x000000008213e400, 0x0000000082200000| 24%| O|  |TAMS 0x0000000082100000, 0x0000000082100000| Untracked 
|  34|0x0000000082200000, 0x0000000082300000, 0x0000000082300000|100%|HS|  |TAMS 0x0000000082200000, 0x0000000082300000| Complete 
|  35|0x0000000082300000, 0x0000000082400000, 0x0000000082400000|100%| O|  |TAMS 0x0000000082400000, 0x0000000082400000| Untracked 
|  36|0x0000000082400000, 0x0000000082500000, 0x0000000082500000|100%| O|  |TAMS 0x0000000082500000, 0x0000000082500000| Untracked 
|  37|0x0000000082500000, 0x0000000082600000, 0x0000000082600000|100%| O|  |TAMS 0x0000000082600000, 0x0000000082600000| Untracked 
|  38|0x0000000082600000, 0x0000000082700000, 0x0000000082700000|100%| O|  |TAMS 0x0000000082700000, 0x0000000082700000| Untracked 
|  39|0x0000000082700000, 0x0000000082800000, 0x0000000082800000|100%| O|  |TAMS 0x0000000082800000, 0x0000000082800000| Untracked 
|  40|0x0000000082800000, 0x0000000082900000, 0x0000000082900000|100%|HS|  |TAMS 0x0000000082900000, 0x0000000082900000| Complete 
|  41|0x0000000082900000, 0x0000000082a00000, 0x0000000082a00000|100%|HS|  |TAMS 0x0000000082a00000, 0x0000000082a00000| Complete 
|  42|0x0000000082a00000, 0x0000000082b00000, 0x0000000082b00000|100%|HS|  |TAMS 0x0000000082b00000, 0x0000000082b00000| Complete 
|  43|0x0000000082b00000, 0x0000000082c00000, 0x0000000082c00000|100%|HC|  |TAMS 0x0000000082c00000, 0x0000000082c00000| Complete 
|  44|0x0000000082c00000, 0x0000000082d00000, 0x0000000082d00000|100%|HS|  |TAMS 0x0000000082d00000, 0x0000000082d00000| Complete 
|  45|0x0000000082d00000, 0x0000000082e00000, 0x0000000082e00000|100%|HS|  |TAMS 0x0000000082e00000, 0x0000000082e00000| Complete 
|  46|0x0000000082e00000, 0x0000000082f00000, 0x0000000082f00000|100%|HC|  |TAMS 0x0000000082f00000, 0x0000000082f00000| Complete 
|  47|0x0000000082f00000, 0x0000000083000000, 0x0000000083000000|100%|HC|  |TAMS 0x0000000083000000, 0x0000000083000000| Complete 
|  48|0x0000000083000000, 0x0000000083100000, 0x0000000083100000|100%|HC|  |TAMS 0x0000000083100000, 0x0000000083100000| Complete 
|  49|0x0000000083100000, 0x0000000083200000, 0x0000000083200000|100%| O|  |TAMS 0x0000000083200000, 0x0000000083200000| Untracked 
|  50|0x0000000083200000, 0x0000000083300000, 0x0000000083300000|100%| O|  |TAMS 0x0000000083300000, 0x0000000083300000| Untracked 
|  51|0x0000000083300000, 0x0000000083400000, 0x0000000083400000|100%| O|  |TAMS 0x0000000083400000, 0x0000000083400000| Untracked 
|  52|0x0000000083400000, 0x0000000083500000, 0x0000000083500000|100%| O|  |TAMS 0x0000000083479a00, 0x0000000083500000| Untracked 
|  53|0x0000000083500000, 0x0000000083600000, 0x0000000083600000|100%| O|  |TAMS 0x0000000083600000, 0x0000000083600000| Untracked 
|  54|0x0000000083600000, 0x0000000083700000, 0x0000000083700000|100%| O|  |TAMS 0x0000000083700000, 0x0000000083700000| Untracked 
|  55|0x0000000083700000, 0x0000000083800000, 0x0000000083800000|100%| O|  |TAMS 0x0000000083800000, 0x0000000083800000| Untracked 
|  56|0x0000000083800000, 0x0000000083900000, 0x0000000083900000|100%| O|  |TAMS 0x0000000083900000, 0x0000000083900000| Untracked 
|  57|0x0000000083900000, 0x0000000083a00000, 0x0000000083a00000|100%| O|  |TAMS 0x0000000083a00000, 0x0000000083a00000| Untracked 
|  58|0x0000000083a00000, 0x0000000083b00000, 0x0000000083b00000|100%| O|  |TAMS 0x0000000083b00000, 0x0000000083b00000| Untracked 
|  59|0x0000000083b00000, 0x0000000083c00000, 0x0000000083c00000|100%| O|  |TAMS 0x0000000083b00000, 0x0000000083c00000| Untracked 
|  60|0x0000000083c00000, 0x0000000083d00000, 0x0000000083d00000|100%|HS|  |TAMS 0x0000000083c00000, 0x0000000083d00000| Complete 
|  61|0x0000000083d00000, 0x0000000083e00000, 0x0000000083e00000|100%|HS|  |TAMS 0x0000000083d00000, 0x0000000083e00000| Complete 
|  62|0x0000000083e00000, 0x0000000083f00000, 0x0000000083f00000|100%| O|  |TAMS 0x0000000083e00000, 0x0000000083f00000| Untracked 
|  63|0x0000000083f00000, 0x0000000084000000, 0x0000000084000000|100%|HS|  |TAMS 0x0000000083f00000, 0x0000000084000000| Complete 
|  64|0x0000000084000000, 0x0000000084100000, 0x0000000084100000|100%| O|  |TAMS 0x0000000084000000, 0x0000000084100000| Untracked 
|  65|0x0000000084100000, 0x0000000084200000, 0x0000000084200000|100%| O|  |TAMS 0x0000000084100000, 0x0000000084200000| Untracked 
|  66|0x0000000084200000, 0x0000000084300000, 0x0000000084300000|100%| O|  |TAMS 0x0000000084200000, 0x0000000084300000| Untracked 
|  67|0x0000000084300000, 0x0000000084400000, 0x0000000084400000|100%| O|  |TAMS 0x0000000084300000, 0x0000000084393000| Untracked 
|  68|0x0000000084400000, 0x0000000084400000, 0x0000000084500000|  0%| F|  |TAMS 0x0000000084400000, 0x0000000084400000| Untracked 
|  69|0x0000000084500000, 0x0000000084500000, 0x0000000084600000|  0%| F|  |TAMS 0x0000000084500000, 0x0000000084500000| Untracked 
|  70|0x0000000084600000, 0x0000000084600000, 0x0000000084700000|  0%| F|  |TAMS 0x0000000084600000, 0x0000000084600000| Untracked 
|  71|0x0000000084700000, 0x0000000084700000, 0x0000000084800000|  0%| F|  |TAMS 0x0000000084700000, 0x0000000084700000| Untracked 
|  72|0x0000000084800000, 0x0000000084800000, 0x0000000084900000|  0%| F|  |TAMS 0x0000000084800000, 0x0000000084800000| Untracked 
|  73|0x0000000084900000, 0x0000000084900000, 0x0000000084a00000|  0%| F|  |TAMS 0x0000000084900000, 0x0000000084900000| Untracked 
|  74|0x0000000084a00000, 0x0000000084a00000, 0x0000000084b00000|  0%| F|  |TAMS 0x0000000084a00000, 0x0000000084a00000| Untracked 
|  75|0x0000000084b00000, 0x0000000084b00000, 0x0000000084c00000|  0%| F|  |TAMS 0x0000000084b00000, 0x0000000084b00000| Untracked 
|  76|0x0000000084c00000, 0x0000000084c00000, 0x0000000084d00000|  0%| F|  |TAMS 0x0000000084c00000, 0x0000000084c00000| Untracked 
|  77|0x0000000084d00000, 0x0000000084d00000, 0x0000000084e00000|  0%| F|  |TAMS 0x0000000084d00000, 0x0000000084d00000| Untracked 
|  78|0x0000000084e00000, 0x0000000084e00000, 0x0000000084f00000|  0%| F|  |TAMS 0x0000000084e00000, 0x0000000084e00000| Untracked 
|  79|0x0000000084f00000, 0x0000000084f00000, 0x0000000085000000|  0%| F|  |TAMS 0x0000000084f00000, 0x0000000084f00000| Untracked 
|  80|0x0000000085000000, 0x0000000085000000, 0x0000000085100000|  0%| F|  |TAMS 0x0000000085000000, 0x0000000085000000| Untracked 
|  81|0x0000000085100000, 0x0000000085100000, 0x0000000085200000|  0%| F|  |TAMS 0x0000000085100000, 0x0000000085100000| Untracked 
|  82|0x0000000085200000, 0x0000000085200000, 0x0000000085300000|  0%| F|  |TAMS 0x0000000085200000, 0x0000000085200000| Untracked 
|  83|0x0000000085300000, 0x0000000085300000, 0x0000000085400000|  0%| F|  |TAMS 0x0000000085300000, 0x0000000085300000| Untracked 
|  84|0x0000000085400000, 0x0000000085400000, 0x0000000085500000|  0%| F|  |TAMS 0x0000000085400000, 0x0000000085400000| Untracked 
|  85|0x0000000085500000, 0x0000000085600000, 0x0000000085600000|100%| S|CS|TAMS 0x0000000085500000, 0x0000000085500000| Complete 
|  86|0x0000000085600000, 0x0000000085700000, 0x0000000085700000|100%| S|CS|TAMS 0x0000000085600000, 0x0000000085600000| Complete 
|  87|0x0000000085700000, 0x0000000085700000, 0x0000000085800000|  0%| F|  |TAMS 0x0000000085700000, 0x0000000085700000| Untracked 
|  88|0x0000000085800000, 0x0000000085800000, 0x0000000085900000|  0%| F|  |TAMS 0x0000000085800000, 0x0000000085800000| Untracked 
|  89|0x0000000085900000, 0x0000000085900000, 0x0000000085a00000|  0%| F|  |TAMS 0x0000000085900000, 0x0000000085900000| Untracked 
|  90|0x0000000085a00000, 0x0000000085a00000, 0x0000000085b00000|  0%| F|  |TAMS 0x0000000085a00000, 0x0000000085a00000| Untracked 
|  91|0x0000000085b00000, 0x0000000085b00000, 0x0000000085c00000|  0%| F|  |TAMS 0x0000000085b00000, 0x0000000085b00000| Untracked 
|  92|0x0000000085c00000, 0x0000000085c00000, 0x0000000085d00000|  0%| F|  |TAMS 0x0000000085c00000, 0x0000000085c00000| Untracked 
|  93|0x0000000085d00000, 0x0000000085d00000, 0x0000000085e00000|  0%| F|  |TAMS 0x0000000085d00000, 0x0000000085d00000| Untracked 
|  94|0x0000000085e00000, 0x0000000085e00000, 0x0000000085f00000|  0%| F|  |TAMS 0x0000000085e00000, 0x0000000085e00000| Untracked 
|  95|0x0000000085f00000, 0x0000000085f00000, 0x0000000086000000|  0%| F|  |TAMS 0x0000000085f00000, 0x0000000085f00000| Untracked 
|  96|0x0000000086000000, 0x0000000086000000, 0x0000000086100000|  0%| F|  |TAMS 0x0000000086000000, 0x0000000086000000| Untracked 
|  97|0x0000000086100000, 0x0000000086100000, 0x0000000086200000|  0%| F|  |TAMS 0x0000000086100000, 0x0000000086100000| Untracked 
|  98|0x0000000086200000, 0x0000000086200000, 0x0000000086300000|  0%| F|  |TAMS 0x0000000086200000, 0x0000000086200000| Untracked 
|  99|0x0000000086300000, 0x0000000086300000, 0x0000000086400000|  0%| F|  |TAMS 0x0000000086300000, 0x0000000086300000| Untracked 
| 100|0x0000000086400000, 0x0000000086400000, 0x0000000086500000|  0%| F|  |TAMS 0x0000000086400000, 0x0000000086400000| Untracked 
| 101|0x0000000086500000, 0x0000000086500000, 0x0000000086600000|  0%| F|  |TAMS 0x0000000086500000, 0x0000000086500000| Untracked 
| 102|0x0000000086600000, 0x0000000086600000, 0x0000000086700000|  0%| F|  |TAMS 0x0000000086600000, 0x0000000086600000| Untracked 
| 103|0x0000000086700000, 0x0000000086700000, 0x0000000086800000|  0%| F|  |TAMS 0x0000000086700000, 0x0000000086700000| Untracked 
| 104|0x0000000086800000, 0x0000000086800000, 0x0000000086900000|  0%| F|  |TAMS 0x0000000086800000, 0x0000000086800000| Untracked 
| 105|0x0000000086900000, 0x0000000086900000, 0x0000000086a00000|  0%| F|  |TAMS 0x0000000086900000, 0x0000000086900000| Untracked 
| 106|0x0000000086a00000, 0x0000000086a00000, 0x0000000086b00000|  0%| F|  |TAMS 0x0000000086a00000, 0x0000000086a00000| Untracked 
| 107|0x0000000086b00000, 0x0000000086b00000, 0x0000000086c00000|  0%| F|  |TAMS 0x0000000086b00000, 0x0000000086b00000| Untracked 
| 108|0x0000000086c00000, 0x0000000086c00000, 0x0000000086d00000|  0%| F|  |TAMS 0x0000000086c00000, 0x0000000086c00000| Untracked 
| 109|0x0000000086d00000, 0x0000000086d00000, 0x0000000086e00000|  0%| F|  |TAMS 0x0000000086d00000, 0x0000000086d00000| Untracked 
| 110|0x0000000086e00000, 0x0000000086e00000, 0x0000000086f00000|  0%| F|  |TAMS 0x0000000086e00000, 0x0000000086e00000| Untracked 
| 111|0x0000000086f00000, 0x0000000086f00000, 0x0000000087000000|  0%| F|  |TAMS 0x0000000086f00000, 0x0000000086f00000| Untracked 
| 112|0x0000000087000000, 0x0000000087000000, 0x0000000087100000|  0%| F|  |TAMS 0x0000000087000000, 0x0000000087000000| Untracked 
| 113|0x0000000087100000, 0x0000000087100000, 0x0000000087200000|  0%| F|  |TAMS 0x0000000087100000, 0x0000000087100000| Untracked 
| 114|0x0000000087200000, 0x0000000087200000, 0x0000000087300000|  0%| F|  |TAMS 0x0000000087200000, 0x0000000087200000| Untracked 
| 115|0x0000000087300000, 0x0000000087300000, 0x0000000087400000|  0%| F|  |TAMS 0x0000000087300000, 0x0000000087300000| Untracked 
| 116|0x0000000087400000, 0x0000000087400000, 0x0000000087500000|  0%| F|  |TAMS 0x0000000087400000, 0x0000000087400000| Untracked 
| 117|0x0000000087500000, 0x0000000087500000, 0x0000000087600000|  0%| F|  |TAMS 0x0000000087500000, 0x0000000087500000| Untracked 

Card table byte_map: [0x000001ad73d80000,0x000001ad74180000] _byte_map_base: 0x000001ad73980000

Marking Bits (Prev, Next): (CMBitMap*) 0x000001ad701db8f0, (CMBitMap*) 0x000001ad701db930
 Prev Bits: [0x000001ad74580000, 0x000001ad76580000)
 Next Bits: [0x000001ad76580000, 0x000001ad78580000)

Polling page: 0x000001ad6e0c0000

Metaspace:

Usage:
  Non-class:     61.56 MB used.
      Class:      9.35 MB used.
       Both:     70.91 MB used.

Virtual space:
  Non-class space:       64.00 MB reserved,      61.88 MB ( 97%) committed,  8 nodes.
      Class space:        1.00 GB reserved,       9.62 MB ( <1%) committed,  1 nodes.
             Both:        1.06 GB reserved,      71.50 MB (  7%) committed. 

Chunk freelists:
   Non-Class:  1.72 MB
       Class:  2.35 MB
        Both:  4.07 MB

MaxMetaspaceSize: unlimited
CompressedClassSpaceSize: 1.00 GB
Initial GC threshold: 21.00 MB
Current GC threshold: 114.81 MB
CDS: off
MetaspaceReclaimPolicy: balanced
 - commit_granule_bytes: 65536.
 - commit_granule_words: 8192.
 - virtual_space_node_default_size: 1048576.
 - enlarge_chunks_in_place: 1.
 - new_chunks_are_fully_committed: 0.
 - uncommit_free_chunks: 1.
 - use_allocation_guard: 0.
 - handle_deallocations: 1.


Internal statistics:

num_allocs_failed_limit: 6.
num_arena_births: 730.
num_arena_deaths: 0.
num_vsnodes_births: 9.
num_vsnodes_deaths: 0.
num_space_committed: 1144.
num_space_uncommitted: 0.
num_chunks_returned_to_freelist: 6.
num_chunks_taken_from_freelist: 3019.
num_chunk_merges: 6.
num_chunk_splits: 2002.
num_chunks_enlarged: 1370.
num_purges: 0.
num_inconsistent_stats: 0.

CodeHeap 'non-profiled nmethods': size=120000Kb used=2392Kb max_used=3178Kb free=117607Kb
 bounds [0x000001ad07ad0000, 0x000001ad07df0000, 0x000001ad0f000000]
CodeHeap 'profiled nmethods': size=120000Kb used=11391Kb max_used=12520Kb free=108608Kb
 bounds [0x000001ad00000000, 0x000001ad00c40000, 0x000001ad07530000]
CodeHeap 'non-nmethods': size=5760Kb used=2396Kb max_used=2435Kb free=3364Kb
 bounds [0x000001ad07530000, 0x000001ad077a0000, 0x000001ad07ad0000]
 total_blobs=7134 nmethods=6205 adapters=841
 compilation: enabled
              stopped_count=0, restarted_count=0
 full_count=0

Compilation events (20 events):
Event: 19.715 Thread 0x000001ad7b819b90 nmethod 7130 0x000001ad07ba2b10 code [0x000001ad07ba2ca0, 0x000001ad07ba2d78]
Event: 19.715 Thread 0x000001ad7b819b90 7129       1       com.android.build.gradle.internal.dsl.decorator.SupportedPropertyType$Block::getImplementationType (5 bytes)
Event: 19.715 Thread 0x000001ad7b819b90 nmethod 7129 0x000001ad07c3bb10 code [0x000001ad07c3bca0, 0x000001ad07c3bd78]
Event: 19.715 Thread 0x000001ad7b819b90 7131       2       org.objectweb.asm.SymbolTable::addConstantUtf8Reference (101 bytes)
Event: 19.716 Thread 0x000001ad7b819b90 nmethod 7131 0x000001ad00495910 code [0x000001ad00495b00, 0x000001ad00495eb8]
Event: 19.716 Thread 0x000001ad7b819b90 7132       2       org.objectweb.asm.Type::getReturnTypeOffset (64 bytes)
Event: 19.717 Thread 0x000001ad7b819b90 nmethod 7132 0x000001ad00640110 code [0x000001ad00640340, 0x000001ad00640b38]
Event: 19.717 Thread 0x000001ad7b819b90 7133       2       org.objectweb.asm.SymbolTable::addType (81 bytes)
Event: 19.718 Thread 0x000001ad7b819b90 nmethod 7133 0x000001ad00495090 code [0x000001ad00495260, 0x000001ad004955b8]
Event: 19.718 Thread 0x000001ad7b819b90 7134       2       org.objectweb.asm.Frame::pop (44 bytes)
Event: 19.718 Thread 0x000001ad7b819b90 nmethod 7134 0x000001ad00629210 code [0x000001ad006293a0, 0x000001ad006294f8]
Event: 19.718 Thread 0x000001ad7b819b90 7135       2       org.objectweb.asm.MethodWriter::visitVarInsn (302 bytes)
Event: 19.719 Thread 0x000001ad7b819b90 nmethod 7135 0x000001ad00834510 code [0x000001ad00834700, 0x000001ad00834b48]
Event: 19.719 Thread 0x000001ad7b819b90 7137       2       org.objectweb.asm.Type::getArgumentsAndReturnSizes (140 bytes)
Event: 19.721 Thread 0x000001ad7b819b90 nmethod 7137 0x000001ad001da190 code [0x000001ad001da400, 0x000001ad001daf58]
Event: 19.721 Thread 0x000001ad7b819b90 7136       2       org.objectweb.asm.Type::getReturnType (13 bytes)
Event: 19.721 Thread 0x000001ad7b819b90 nmethod 7136 0x000001ad00279e10 code [0x000001ad00279fc0, 0x000001ad0027a118]
Event: 19.721 Thread 0x000001ad7b819b90 7138       2       sun.reflect.generics.tree.TypeVariableSignature::accept (8 bytes)
Event: 19.722 Thread 0x000001ad7b819b90 nmethod 7138 0x000001ad00833f90 code [0x000001ad00834140, 0x000001ad00834368]
Event: 19.722 Thread 0x000001ad7b819b90 7139       2       sun.reflect.generics.visitor.Reifier::visitTypeVariableSignature (18 bytes)

GC Heap History (20 events):
Event: 16.432 GC heap after
{Heap after GC invocations=18 (full 0):
 garbage-first heap   total 68608K, used 40344K [0x0000000080000000, 0x0000000100000000)
  region size 1024K, 2 young (2048K), 2 survivors (2048K)
 Metaspace       used 59895K, committed 60352K, reserved 1105920K
  class space    used 7959K, committed 8192K, reserved 1048576K
}
Event: 16.849 GC heap before
{Heap before GC invocations=18 (full 0):
 garbage-first heap   total 68608K, used 53656K [0x0000000080000000, 0x0000000100000000)
  region size 1024K, 16 young (16384K), 2 survivors (2048K)
 Metaspace       used 60259K, committed 60736K, reserved 1105920K
  class space    used 8000K, committed 8256K, reserved 1048576K
}
Event: 16.853 GC heap after
{Heap after GC invocations=19 (full 0):
 garbage-first heap   total 68608K, used 42739K [0x0000000080000000, 0x0000000100000000)
  region size 1024K, 2 young (2048K), 2 survivors (2048K)
 Metaspace       used 60259K, committed 60736K, reserved 1105920K
  class space    used 8000K, committed 8256K, reserved 1048576K
}
Event: 17.287 GC heap before
{Heap before GC invocations=20 (full 0):
 garbage-first heap   total 76800K, used 64243K [0x0000000080000000, 0x0000000100000000)
  region size 1024K, 14 young (14336K), 2 survivors (2048K)
 Metaspace       used 60622K, committed 61184K, reserved 1105920K
  class space    used 8049K, committed 8320K, reserved 1048576K
}
Event: 17.292 GC heap after
{Heap after GC invocations=21 (full 0):
 garbage-first heap   total 76800K, used 58693K [0x0000000080000000, 0x0000000100000000)
  region size 1024K, 2 young (2048K), 2 survivors (2048K)
 Metaspace       used 60622K, committed 61184K, reserved 1105920K
  class space    used 8049K, committed 8320K, reserved 1048576K
}
Event: 17.323 GC heap before
{Heap before GC invocations=21 (full 0):
 garbage-first heap   total 76800K, used 59717K [0x0000000080000000, 0x0000000100000000)
  region size 1024K, 3 young (3072K), 2 survivors (2048K)
 Metaspace       used 60792K, committed 61312K, reserved 1105920K
  class space    used 8071K, committed 8320K, reserved 1048576K
}
Event: 17.326 GC heap after
{Heap after GC invocations=22 (full 0):
 garbage-first heap   total 92160K, used 58588K [0x0000000080000000, 0x0000000100000000)
  region size 1024K, 1 young (1024K), 1 survivors (1024K)
 Metaspace       used 60792K, committed 61312K, reserved 1105920K
  class space    used 8071K, committed 8320K, reserved 1048576K
}
Event: 17.673 GC heap before
{Heap before GC invocations=22 (full 0):
 garbage-first heap   total 92160K, used 71900K [0x0000000080000000, 0x0000000100000000)
  region size 1024K, 14 young (14336K), 1 survivors (1024K)
 Metaspace       used 62561K, committed 63104K, reserved 1105920K
  class space    used 8301K, committed 8576K, reserved 1048576K
}
Event: 17.676 GC heap after
{Heap after GC invocations=23 (full 0):
 garbage-first heap   total 92160K, used 58845K [0x0000000080000000, 0x0000000100000000)
  region size 1024K, 1 young (1024K), 1 survivors (1024K)
 Metaspace       used 62561K, committed 63104K, reserved 1105920K
  class space    used 8301K, committed 8576K, reserved 1048576K
}
Event: 18.138 GC heap before
{Heap before GC invocations=24 (full 0):
 garbage-first heap   total 102400K, used 72157K [0x0000000080000000, 0x0000000100000000)
  region size 1024K, 15 young (15360K), 1 survivors (1024K)
 Metaspace       used 64888K, committed 65408K, reserved 1105920K
  class space    used 8577K, committed 8832K, reserved 1048576K
}
Event: 18.141 GC heap after
{Heap after GC invocations=25 (full 0):
 garbage-first heap   total 102400K, used 59358K [0x0000000080000000, 0x0000000100000000)
  region size 1024K, 1 young (1024K), 1 survivors (1024K)
 Metaspace       used 64888K, committed 65408K, reserved 1105920K
  class space    used 8577K, committed 8832K, reserved 1048576K
}
Event: 18.272 GC heap before
{Heap before GC invocations=25 (full 0):
 garbage-first heap   total 102400K, used 62430K [0x0000000080000000, 0x0000000100000000)
  region size 1024K, 5 young (5120K), 1 survivors (1024K)
 Metaspace       used 65805K, committed 66304K, reserved 1114112K
  class space    used 8689K, committed 8896K, reserved 1048576K
}
Event: 18.275 GC heap after
{Heap after GC invocations=26 (full 0):
 garbage-first heap   total 102400K, used 59057K [0x0000000080000000, 0x0000000100000000)
  region size 1024K, 1 young (1024K), 1 survivors (1024K)
 Metaspace       used 65805K, committed 66304K, reserved 1114112K
  class space    used 8689K, committed 8896K, reserved 1048576K
}
Event: 18.968 GC heap before
{Heap before GC invocations=26 (full 0):
 garbage-first heap   total 102400K, used 81585K [0x0000000080000000, 0x0000000100000000)
  region size 1024K, 23 young (23552K), 1 survivors (1024K)
 Metaspace       used 69628K, committed 70144K, reserved 1114112K
  class space    used 9165K, committed 9408K, reserved 1048576K
}
Event: 18.972 GC heap after
{Heap after GC invocations=27 (full 0):
 garbage-first heap   total 102400K, used 60136K [0x0000000080000000, 0x0000000100000000)
  region size 1024K, 2 young (2048K), 2 survivors (2048K)
 Metaspace       used 69628K, committed 70144K, reserved 1114112K
  class space    used 9165K, committed 9408K, reserved 1048576K
}
Event: 19.317 GC heap before
{Heap before GC invocations=28 (full 0):
 garbage-first heap   total 104448K, used 86760K [0x0000000080000000, 0x0000000100000000)
  region size 1024K, 23 young (23552K), 2 survivors (2048K)
 Metaspace       used 71055K, committed 71616K, reserved 1114112K
  class space    used 9365K, committed 9664K, reserved 1048576K
}
Event: 19.323 GC heap after
{Heap after GC invocations=29 (full 0):
 garbage-first heap   total 104448K, used 68211K [0x0000000080000000, 0x0000000100000000)
  region size 1024K, 3 young (3072K), 3 survivors (3072K)
 Metaspace       used 71055K, committed 71616K, reserved 1114112K
  class space    used 9365K, committed 9664K, reserved 1048576K
}
Event: 19.333 GC heap before
{Heap before GC invocations=29 (full 0):
 garbage-first heap   total 104448K, used 70259K [0x0000000080000000, 0x0000000100000000)
  region size 1024K, 5 young (5120K), 3 survivors (3072K)
 Metaspace       used 71055K, committed 71616K, reserved 1114112K
  class space    used 9365K, committed 9664K, reserved 1048576K
}
Event: 19.339 GC heap after
{Heap after GC invocations=30 (full 0):
 garbage-first heap   total 104448K, used 69196K [0x0000000080000000, 0x0000000100000000)
  region size 1024K, 1 young (1024K), 1 survivors (1024K)
 Metaspace       used 71055K, committed 71616K, reserved 1114112K
  class space    used 9365K, committed 9664K, reserved 1048576K
}
Event: 19.722 GC heap before
{Heap before GC invocations=30 (full 0):
 garbage-first heap   total 104448K, used 83532K [0x0000000080000000, 0x0000000100000000)
  region size 1024K, 15 young (15360K), 1 survivors (1024K)
 Metaspace       used 72611K, committed 73216K, reserved 1114112K
  class space    used 9574K, committed 9856K, reserved 1048576K
}

Dll operation events (2 events):
Event: 0.017 Loaded shared library C:\Program Files\Android\Android Studio\jbr\bin\java.dll
Event: 1.471 Loaded shared library C:\Program Files\Android\Android Studio\jbr\bin\verify.dll

Deoptimization events (20 events):
Event: 19.340 Thread 0x000001ad7b9a9600 DEOPT PACKING pc=0x000001ad00b646e8 sp=0x0000006edc8f2730
Event: 19.340 Thread 0x000001ad7b9a9600 DEOPT UNPACKING pc=0x000001ad07587143 sp=0x0000006edc8f1bc0 mode 0
Event: 19.340 Thread 0x000001ad7b9a9600 DEOPT PACKING pc=0x000001ad00b646e8 sp=0x0000006edc8f2730
Event: 19.340 Thread 0x000001ad7b9a9600 DEOPT UNPACKING pc=0x000001ad07587143 sp=0x0000006edc8f1bc0 mode 0
Event: 19.340 Thread 0x000001ad7b9a9600 DEOPT PACKING pc=0x000001ad00b646e8 sp=0x0000006edc8f28d0
Event: 19.340 Thread 0x000001ad7b9a9600 DEOPT UNPACKING pc=0x000001ad07587143 sp=0x0000006edc8f1d60 mode 0
Event: 19.340 Thread 0x000001ad7b9a9600 DEOPT PACKING pc=0x000001ad00b646e8 sp=0x0000006edc8f28d0
Event: 19.340 Thread 0x000001ad7b9a9600 DEOPT UNPACKING pc=0x000001ad07587143 sp=0x0000006edc8f1d60 mode 0
Event: 19.340 Thread 0x000001ad7b9a9600 DEOPT PACKING pc=0x000001ad00b646e8 sp=0x0000006edc8f2730
Event: 19.340 Thread 0x000001ad7b9a9600 DEOPT UNPACKING pc=0x000001ad07587143 sp=0x0000006edc8f1bc0 mode 0
Event: 19.341 Thread 0x000001ad7b9a9600 DEOPT PACKING pc=0x000001ad0099513e sp=0x0000006edc8f2320
Event: 19.341 Thread 0x000001ad7b9a9600 DEOPT UNPACKING pc=0x000001ad07587143 sp=0x0000006edc8f17a0 mode 0
Event: 19.504 Thread 0x000001ad7b9a9600 Uncommon trap: trap_request=0xffffff45 fr.pc=0x000001ad07ce528c relative=0x0000000000002ccc
Event: 19.504 Thread 0x000001ad7b9a9600 Uncommon trap: reason=unstable_if action=reinterpret pc=0x000001ad07ce528c method=java.util.regex.Pattern.has(I)Z @ 6 c2
Event: 19.504 Thread 0x000001ad7b9a9600 DEOPT PACKING pc=0x000001ad07ce528c sp=0x0000006edc8f5f60
Event: 19.504 Thread 0x000001ad7b9a9600 DEOPT UNPACKING pc=0x000001ad075869a3 sp=0x0000006edc8f5ee0 mode 2
Event: 19.508 Thread 0x000001ad7b9a9600 DEOPT PACKING pc=0x000001ad009d5342 sp=0x0000006edc8f58e0
Event: 19.508 Thread 0x000001ad7b9a9600 DEOPT UNPACKING pc=0x000001ad07587143 sp=0x0000006edc8f4df0 mode 0
Event: 19.611 Thread 0x000001ad7b9a9600 DEOPT PACKING pc=0x000001ad009d5342 sp=0x0000006edc8f4dc0
Event: 19.611 Thread 0x000001ad7b9a9600 DEOPT UNPACKING pc=0x000001ad07587143 sp=0x0000006edc8f42d0 mode 0

Classes unloaded (0 events):
No events

Classes redefined (0 events):
No events

Internal exceptions (20 events):
Event: 16.640 Thread 0x000001ad7b9a9600 Exception <a 'java/lang/NoSuchMethodError'{0x000000008451c8a0}: 'long java.lang.invoke.DirectMethodHandle$Holder.invokeVirtual(java.lang.Object, java.lang.Object)'> (0x000000008451c8a0) 
thrown [s\src\hotspot\share\interpreter\linkResolver.cpp, line 771]
Event: 16.648 Thread 0x000001ad7b9a9130 Exception <a 'java/lang/NoSuchMethodError'{0x00000000845425c0}: static Lorg/gradle/internal/build/event/types/DefaultOperationFinishedProgressEvent;.<clinit>()V> (0x00000000845425c0) 
thrown [s\src\hotspot\share\prims\jni.cpp, line 1108]
Event: 16.652 Thread 0x000001ad7b9a9130 Exception <a 'java/lang/NoSuchMethodError'{0x00000000845a40c8}: static Lorg/gradle/internal/build/event/types/DefaultProjectConfigurationSuccessResult;.<clinit>()V> (0x00000000845a40c8) 
thrown [s\src\hotspot\share\prims\jni.cpp, line 1108]
Event: 16.652 Thread 0x000001ad7b9a9130 Exception <a 'java/lang/NoSuchMethodError'{0x00000000845a5648}: static Lorg/gradle/internal/build/event/types/AbstractProjectConfigurationResult;.<clinit>()V> (0x00000000845a5648) 
thrown [s\src\hotspot\share\prims\jni.cpp, line 1108]
Event: 16.652 Thread 0x000001ad7b9a9130 Exception <a 'java/lang/NoSuchMethodError'{0x00000000845a6da0}: static Lorg/gradle/internal/build/event/types/AbstractOperationResult;.<clinit>()V> (0x00000000845a6da0) 
thrown [s\src\hotspot\share\prims\jni.cpp, line 1108]
Event: 16.652 Thread 0x000001ad7b9a9130 Exception <a 'java/lang/NoSuchMethodError'{0x00000000845a8218}: static Lorg/gradle/internal/build/event/types/AbstractResult;.<clinit>()V> (0x00000000845a8218) 
thrown [s\src\hotspot\share\prims\jni.cpp, line 1108]
Event: 16.655 Thread 0x000001ad7b9a9130 Exception <a 'java/lang/NoSuchMethodError'{0x00000000845c0a98}: static Lorg/gradle/internal/build/event/types/DefaultPluginApplicationResult;.<clinit>()V> (0x00000000845c0a98) 
thrown [s\src\hotspot\share\prims\jni.cpp, line 1108]
Event: 16.657 Thread 0x000001ad7b9a9130 Exception <a 'java/lang/NoSuchMethodError'{0x00000000845cce00}: static Lorg/gradle/internal/build/event/types/DefaultBinaryPluginIdentifier;.<clinit>()V> (0x00000000845cce00) 
thrown [s\src\hotspot\share\prims\jni.cpp, line 1108]
Event: 16.661 Thread 0x000001ad7b9a9130 Exception <a 'java/lang/NoSuchMethodError'{0x00000000845f29b8}: static Lorg/gradle/internal/build/event/types/DefaultScriptPluginIdentifier;.<clinit>()V> (0x00000000845f29b8) 
thrown [s\src\hotspot\share\prims\jni.cpp, line 1108]
Event: 16.891 Thread 0x000001ad7b9a9600 Implicit null exception at 0x000001ad07d21212 to 0x000001ad07d21900
Event: 17.253 Thread 0x000001ad7b9a9600 Exception <a 'java/lang/ClassNotFoundException'{0x00000000840c0428}: org/gradle/api/internal/plugins/DefaultObjectConfigurationActionBeanInfo> (0x00000000840c0428) 
thrown [s\src\hotspot\share\classfile\systemDictionary.cpp, line 256]
Event: 17.254 Thread 0x000001ad7b9a9600 Exception <a 'java/lang/ClassNotFoundException'{0x00000000840d4470}: org/gradle/api/internal/plugins/DefaultObjectConfigurationActionCustomizer> (0x00000000840d4470) 
thrown [s\src\hotspot\share\classfile\systemDictionary.cpp, line 256]
Event: 17.554 Thread 0x000001ad7b9a9600 Exception <a 'java/lang/NoSuchMethodError'{0x00000000851b2ee0}: 'java.lang.Object java.lang.invoke.DirectMethodHandle$Holder.newInvokeSpecial(java.lang.Object, java.lang.Object, java.lang.Object, java.lang.Object, int)'> (0x00000000851b2ee0) 
thrown [s\src\hotspot\share\interpreter\linkResolver.cpp, line 771]
Event: 17.554 Thread 0x000001ad7b9a9600 Exception <a 'java/lang/NoSuchMethodError'{0x00000000851b8328}: 'java.lang.Object java.lang.invoke.DirectMethodHandle$Holder.invokeSpecial(java.lang.Object, java.lang.Object, java.lang.Object, java.lang.Object, java.lang.Object, int)'> (0x00000000851b8328) 
thrown [s\src\hotspot\share\interpreter\linkResolver.cpp, line 771]
Event: 17.555 Thread 0x000001ad7b9a9600 Exception <a 'java/lang/NoSuchMethodError'{0x00000000851bd0a8}: 'java.lang.Object java.lang.invoke.Invokers$Holder.linkToTargetMethod(java.lang.Object, java.lang.Object, java.lang.Object, int, java.lang.Object)'> (0x00000000851bd0a8) 
thrown [s\src\hotspot\share\interpreter\linkResolver.cpp, line 771]
Event: 17.738 Thread 0x000001ad7afb3470 Implicit null exception at 0x000001ad07d8d927 to 0x000001ad07d8e180
Event: 17.958 Thread 0x000001ad7b9a9600 Exception <a 'java/lang/NoSuchMethodError'{0x0000000085c74968}: 'int java.lang.invoke.DirectMethodHandle$Holder.invokeInterface(java.lang.Object, java.lang.Object, java.lang.Object, java.lang.Object)'> (0x0000000085c74968) 
thrown [s\src\hotspot\share\interpreter\linkResolver.cpp, line 771]
Event: 18.934 Thread 0x000001ad7b9a9600 Exception <a 'java/lang/IncompatibleClassChangeError'{0x0000000084da4528}: Found class java.lang.Object, but interface was expected> (0x0000000084da4528) 
thrown [s\src\hotspot\share\interpreter\linkResolver.cpp, line 838]
Event: 19.213 Thread 0x000001ad7b9a9600 Implicit null exception at 0x000001ad07d5ce8c to 0x000001ad07d5d04d
Event: 19.373 Thread 0x000001ad7b9a9600 Exception <a 'sun/nio/fs/WindowsException'{0x00000000875c3228}> (0x00000000875c3228) 
thrown [s\src\hotspot\share\prims\jni.cpp, line 517]

VM Operations (20 events):
Event: 18.275 Executing VM operation: G1CollectForAllocation done
Event: 18.716 Executing VM operation: HandshakeAllThreads
Event: 18.716 Executing VM operation: HandshakeAllThreads done
Event: 18.735 Executing VM operation: HandshakeAllThreads
Event: 18.735 Executing VM operation: HandshakeAllThreads done
Event: 18.791 Executing VM operation: HandshakeAllThreads
Event: 18.791 Executing VM operation: HandshakeAllThreads done
Event: 18.968 Executing VM operation: G1CollectForAllocation
Event: 18.972 Executing VM operation: G1CollectForAllocation done
Event: 19.022 Executing VM operation: G1Concurrent
Event: 19.026 Executing VM operation: G1Concurrent done
Event: 19.051 Executing VM operation: G1Concurrent
Event: 19.051 Executing VM operation: G1Concurrent done
Event: 19.219 Executing VM operation: HandshakeAllThreads
Event: 19.219 Executing VM operation: HandshakeAllThreads done
Event: 19.317 Executing VM operation: G1CollectForAllocation
Event: 19.323 Executing VM operation: G1CollectForAllocation done
Event: 19.333 Executing VM operation: G1CollectForAllocation
Event: 19.339 Executing VM operation: G1CollectForAllocation done
Event: 19.722 Executing VM operation: G1CollectForAllocation

Events (20 events):
Event: 19.227 loading class java/time/format/DateTimePrintContext
Event: 19.228 loading class java/time/format/DateTimePrintContext done
Event: 19.228 loading class java/time/Instant$1
Event: 19.228 loading class java/time/Instant$1 done
Event: 19.228 loading class java/security/cert/CertPathValidatorException$BasicReason
Event: 19.228 loading class java/security/cert/CertPathValidatorException$Reason
Event: 19.228 loading class java/security/cert/CertPathValidatorException$Reason done
Event: 19.228 loading class java/security/cert/CertPathValidatorException$BasicReason done
Event: 19.250 loading class java/util/Base64
Event: 19.250 loading class java/util/Base64 done
Event: 19.250 loading class java/util/Base64$Decoder
Event: 19.251 loading class java/util/Base64$Decoder done
Event: 19.251 loading class java/util/Base64$Encoder
Event: 19.251 loading class java/util/Base64$Encoder done
Event: 19.252 loading class java/util/jar/JarVerifier$VerifierStream
Event: 19.252 loading class java/util/jar/JarVerifier$VerifierStream done
Event: 19.252 loading class sun/security/util/ManifestEntryVerifier$SunProviderHolder
Event: 19.253 loading class sun/security/util/ManifestEntryVerifier$SunProviderHolder done
Event: 19.368 loading class java/security/KeyStore$ProtectionParameter
Event: 19.369 loading class java/security/KeyStore$ProtectionParameter done


Dynamic libraries:
0x00007ff7632e0000 - 0x00007ff7632ea000 	C:\Program Files\Android\Android Studio\jbr\bin\java.exe
0x00007ffff5830000 - 0x00007ffff5a46000 	C:\WINDOWS\SYSTEM32\ntdll.dll
0x00007ffff4180000 - 0x00007ffff4244000 	C:\WINDOWS\System32\KERNEL32.DLL
0x00007ffff2bd0000 - 0x00007ffff2f77000 	C:\WINDOWS\System32\KERNELBASE.dll
0x00007ffff3440000 - 0x00007ffff3551000 	C:\WINDOWS\System32\ucrtbase.dll
0x00007fffde800000 - 0x00007fffde81b000 	C:\Program Files\Android\Android Studio\jbr\bin\VCRUNTIME140.dll
0x00007fffaa040000 - 0x00007fffaa057000 	C:\Program Files\Android\Android Studio\jbr\bin\jli.dll
0x00007ffff4680000 - 0x00007ffff482e000 	C:\WINDOWS\System32\USER32.dll
0x00007ffff2f80000 - 0x00007ffff2fa6000 	C:\WINDOWS\System32\win32u.dll
0x00007fffe9250000 - 0x00007fffe94e3000 	C:\WINDOWS\WinSxS\amd64_microsoft.windows.common-controls_6595b64144ccf1df_6.0.22621.3235_none_270f74e173860f98\COMCTL32.dll
0x00007ffff3560000 - 0x00007ffff3589000 	C:\WINDOWS\System32\GDI32.dll
0x00007ffff52e0000 - 0x00007ffff5387000 	C:\WINDOWS\System32\msvcrt.dll
0x00007ffff3050000 - 0x00007ffff3169000 	C:\WINDOWS\System32\gdi32full.dll
0x00007ffff2fb0000 - 0x00007ffff304a000 	C:\WINDOWS\System32\msvcp_win.dll
0x00007ffff5600000 - 0x00007ffff5631000 	C:\WINDOWS\System32\IMM32.DLL
0x00007fffde6a0000 - 0x00007fffde6ac000 	C:\Program Files\Android\Android Studio\jbr\bin\vcruntime140_1.dll
0x00007fffce020000 - 0x00007fffce0ad000 	C:\Program Files\Android\Android Studio\jbr\bin\msvcp140.dll
0x00007fff88010000 - 0x00007fff88c7e000 	C:\Program Files\Android\Android Studio\jbr\bin\server\jvm.dll
0x00007ffff5460000 - 0x00007ffff5512000 	C:\WINDOWS\System32\ADVAPI32.dll
0x00007ffff4540000 - 0x00007ffff45e8000 	C:\WINDOWS\System32\sechost.dll
0x00007ffff3170000 - 0x00007ffff3198000 	C:\WINDOWS\System32\bcrypt.dll
0x00007ffff4250000 - 0x00007ffff4365000 	C:\WINDOWS\System32\RPCRT4.dll
0x00007fffeae30000 - 0x00007fffeae64000 	C:\WINDOWS\SYSTEM32\WINMM.dll
0x00007fffd7790000 - 0x00007fffd7799000 	C:\WINDOWS\SYSTEM32\WSOCK32.dll
0x00007fffe9de0000 - 0x00007fffe9dea000 	C:\WINDOWS\SYSTEM32\VERSION.dll
0x00007ffff5220000 - 0x00007ffff5291000 	C:\WINDOWS\System32\WS2_32.dll
0x00007ffff1b90000 - 0x00007ffff1ba8000 	C:\WINDOWS\SYSTEM32\kernel.appcore.dll
0x00007fffcf680000 - 0x00007fffcf68a000 	C:\Program Files\Android\Android Studio\jbr\bin\jimage.dll
0x00007fffe7440000 - 0x00007fffe7673000 	C:\WINDOWS\SYSTEM32\DBGHELP.DLL
0x00007ffff4a10000 - 0x00007ffff4d98000 	C:\WINDOWS\System32\combase.dll
0x00007ffff4830000 - 0x00007ffff4907000 	C:\WINDOWS\System32\OLEAUT32.dll
0x00007fffe0180000 - 0x00007fffe01b2000 	C:\WINDOWS\SYSTEM32\dbgcore.DLL
0x00007ffff2b50000 - 0x00007ffff2bc9000 	C:\WINDOWS\System32\bcryptPrimitives.dll
0x00007fffcf650000 - 0x00007fffcf675000 	C:\Program Files\Android\Android Studio\jbr\bin\java.dll
0x00007fffcf630000 - 0x00007fffcf648000 	C:\Program Files\Android\Android Studio\jbr\bin\zip.dll
0x00007ffff35f0000 - 0x00007ffff3e4c000 	C:\WINDOWS\System32\SHELL32.dll
0x00007ffff0ab0000 - 0x00007ffff13a9000 	C:\WINDOWS\SYSTEM32\windows.storage.dll
0x00007ffff0970000 - 0x00007ffff0aae000 	C:\WINDOWS\SYSTEM32\wintypes.dll
0x00007ffff3ed0000 - 0x00007ffff3fc3000 	C:\WINDOWS\System32\SHCORE.dll
0x00007ffff3590000 - 0x00007ffff35ee000 	C:\WINDOWS\System32\shlwapi.dll
0x00007ffff2a80000 - 0x00007ffff2aa1000 	C:\WINDOWS\SYSTEM32\profapi.dll
0x00007fffaa180000 - 0x00007fffaa199000 	C:\Program Files\Android\Android Studio\jbr\bin\net.dll
0x00007fffed190000 - 0x00007fffed2c6000 	C:\WINDOWS\SYSTEM32\WINHTTP.dll
0x00007ffff2070000 - 0x00007ffff20d9000 	C:\WINDOWS\system32\mswsock.dll
0x00007fffaa160000 - 0x00007fffaa176000 	C:\Program Files\Android\Android Studio\jbr\bin\nio.dll
0x00007fffba980000 - 0x00007fffba990000 	C:\Program Files\Android\Android Studio\jbr\bin\verify.dll
0x00007fffde040000 - 0x00007fffde067000 	C:\Users\23480\.gradle\native\68d5fa5c4cc2d200863cafc0d521ce42e7d3e7ee720ec0a83991735586a16f82\windows-amd64\native-platform.dll
0x00007fff8d3f0000 - 0x00007fff8d534000 	C:\Users\23480\.gradle\native\e376f236ea51e6404a007f0833ffe2c6e607c4080706a723a18a27aeea778392\windows-amd64\native-platform-file-events.dll
0x00007fffba540000 - 0x00007fffba549000 	C:\Program Files\Android\Android Studio\jbr\bin\management.dll
0x00007fffb9390000 - 0x00007fffb939b000 	C:\Program Files\Android\Android Studio\jbr\bin\management_ext.dll
0x00007ffff5520000 - 0x00007ffff5528000 	C:\WINDOWS\System32\PSAPI.DLL
0x00007ffff22d0000 - 0x00007ffff22eb000 	C:\WINDOWS\SYSTEM32\CRYPTSP.dll
0x00007ffff1af0000 - 0x00007ffff1b25000 	C:\WINDOWS\system32\rsaenh.dll
0x00007ffff2170000 - 0x00007ffff2198000 	C:\WINDOWS\SYSTEM32\USERENV.dll
0x00007ffff22f0000 - 0x00007ffff22fc000 	C:\WINDOWS\SYSTEM32\CRYPTBASE.dll
0x00007ffff1650000 - 0x00007ffff167d000 	C:\WINDOWS\SYSTEM32\IPHLPAPI.DLL
0x00007ffff52a0000 - 0x00007ffff52a9000 	C:\WINDOWS\System32\NSI.dll
0x00007fffecfd0000 - 0x00007fffecfe9000 	C:\WINDOWS\SYSTEM32\dhcpcsvc6.DLL
0x00007fffecfb0000 - 0x00007fffecfcf000 	C:\WINDOWS\SYSTEM32\dhcpcsvc.DLL
0x00007ffff16d0000 - 0x00007ffff17c9000 	C:\WINDOWS\SYSTEM32\DNSAPI.dll
0x00007fffc8de0000 - 0x00007fffc8de8000 	C:\WINDOWS\system32\wshunix.dll
0x0000000056c40000 - 0x0000000056c66000 	C:\Program Files\Bonjour\mdnsNSP.dll
0x00007fffe9d10000 - 0x00007fffe9d1a000 	C:\Windows\System32\rasadhlp.dll
0x00007fffeb090000 - 0x00007fffeb113000 	C:\WINDOWS\System32\fwpuclnt.dll

dbghelp: loaded successfully - version: 4.0.5 - missing functions: none
symbol engine: initialized successfully - sym options: 0x614 - pdb path: .;C:\Program Files\Android\Android Studio\jbr\bin;C:\WINDOWS\SYSTEM32;C:\WINDOWS\WinSxS\amd64_microsoft.windows.common-controls_6595b64144ccf1df_6.0.22621.3235_none_270f74e173860f98;C:\Program Files\Android\Android Studio\jbr\bin\server;C:\Users\23480\.gradle\native\68d5fa5c4cc2d200863cafc0d521ce42e7d3e7ee720ec0a83991735586a16f82\windows-amd64;C:\Users\23480\.gradle\native\e376f236ea51e6404a007f0833ffe2c6e607c4080706a723a18a27aeea778392\windows-amd64;C:\Program Files\Bonjour

VM Arguments:
jvm_args: --add-opens=java.base/java.util=ALL-UNNAMED --add-opens=java.base/java.lang=ALL-UNNAMED --add-opens=java.base/java.lang.invoke=ALL-UNNAMED --add-opens=java.prefs/java.util.prefs=ALL-UNNAMED --add-opens=java.base/java.nio.charset=ALL-UNNAMED --add-opens=java.base/java.net=ALL-UNNAMED --add-opens=java.base/java.util.concurrent.atomic=ALL-UNNAMED -Xmx2048m -Dfile.encoding=UTF-8 -Duser.country=US -Duser.language=en -Duser.variant 
java_command: org.gradle.launcher.daemon.bootstrap.GradleDaemon 8.0
java_class_path (initial): C:\Users\23480\.gradle\wrapper\dists\gradle-8.0-bin\ca5e32bp14vu59qr306oxotwh\gradle-8.0\lib\gradle-launcher-8.0.jar
Launcher Type: SUN_STANDARD

[Global flags]
     intx CICompilerCount                          = 4                                         {product} {ergonomic}
     uint ConcGCThreads                            = 2                                         {product} {ergonomic}
     uint G1ConcRefinementThreads                  = 8                                         {product} {ergonomic}
   size_t G1HeapRegionSize                         = 1048576                                   {product} {ergonomic}
    uintx GCDrainStackTargetSize                   = 64                                        {product} {ergonomic}
   size_t InitialHeapSize                          = 123731968                                 {product} {ergonomic}
   size_t MarkStackSize                            = 4194304                                   {product} {ergonomic}
   size_t MaxHeapSize                              = 2147483648                                {product} {command line}
   size_t MaxNewSize                               = 1287651328                                {product} {ergonomic}
   size_t MinHeapDeltaBytes                        = 1048576                                   {product} {ergonomic}
   size_t MinHeapSize                              = 8388608                                   {product} {ergonomic}
    uintx NonNMethodCodeHeapSize                   = 5839372                                {pd product} {ergonomic}
    uintx NonProfiledCodeHeapSize                  = 122909434                              {pd product} {ergonomic}
    uintx ProfiledCodeHeapSize                     = 122909434                              {pd product} {ergonomic}
    uintx ReservedCodeCacheSize                    = 251658240                              {pd product} {ergonomic}
     bool SegmentedCodeCache                       = true                                      {product} {ergonomic}
   size_t SoftMaxHeapSize                          = 2147483648                             {manageable} {ergonomic}
     bool UseCompressedClassPointers               = true                           {product lp64_product} {ergonomic}
     bool UseCompressedOops                        = true                           {product lp64_product} {ergonomic}
     bool UseG1GC                                  = true                                      {product} {ergonomic}
     bool UseLargePagesIndividualAllocation        = false                                  {pd product} {ergonomic}

Logging:
Log output configuration:
 #0: stdout all=warning uptime,level,tags
 #1: stderr all=off uptime,level,tags

Environment Variables:
PATH=C:\WINDOWS\system32;C:\WINDOWS;C:\WINDOWS\System32\Wbem;C:\WINDOWS\System32\WindowsPowerShell\v1.0\;C:\WINDOWS\System32\OpenSSH\;C:\Program Files\nodejs\;C:\Program Files\Git\cmd;C:\Program Files\HP\HP One Agent;C:\Users\23480\AppData\Local\Programs\Python\Python311\Scripts\;C:\Users\23480\AppData\Local\Programs\Python\Python311\;C:\Users\23480\AppData\Local\Microsoft\WindowsApps;C:\Users\23480\AppData\Local\atom\bin;C:\Users\23480\AppData\Local\Programs\Microsoft VS Code\bin;C:\Users\23480\AppData\Local\Microsoft\WindowsApps;;C:\Program Files\JetBrains\IntelliJ IDEA Community Edition 2023.2.1\bin;;C:\Users\23480\AppData\Roaming\npm
USERNAME=23480
OS=Windows_NT
PROCESSOR_IDENTIFIER=AMD64 Family 23 Model 104 Stepping 1, AuthenticAMD
TMP=C:\Users\23480\AppData\Local\Temp
TEMP=C:\Users\23480\AppData\Local\Temp


JNI global refs:
JNI global refs: 25, weak refs: 7

JNI global refs memory usage: 843, weak refs: 841


---------------  S Y S T E M  ---------------

OS:
 Windows 11 , 64 bit Build 22621 (10.0.22621.3374)
OS uptime: 6 days 7:15 hours

CPU: total 8 (initial active 8) (8 cores per cpu, 2 threads per core) family 23 model 104 stepping 1 microcode 0x0, cx8, cmov, fxsr, ht, mmx, 3dnowpref, sse, sse2, sse3, ssse3, sse4a, sse4.1, sse4.2, popcnt, lzcnt, tsc, tscinvbit, avx, avx2, aes, clmul, bmi1, bmi2, adx, sha, fma, vzeroupper, clflush, clflushopt

Memory: 4k page, system-wide physical 7502M (328M free)
TotalPageFile size 11571M (AvailPageFile size 50M)
current process WorkingSet (physical memory assigned to process): 303M, peak: 304M
current process commit charge ("private bytes"): 352M, peak: 439M

vm_info: OpenJDK 64-Bit Server VM (17.0.6+0-b2043.56-10027231) for windows-amd64 JRE (17.0.6+0-b2043.56-10027231), built on Apr 28 2023 00:43:19 by "androidbuild" with MS VC++ 16.10 / 16.11 (VS2019)

END.
