#
# There is insufficient memory for the Java Runtime Environment to continue.
# Native memory allocation (mmap) failed to map 114294784 bytes for G1 virtual space
# Possible reasons:
#   The system is out of physical RAM or swap space
#   The process is running with CompressedOops enabled, and the Java Heap may be blocking the growth of the native heap
# Possible solutions:
#   Reduce memory load on the system
#   Increase physical memory or swap space
#   Check if swap backing store is full
#   Decrease Java heap size (-Xmx/-Xms)
#   Decrease number of Java threads
#   Decrease Java thread stack sizes (-Xss)
#   Set larger code cache with -XX:ReservedCodeCacheSize=
#   JVM is running with Unscaled Compressed Oops mode in which the Java heap is
#     placed in the first 4GB address space. The Java Heap base address is the
#     maximum limit for the native heap growth. Please use -XX:HeapBaseMinAddress
#     to set the Java Heap base and to place the Java Heap above 4GB virtual address.
# This output file may be truncated or incomplete.
#
#  Out of Memory Error (os_windows.cpp:3769), pid=8068, tid=9488
#
# JRE version: OpenJDK Runtime Environment (17.0.6) (build 17.0.6+0-b2043.56-10027231)
# Java VM: OpenJDK 64-Bit Server VM (17.0.6+0-b2043.56-10027231, mixed mode, tiered, compressed oops, compressed class ptrs, g1 gc, windows-amd64)
# No core dump will be written. Minidumps are not enabled by default on client versions of Windows
#

---------------  S U M M A R Y ------------

Command Line: --add-opens=java.base/java.util=ALL-UNNAMED --add-opens=java.base/java.lang=ALL-UNNAMED --add-opens=java.base/java.lang.invoke=ALL-UNNAMED --add-opens=java.prefs/java.util.prefs=ALL-UNNAMED --add-opens=java.base/java.nio.charset=ALL-UNNAMED --add-opens=java.base/java.net=ALL-UNNAMED --add-opens=java.base/java.util.concurrent.atomic=ALL-UNNAMED -Xmx2048m -Dfile.encoding=UTF-8 -Duser.country=US -Duser.language=en -Duser.variant org.gradle.launcher.daemon.bootstrap.GradleDaemon 8.0

Host: AMD Ryzen 3 5300U with Radeon Graphics         , 8 cores, 7G,  Windows 11 , 64 bit Build 22621 (10.0.22621.3374)
Time: Sun Apr 28 17:18:19 2024 W. Central Africa Standard Time elapsed time: 14.779309 seconds (0d 0h 0m 14s)

---------------  T H R E A D  ---------------

Current thread (0x000001a6d950ea40):  VMThread "VM Thread" [stack: 0x0000009aac200000,0x0000009aac300000] [id=9488]

Stack: [0x0000009aac200000,0x0000009aac300000]
Native frames: (J=compiled Java code, j=interpreted, Vv=VM code, C=native code)
V  [jvm.dll+0x683c9a]
V  [jvm.dll+0x8427a4]
V  [jvm.dll+0x843f9e]
V  [jvm.dll+0x844603]
V  [jvm.dll+0x249b75]
V  [jvm.dll+0x680b69]
V  [jvm.dll+0x67505a]
V  [jvm.dll+0x309acb]
V  [jvm.dll+0x310f86]
V  [jvm.dll+0x3608ee]
V  [jvm.dll+0x360b1f]
V  [jvm.dll+0x2dfbf8]
V  [jvm.dll+0x2ddec4]
V  [jvm.dll+0x2dd4cc]
V  [jvm.dll+0x321f3b]
V  [jvm.dll+0x848ccb]
V  [jvm.dll+0x849a04]
V  [jvm.dll+0x849f1d]
V  [jvm.dll+0x84a2f4]
V  [jvm.dll+0x84a3c0]
V  [jvm.dll+0x7f274a]
V  [jvm.dll+0x682ad5]
C  [ucrtbase.dll+0x29333]
C  [KERNEL32.DLL+0x1257d]
C  [ntdll.dll+0x5aa48]

VM_Operation (0x0000009aadaf5400): G1CollectForAllocation, mode: safepoint, requested by thread 0x000001a6dd16eb30


---------------  P R O C E S S  ---------------

Threads class SMR info:
_java_thread_list=0x000001a6e3c9f410, length=127, elements={
0x000001a6bf69e4a0, 0x000001a6d9533260, 0x000001a6d95340d0, 0x000001a6da00fc20,
0x000001a6da01d3b0, 0x000001a6da01f0d0, 0x000001a6da021e90, 0x000001a6da02b100,
0x000001a6da033b00, 0x000001a6da03ccc0, 0x000001a6da1d2010, 0x000001a6da1d24e0,
0x000001a6db716c40, 0x000001a6dad49b30, 0x000001a6dd998030, 0x000001a6dcc23180,
0x000001a6dba13700, 0x000001a6dc8a3ad0, 0x000001a6dd16eb30, 0x000001a6dd0fc820,
0x000001a6dc5a9e90, 0x000001a6dc5aad00, 0x000001a6dc5ac510, 0x000001a6dc5ab1d0,
0x000001a6dc5aa830, 0x000001a6dc5abb70, 0x000001a6dc5ac040, 0x000001a6dc5aa360,
0x000001a6dc5ab6a0, 0x000001a6dc5a94f0, 0x000001a6dc5ac9e0, 0x000001a6dc5a9020,
0x000001a6dd877380, 0x000001a6dd876eb0, 0x000001a6dd876040, 0x000001a6dd873e90,
0x000001a6dd877850, 0x000001a6de34c9c0, 0x000001a6dd875b70, 0x000001a6dd8739c0,
0x000001a6dd877d20, 0x000001a6dd879060, 0x000001a6dd874830, 0x000001a6dd87ad40,
0x000001a6dd879ed0, 0x000001a6dd878b90, 0x000001a6dd879530, 0x000001a6dd8751d0,
0x000001a6dd876510, 0x000001a6dd8769e0, 0x000001a6dd879a00, 0x000001a6dd87a3a0,
0x000001a6dcb9b3c0, 0x000001a6dcb9e8b0, 0x000001a6dcb9e3e0, 0x000001a6dcb9f720,
0x000001a6dcba00c0, 0x000001a6dcb9c700, 0x000001a6dcb9ed80, 0x000001a6dcb9b890,
0x000001a6dcb9d570, 0x000001a6dcb9aef0, 0x000001a6dcb9bd60, 0x000001a6dcb9f250,
0x000001a6dcb996e0, 0x000001a6dcb9cbd0, 0x000001a6dcb9c230, 0x000001a6dcb99bb0,
0x000001a6dcb9df10, 0x000001a6dcb9a550, 0x000001a6dcb9d0a0, 0x000001a6dcb9da40,
0x000001a6dcb9fbf0, 0x000001a6dcba0590, 0x000001a6dcb98d40, 0x000001a6dcb9a080,
0x000001a6dcb99210, 0x000001a6dcb9aa20, 0x000001a6df79f3a0, 0x000001a6df79f870,
0x000001a6df79e530, 0x000001a6df7a0210, 0x000001a6df7a3230, 0x000001a6df7a40a0,
0x000001a6df79eed0, 0x000001a6df7a1a20, 0x000001a6df7a4f10, 0x000001a6df79fd40,
0x000001a6df7a1ef0, 0x000001a6df7a3700, 0x000001a6df7a06e0, 0x000001a6df79ea00,
0x000001a6df7a0bb0, 0x000001a6df7a1080, 0x000001a6df7a3bd0, 0x000001a6df7a58b0,
0x000001a6df7a1550, 0x000001a6df7a53e0, 0x000001a6df7a23c0, 0x000001a6df7a2890,
0x000001a6df7a2d60, 0x000001a6df79e060, 0x000001a6df7a4570, 0x000001a6df7a4a40,
0x000001a6df7b7520, 0x000001a6df7b8860, 0x000001a6df7b8d30, 0x000001a6df7b61e0,
0x000001a6df7b8390, 0x000001a6df7bc220, 0x000001a6df7b96d0, 0x000001a6df7b9200,
0x000001a6df7bbd50, 0x000001a6df7b66b0, 0x000001a6df7bc6f0, 0x000001a6df7bcbc0,
0x000001a6df7bd090, 0x000001a6df7ba540, 0x000001a6df7bb880, 0x000001a6df7b9ba0,
0x000001a6df7b79f0, 0x000001a6df7b7050, 0x000001a6df7ba070, 0x000001a6df7bd560,
0x000001a6df7b6b80, 0x000001a6df7b7ec0, 0x000001a6df7baa10
}

Java Threads: ( => current thread )
  0x000001a6bf69e4a0 JavaThread "main" [_thread_blocked, id=2416, stack(0x0000009aabc00000,0x0000009aabd00000)]
  0x000001a6d9533260 JavaThread "Reference Handler" daemon [_thread_blocked, id=6532, stack(0x0000009aac300000,0x0000009aac400000)]
  0x000001a6d95340d0 JavaThread "Finalizer" daemon [_thread_blocked, id=19128, stack(0x0000009aac400000,0x0000009aac500000)]
  0x000001a6da00fc20 JavaThread "Signal Dispatcher" daemon [_thread_blocked, id=6332, stack(0x0000009aac500000,0x0000009aac600000)]
  0x000001a6da01d3b0 JavaThread "Attach Listener" daemon [_thread_blocked, id=5232, stack(0x0000009aac600000,0x0000009aac700000)]
  0x000001a6da01f0d0 JavaThread "Service Thread" daemon [_thread_blocked, id=22916, stack(0x0000009aac700000,0x0000009aac800000)]
  0x000001a6da021e90 JavaThread "Monitor Deflation Thread" daemon [_thread_blocked, id=24672, stack(0x0000009aac800000,0x0000009aac900000)]
  0x000001a6da02b100 JavaThread "C2 CompilerThread0" daemon [_thread_blocked, id=21764, stack(0x0000009aac900000,0x0000009aaca00000)]
  0x000001a6da033b00 JavaThread "C1 CompilerThread0" daemon [_thread_blocked, id=11140, stack(0x0000009aaca00000,0x0000009aacb00000)]
  0x000001a6da03ccc0 JavaThread "Sweeper thread" daemon [_thread_blocked, id=13396, stack(0x0000009aacb00000,0x0000009aacc00000)]
  0x000001a6da1d2010 JavaThread "Common-Cleaner" daemon [_thread_blocked, id=17312, stack(0x0000009aacc00000,0x0000009aacd00000)]
  0x000001a6da1d24e0 JavaThread "Notification Thread" daemon [_thread_blocked, id=18312, stack(0x0000009aacd00000,0x0000009aace00000)]
  0x000001a6db716c40 JavaThread "Daemon health stats" [_thread_blocked, id=15880, stack(0x0000009aad400000,0x0000009aad500000)]
  0x000001a6dad49b30 JavaThread "Incoming local TCP Connector on port 65212" [_thread_in_native, id=19508, stack(0x0000009aacf00000,0x0000009aad000000)]
  0x000001a6dd998030 JavaThread "Daemon periodic checks" [_thread_blocked, id=4408, stack(0x0000009aad500000,0x0000009aad600000)]
  0x000001a6dcc23180 JavaThread "Daemon" [_thread_blocked, id=4856, stack(0x0000009aad700000,0x0000009aad800000)]
  0x000001a6dba13700 JavaThread "Handler for socket connection from /127.0.0.1:65212 to /127.0.0.1:65213" [_thread_in_native, id=5020, stack(0x0000009aad800000,0x0000009aad900000)]
  0x000001a6dc8a3ad0 JavaThread "Cancel handler" [_thread_blocked, id=16452, stack(0x0000009aad900000,0x0000009aada00000)]
  0x000001a6dd16eb30 JavaThread "Daemon worker" [_thread_blocked, id=18384, stack(0x0000009aada00000,0x0000009aadb00000)]
  0x000001a6dd0fc820 JavaThread "Asynchronous log dispatcher for DefaultDaemonConnection: socket connection from /127.0.0.1:65212 to /127.0.0.1:65213" [_thread_blocked, id=16024, stack(0x0000009aadb00000,0x0000009aadc00000)]
  0x000001a6dc5a9e90 JavaThread "Stdin handler" [_thread_blocked, id=9552, stack(0x0000009aadc00000,0x0000009aadd00000)]
  0x000001a6dc5aad00 JavaThread "Daemon client event forwarder" [_thread_blocked, id=24120, stack(0x0000009aadd00000,0x0000009aade00000)]
  0x000001a6dc5ac510 JavaThread "Cache worker for journal cache (C:\Users\23480\.gradle\caches\journal-1)" [_thread_blocked, id=24272, stack(0x0000009aae200000,0x0000009aae300000)]
  0x000001a6dc5ab1d0 JavaThread "File lock request listener" [_thread_in_native, id=25700, stack(0x0000009aae300000,0x0000009aae400000)]
  0x000001a6dc5aa830 JavaThread "Cache worker for file hash cache (C:\Users\23480\.gradle\caches\8.0\fileHashes)" [_thread_blocked, id=24508, stack(0x0000009aae400000,0x0000009aae500000)]
  0x000001a6dc5abb70 JavaThread "File watcher server" daemon [_thread_in_native, id=17584, stack(0x0000009aae500000,0x0000009aae600000)]
  0x000001a6dc5ac040 JavaThread "File watcher consumer" daemon [_thread_blocked, id=19708, stack(0x0000009aae600000,0x0000009aae700000)]
  0x000001a6dc5aa360 JavaThread "Cache worker for checksums cache (C:\Users\23480\Documents\androidproject\Motivation\.gradle\8.0\checksums)" [_thread_blocked, id=7904, stack(0x0000009aae700000,0x0000009aae800000)]
  0x000001a6dc5ab6a0 JavaThread "Cache worker for cache directory md-rule (C:\Users\23480\.gradle\caches\8.0\md-rule)" [_thread_blocked, id=2400, stack(0x0000009aae800000,0x0000009aae900000)]
  0x000001a6dc5a94f0 JavaThread "Cache worker for file content cache (C:\Users\23480\.gradle\caches\8.0\fileContent)" [_thread_blocked, id=13916, stack(0x0000009aae900000,0x0000009aaea00000)]
  0x000001a6dc5ac9e0 JavaThread "Cache worker for file hash cache (C:\Users\23480\Documents\androidproject\Motivation\.gradle\8.0\fileHashes)" [_thread_blocked, id=22468, stack(0x0000009aaea00000,0x0000009aaeb00000)]
  0x000001a6dc5a9020 JavaThread "Cache worker for cache directory md-supplier (C:\Users\23480\.gradle\caches\8.0\md-supplier)" [_thread_blocked, id=17332, stack(0x0000009aaeb00000,0x0000009aaec00000)]
  0x000001a6dd877380 JavaThread "Cache worker for execution history cache (C:\Users\23480\.gradle\caches\8.0\executionHistory)" [_thread_blocked, id=25884, stack(0x0000009aad600000,0x0000009aad700000)]
  0x000001a6dd876eb0 JavaThread "jar transforms" [_thread_blocked, id=26320, stack(0x0000009aaed00000,0x0000009aaee00000)]
  0x000001a6dd876040 JavaThread "jar transforms Thread 2" [_thread_blocked, id=3584, stack(0x0000009aaee00000,0x0000009aaef00000)]
  0x000001a6dd873e90 JavaThread "Cache worker for kotlin-dsl (C:\Users\23480\.gradle\caches\8.0\kotlin-dsl)" [_thread_blocked, id=7268, stack(0x0000009aaf000000,0x0000009aaf100000)]
  0x000001a6dd877850 JavaThread "jar transforms Thread 3" [_thread_blocked, id=1400, stack(0x0000009aaec00000,0x0000009aaed00000)]
  0x000001a6de34c9c0 JavaThread "C2 CompilerThread1" daemon [_thread_in_native, id=1928, stack(0x0000009aaf100000,0x0000009aaf200000)]
  0x000001a6dd875b70 JavaThread "jar transforms Thread 4" [_thread_blocked, id=25968, stack(0x0000009aaf200000,0x0000009aaf300000)]
  0x000001a6dd8739c0 JavaThread "Cache worker for dependencies-accessors (C:\Users\23480\Documents\androidproject\Motivation\.gradle\8.0\dependencies-accessors)" [_thread_blocked, id=2112, stack(0x0000009aaf300000,0x0000009aaf400000)]
  0x000001a6dd877d20 JavaThread "Cache worker for Build Output Cleanup Cache (C:\Users\23480\Documents\androidproject\Motivation\.gradle\buildOutputCleanup)" [_thread_blocked, id=4184, stack(0x0000009aaf400000,0x0000009aaf500000)]
  0x000001a6dd879060 JavaThread "jar transforms Thread 5" [_thread_blocked, id=13524, stack(0x0000009aaf500000,0x0000009aaf600000)]
  0x000001a6dd874830 JavaThread "Unconstrained build operations" [_thread_blocked, id=22092, stack(0x0000009aaf600000,0x0000009aaf700000)]
  0x000001a6dd87ad40 JavaThread "Unconstrained build operations Thread 2" [_thread_blocked, id=10484, stack(0x0000009aaf700000,0x0000009aaf800000)]
  0x000001a6dd879ed0 JavaThread "Unconstrained build operations Thread 3" [_thread_blocked, id=6472, stack(0x0000009aaf800000,0x0000009aaf900000)]
  0x000001a6dd878b90 JavaThread "Unconstrained build operations Thread 4" [_thread_blocked, id=19460, stack(0x0000009aaf900000,0x0000009aafa00000)]
  0x000001a6dd879530 JavaThread "Unconstrained build operations Thread 5" [_thread_blocked, id=16348, stack(0x0000009aafa00000,0x0000009aafb00000)]
  0x000001a6dd8751d0 JavaThread "Unconstrained build operations Thread 6" [_thread_blocked, id=412, stack(0x0000009aafb00000,0x0000009aafc00000)]
  0x000001a6dd876510 JavaThread "Unconstrained build operations Thread 7" [_thread_blocked, id=13620, stack(0x0000009aafc00000,0x0000009aafd00000)]
  0x000001a6dd8769e0 JavaThread "Unconstrained build operations Thread 8" [_thread_blocked, id=5520, stack(0x0000009aafd00000,0x0000009aafe00000)]
  0x000001a6dd879a00 JavaThread "Unconstrained build operations Thread 9" [_thread_blocked, id=26516, stack(0x0000009aafe00000,0x0000009aaff00000)]
  0x000001a6dd87a3a0 JavaThread "Unconstrained build operations Thread 10" [_thread_blocked, id=21972, stack(0x0000009aaff00000,0x0000009ab0000000)]
  0x000001a6dcb9b3c0 JavaThread "Unconstrained build operations Thread 11" [_thread_blocked, id=22944, stack(0x0000009ab0000000,0x0000009ab0100000)]
  0x000001a6dcb9e8b0 JavaThread "Unconstrained build operations Thread 12" [_thread_blocked, id=2152, stack(0x0000009ab0100000,0x0000009ab0200000)]
  0x000001a6dcb9e3e0 JavaThread "Unconstrained build operations Thread 13" [_thread_blocked, id=6748, stack(0x0000009ab0200000,0x0000009ab0300000)]
  0x000001a6dcb9f720 JavaThread "Unconstrained build operations Thread 14" [_thread_blocked, id=11596, stack(0x0000009ab0300000,0x0000009ab0400000)]
  0x000001a6dcba00c0 JavaThread "Unconstrained build operations Thread 15" [_thread_blocked, id=4244, stack(0x0000009ab0400000,0x0000009ab0500000)]
  0x000001a6dcb9c700 JavaThread "Unconstrained build operations Thread 16" [_thread_blocked, id=24444, stack(0x0000009ab0500000,0x0000009ab0600000)]
  0x000001a6dcb9ed80 JavaThread "Unconstrained build operations Thread 17" [_thread_blocked, id=19660, stack(0x0000009ab0600000,0x0000009ab0700000)]
  0x000001a6dcb9b890 JavaThread "Unconstrained build operations Thread 18" [_thread_blocked, id=26344, stack(0x0000009ab0700000,0x0000009ab0800000)]
  0x000001a6dcb9d570 JavaThread "Unconstrained build operations Thread 19" [_thread_blocked, id=4088, stack(0x0000009ab0800000,0x0000009ab0900000)]
  0x000001a6dcb9aef0 JavaThread "Unconstrained build operations Thread 20" [_thread_blocked, id=23816, stack(0x0000009ab0900000,0x0000009ab0a00000)]
  0x000001a6dcb9bd60 JavaThread "Unconstrained build operations Thread 21" [_thread_blocked, id=4384, stack(0x0000009ab0a00000,0x0000009ab0b00000)]
  0x000001a6dcb9f250 JavaThread "Unconstrained build operations Thread 22" [_thread_blocked, id=10564, stack(0x0000009ab0b00000,0x0000009ab0c00000)]
  0x000001a6dcb996e0 JavaThread "Unconstrained build operations Thread 23" [_thread_blocked, id=9084, stack(0x0000009ab0c00000,0x0000009ab0d00000)]
  0x000001a6dcb9cbd0 JavaThread "Unconstrained build operations Thread 24" [_thread_blocked, id=9856, stack(0x0000009ab0d00000,0x0000009ab0e00000)]
  0x000001a6dcb9c230 JavaThread "Unconstrained build operations Thread 25" [_thread_blocked, id=16636, stack(0x0000009ab0e00000,0x0000009ab0f00000)]
  0x000001a6dcb99bb0 JavaThread "Unconstrained build operations Thread 26" [_thread_blocked, id=22692, stack(0x0000009ab0f00000,0x0000009ab1000000)]
  0x000001a6dcb9df10 JavaThread "Unconstrained build operations Thread 27" [_thread_blocked, id=15084, stack(0x0000009ab1000000,0x0000009ab1100000)]
  0x000001a6dcb9a550 JavaThread "Unconstrained build operations Thread 28" [_thread_blocked, id=14828, stack(0x0000009ab1100000,0x0000009ab1200000)]
  0x000001a6dcb9d0a0 JavaThread "Unconstrained build operations Thread 29" [_thread_blocked, id=21432, stack(0x0000009ab1200000,0x0000009ab1300000)]
  0x000001a6dcb9da40 JavaThread "Unconstrained build operations Thread 30" [_thread_blocked, id=11020, stack(0x0000009ab1300000,0x0000009ab1400000)]
  0x000001a6dcb9fbf0 JavaThread "Unconstrained build operations Thread 31" [_thread_blocked, id=21744, stack(0x0000009ab1400000,0x0000009ab1500000)]
  0x000001a6dcba0590 JavaThread "Unconstrained build operations Thread 32" [_thread_blocked, id=22596, stack(0x0000009ab1500000,0x0000009ab1600000)]
  0x000001a6dcb98d40 JavaThread "Unconstrained build operations Thread 33" [_thread_blocked, id=24940, stack(0x0000009ab1600000,0x0000009ab1700000)]
  0x000001a6dcb9a080 JavaThread "Unconstrained build operations Thread 34" [_thread_blocked, id=18740, stack(0x0000009ab1700000,0x0000009ab1800000)]
  0x000001a6dcb99210 JavaThread "Unconstrained build operations Thread 35" [_thread_blocked, id=18180, stack(0x0000009ab1800000,0x0000009ab1900000)]
  0x000001a6dcb9aa20 JavaThread "Unconstrained build operations Thread 36" [_thread_blocked, id=24956, stack(0x0000009ab1900000,0x0000009ab1a00000)]
  0x000001a6df79f3a0 JavaThread "Unconstrained build operations Thread 37" [_thread_blocked, id=26576, stack(0x0000009ab1a00000,0x0000009ab1b00000)]
  0x000001a6df79f870 JavaThread "Unconstrained build operations Thread 38" [_thread_blocked, id=24844, stack(0x0000009ab1b00000,0x0000009ab1c00000)]
  0x000001a6df79e530 JavaThread "Unconstrained build operations Thread 39" [_thread_blocked, id=23464, stack(0x0000009ab1c00000,0x0000009ab1d00000)]
  0x000001a6df7a0210 JavaThread "Unconstrained build operations Thread 40" [_thread_blocked, id=3328, stack(0x0000009ab1d00000,0x0000009ab1e00000)]
  0x000001a6df7a3230 JavaThread "Unconstrained build operations Thread 41" [_thread_blocked, id=16440, stack(0x0000009ab1e00000,0x0000009ab1f00000)]
  0x000001a6df7a40a0 JavaThread "Unconstrained build operations Thread 42" [_thread_blocked, id=14980, stack(0x0000009ab1f00000,0x0000009ab2000000)]
  0x000001a6df79eed0 JavaThread "Unconstrained build operations Thread 43" [_thread_blocked, id=18992, stack(0x0000009ab2000000,0x0000009ab2100000)]
  0x000001a6df7a1a20 JavaThread "Unconstrained build operations Thread 44" [_thread_blocked, id=25416, stack(0x0000009ab2100000,0x0000009ab2200000)]
  0x000001a6df7a4f10 JavaThread "Unconstrained build operations Thread 45" [_thread_blocked, id=20312, stack(0x0000009ab2200000,0x0000009ab2300000)]
  0x000001a6df79fd40 JavaThread "Unconstrained build operations Thread 46" [_thread_blocked, id=14464, stack(0x0000009ab2300000,0x0000009ab2400000)]
  0x000001a6df7a1ef0 JavaThread "Unconstrained build operations Thread 47" [_thread_blocked, id=24416, stack(0x0000009ab2400000,0x0000009ab2500000)]
  0x000001a6df7a3700 JavaThread "Unconstrained build operations Thread 48" [_thread_blocked, id=24424, stack(0x0000009ab2500000,0x0000009ab2600000)]
  0x000001a6df7a06e0 JavaThread "Unconstrained build operations Thread 49" [_thread_blocked, id=17564, stack(0x0000009ab2600000,0x0000009ab2700000)]
  0x000001a6df79ea00 JavaThread "Unconstrained build operations Thread 50" [_thread_blocked, id=17868, stack(0x0000009ab2700000,0x0000009ab2800000)]
  0x000001a6df7a0bb0 JavaThread "Unconstrained build operations Thread 51" [_thread_blocked, id=24536, stack(0x0000009ab2800000,0x0000009ab2900000)]
  0x000001a6df7a1080 JavaThread "Unconstrained build operations Thread 52" [_thread_blocked, id=13864, stack(0x0000009ab2900000,0x0000009ab2a00000)]
  0x000001a6df7a3bd0 JavaThread "Unconstrained build operations Thread 53" [_thread_blocked, id=20660, stack(0x0000009ab2a00000,0x0000009ab2b00000)]
  0x000001a6df7a58b0 JavaThread "Unconstrained build operations Thread 54" [_thread_blocked, id=11568, stack(0x0000009ab2b00000,0x0000009ab2c00000)]
  0x000001a6df7a1550 JavaThread "Unconstrained build operations Thread 55" [_thread_blocked, id=8040, stack(0x0000009ab2c00000,0x0000009ab2d00000)]
  0x000001a6df7a53e0 JavaThread "Unconstrained build operations Thread 56" [_thread_blocked, id=19312, stack(0x0000009ab2d00000,0x0000009ab2e00000)]
  0x000001a6df7a23c0 JavaThread "Unconstrained build operations Thread 57" [_thread_blocked, id=21408, stack(0x0000009ab2e00000,0x0000009ab2f00000)]
  0x000001a6df7a2890 JavaThread "Unconstrained build operations Thread 58" [_thread_blocked, id=17512, stack(0x0000009ab2f00000,0x0000009ab3000000)]
  0x000001a6df7a2d60 JavaThread "Unconstrained build operations Thread 59" [_thread_blocked, id=17928, stack(0x0000009ab3000000,0x0000009ab3100000)]
  0x000001a6df79e060 JavaThread "Unconstrained build operations Thread 60" [_thread_blocked, id=3280, stack(0x0000009ab3100000,0x0000009ab3200000)]
  0x000001a6df7a4570 JavaThread "Unconstrained build operations Thread 61" [_thread_blocked, id=22392, stack(0x0000009ab3200000,0x0000009ab3300000)]
  0x000001a6df7a4a40 JavaThread "Unconstrained build operations Thread 62" [_thread_blocked, id=2272, stack(0x0000009ab3300000,0x0000009ab3400000)]
  0x000001a6df7b7520 JavaThread "Unconstrained build operations Thread 63" [_thread_blocked, id=3904, stack(0x0000009ab3400000,0x0000009ab3500000)]
  0x000001a6df7b8860 JavaThread "Unconstrained build operations Thread 64" [_thread_blocked, id=4164, stack(0x0000009ab3500000,0x0000009ab3600000)]
  0x000001a6df7b8d30 JavaThread "Unconstrained build operations Thread 65" [_thread_blocked, id=25800, stack(0x0000009ab3600000,0x0000009ab3700000)]
  0x000001a6df7b61e0 JavaThread "Unconstrained build operations Thread 66" [_thread_blocked, id=25652, stack(0x0000009ab3700000,0x0000009ab3800000)]
  0x000001a6df7b8390 JavaThread "Unconstrained build operations Thread 67" [_thread_blocked, id=17552, stack(0x0000009ab3800000,0x0000009ab3900000)]
  0x000001a6df7bc220 JavaThread "Unconstrained build operations Thread 68" [_thread_blocked, id=14752, stack(0x0000009ab3900000,0x0000009ab3a00000)]
  0x000001a6df7b96d0 JavaThread "Unconstrained build operations Thread 69" [_thread_blocked, id=25340, stack(0x0000009ab3a00000,0x0000009ab3b00000)]
  0x000001a6df7b9200 JavaThread "Unconstrained build operations Thread 70" [_thread_blocked, id=8544, stack(0x0000009ab3b00000,0x0000009ab3c00000)]
  0x000001a6df7bbd50 JavaThread "Unconstrained build operations Thread 71" [_thread_blocked, id=2216, stack(0x0000009ab3c00000,0x0000009ab3d00000)]
  0x000001a6df7b66b0 JavaThread "Unconstrained build operations Thread 72" [_thread_blocked, id=7260, stack(0x0000009ab3d00000,0x0000009ab3e00000)]
  0x000001a6df7bc6f0 JavaThread "Unconstrained build operations Thread 73" [_thread_blocked, id=22224, stack(0x0000009ab3e00000,0x0000009ab3f00000)]
  0x000001a6df7bcbc0 JavaThread "Unconstrained build operations Thread 74" [_thread_blocked, id=26596, stack(0x0000009ab3f00000,0x0000009ab4000000)]
  0x000001a6df7bd090 JavaThread "Unconstrained build operations Thread 75" [_thread_blocked, id=3976, stack(0x0000009ab4000000,0x0000009ab4100000)]
  0x000001a6df7ba540 JavaThread "Unconstrained build operations Thread 76" [_thread_blocked, id=6460, stack(0x0000009ab4100000,0x0000009ab4200000)]
  0x000001a6df7bb880 JavaThread "Unconstrained build operations Thread 77" [_thread_blocked, id=15920, stack(0x0000009ab4200000,0x0000009ab4300000)]
  0x000001a6df7b9ba0 JavaThread "Unconstrained build operations Thread 78" [_thread_blocked, id=3992, stack(0x0000009ab4300000,0x0000009ab4400000)]
  0x000001a6df7b79f0 JavaThread "Unconstrained build operations Thread 79" [_thread_blocked, id=19512, stack(0x0000009ab4400000,0x0000009ab4500000)]
  0x000001a6df7b7050 JavaThread "Unconstrained build operations Thread 80" [_thread_blocked, id=18528, stack(0x0000009ab4500000,0x0000009ab4600000)]
  0x000001a6df7ba070 JavaThread "jar transforms Thread 6" [_thread_blocked, id=17068, stack(0x0000009ab4600000,0x0000009ab4700000)]
  0x000001a6df7bd560 JavaThread "jar transforms Thread 7" [_thread_blocked, id=23580, stack(0x0000009ab4700000,0x0000009ab4800000)]
  0x000001a6df7b6b80 JavaThread "jar transforms Thread 8" [_thread_blocked, id=18780, stack(0x0000009ab4800000,0x0000009ab4900000)]
  0x000001a6df7b7ec0 JavaThread "build event listener" [_thread_blocked, id=772, stack(0x0000009ab4900000,0x0000009ab4a00000)]
  0x000001a6df7baa10 JavaThread "Memory manager" [_thread_blocked, id=14840, stack(0x0000009ab4a00000,0x0000009ab4b00000)]

Other Threads:
=>0x000001a6d950ea40 VMThread "VM Thread" [stack: 0x0000009aac200000,0x0000009aac300000] [id=9488]
  0x000001a6da1be010 WatcherThread [stack: 0x0000009aace00000,0x0000009aacf00000] [id=13512]
  0x000001a6bf6fb020 GCTaskThread "GC Thread#0" [stack: 0x0000009aabd00000,0x0000009aabe00000] [id=22464]
  0x000001a6da3eb960 GCTaskThread "GC Thread#1" [stack: 0x0000009aad000000,0x0000009aad100000] [id=15152]
  0x000001a6db0500e0 GCTaskThread "GC Thread#2" [stack: 0x0000009aad100000,0x0000009aad200000] [id=19080]
  0x000001a6dace33f0 GCTaskThread "GC Thread#3" [stack: 0x0000009aad200000,0x0000009aad300000] [id=3640]
  0x000001a6db4fe640 GCTaskThread "GC Thread#4" [stack: 0x0000009aad300000,0x0000009aad400000] [id=4168]
  0x000001a6dc932290 GCTaskThread "GC Thread#5" [stack: 0x0000009aade00000,0x0000009aadf00000] [id=25608]
  0x000001a6dc932540 GCTaskThread "GC Thread#6" [stack: 0x0000009aadf00000,0x0000009aae000000] [id=15676]
  0x000001a6dc9327f0 GCTaskThread "GC Thread#7" [stack: 0x0000009aae000000,0x0000009aae100000] [id=21080]
  0x000001a6bf70bf60 ConcurrentGCThread "G1 Main Marker" [stack: 0x0000009aabe00000,0x0000009aabf00000] [id=19940]
  0x000001a6bf70d110 ConcurrentGCThread "G1 Conc#0" [stack: 0x0000009aabf00000,0x0000009aac000000] [id=8028]
  0x000001a6dccb3630 ConcurrentGCThread "G1 Conc#1" [stack: 0x0000009aae100000,0x0000009aae200000] [id=17864]
  0x000001a6bf75ec00 ConcurrentGCThread "G1 Refine#0" [stack: 0x0000009aac000000,0x0000009aac100000] [id=23080]
  0x000001a6df58ca50 ConcurrentGCThread "G1 Refine#1" [stack: 0x0000009aaef00000,0x0000009aaf000000] [id=22860]
  0x000001a6d9364b10 ConcurrentGCThread "G1 Service" [stack: 0x0000009aac100000,0x0000009aac200000] [id=18488]

Threads with active compile tasks:
C2 CompilerThread0    14827 6663       4       java.util.HashMap$EntryIterator::next (5 bytes)
C1 CompilerThread0    14827 6752       3       sun.reflect.annotation.AnnotationParser::parseConst (209 bytes)
C2 CompilerThread1    14827 6686       4       org.gradle.internal.reflect.MethodSet::add (50 bytes)

VM state: at safepoint (normal execution)

VM Mutex/Monitor currently owned by a thread:  ([mutex/lock_event])
[0x000001a6bf699a30] Threads_lock - owner thread: 0x000001a6d950ea40
[0x000001a6bf69a450] Heap_lock - owner thread: 0x000001a6dd16eb30

Heap address: 0x0000000080000000, size: 2048 MB, Compressed Oops mode: 32-bit

CDS archive(s) not mapped
Compressed class space mapped at: 0x0000000100000000-0x0000000140000000, reserved size: 1073741824
Narrow klass base: 0x0000000000000000, Narrow klass shift: 3, Narrow klass range: 0x140000000

GC Precious Log:
 CPUs: 8 total, 8 available
 Memory: 7502M
 Large Page Support: Disabled
 NUMA Support: Disabled
 Compressed Oops: Enabled (32-bit)
 Heap Region Size: 1M
 Heap Min Capacity: 8M
 Heap Initial Capacity: 118M
 Heap Max Capacity: 2G
 Pre-touch: Disabled
 Parallel Workers: 8
 Concurrent Workers: 2
 Concurrent Refinement Workers: 8
 Periodic GC: Disabled

Heap:
 garbage-first heap   total 120832K, used 67424K [0x0000000080000000, 0x0000000100000000)
  region size 1024K, 2 young (2048K), 2 survivors (2048K)
 Metaspace       used 66910K, committed 67520K, reserved 1114112K
  class space    used 8843K, committed 9152K, reserved 1048576K

Heap Regions: E=young(eden), S=young(survivor), O=old, HS=humongous(starts), HC=humongous(continues), CS=collection set, F=free, OA=open archive, CA=closed archive, TAMS=top-at-mark-start (previous, next)
|   0|0x0000000080000000, 0x0000000080100000, 0x0000000080100000|100%|HS|  |TAMS 0x0000000080100000, 0x0000000080100000| Complete 
|   1|0x0000000080100000, 0x0000000080200000, 0x0000000080200000|100%|HC|  |TAMS 0x0000000080200000, 0x0000000080200000| Complete 
|   2|0x0000000080200000, 0x0000000080300000, 0x0000000080300000|100%|HC|  |TAMS 0x0000000080300000, 0x0000000080300000| Complete 
|   3|0x0000000080300000, 0x0000000080400000, 0x0000000080400000|100%|HC|  |TAMS 0x0000000080400000, 0x0000000080400000| Complete 
|   4|0x0000000080400000, 0x0000000080500000, 0x0000000080500000|100%| O|  |TAMS 0x0000000080500000, 0x0000000080500000| Untracked 
|   5|0x0000000080500000, 0x0000000080600000, 0x0000000080600000|100%| O|  |TAMS 0x0000000080600000, 0x0000000080600000| Untracked 
|   6|0x0000000080600000, 0x0000000080700000, 0x0000000080700000|100%| O|  |TAMS 0x0000000080700000, 0x0000000080700000| Untracked 
|   7|0x0000000080700000, 0x0000000080800000, 0x0000000080800000|100%| O|  |TAMS 0x0000000080800000, 0x0000000080800000| Untracked 
|   8|0x0000000080800000, 0x0000000080900000, 0x0000000080900000|100%| O|  |TAMS 0x0000000080900000, 0x0000000080900000| Untracked 
|   9|0x0000000080900000, 0x0000000080a00000, 0x0000000080a00000|100%| O|  |TAMS 0x0000000080a00000, 0x0000000080a00000| Untracked 
|  10|0x0000000080a00000, 0x0000000080b00000, 0x0000000080b00000|100%| O|  |TAMS 0x0000000080b00000, 0x0000000080b00000| Untracked 
|  11|0x0000000080b00000, 0x0000000080c00000, 0x0000000080c00000|100%|HS|  |TAMS 0x0000000080b00000, 0x0000000080c00000| Complete 
|  12|0x0000000080c00000, 0x0000000080d00000, 0x0000000080d00000|100%| O|  |TAMS 0x0000000080d00000, 0x0000000080d00000| Untracked 
|  13|0x0000000080d00000, 0x0000000080e00000, 0x0000000080e00000|100%| O|  |TAMS 0x0000000080e00000, 0x0000000080e00000| Untracked 
|  14|0x0000000080e00000, 0x0000000080f00000, 0x0000000080f00000|100%| O|  |TAMS 0x0000000080f00000, 0x0000000080f00000| Untracked 
|  15|0x0000000080f00000, 0x0000000081000000, 0x0000000081000000|100%| O|  |TAMS 0x0000000081000000, 0x0000000081000000| Untracked 
|  16|0x0000000081000000, 0x0000000081100000, 0x0000000081100000|100%| O|  |TAMS 0x0000000081100000, 0x0000000081100000| Untracked 
|  17|0x0000000081100000, 0x0000000081200000, 0x0000000081200000|100%| O|  |TAMS 0x0000000081200000, 0x0000000081200000| Untracked 
|  18|0x0000000081200000, 0x0000000081300000, 0x0000000081300000|100%| O|  |TAMS 0x0000000081300000, 0x0000000081300000| Untracked 
|  19|0x0000000081300000, 0x0000000081400000, 0x0000000081400000|100%| O|  |TAMS 0x0000000081400000, 0x0000000081400000| Untracked 
|  20|0x0000000081400000, 0x0000000081500000, 0x0000000081500000|100%| O|  |TAMS 0x0000000081500000, 0x0000000081500000| Untracked 
|  21|0x0000000081500000, 0x0000000081600000, 0x0000000081600000|100%| O|  |TAMS 0x0000000081600000, 0x0000000081600000| Untracked 
|  22|0x0000000081600000, 0x0000000081700000, 0x0000000081700000|100%| O|  |TAMS 0x0000000081700000, 0x0000000081700000| Untracked 
|  23|0x0000000081700000, 0x0000000081800000, 0x0000000081800000|100%| O|  |TAMS 0x0000000081800000, 0x0000000081800000| Untracked 
|  24|0x0000000081800000, 0x0000000081800000, 0x0000000081900000|  0%| F|  |TAMS 0x0000000081800000, 0x0000000081800000| Untracked 
|  25|0x0000000081900000, 0x0000000081a00000, 0x0000000081a00000|100%| O|  |TAMS 0x0000000081a00000, 0x0000000081a00000| Untracked 
|  26|0x0000000081a00000, 0x0000000081b00000, 0x0000000081b00000|100%| O|  |TAMS 0x0000000081b00000, 0x0000000081b00000| Untracked 
|  27|0x0000000081b00000, 0x0000000081c00000, 0x0000000081c00000|100%| O|  |TAMS 0x0000000081c00000, 0x0000000081c00000| Untracked 
|  28|0x0000000081c00000, 0x0000000081d00000, 0x0000000081d00000|100%| O|  |TAMS 0x0000000081d00000, 0x0000000081d00000| Untracked 
|  29|0x0000000081d00000, 0x0000000081e00000, 0x0000000081e00000|100%| O|  |TAMS 0x0000000081e00000, 0x0000000081e00000| Untracked 
|  30|0x0000000081e00000, 0x0000000081f00000, 0x0000000081f00000|100%| O|  |TAMS 0x0000000081f00000, 0x0000000081f00000| Untracked 
|  31|0x0000000081f00000, 0x0000000082000000, 0x0000000082000000|100%| O|  |TAMS 0x0000000082000000, 0x0000000082000000| Untracked 
|  32|0x0000000082000000, 0x0000000082100000, 0x0000000082100000|100%| O|  |TAMS 0x0000000082100000, 0x0000000082100000| Untracked 
|  33|0x0000000082100000, 0x0000000082200000, 0x0000000082200000|100%| O|  |TAMS 0x0000000082200000, 0x0000000082200000| Untracked 
|  34|0x0000000082200000, 0x0000000082300000, 0x0000000082300000|100%| O|  |TAMS 0x0000000082300000, 0x0000000082300000| Untracked 
|  35|0x0000000082300000, 0x0000000082400000, 0x0000000082400000|100%| O|  |TAMS 0x0000000082400000, 0x0000000082400000| Untracked 
|  36|0x0000000082400000, 0x0000000082500000, 0x0000000082500000|100%|HS|  |TAMS 0x0000000082500000, 0x0000000082500000| Complete 
|  37|0x0000000082500000, 0x0000000082600000, 0x0000000082600000|100%|HS|  |TAMS 0x0000000082600000, 0x0000000082600000| Complete 
|  38|0x0000000082600000, 0x0000000082700000, 0x0000000082700000|100%|HS|  |TAMS 0x0000000082700000, 0x0000000082700000| Complete 
|  39|0x0000000082700000, 0x0000000082800000, 0x0000000082800000|100%|HC|  |TAMS 0x0000000082800000, 0x0000000082800000| Complete 
|  40|0x0000000082800000, 0x0000000082900000, 0x0000000082900000|100%|HS|  |TAMS 0x0000000082900000, 0x0000000082900000| Complete 
|  41|0x0000000082900000, 0x0000000082a00000, 0x0000000082a00000|100%| O|  |TAMS 0x0000000082a00000, 0x0000000082a00000| Untracked 
|  42|0x0000000082a00000, 0x0000000082b00000, 0x0000000082b00000|100%| O|  |TAMS 0x0000000082b00000, 0x0000000082b00000| Untracked 
|  43|0x0000000082b00000, 0x0000000082c00000, 0x0000000082c00000|100%| O|  |TAMS 0x0000000082c00000, 0x0000000082c00000| Untracked 
|  44|0x0000000082c00000, 0x0000000082d00000, 0x0000000082d00000|100%|HS|  |TAMS 0x0000000082d00000, 0x0000000082d00000| Complete 
|  45|0x0000000082d00000, 0x0000000082e00000, 0x0000000082e00000|100%|HC|  |TAMS 0x0000000082e00000, 0x0000000082e00000| Complete 
|  46|0x0000000082e00000, 0x0000000082f00000, 0x0000000082f00000|100%|HC|  |TAMS 0x0000000082f00000, 0x0000000082f00000| Complete 
|  47|0x0000000082f00000, 0x0000000083000000, 0x0000000083000000|100%|HC|  |TAMS 0x0000000083000000, 0x0000000083000000| Complete 
|  48|0x0000000083000000, 0x0000000083100000, 0x0000000083100000|100%| O|  |TAMS 0x0000000083100000, 0x0000000083100000| Untracked 
|  49|0x0000000083100000, 0x0000000083200000, 0x0000000083200000|100%| O|  |TAMS 0x0000000083200000, 0x0000000083200000| Untracked 
|  50|0x0000000083200000, 0x0000000083300000, 0x0000000083300000|100%| O|  |TAMS 0x0000000083300000, 0x0000000083300000| Untracked 
|  51|0x0000000083300000, 0x0000000083400000, 0x0000000083400000|100%| O|  |TAMS 0x0000000083400000, 0x0000000083400000| Untracked 
|  52|0x0000000083400000, 0x0000000083500000, 0x0000000083500000|100%| O|  |TAMS 0x0000000083500000, 0x0000000083500000| Untracked 
|  53|0x0000000083500000, 0x0000000083600000, 0x0000000083600000|100%| O|  |TAMS 0x0000000083600000, 0x0000000083600000| Untracked 
|  54|0x0000000083600000, 0x0000000083700000, 0x0000000083700000|100%| O|  |TAMS 0x0000000083700000, 0x0000000083700000| Untracked 
|  55|0x0000000083700000, 0x0000000083800000, 0x0000000083800000|100%| O|  |TAMS 0x000000008374d000, 0x0000000083800000| Untracked 
|  56|0x0000000083800000, 0x0000000083900000, 0x0000000083900000|100%| O|  |TAMS 0x0000000083800000, 0x0000000083900000| Untracked 
|  57|0x0000000083900000, 0x0000000083a00000, 0x0000000083a00000|100%|HS|  |TAMS 0x0000000083900000, 0x0000000083a00000| Complete 
|  58|0x0000000083a00000, 0x0000000083b00000, 0x0000000083b00000|100%|HS|  |TAMS 0x0000000083a00000, 0x0000000083b00000| Complete 
|  59|0x0000000083b00000, 0x0000000083c00000, 0x0000000083c00000|100%| O|  |TAMS 0x0000000083b00000, 0x0000000083c00000| Untracked 
|  60|0x0000000083c00000, 0x0000000083d00000, 0x0000000083d00000|100%|HS|  |TAMS 0x0000000083c00000, 0x0000000083d00000| Complete 
|  61|0x0000000083d00000, 0x0000000083e00000, 0x0000000083e00000|100%| O|  |TAMS 0x0000000083d00000, 0x0000000083e00000| Untracked 
|  62|0x0000000083e00000, 0x0000000083f00000, 0x0000000083f00000|100%| O|  |TAMS 0x0000000083e00000, 0x0000000083f00000| Untracked 
|  63|0x0000000083f00000, 0x0000000084000000, 0x0000000084000000|100%| O|  |TAMS 0x0000000083f00000, 0x0000000084000000| Untracked 
|  64|0x0000000084000000, 0x00000000840f2200, 0x0000000084100000| 94%| O|  |TAMS 0x0000000084000000, 0x00000000840f2200| Untracked 
|  65|0x0000000084100000, 0x0000000084100000, 0x0000000084200000|  0%| F|  |TAMS 0x0000000084100000, 0x0000000084100000| Untracked 
|  66|0x0000000084200000, 0x0000000084200000, 0x0000000084300000|  0%| F|  |TAMS 0x0000000084200000, 0x0000000084200000| Untracked 
|  67|0x0000000084300000, 0x0000000084300000, 0x0000000084400000|  0%| F|  |TAMS 0x0000000084300000, 0x0000000084300000| Untracked 
|  68|0x0000000084400000, 0x0000000084400000, 0x0000000084500000|  0%| F|  |TAMS 0x0000000084400000, 0x0000000084400000| Untracked 
|  69|0x0000000084500000, 0x0000000084500000, 0x0000000084600000|  0%| F|  |TAMS 0x0000000084500000, 0x0000000084500000| Untracked 
|  70|0x0000000084600000, 0x0000000084600000, 0x0000000084700000|  0%| F|  |TAMS 0x0000000084600000, 0x0000000084600000| Untracked 
|  71|0x0000000084700000, 0x0000000084700000, 0x0000000084800000|  0%| F|  |TAMS 0x0000000084700000, 0x0000000084700000| Untracked 
|  72|0x0000000084800000, 0x0000000084800000, 0x0000000084900000|  0%| F|  |TAMS 0x0000000084800000, 0x0000000084800000| Untracked 
|  73|0x0000000084900000, 0x0000000084900000, 0x0000000084a00000|  0%| F|  |TAMS 0x0000000084900000, 0x0000000084900000| Untracked 
|  74|0x0000000084a00000, 0x0000000084a00000, 0x0000000084b00000|  0%| F|  |TAMS 0x0000000084a00000, 0x0000000084a00000| Untracked 
|  75|0x0000000084b00000, 0x0000000084b00000, 0x0000000084c00000|  0%| F|  |TAMS 0x0000000084b00000, 0x0000000084b00000| Untracked 
|  76|0x0000000084c00000, 0x0000000084c00000, 0x0000000084d00000|  0%| F|  |TAMS 0x0000000084c00000, 0x0000000084c00000| Untracked 
|  77|0x0000000084d00000, 0x0000000084d00000, 0x0000000084e00000|  0%| F|  |TAMS 0x0000000084d00000, 0x0000000084d00000| Untracked 
|  78|0x0000000084e00000, 0x0000000084e00000, 0x0000000084f00000|  0%| F|  |TAMS 0x0000000084e00000, 0x0000000084e00000| Untracked 
|  79|0x0000000084f00000, 0x0000000084f00000, 0x0000000085000000|  0%| F|  |TAMS 0x0000000084f00000, 0x0000000084f00000| Untracked 
|  80|0x0000000085000000, 0x0000000085000000, 0x0000000085100000|  0%| F|  |TAMS 0x0000000085000000, 0x0000000085000000| Untracked 
|  81|0x0000000085100000, 0x0000000085100000, 0x0000000085200000|  0%| F|  |TAMS 0x0000000085100000, 0x0000000085100000| Untracked 
|  82|0x0000000085200000, 0x00000000852e5ed0, 0x0000000085300000| 89%| S|CS|TAMS 0x0000000085200000, 0x0000000085200000| Complete 
|  83|0x0000000085300000, 0x0000000085400000, 0x0000000085400000|100%| S|CS|TAMS 0x0000000085300000, 0x0000000085300000| Complete 
|  84|0x0000000085400000, 0x0000000085400000, 0x0000000085500000|  0%| F|  |TAMS 0x0000000085400000, 0x0000000085400000| Untracked 
|  85|0x0000000085500000, 0x0000000085500000, 0x0000000085600000|  0%| F|  |TAMS 0x0000000085500000, 0x0000000085500000| Untracked 
|  86|0x0000000085600000, 0x0000000085600000, 0x0000000085700000|  0%| F|  |TAMS 0x0000000085600000, 0x0000000085600000| Untracked 
|  87|0x0000000085700000, 0x0000000085700000, 0x0000000085800000|  0%| F|  |TAMS 0x0000000085700000, 0x0000000085700000| Untracked 
|  88|0x0000000085800000, 0x0000000085800000, 0x0000000085900000|  0%| F|  |TAMS 0x0000000085800000, 0x0000000085800000| Untracked 
|  89|0x0000000085900000, 0x0000000085900000, 0x0000000085a00000|  0%| F|  |TAMS 0x0000000085900000, 0x0000000085900000| Untracked 
|  90|0x0000000085a00000, 0x0000000085a00000, 0x0000000085b00000|  0%| F|  |TAMS 0x0000000085a00000, 0x0000000085a00000| Untracked 
|  91|0x0000000085b00000, 0x0000000085b00000, 0x0000000085c00000|  0%| F|  |TAMS 0x0000000085b00000, 0x0000000085b00000| Untracked 
|  92|0x0000000085c00000, 0x0000000085c00000, 0x0000000085d00000|  0%| F|  |TAMS 0x0000000085c00000, 0x0000000085c00000| Untracked 
|  93|0x0000000085d00000, 0x0000000085d00000, 0x0000000085e00000|  0%| F|  |TAMS 0x0000000085d00000, 0x0000000085d00000| Untracked 
|  94|0x0000000085e00000, 0x0000000085e00000, 0x0000000085f00000|  0%| F|  |TAMS 0x0000000085e00000, 0x0000000085e00000| Untracked 
|  95|0x0000000085f00000, 0x0000000085f00000, 0x0000000086000000|  0%| F|  |TAMS 0x0000000085f00000, 0x0000000085f00000| Untracked 
|  96|0x0000000086000000, 0x0000000086000000, 0x0000000086100000|  0%| F|  |TAMS 0x0000000086000000, 0x0000000086000000| Untracked 
|  97|0x0000000086100000, 0x0000000086100000, 0x0000000086200000|  0%| F|  |TAMS 0x0000000086100000, 0x0000000086100000| Untracked 
|  98|0x0000000086200000, 0x0000000086200000, 0x0000000086300000|  0%| F|  |TAMS 0x0000000086200000, 0x0000000086200000| Untracked 
|  99|0x0000000086300000, 0x0000000086300000, 0x0000000086400000|  0%| F|  |TAMS 0x0000000086300000, 0x0000000086300000| Untracked 
| 100|0x0000000086400000, 0x0000000086400000, 0x0000000086500000|  0%| F|  |TAMS 0x0000000086400000, 0x0000000086400000| Untracked 
| 101|0x0000000086500000, 0x0000000086500000, 0x0000000086600000|  0%| F|  |TAMS 0x0000000086500000, 0x0000000086500000| Untracked 
| 102|0x0000000086600000, 0x0000000086600000, 0x0000000086700000|  0%| F|  |TAMS 0x0000000086600000, 0x0000000086600000| Untracked 
| 103|0x0000000086700000, 0x0000000086700000, 0x0000000086800000|  0%| F|  |TAMS 0x0000000086700000, 0x0000000086700000| Untracked 
| 104|0x0000000086800000, 0x0000000086800000, 0x0000000086900000|  0%| F|  |TAMS 0x0000000086800000, 0x0000000086800000| Untracked 
| 105|0x0000000086900000, 0x0000000086900000, 0x0000000086a00000|  0%| F|  |TAMS 0x0000000086900000, 0x0000000086900000| Untracked 
| 106|0x0000000086a00000, 0x0000000086a00000, 0x0000000086b00000|  0%| F|  |TAMS 0x0000000086a00000, 0x0000000086a00000| Untracked 
| 107|0x0000000086b00000, 0x0000000086b00000, 0x0000000086c00000|  0%| F|  |TAMS 0x0000000086b00000, 0x0000000086b00000| Untracked 
| 108|0x0000000086c00000, 0x0000000086c00000, 0x0000000086d00000|  0%| F|  |TAMS 0x0000000086c00000, 0x0000000086c00000| Untracked 
| 109|0x0000000086d00000, 0x0000000086d00000, 0x0000000086e00000|  0%| F|  |TAMS 0x0000000086d00000, 0x0000000086d00000| Untracked 
| 110|0x0000000086e00000, 0x0000000086e00000, 0x0000000086f00000|  0%| F|  |TAMS 0x0000000086e00000, 0x0000000086e00000| Untracked 
| 111|0x0000000086f00000, 0x0000000086f00000, 0x0000000087000000|  0%| F|  |TAMS 0x0000000086f00000, 0x0000000086f00000| Untracked 
| 112|0x0000000087000000, 0x0000000087000000, 0x0000000087100000|  0%| F|  |TAMS 0x0000000087000000, 0x0000000087000000| Untracked 
| 113|0x0000000087100000, 0x0000000087100000, 0x0000000087200000|  0%| F|  |TAMS 0x0000000087100000, 0x0000000087100000| Untracked 
| 114|0x0000000087200000, 0x0000000087200000, 0x0000000087300000|  0%| F|  |TAMS 0x0000000087200000, 0x0000000087200000| Untracked 
| 115|0x0000000087300000, 0x0000000087300000, 0x0000000087400000|  0%| F|  |TAMS 0x0000000087300000, 0x0000000087300000| Untracked 
| 116|0x0000000087400000, 0x0000000087400000, 0x0000000087500000|  0%| F|  |TAMS 0x0000000087400000, 0x0000000087400000| Untracked 
| 117|0x0000000087500000, 0x0000000087500000, 0x0000000087600000|  0%| F|  |TAMS 0x0000000087500000, 0x0000000087500000| Untracked 

Card table byte_map: [0x000001a6d22a0000,0x000001a6d26a0000] _byte_map_base: 0x000001a6d1ea0000

Marking Bits (Prev, Next): (CMBitMap*) 0x000001a6bf6fb670, (CMBitMap*) 0x000001a6bf6fb630
 Prev Bits: [0x000001a6d4aa0000, 0x000001a6d6aa0000)
 Next Bits: [0x000001a6d2aa0000, 0x000001a6d4aa0000)

Polling page: 0x000001a6bee60000

Metaspace:

Usage:
  Non-class:     56.71 MB used.
      Class:      8.64 MB used.
       Both:     65.34 MB used.

Virtual space:
  Non-class space:       64.00 MB reserved,      57.00 MB ( 89%) committed,  8 nodes.
      Class space:        1.00 GB reserved,       8.94 MB ( <1%) committed,  1 nodes.
             Both:        1.06 GB reserved,      65.94 MB (  6%) committed. 

Chunk freelists:
   Non-Class:  2.92 MB
       Class:  2.92 MB
        Both:  5.84 MB

MaxMetaspaceSize: unlimited
CompressedClassSpaceSize: 1.00 GB
Initial GC threshold: 21.00 MB
Current GC threshold: 104.62 MB
CDS: off
MetaspaceReclaimPolicy: balanced
 - commit_granule_bytes: 65536.
 - commit_granule_words: 8192.
 - virtual_space_node_default_size: 1048576.
 - enlarge_chunks_in_place: 1.
 - new_chunks_are_fully_committed: 0.
 - uncommit_free_chunks: 1.
 - use_allocation_guard: 0.
 - handle_deallocations: 1.


Internal statistics:

num_allocs_failed_limit: 6.
num_arena_births: 714.
num_arena_deaths: 0.
num_vsnodes_births: 9.
num_vsnodes_deaths: 0.
num_space_committed: 1055.
num_space_uncommitted: 0.
num_chunks_returned_to_freelist: 6.
num_chunks_taken_from_freelist: 2894.
num_chunk_merges: 6.
num_chunk_splits: 1935.
num_chunks_enlarged: 1345.
num_purges: 0.
num_inconsistent_stats: 0.

CodeHeap 'non-profiled nmethods': size=120000Kb used=3085Kb max_used=3515Kb free=116915Kb
 bounds [0x000001a6ca630000, 0x000001a6ca9a0000, 0x000001a6d1b60000]
CodeHeap 'profiled nmethods': size=120000Kb used=10980Kb max_used=11780Kb free=109019Kb
 bounds [0x000001a6c2b60000, 0x000001a6c36f0000, 0x000001a6ca090000]
CodeHeap 'non-nmethods': size=5760Kb used=2356Kb max_used=2420Kb free=3404Kb
 bounds [0x000001a6ca090000, 0x000001a6ca300000, 0x000001a6ca630000]
 total_blobs=6756 nmethods=5877 adapters=791
 compilation: enabled
              stopped_count=0, restarted_count=0
 full_count=0

Compilation events (20 events):
Event: 14.765 Thread 0x000001a6da033b00 nmethod 6741 0x000001a6ca699e90 code [0x000001a6ca69a020, 0x000001a6ca69a0f8]
Event: 14.765 Thread 0x000001a6da033b00 6742       1       com.android.build.gradle.internal.dsl.decorator.SupportedPropertyType$Block::getImplementationType (5 bytes)
Event: 14.765 Thread 0x000001a6da033b00 nmethod 6742 0x000001a6ca699b90 code [0x000001a6ca699d20, 0x000001a6ca699df8]
Event: 14.765 Thread 0x000001a6da033b00 6743       1       com.android.build.gradle.internal.dsl.decorator.SupportedPropertyType$Var::getType (5 bytes)
Event: 14.766 Thread 0x000001a6da033b00 nmethod 6743 0x000001a6ca699810 code [0x000001a6ca6999a0, 0x000001a6ca699a78]
Event: 14.766 Thread 0x000001a6da033b00 6744       3       org.objectweb.asm.SymbolTable::addConstantMemberReference (147 bytes)
Event: 14.766 Thread 0x000001a6da02b100 nmethod 6714 0x000001a6ca690890 code [0x000001a6ca690a00, 0x000001a6ca690a98]
Event: 14.766 Thread 0x000001a6da02b100 6715       4       java.util.Optional::isPresent (13 bytes)
Event: 14.766 Thread 0x000001a6da02b100 nmethod 6715 0x000001a6ca690590 code [0x000001a6ca690700, 0x000001a6ca690798]
Event: 14.766 Thread 0x000001a6da02b100 6663       4       java.util.HashMap$EntryIterator::next (5 bytes)
Event: 14.767 Thread 0x000001a6da033b00 nmethod 6744 0x000001a6c2c1b210 code [0x000001a6c2c1b480, 0x000001a6c2c1bd48]
Event: 14.767 Thread 0x000001a6da033b00 6746       3       org.objectweb.asm.SymbolTable::addType (81 bytes)
Event: 14.768 Thread 0x000001a6da033b00 nmethod 6746 0x000001a6c2c1a810 code [0x000001a6c2c1aa20, 0x000001a6c2c1af78]
Event: 14.768 Thread 0x000001a6da033b00 6747       3       org.objectweb.asm.Type::getReturnTypeOffset (64 bytes)
Event: 14.770 Thread 0x000001a6da033b00 nmethod 6747 0x000001a6c2c85010 code [0x000001a6c2c85340, 0x000001a6c2c86818]
Event: 14.770 Thread 0x000001a6da033b00 6745       3       org.objectweb.asm.MethodWriter::visitInsn (115 bytes)
Event: 14.771 Thread 0x000001a6da033b00 nmethod 6745 0x000001a6c2c19f90 code [0x000001a6c2c1a160, 0x000001a6c2c1a5e8]
Event: 14.771 Thread 0x000001a6da033b00 6751       3       sun.reflect.generics.tree.TypeVariableSignature::accept (8 bytes)
Event: 14.772 Thread 0x000001a6da033b00 nmethod 6751 0x000001a6c2cb2710 code [0x000001a6c2cb28e0, 0x000001a6c2cb2ce8]
Event: 14.772 Thread 0x000001a6da033b00 6752       3       sun.reflect.annotation.AnnotationParser::parseConst (209 bytes)

GC Heap History (20 events):
Event: 11.551 GC heap after
{Heap after GC invocations=14 (full 0):
 garbage-first heap   total 71680K, used 36923K [0x0000000080000000, 0x0000000100000000)
  region size 1024K, 4 young (4096K), 4 survivors (4096K)
 Metaspace       used 53084K, committed 53504K, reserved 1097728K
  class space    used 7096K, committed 7296K, reserved 1048576K
}
Event: 11.991 GC heap before
{Heap before GC invocations=15 (full 0):
 garbage-first heap   total 71680K, used 50235K [0x0000000080000000, 0x0000000100000000)
  region size 1024K, 19 young (19456K), 4 survivors (4096K)
 Metaspace       used 53418K, committed 53888K, reserved 1097728K
  class space    used 7137K, committed 7360K, reserved 1048576K
}
Event: 11.996 GC heap after
{Heap after GC invocations=16 (full 0):
 garbage-first heap   total 71680K, used 38636K [0x0000000080000000, 0x0000000100000000)
  region size 1024K, 3 young (3072K), 3 survivors (3072K)
 Metaspace       used 53418K, committed 53888K, reserved 1097728K
  class space    used 7137K, committed 7360K, reserved 1048576K
}
Event: 12.092 GC heap before
{Heap before GC invocations=17 (full 0):
 garbage-first heap   total 76800K, used 46828K [0x0000000080000000, 0x0000000100000000)
  region size 1024K, 8 young (8192K), 3 survivors (3072K)
 Metaspace       used 53477K, committed 53952K, reserved 1097728K
  class space    used 7144K, committed 7360K, reserved 1048576K
}
Event: 12.096 GC heap after
{Heap after GC invocations=18 (full 0):
 garbage-first heap   total 92160K, used 47099K [0x0000000080000000, 0x0000000100000000)
  region size 1024K, 3 young (3072K), 3 survivors (3072K)
 Metaspace       used 53477K, committed 53952K, reserved 1097728K
  class space    used 7144K, committed 7360K, reserved 1048576K
}
Event: 12.421 GC heap before
{Heap before GC invocations=19 (full 0):
 garbage-first heap   total 94208K, used 67579K [0x0000000080000000, 0x0000000100000000)
  region size 1024K, 19 young (19456K), 3 survivors (3072K)
 Metaspace       used 55133K, committed 55616K, reserved 1097728K
  class space    used 7358K, committed 7552K, reserved 1048576K
}
Event: 12.425 GC heap after
{Heap after GC invocations=20 (full 0):
 garbage-first heap   total 94208K, used 54845K [0x0000000080000000, 0x0000000100000000)
  region size 1024K, 3 young (3072K), 3 survivors (3072K)
 Metaspace       used 55133K, committed 55616K, reserved 1097728K
  class space    used 7358K, committed 7552K, reserved 1048576K
}
Event: 12.791 GC heap before
{Heap before GC invocations=20 (full 0):
 garbage-first heap   total 94208K, used 67133K [0x0000000080000000, 0x0000000100000000)
  region size 1024K, 16 young (16384K), 3 survivors (3072K)
 Metaspace       used 56974K, committed 57536K, reserved 1105920K
  class space    used 7625K, committed 7872K, reserved 1048576K
}
Event: 12.794 GC heap after
{Heap after GC invocations=21 (full 0):
 garbage-first heap   total 94208K, used 55773K [0x0000000080000000, 0x0000000100000000)
  region size 1024K, 1 young (1024K), 1 survivors (1024K)
 Metaspace       used 56974K, committed 57536K, reserved 1105920K
  class space    used 7625K, committed 7872K, reserved 1048576K
}
Event: 13.169 GC heap before
{Heap before GC invocations=22 (full 0):
 garbage-first heap   total 99328K, used 70109K [0x0000000080000000, 0x0000000100000000)
  region size 1024K, 15 young (15360K), 1 survivors (1024K)
 Metaspace       used 59600K, committed 60096K, reserved 1105920K
  class space    used 7895K, committed 8128K, reserved 1048576K
}
Event: 13.172 GC heap after
{Heap after GC invocations=23 (full 0):
 garbage-first heap   total 99328K, used 56140K [0x0000000080000000, 0x0000000100000000)
  region size 1024K, 1 young (1024K), 1 survivors (1024K)
 Metaspace       used 59600K, committed 60096K, reserved 1105920K
  class space    used 7895K, committed 8128K, reserved 1048576K
}
Event: 13.257 GC heap before
{Heap before GC invocations=23 (full 0):
 garbage-first heap   total 99328K, used 58188K [0x0000000080000000, 0x0000000100000000)
  region size 1024K, 4 young (4096K), 1 survivors (1024K)
 Metaspace       used 60211K, committed 60736K, reserved 1105920K
  class space    used 7951K, committed 8192K, reserved 1048576K
}
Event: 13.260 GC heap after
{Heap after GC invocations=24 (full 0):
 garbage-first heap   total 99328K, used 56269K [0x0000000080000000, 0x0000000100000000)
  region size 1024K, 1 young (1024K), 1 survivors (1024K)
 Metaspace       used 60211K, committed 60736K, reserved 1105920K
  class space    used 7951K, committed 8192K, reserved 1048576K
}
Event: 13.909 GC heap before
{Heap before GC invocations=24 (full 0):
 garbage-first heap   total 99328K, used 74701K [0x0000000080000000, 0x0000000100000000)
  region size 1024K, 19 young (19456K), 1 survivors (1024K)
 Metaspace       used 63434K, committed 64000K, reserved 1105920K
  class space    used 8406K, committed 8640K, reserved 1048576K
}
Event: 13.914 GC heap after
{Heap after GC invocations=25 (full 0):
 garbage-first heap   total 99328K, used 57351K [0x0000000080000000, 0x0000000100000000)
  region size 1024K, 2 young (2048K), 2 survivors (2048K)
 Metaspace       used 63434K, committed 64000K, reserved 1105920K
  class space    used 8406K, committed 8640K, reserved 1048576K
}
Event: 14.323 GC heap before
{Heap before GC invocations=26 (full 0):
 garbage-first heap   total 101376K, used 82951K [0x0000000080000000, 0x0000000100000000)
  region size 1024K, 21 young (21504K), 2 survivors (2048K)
 Metaspace       used 65347K, committed 65920K, reserved 1105920K
  class space    used 8635K, committed 8896K, reserved 1048576K
}
Event: 14.330 GC heap after
{Heap after GC invocations=27 (full 0):
 garbage-first heap   total 101376K, used 65978K [0x0000000080000000, 0x0000000100000000)
  region size 1024K, 3 young (3072K), 3 survivors (3072K)
 Metaspace       used 65347K, committed 65920K, reserved 1105920K
  class space    used 8635K, committed 8896K, reserved 1048576K
}
Event: 14.334 GC heap before
{Heap before GC invocations=27 (full 0):
 garbage-first heap   total 101376K, used 67002K [0x0000000080000000, 0x0000000100000000)
  region size 1024K, 4 young (4096K), 3 survivors (3072K)
 Metaspace       used 65347K, committed 65920K, reserved 1105920K
  class space    used 8635K, committed 8896K, reserved 1048576K
}
Event: 14.339 GC heap after
{Heap after GC invocations=28 (full 0):
 garbage-first heap   total 101376K, used 66270K [0x0000000080000000, 0x0000000100000000)
  region size 1024K, 1 young (1024K), 1 survivors (1024K)
 Metaspace       used 65347K, committed 65920K, reserved 1105920K
  class space    used 8635K, committed 8896K, reserved 1048576K
}
Event: 14.773 GC heap before
{Heap before GC invocations=28 (full 0):
 garbage-first heap   total 101376K, used 80606K [0x0000000080000000, 0x0000000100000000)
  region size 1024K, 15 young (15360K), 1 survivors (1024K)
 Metaspace       used 66910K, committed 67520K, reserved 1114112K
  class space    used 8843K, committed 9152K, reserved 1048576K
}

Dll operation events (2 events):
Event: 0.028 Loaded shared library C:\Program Files\Android\Android Studio\jbr\bin\java.dll
Event: 0.911 Loaded shared library C:\Program Files\Android\Android Studio\jbr\bin\verify.dll

Deoptimization events (20 events):
Event: 14.364 Thread 0x000001a6dd16eb30 DEOPT PACKING pc=0x000001a6c2e6e238 sp=0x0000009aadaf1e60
Event: 14.364 Thread 0x000001a6dd16eb30 DEOPT UNPACKING pc=0x000001a6ca0e7143 sp=0x0000009aadaf12b8 mode 0
Event: 14.364 Thread 0x000001a6dd16eb30 DEOPT PACKING pc=0x000001a6c2e6e238 sp=0x0000009aadaf1e60
Event: 14.364 Thread 0x000001a6dd16eb30 DEOPT UNPACKING pc=0x000001a6ca0e7143 sp=0x0000009aadaf12b8 mode 0
Event: 14.364 Thread 0x000001a6dd16eb30 DEOPT PACKING pc=0x000001a6c30c1ce6 sp=0x0000009aadaf1dd0
Event: 14.364 Thread 0x000001a6dd16eb30 DEOPT UNPACKING pc=0x000001a6ca0e7143 sp=0x0000009aadaf1250 mode 0
Event: 14.364 Thread 0x000001a6dd16eb30 DEOPT PACKING pc=0x000001a6c2e6e238 sp=0x0000009aadaf1e60
Event: 14.364 Thread 0x000001a6dd16eb30 DEOPT UNPACKING pc=0x000001a6ca0e7143 sp=0x0000009aadaf12b8 mode 0
Event: 14.365 Thread 0x000001a6dd16eb30 DEOPT PACKING pc=0x000001a6c2e6e238 sp=0x0000009aadaf1e60
Event: 14.365 Thread 0x000001a6dd16eb30 DEOPT UNPACKING pc=0x000001a6ca0e7143 sp=0x0000009aadaf12b8 mode 0
Event: 14.365 Thread 0x000001a6dd16eb30 DEOPT PACKING pc=0x000001a6c2e6e238 sp=0x0000009aadaf20b0
Event: 14.365 Thread 0x000001a6dd16eb30 DEOPT UNPACKING pc=0x000001a6ca0e7143 sp=0x0000009aadaf1508 mode 0
Event: 14.374 Thread 0x000001a6dd16eb30 Uncommon trap: trap_request=0xffffff45 fr.pc=0x000001a6ca99e0bc relative=0x000000000000009c
Event: 14.374 Thread 0x000001a6dd16eb30 Uncommon trap: reason=unstable_if action=reinterpret pc=0x000001a6ca99e0bc method=java.security.CodeSource.matchCerts(Ljava/security/CodeSource;Z)Z @ 11 c2
Event: 14.374 Thread 0x000001a6dd16eb30 DEOPT PACKING pc=0x000001a6ca99e0bc sp=0x0000009aadaf0c50
Event: 14.374 Thread 0x000001a6dd16eb30 DEOPT UNPACKING pc=0x000001a6ca0e69a3 sp=0x0000009aadaf0be8 mode 2
Event: 14.514 Thread 0x000001a6dd16eb30 Uncommon trap: trap_request=0xffffff45 fr.pc=0x000001a6ca8eec64 relative=0x0000000000002d64
Event: 14.514 Thread 0x000001a6dd16eb30 Uncommon trap: reason=unstable_if action=reinterpret pc=0x000001a6ca8eec64 method=java.util.regex.Pattern.has(I)Z @ 6 c2
Event: 14.514 Thread 0x000001a6dd16eb30 DEOPT PACKING pc=0x000001a6ca8eec64 sp=0x0000009aadaf5c50
Event: 14.514 Thread 0x000001a6dd16eb30 DEOPT UNPACKING pc=0x000001a6ca0e69a3 sp=0x0000009aadaf5bd0 mode 2

Classes unloaded (0 events):
No events

Classes redefined (0 events):
No events

Internal exceptions (20 events):
Event: 11.746 Thread 0x000001a6dc5aad00 Exception <a 'java/lang/NoSuchMethodError'{0x000000008450b0e8}: static Lorg/gradle/internal/build/event/types/DefaultOperationFinishedProgressEvent;.<clinit>()V> (0x000000008450b0e8) 
thrown [s\src\hotspot\share\prims\jni.cpp, line 1108]
Event: 11.752 Thread 0x000001a6dc5aad00 Exception <a 'java/lang/NoSuchMethodError'{0x0000000084533bb8}: static Lorg/gradle/internal/build/event/types/DefaultProjectConfigurationSuccessResult;.<clinit>()V> (0x0000000084533bb8) 
thrown [s\src\hotspot\share\prims\jni.cpp, line 1108]
Event: 11.752 Thread 0x000001a6dc5aad00 Exception <a 'java/lang/NoSuchMethodError'{0x0000000084535138}: static Lorg/gradle/internal/build/event/types/AbstractProjectConfigurationResult;.<clinit>()V> (0x0000000084535138) 
thrown [s\src\hotspot\share\prims\jni.cpp, line 1108]
Event: 11.752 Thread 0x000001a6dc5aad00 Exception <a 'java/lang/NoSuchMethodError'{0x0000000084536890}: static Lorg/gradle/internal/build/event/types/AbstractOperationResult;.<clinit>()V> (0x0000000084536890) 
thrown [s\src\hotspot\share\prims\jni.cpp, line 1108]
Event: 11.752 Thread 0x000001a6dc5aad00 Exception <a 'java/lang/NoSuchMethodError'{0x0000000084537d08}: static Lorg/gradle/internal/build/event/types/AbstractResult;.<clinit>()V> (0x0000000084537d08) 
thrown [s\src\hotspot\share\prims\jni.cpp, line 1108]
Event: 11.758 Thread 0x000001a6dc5aad00 Exception <a 'java/lang/NoSuchMethodError'{0x000000008454fad8}: static Lorg/gradle/internal/build/event/types/DefaultPluginApplicationResult;.<clinit>()V> (0x000000008454fad8) 
thrown [s\src\hotspot\share\prims\jni.cpp, line 1108]
Event: 11.760 Thread 0x000001a6dc5aad00 Exception <a 'java/lang/NoSuchMethodError'{0x000000008455be40}: static Lorg/gradle/internal/build/event/types/DefaultBinaryPluginIdentifier;.<clinit>()V> (0x000000008455be40) 
thrown [s\src\hotspot\share\prims\jni.cpp, line 1108]
Event: 11.764 Thread 0x000001a6dc5aad00 Exception <a 'java/lang/NoSuchMethodError'{0x00000000845c7ef0}: static Lorg/gradle/internal/build/event/types/DefaultScriptPluginIdentifier;.<clinit>()V> (0x00000000845c7ef0) 
thrown [s\src\hotspot\share\prims\jni.cpp, line 1108]
Event: 11.986 Thread 0x000001a6dd16eb30 Implicit null exception at 0x000001a6ca904212 to 0x000001a6ca904878
Event: 11.986 Thread 0x000001a6dd16eb30 Implicit null exception at 0x000001a6ca907c94 to 0x000001a6ca90830c
Event: 12.202 Thread 0x000001a6dd16eb30 Exception <a 'java/lang/ClassNotFoundException'{0x00000000856105b0}: org/gradle/api/internal/plugins/DefaultObjectConfigurationActionBeanInfo> (0x00000000856105b0) 
thrown [s\src\hotspot\share\classfile\systemDictionary.cpp, line 256]
Event: 12.203 Thread 0x000001a6dd16eb30 Exception <a 'java/lang/ClassNotFoundException'{0x0000000085624598}: org/gradle/api/internal/plugins/DefaultObjectConfigurationActionCustomizer> (0x0000000085624598) 
thrown [s\src\hotspot\share\classfile\systemDictionary.cpp, line 256]
Event: 12.419 Thread 0x000001a6dd16eb30 Exception <a 'java/lang/NoSuchMethodError'{0x0000000084ce6d30}: 'java.lang.Object java.lang.invoke.DirectMethodHandle$Holder.newInvokeSpecial(java.lang.Object, java.lang.Object, java.lang.Object, java.lang.Object, int)'> (0x0000000084ce6d30) 
thrown [s\src\hotspot\share\interpreter\linkResolver.cpp, line 771]
Event: 12.420 Thread 0x000001a6dd16eb30 Exception <a 'java/lang/NoSuchMethodError'{0x0000000084cec178}: 'java.lang.Object java.lang.invoke.DirectMethodHandle$Holder.invokeSpecial(java.lang.Object, java.lang.Object, java.lang.Object, java.lang.Object, java.lang.Object, int)'> (0x0000000084cec178) 
thrown [s\src\hotspot\share\interpreter\linkResolver.cpp, line 771]
Event: 12.420 Thread 0x000001a6dd16eb30 Exception <a 'java/lang/NoSuchMethodError'{0x0000000084cf0ef8}: 'java.lang.Object java.lang.invoke.Invokers$Holder.linkToTargetMethod(java.lang.Object, java.lang.Object, java.lang.Object, int, java.lang.Object)'> (0x0000000084cf0ef8) 
thrown [s\src\hotspot\share\interpreter\linkResolver.cpp, line 771]
Event: 12.774 Thread 0x000001a6dd16eb30 Exception <a 'java/lang/NoSuchMethodError'{0x0000000084f7fdc8}: 'int java.lang.invoke.DirectMethodHandle$Holder.invokeInterface(java.lang.Object, java.lang.Object, java.lang.Object, java.lang.Object)'> (0x0000000084f7fdc8) 
thrown [s\src\hotspot\share\interpreter\linkResolver.cpp, line 771]
Event: 13.691 Thread 0x000001a6dd16eb30 Exception <a 'java/lang/IncompatibleClassChangeError'{0x00000000852d6548}: Found class java.lang.Object, but interface was expected> (0x00000000852d6548) 
thrown [s\src\hotspot\share\interpreter\linkResolver.cpp, line 838]
Event: 13.791 Thread 0x000001a6dd16eb30 Implicit null exception at 0x000001a6ca90f354 to 0x000001a6ca90f4fc
Event: 14.149 Thread 0x000001a6dd16eb30 Implicit null exception at 0x000001a6ca7edd8c to 0x000001a6ca7edebe
Event: 14.378 Thread 0x000001a6dd16eb30 Exception <a 'sun/nio/fs/WindowsException'{0x000000008759e2d0}> (0x000000008759e2d0) 
thrown [s\src\hotspot\share\prims\jni.cpp, line 517]

VM Operations (20 events):
Event: 13.172 Executing VM operation: G1CollectForAllocation done
Event: 13.257 Executing VM operation: G1CollectForAllocation
Event: 13.260 Executing VM operation: G1CollectForAllocation done
Event: 13.459 Executing VM operation: HandshakeAllThreads
Event: 13.459 Executing VM operation: HandshakeAllThreads done
Event: 13.909 Executing VM operation: G1CollectForAllocation
Event: 13.914 Executing VM operation: G1CollectForAllocation done
Event: 13.982 Executing VM operation: G1Concurrent
Event: 13.991 Executing VM operation: G1Concurrent done
Event: 14.016 Executing VM operation: G1Concurrent
Event: 14.016 Executing VM operation: G1Concurrent done
Event: 14.091 Executing VM operation: HandshakeAllThreads
Event: 14.092 Executing VM operation: HandshakeAllThreads done
Event: 14.162 Executing VM operation: HandshakeAllThreads
Event: 14.162 Executing VM operation: HandshakeAllThreads done
Event: 14.323 Executing VM operation: G1CollectForAllocation
Event: 14.330 Executing VM operation: G1CollectForAllocation done
Event: 14.333 Executing VM operation: G1CollectForAllocation
Event: 14.339 Executing VM operation: G1CollectForAllocation done
Event: 14.773 Executing VM operation: G1CollectForAllocation

Events (20 events):
Event: 14.214 loading class java/security/cert/CertPathValidatorException$Reason done
Event: 14.214 loading class java/security/cert/CertPathValidatorException$BasicReason done
Event: 14.214 loading class java/security/SignatureException
Event: 14.214 loading class java/security/SignatureException done
Event: 14.225 loading class sun/security/rsa/RSASignature$SHA256withRSA
Event: 14.225 loading class sun/security/rsa/RSASignature$SHA256withRSA done
Event: 14.227 loading class sun/security/provider/DSA$SHA256withDSA
Event: 14.228 loading class sun/security/provider/DSA$SHA256withDSA done
Event: 14.250 loading class java/util/Base64
Event: 14.251 loading class java/util/Base64 done
Event: 14.251 loading class java/util/Base64$Decoder
Event: 14.251 loading class java/util/Base64$Decoder done
Event: 14.251 loading class java/util/Base64$Encoder
Event: 14.251 loading class java/util/Base64$Encoder done
Event: 14.253 loading class java/util/jar/JarVerifier$VerifierStream
Event: 14.253 loading class java/util/jar/JarVerifier$VerifierStream done
Event: 14.253 loading class sun/security/util/ManifestEntryVerifier$SunProviderHolder
Event: 14.253 loading class sun/security/util/ManifestEntryVerifier$SunProviderHolder done
Event: 14.378 loading class sun/nio/fs/WindowsException
Event: 14.378 loading class sun/nio/fs/WindowsException done


Dynamic libraries:
0x00007ff7632e0000 - 0x00007ff7632ea000 	C:\Program Files\Android\Android Studio\jbr\bin\java.exe
0x00007ffff5830000 - 0x00007ffff5a46000 	C:\WINDOWS\SYSTEM32\ntdll.dll
0x00007ffff4180000 - 0x00007ffff4244000 	C:\WINDOWS\System32\KERNEL32.DLL
0x00007ffff2bd0000 - 0x00007ffff2f77000 	C:\WINDOWS\System32\KERNELBASE.dll
0x00007ffff3440000 - 0x00007ffff3551000 	C:\WINDOWS\System32\ucrtbase.dll
0x00007fffaa040000 - 0x00007fffaa057000 	C:\Program Files\Android\Android Studio\jbr\bin\jli.dll
0x00007fffde800000 - 0x00007fffde81b000 	C:\Program Files\Android\Android Studio\jbr\bin\VCRUNTIME140.dll
0x00007ffff4680000 - 0x00007ffff482e000 	C:\WINDOWS\System32\USER32.dll
0x00007ffff2f80000 - 0x00007ffff2fa6000 	C:\WINDOWS\System32\win32u.dll
0x00007fffe9250000 - 0x00007fffe94e3000 	C:\WINDOWS\WinSxS\amd64_microsoft.windows.common-controls_6595b64144ccf1df_6.0.22621.3235_none_270f74e173860f98\COMCTL32.dll
0x00007ffff3560000 - 0x00007ffff3589000 	C:\WINDOWS\System32\GDI32.dll
0x00007ffff52e0000 - 0x00007ffff5387000 	C:\WINDOWS\System32\msvcrt.dll
0x00007ffff3050000 - 0x00007ffff3169000 	C:\WINDOWS\System32\gdi32full.dll
0x00007ffff2fb0000 - 0x00007ffff304a000 	C:\WINDOWS\System32\msvcp_win.dll
0x00007ffff5600000 - 0x00007ffff5631000 	C:\WINDOWS\System32\IMM32.DLL
0x00007fffde6a0000 - 0x00007fffde6ac000 	C:\Program Files\Android\Android Studio\jbr\bin\vcruntime140_1.dll
0x00007fffce020000 - 0x00007fffce0ad000 	C:\Program Files\Android\Android Studio\jbr\bin\msvcp140.dll
0x00007fff88010000 - 0x00007fff88c7e000 	C:\Program Files\Android\Android Studio\jbr\bin\server\jvm.dll
0x00007ffff5460000 - 0x00007ffff5512000 	C:\WINDOWS\System32\ADVAPI32.dll
0x00007ffff4540000 - 0x00007ffff45e8000 	C:\WINDOWS\System32\sechost.dll
0x00007ffff3170000 - 0x00007ffff3198000 	C:\WINDOWS\System32\bcrypt.dll
0x00007ffff4250000 - 0x00007ffff4365000 	C:\WINDOWS\System32\RPCRT4.dll
0x00007fffeae30000 - 0x00007fffeae64000 	C:\WINDOWS\SYSTEM32\WINMM.dll
0x00007fffe9de0000 - 0x00007fffe9dea000 	C:\WINDOWS\SYSTEM32\VERSION.dll
0x00007fffd7790000 - 0x00007fffd7799000 	C:\WINDOWS\SYSTEM32\WSOCK32.dll
0x00007ffff5220000 - 0x00007ffff5291000 	C:\WINDOWS\System32\WS2_32.dll
0x00007ffff1b90000 - 0x00007ffff1ba8000 	C:\WINDOWS\SYSTEM32\kernel.appcore.dll
0x00007fffcf680000 - 0x00007fffcf68a000 	C:\Program Files\Android\Android Studio\jbr\bin\jimage.dll
0x00007fffe7440000 - 0x00007fffe7673000 	C:\WINDOWS\SYSTEM32\DBGHELP.DLL
0x00007ffff4a10000 - 0x00007ffff4d98000 	C:\WINDOWS\System32\combase.dll
0x00007ffff4830000 - 0x00007ffff4907000 	C:\WINDOWS\System32\OLEAUT32.dll
0x00007fffe0180000 - 0x00007fffe01b2000 	C:\WINDOWS\SYSTEM32\dbgcore.DLL
0x00007ffff2b50000 - 0x00007ffff2bc9000 	C:\WINDOWS\System32\bcryptPrimitives.dll
0x00007fffcf650000 - 0x00007fffcf675000 	C:\Program Files\Android\Android Studio\jbr\bin\java.dll
0x00007fffcf630000 - 0x00007fffcf648000 	C:\Program Files\Android\Android Studio\jbr\bin\zip.dll
0x00007ffff35f0000 - 0x00007ffff3e4c000 	C:\WINDOWS\System32\SHELL32.dll
0x00007ffff0ab0000 - 0x00007ffff13a9000 	C:\WINDOWS\SYSTEM32\windows.storage.dll
0x00007ffff0970000 - 0x00007ffff0aae000 	C:\WINDOWS\SYSTEM32\wintypes.dll
0x00007ffff3ed0000 - 0x00007ffff3fc3000 	C:\WINDOWS\System32\SHCORE.dll
0x00007ffff3590000 - 0x00007ffff35ee000 	C:\WINDOWS\System32\shlwapi.dll
0x00007ffff2a80000 - 0x00007ffff2aa1000 	C:\WINDOWS\SYSTEM32\profapi.dll
0x00007fffaa180000 - 0x00007fffaa199000 	C:\Program Files\Android\Android Studio\jbr\bin\net.dll
0x00007fffed190000 - 0x00007fffed2c6000 	C:\WINDOWS\SYSTEM32\WINHTTP.dll
0x00007ffff2070000 - 0x00007ffff20d9000 	C:\WINDOWS\system32\mswsock.dll
0x00007fffaa160000 - 0x00007fffaa176000 	C:\Program Files\Android\Android Studio\jbr\bin\nio.dll
0x00007fffba980000 - 0x00007fffba990000 	C:\Program Files\Android\Android Studio\jbr\bin\verify.dll
0x00007fffde040000 - 0x00007fffde067000 	C:\Users\23480\.gradle\native\68d5fa5c4cc2d200863cafc0d521ce42e7d3e7ee720ec0a83991735586a16f82\windows-amd64\native-platform.dll
0x00007fff927b0000 - 0x00007fff928f4000 	C:\Users\23480\.gradle\native\e376f236ea51e6404a007f0833ffe2c6e607c4080706a723a18a27aeea778392\windows-amd64\native-platform-file-events.dll
0x00007fffba540000 - 0x00007fffba549000 	C:\Program Files\Android\Android Studio\jbr\bin\management.dll
0x00007fffb9390000 - 0x00007fffb939b000 	C:\Program Files\Android\Android Studio\jbr\bin\management_ext.dll
0x00007ffff5520000 - 0x00007ffff5528000 	C:\WINDOWS\System32\PSAPI.DLL
0x00007ffff22d0000 - 0x00007ffff22eb000 	C:\WINDOWS\SYSTEM32\CRYPTSP.dll
0x00007ffff1af0000 - 0x00007ffff1b25000 	C:\WINDOWS\system32\rsaenh.dll
0x00007ffff2170000 - 0x00007ffff2198000 	C:\WINDOWS\SYSTEM32\USERENV.dll
0x00007ffff22f0000 - 0x00007ffff22fc000 	C:\WINDOWS\SYSTEM32\CRYPTBASE.dll
0x00007ffff1650000 - 0x00007ffff167d000 	C:\WINDOWS\SYSTEM32\IPHLPAPI.DLL
0x00007ffff52a0000 - 0x00007ffff52a9000 	C:\WINDOWS\System32\NSI.dll
0x00007fffecfd0000 - 0x00007fffecfe9000 	C:\WINDOWS\SYSTEM32\dhcpcsvc6.DLL
0x00007fffecfb0000 - 0x00007fffecfcf000 	C:\WINDOWS\SYSTEM32\dhcpcsvc.DLL
0x00007ffff16d0000 - 0x00007ffff17c9000 	C:\WINDOWS\SYSTEM32\DNSAPI.dll
0x00007fffc8de0000 - 0x00007fffc8de8000 	C:\WINDOWS\system32\wshunix.dll

dbghelp: loaded successfully - version: 4.0.5 - missing functions: none
symbol engine: initialized successfully - sym options: 0x614 - pdb path: .;C:\Program Files\Android\Android Studio\jbr\bin;C:\WINDOWS\SYSTEM32;C:\WINDOWS\WinSxS\amd64_microsoft.windows.common-controls_6595b64144ccf1df_6.0.22621.3235_none_270f74e173860f98;C:\Program Files\Android\Android Studio\jbr\bin\server;C:\Users\23480\.gradle\native\68d5fa5c4cc2d200863cafc0d521ce42e7d3e7ee720ec0a83991735586a16f82\windows-amd64;C:\Users\23480\.gradle\native\e376f236ea51e6404a007f0833ffe2c6e607c4080706a723a18a27aeea778392\windows-amd64

VM Arguments:
jvm_args: --add-opens=java.base/java.util=ALL-UNNAMED --add-opens=java.base/java.lang=ALL-UNNAMED --add-opens=java.base/java.lang.invoke=ALL-UNNAMED --add-opens=java.prefs/java.util.prefs=ALL-UNNAMED --add-opens=java.base/java.nio.charset=ALL-UNNAMED --add-opens=java.base/java.net=ALL-UNNAMED --add-opens=java.base/java.util.concurrent.atomic=ALL-UNNAMED -Xmx2048m -Dfile.encoding=UTF-8 -Duser.country=US -Duser.language=en -Duser.variant 
java_command: org.gradle.launcher.daemon.bootstrap.GradleDaemon 8.0
java_class_path (initial): C:\Users\23480\.gradle\wrapper\dists\gradle-8.0-bin\ca5e32bp14vu59qr306oxotwh\gradle-8.0\lib\gradle-launcher-8.0.jar
Launcher Type: SUN_STANDARD

[Global flags]
     intx CICompilerCount                          = 4                                         {product} {ergonomic}
     uint ConcGCThreads                            = 2                                         {product} {ergonomic}
     uint G1ConcRefinementThreads                  = 8                                         {product} {ergonomic}
   size_t G1HeapRegionSize                         = 1048576                                   {product} {ergonomic}
    uintx GCDrainStackTargetSize                   = 64                                        {product} {ergonomic}
   size_t InitialHeapSize                          = 123731968                                 {product} {ergonomic}
   size_t MarkStackSize                            = 4194304                                   {product} {ergonomic}
   size_t MaxHeapSize                              = 2147483648                                {product} {command line}
   size_t MaxNewSize                               = 1287651328                                {product} {ergonomic}
   size_t MinHeapDeltaBytes                        = 1048576                                   {product} {ergonomic}
   size_t MinHeapSize                              = 8388608                                   {product} {ergonomic}
    uintx NonNMethodCodeHeapSize                   = 5839372                                {pd product} {ergonomic}
    uintx NonProfiledCodeHeapSize                  = 122909434                              {pd product} {ergonomic}
    uintx ProfiledCodeHeapSize                     = 122909434                              {pd product} {ergonomic}
    uintx ReservedCodeCacheSize                    = 251658240                              {pd product} {ergonomic}
     bool SegmentedCodeCache                       = true                                      {product} {ergonomic}
   size_t SoftMaxHeapSize                          = 2147483648                             {manageable} {ergonomic}
     bool UseCompressedClassPointers               = true                           {product lp64_product} {ergonomic}
     bool UseCompressedOops                        = true                           {product lp64_product} {ergonomic}
     bool UseG1GC                                  = true                                      {product} {ergonomic}
     bool UseLargePagesIndividualAllocation        = false                                  {pd product} {ergonomic}

Logging:
Log output configuration:
 #0: stdout all=warning uptime,level,tags
 #1: stderr all=off uptime,level,tags

Environment Variables:
PATH=C:\WINDOWS\system32;C:\WINDOWS;C:\WINDOWS\System32\Wbem;C:\WINDOWS\System32\WindowsPowerShell\v1.0\;C:\WINDOWS\System32\OpenSSH\;C:\Program Files\nodejs\;C:\Program Files\Git\cmd;C:\Program Files\HP\HP One Agent;C:\Users\23480\AppData\Local\Programs\Python\Python311\Scripts\;C:\Users\23480\AppData\Local\Programs\Python\Python311\;C:\Users\23480\AppData\Local\Microsoft\WindowsApps;C:\Users\23480\AppData\Local\atom\bin;C:\Users\23480\AppData\Local\Programs\Microsoft VS Code\bin;C:\Users\23480\AppData\Local\Microsoft\WindowsApps;;C:\Program Files\JetBrains\IntelliJ IDEA Community Edition 2023.2.1\bin;;C:\Users\23480\AppData\Roaming\npm
USERNAME=23480
OS=Windows_NT
PROCESSOR_IDENTIFIER=AMD64 Family 23 Model 104 Stepping 1, AuthenticAMD
TMP=C:\Users\23480\AppData\Local\Temp
TEMP=C:\Users\23480\AppData\Local\Temp


JNI global refs:
JNI global refs: 25, weak refs: 1

JNI global refs memory usage: 843, weak refs: 841


---------------  S Y S T E M  ---------------

OS:
 Windows 11 , 64 bit Build 22621 (10.0.22621.3374)
OS uptime: 6 days 7:16 hours

CPU: total 8 (initial active 8) (8 cores per cpu, 2 threads per core) family 23 model 104 stepping 1 microcode 0x0, cx8, cmov, fxsr, ht, mmx, 3dnowpref, sse, sse2, sse3, ssse3, sse4a, sse4.1, sse4.2, popcnt, lzcnt, tsc, tscinvbit, avx, avx2, aes, clmul, bmi1, bmi2, adx, sha, fma, vzeroupper, clflush, clflushopt

Memory: 4k page, system-wide physical 7502M (445M free)
TotalPageFile size 11571M (AvailPageFile size 60M)
current process WorkingSet (physical memory assigned to process): 319M, peak: 319M
current process commit charge ("private bytes"): 376M, peak: 485M

vm_info: OpenJDK 64-Bit Server VM (17.0.6+0-b2043.56-10027231) for windows-amd64 JRE (17.0.6+0-b2043.56-10027231), built on Apr 28 2023 00:43:19 by "androidbuild" with MS VC++ 16.10 / 16.11 (VS2019)

END.
