#
# There is insufficient memory for the Java Runtime Environment to continue.
# Native memory allocation (malloc) failed to allocate 1788000 bytes for Chunk::new
# Possible reasons:
#   The system is out of physical RAM or swap space
#   The process is running with CompressedOops enabled, and the Java Heap may be blocking the growth of the native heap
# Possible solutions:
#   Reduce memory load on the system
#   Increase physical memory or swap space
#   Check if swap backing store is full
#   Decrease Java heap size (-Xmx/-Xms)
#   Decrease number of Java threads
#   Decrease Java thread stack sizes (-Xss)
#   Set larger code cache with -XX:ReservedCodeCacheSize=
#   JVM is running with Unscaled Compressed Oops mode in which the Java heap is
#     placed in the first 4GB address space. The Java Heap base address is the
#     maximum limit for the native heap growth. Please use -XX:HeapBaseMinAddress
#     to set the Java Heap base and to place the Java Heap above 4GB virtual address.
# This output file may be truncated or incomplete.
#
#  Out of Memory Error (arena.cpp:189), pid=5628, tid=3064
#
# JRE version: OpenJDK Runtime Environment (17.0.6) (build 17.0.6+0-b2043.56-10027231)
# Java VM: OpenJDK 64-Bit Server VM (17.0.6+0-b2043.56-10027231, mixed mode, tiered, compressed oops, compressed class ptrs, g1 gc, windows-amd64)
# No core dump will be written. Minidumps are not enabled by default on client versions of Windows
#

---------------  S U M M A R Y ------------

Command Line: --add-opens=java.base/java.util.concurrent.atomic=ALL-UNNAMED --add-opens=java.base/java.util=ALL-UNNAMED --add-opens=java.base/java.lang=ALL-UNNAMED --add-opens=java.base/java.lang.invoke=ALL-UNNAMED --add-opens=java.prefs/java.util.prefs=ALL-UNNAMED --add-opens=java.base/java.nio.charset=ALL-UNNAMED --add-opens=java.base/java.net=ALL-UNNAMED --add-opens=java.base/java.util.concurrent.atomic=ALL-UNNAMED -Xmx2048m -Dfile.encoding=UTF-8 -Duser.country=US -Duser.language=en -Duser.variant org.gradle.launcher.daemon.bootstrap.GradleDaemon 8.0

Host: AMD Ryzen 3 5300U with Radeon Graphics         , 8 cores, 7G,  Windows 11 , 64 bit Build 22621 (10.0.22621.3235)
Time: Fri Apr  5 13:56:59 2024 W. Central Africa Standard Time elapsed time: 16.690475 seconds (0d 0h 0m 16s)

---------------  T H R E A D  ---------------

Current thread (0x0000021eb1c2c070):  JavaThread "C2 CompilerThread0" daemon [_thread_in_native, id=3064, stack(0x0000004f29b00000,0x0000004f29c00000)]


Current CompileTask:
C2:  16690 8092 %     4       org.gradle.internal.instantiation.generator.AbstractClassGenerator::inspectType @ 207 (560 bytes)

Stack: [0x0000004f29b00000,0x0000004f29c00000]
Native frames: (J=compiled Java code, j=interpreted, Vv=VM code, C=native code)
V  [jvm.dll+0x683c9a]
V  [jvm.dll+0x8427a4]
V  [jvm.dll+0x843f9e]
V  [jvm.dll+0x844603]
V  [jvm.dll+0x249b75]
V  [jvm.dll+0xabcac]
V  [jvm.dll+0xac27c]
V  [jvm.dll+0x368857]
V  [jvm.dll+0x332f31]
V  [jvm.dll+0x3323da]
V  [jvm.dll+0x21c201]
V  [jvm.dll+0x21b621]
V  [jvm.dll+0x1a4fdd]
V  [jvm.dll+0x22b098]
V  [jvm.dll+0x229159]
V  [jvm.dll+0x7f81ec]
V  [jvm.dll+0x7f274a]
V  [jvm.dll+0x682ad5]
C  [ucrtbase.dll+0x29363]
C  [KERNEL32.DLL+0x1257d]
C  [ntdll.dll+0x5aa58]


---------------  P R O C E S S  ---------------

Threads class SMR info:
_java_thread_list=0x0000021eb588d650, length=126, elements={
0x0000021e973e16c0, 0x0000021eb1223940, 0x0000021eb1c12b70, 0x0000021eb12447d0,
0x0000021eb1245450, 0x0000021eb1c28130, 0x0000021eb1c2b390, 0x0000021eb1c2c070,
0x0000021eb1c2da50, 0x0000021eb1c32880, 0x0000021eb1da1140, 0x0000021eb1da1610,
0x0000021eb3249c30, 0x0000021eb4077ba0, 0x0000021eb436e270, 0x0000021eb31e30e0,
0x0000021eb3421a60, 0x0000021eb32936b0, 0x0000021eb4675300, 0x0000021eb2f38710,
0x0000021eb2f39580, 0x0000021eb2f378a0, 0x0000021eb2f36560, 0x0000021eb2f373d0,
0x0000021eb2f36090, 0x0000021eb2f36a30, 0x0000021eb2f38240, 0x0000021eb2f36f00,
0x0000021eb4c6d600, 0x0000021eb4c6a110, 0x0000021eb4c6fc80, 0x0000021eb4c6b920,
0x0000021eb4c6bdf0, 0x0000021eb4c6c2c0, 0x0000021eb4c71490, 0x0000021eb4c6e470,
0x0000021eb4c70150, 0x0000021eb4c6ee10, 0x0000021eb4c6f2e0, 0x0000021eb4c70af0,
0x0000021eb4c70fc0, 0x0000021eb4c6dfa0, 0x0000021eb451a870, 0x0000021eb4519ed0,
0x0000021eb451c080, 0x0000021eb451b6e0, 0x0000021eb451bbb0, 0x0000021eb451c550,
0x0000021eb451ca20, 0x0000021eb4519060, 0x0000021eb4519530, 0x0000021eb4519a00,
0x0000021eb41102b0, 0x0000021eb410f440, 0x0000021eb410e100, 0x0000021eb4110c50,
0x0000021eb410ac10, 0x0000021eb410c420, 0x0000021eb410ba80, 0x0000021eb4109400,
0x0000021eb4110780, 0x0000021eb410ef70, 0x0000021eb410eaa0, 0x0000021eb410b0e0,
0x0000021eb410f910, 0x0000021eb41098d0, 0x0000021eb410d290, 0x0000021eb410bf50,
0x0000021eb410fde0, 0x0000021eb4109da0, 0x0000021eb410a270, 0x0000021eb410a740,
0x0000021eb410b5b0, 0x0000021eb410d760, 0x0000021eb410c8f0, 0x0000021eb410dc30,
0x0000021eb410e5d0, 0x0000021eb410cdc0, 0x0000021eb23921b0, 0x0000021eb2396510,
0x0000021eb2394830, 0x0000021eb238fb30, 0x0000021eb2390000, 0x0000021eb23909a0,
0x0000021eb23939c0, 0x0000021eb2390e70, 0x0000021eb238f660, 0x0000021eb2394d00,
0x0000021eb2396040, 0x0000021eb2393020, 0x0000021eb2393e90, 0x0000021eb23934f0,
0x0000021eb23951d0, 0x0000021eb23956a0, 0x0000021eb23904d0, 0x0000021eb2391340,
0x0000021eb2395b70, 0x0000021eb2391810, 0x0000021eb2391ce0, 0x0000021eb2392680,
0x0000021eb2394360, 0x0000021eb23969e0, 0x0000021eb2392b50, 0x0000021eb238f190,
0x0000021eb56268a0, 0x0000021eb5623d50, 0x0000021eb5622540, 0x0000021eb5620860,
0x0000021eb5620d30, 0x0000021eb5621200, 0x0000021eb561fec0, 0x0000021eb5625090,
0x0000021eb5622ee0, 0x0000021eb5625a30, 0x0000021eb5625f00, 0x0000021eb5626d70,
0x0000021eb56233b0, 0x0000021eb5624bc0, 0x0000021eb561f520, 0x0000021eb5622a10,
0x0000021eb56216d0, 0x0000021eb56246f0, 0x0000021eb5624220, 0x0000021eb561f9f0,
0x0000021eb5625560, 0x0000021eb4a44310
}

Java Threads: ( => current thread )
  0x0000021e973e16c0 JavaThread "main" [_thread_blocked, id=19232, stack(0x0000004f28e00000,0x0000004f28f00000)]
  0x0000021eb1223940 JavaThread "Reference Handler" daemon [_thread_blocked, id=19300, stack(0x0000004f29500000,0x0000004f29600000)]
  0x0000021eb1c12b70 JavaThread "Finalizer" daemon [_thread_blocked, id=19304, stack(0x0000004f29600000,0x0000004f29700000)]
  0x0000021eb12447d0 JavaThread "Signal Dispatcher" daemon [_thread_blocked, id=19308, stack(0x0000004f29700000,0x0000004f29800000)]
  0x0000021eb1245450 JavaThread "Attach Listener" daemon [_thread_blocked, id=19312, stack(0x0000004f29800000,0x0000004f29900000)]
  0x0000021eb1c28130 JavaThread "Service Thread" daemon [_thread_blocked, id=10180, stack(0x0000004f29900000,0x0000004f29a00000)]
  0x0000021eb1c2b390 JavaThread "Monitor Deflation Thread" daemon [_thread_blocked, id=20248, stack(0x0000004f29a00000,0x0000004f29b00000)]
=>0x0000021eb1c2c070 JavaThread "C2 CompilerThread0" daemon [_thread_in_native, id=3064, stack(0x0000004f29b00000,0x0000004f29c00000)]
  0x0000021eb1c2da50 JavaThread "C1 CompilerThread0" daemon [_thread_blocked, id=5116, stack(0x0000004f29c00000,0x0000004f29d00000)]
  0x0000021eb1c32880 JavaThread "Sweeper thread" daemon [_thread_blocked, id=19436, stack(0x0000004f29d00000,0x0000004f29e00000)]
  0x0000021eb1da1140 JavaThread "Common-Cleaner" daemon [_thread_blocked, id=6052, stack(0x0000004f29e00000,0x0000004f29f00000)]
  0x0000021eb1da1610 JavaThread "Notification Thread" daemon [_thread_blocked, id=15512, stack(0x0000004f29f00000,0x0000004f2a000000)]
  0x0000021eb3249c30 JavaThread "Daemon health stats" [_thread_blocked, id=16456, stack(0x0000004f2a700000,0x0000004f2a800000)]
  0x0000021eb4077ba0 JavaThread "Incoming local TCP Connector on port 52547" [_thread_in_native, id=16452, stack(0x0000004f2a600000,0x0000004f2a700000)]
  0x0000021eb436e270 JavaThread "Daemon periodic checks" [_thread_blocked, id=16588, stack(0x0000004f2a800000,0x0000004f2a900000)]
  0x0000021eb31e30e0 JavaThread "Daemon" [_thread_blocked, id=16432, stack(0x0000004f2a900000,0x0000004f2aa00000)]
  0x0000021eb3421a60 JavaThread "Handler for socket connection from /127.0.0.1:52547 to /127.0.0.1:52548" [_thread_in_native, id=18840, stack(0x0000004f2aa00000,0x0000004f2ab00000)]
  0x0000021eb32936b0 JavaThread "Cancel handler" [_thread_blocked, id=14044, stack(0x0000004f2a100000,0x0000004f2a200000)]
  0x0000021eb4675300 JavaThread "Daemon worker" [_thread_blocked, id=19024, stack(0x0000004f2ab00000,0x0000004f2ac00000)]
  0x0000021eb2f38710 JavaThread "Asynchronous log dispatcher for DefaultDaemonConnection: socket connection from /127.0.0.1:52547 to /127.0.0.1:52548" [_thread_blocked, id=11492, stack(0x0000004f2ac00000,0x0000004f2ad00000)]
  0x0000021eb2f39580 JavaThread "Stdin handler" [_thread_blocked, id=19036, stack(0x0000004f2ad00000,0x0000004f2ae00000)]
  0x0000021eb2f378a0 JavaThread "Daemon client event forwarder" [_thread_blocked, id=8720, stack(0x0000004f2ae00000,0x0000004f2af00000)]
  0x0000021eb2f36560 JavaThread "Cache worker for journal cache (C:\Users\23480\.gradle\caches\journal-1)" [_thread_blocked, id=19588, stack(0x0000004f2b300000,0x0000004f2b400000)]
  0x0000021eb2f373d0 JavaThread "File lock request listener" [_thread_in_native, id=19592, stack(0x0000004f2b400000,0x0000004f2b500000)]
  0x0000021eb2f36090 JavaThread "Cache worker for file hash cache (C:\Users\23480\.gradle\caches\8.0\fileHashes)" [_thread_blocked, id=17384, stack(0x0000004f2b500000,0x0000004f2b600000)]
  0x0000021eb2f36a30 JavaThread "File watcher server" daemon [_thread_in_native, id=3568, stack(0x0000004f2b700000,0x0000004f2b800000)]
  0x0000021eb2f38240 JavaThread "File watcher consumer" daemon [_thread_blocked, id=19580, stack(0x0000004f2b800000,0x0000004f2b900000)]
  0x0000021eb2f36f00 JavaThread "jar transforms" [_thread_blocked, id=19620, stack(0x0000004f2ba00000,0x0000004f2bb00000)]
  0x0000021eb4c6d600 JavaThread "jar transforms Thread 2" [_thread_blocked, id=19600, stack(0x0000004f2bb00000,0x0000004f2bc00000)]
  0x0000021eb4c6a110 JavaThread "jar transforms Thread 3" [_thread_blocked, id=9020, stack(0x0000004f2bc00000,0x0000004f2bd00000)]
  0x0000021eb4c6fc80 JavaThread "jar transforms Thread 4" [_thread_blocked, id=15012, stack(0x0000004f2bd00000,0x0000004f2be00000)]
  0x0000021eb4c6b920 JavaThread "jar transforms Thread 5" [_thread_blocked, id=7332, stack(0x0000004f2be00000,0x0000004f2bf00000)]
  0x0000021eb4c6bdf0 JavaThread "jar transforms Thread 6" [_thread_blocked, id=17048, stack(0x0000004f2bf00000,0x0000004f2c000000)]
  0x0000021eb4c6c2c0 JavaThread "jar transforms Thread 7" [_thread_blocked, id=9268, stack(0x0000004f2c000000,0x0000004f2c100000)]
  0x0000021eb4c71490 JavaThread "jar transforms Thread 8" [_thread_blocked, id=17060, stack(0x0000004f2c100000,0x0000004f2c200000)]
  0x0000021eb4c6e470 JavaThread "Cache worker for checksums cache (C:\Users\23480\Documents\androidproject\Motivation\.gradle\8.0\checksums)" [_thread_blocked, id=14376, stack(0x0000004f2b900000,0x0000004f2ba00000)]
  0x0000021eb4c70150 JavaThread "Cache worker for cache directory md-rule (C:\Users\23480\.gradle\caches\8.0\md-rule)" [_thread_blocked, id=10024, stack(0x0000004f2c200000,0x0000004f2c300000)]
  0x0000021eb4c6ee10 JavaThread "Cache worker for file content cache (C:\Users\23480\.gradle\caches\8.0\fileContent)" [_thread_blocked, id=16968, stack(0x0000004f2c300000,0x0000004f2c400000)]
  0x0000021eb4c6f2e0 JavaThread "Cache worker for file hash cache (C:\Users\23480\Documents\androidproject\Motivation\.gradle\8.0\fileHashes)" [_thread_blocked, id=9160, stack(0x0000004f2c400000,0x0000004f2c500000)]
  0x0000021eb4c70af0 JavaThread "Cache worker for cache directory md-supplier (C:\Users\23480\.gradle\caches\8.0\md-supplier)" [_thread_blocked, id=5620, stack(0x0000004f2c500000,0x0000004f2c600000)]
  0x0000021eb4c70fc0 JavaThread "Cache worker for execution history cache (C:\Users\23480\.gradle\caches\8.0\executionHistory)" [_thread_blocked, id=5512, stack(0x0000004f2b600000,0x0000004f2b700000)]
  0x0000021eb4c6dfa0 JavaThread "Cache worker for kotlin-dsl (C:\Users\23480\.gradle\caches\8.0\kotlin-dsl)" [_thread_blocked, id=19200, stack(0x0000004f2c700000,0x0000004f2c800000)]
  0x0000021eb451a870 JavaThread "Cache worker for dependencies-accessors (C:\Users\23480\Documents\androidproject\Motivation\.gradle\8.0\dependencies-accessors)" [_thread_blocked, id=5128, stack(0x0000004f2c800000,0x0000004f2c900000)]
  0x0000021eb4519ed0 JavaThread "Cache worker for Build Output Cleanup Cache (C:\Users\23480\Documents\androidproject\Motivation\.gradle\buildOutputCleanup)" [_thread_blocked, id=11232, stack(0x0000004f2c900000,0x0000004f2ca00000)]
  0x0000021eb451c080 JavaThread "Unconstrained build operations" [_thread_blocked, id=1252, stack(0x0000004f2ca00000,0x0000004f2cb00000)]
  0x0000021eb451b6e0 JavaThread "Unconstrained build operations Thread 2" [_thread_blocked, id=15212, stack(0x0000004f2cb00000,0x0000004f2cc00000)]
  0x0000021eb451bbb0 JavaThread "Unconstrained build operations Thread 3" [_thread_blocked, id=13824, stack(0x0000004f2cc00000,0x0000004f2cd00000)]
  0x0000021eb451c550 JavaThread "Unconstrained build operations Thread 4" [_thread_blocked, id=6224, stack(0x0000004f2cd00000,0x0000004f2ce00000)]
  0x0000021eb451ca20 JavaThread "Unconstrained build operations Thread 5" [_thread_blocked, id=10184, stack(0x0000004f2ce00000,0x0000004f2cf00000)]
  0x0000021eb4519060 JavaThread "Unconstrained build operations Thread 6" [_thread_blocked, id=17640, stack(0x0000004f2cf00000,0x0000004f2d000000)]
  0x0000021eb4519530 JavaThread "Unconstrained build operations Thread 7" [_thread_blocked, id=1816, stack(0x0000004f2d000000,0x0000004f2d100000)]
  0x0000021eb4519a00 JavaThread "Unconstrained build operations Thread 8" [_thread_blocked, id=4824, stack(0x0000004f2d100000,0x0000004f2d200000)]
  0x0000021eb41102b0 JavaThread "Unconstrained build operations Thread 9" [_thread_blocked, id=10520, stack(0x0000004f2d200000,0x0000004f2d300000)]
  0x0000021eb410f440 JavaThread "Unconstrained build operations Thread 10" [_thread_blocked, id=10424, stack(0x0000004f2d300000,0x0000004f2d400000)]
  0x0000021eb410e100 JavaThread "Unconstrained build operations Thread 11" [_thread_blocked, id=17332, stack(0x0000004f2d400000,0x0000004f2d500000)]
  0x0000021eb4110c50 JavaThread "Unconstrained build operations Thread 12" [_thread_blocked, id=20016, stack(0x0000004f2d500000,0x0000004f2d600000)]
  0x0000021eb410ac10 JavaThread "Unconstrained build operations Thread 13" [_thread_blocked, id=17468, stack(0x0000004f2d600000,0x0000004f2d700000)]
  0x0000021eb410c420 JavaThread "Unconstrained build operations Thread 14" [_thread_blocked, id=4944, stack(0x0000004f2d700000,0x0000004f2d800000)]
  0x0000021eb410ba80 JavaThread "Unconstrained build operations Thread 15" [_thread_blocked, id=19980, stack(0x0000004f2d800000,0x0000004f2d900000)]
  0x0000021eb4109400 JavaThread "Unconstrained build operations Thread 16" [_thread_blocked, id=19712, stack(0x0000004f2d900000,0x0000004f2da00000)]
  0x0000021eb4110780 JavaThread "Unconstrained build operations Thread 17" [_thread_blocked, id=18336, stack(0x0000004f2da00000,0x0000004f2db00000)]
  0x0000021eb410ef70 JavaThread "Unconstrained build operations Thread 18" [_thread_blocked, id=19452, stack(0x0000004f2db00000,0x0000004f2dc00000)]
  0x0000021eb410eaa0 JavaThread "Unconstrained build operations Thread 19" [_thread_blocked, id=2504, stack(0x0000004f2dc00000,0x0000004f2dd00000)]
  0x0000021eb410b0e0 JavaThread "Unconstrained build operations Thread 20" [_thread_blocked, id=17388, stack(0x0000004f2dd00000,0x0000004f2de00000)]
  0x0000021eb410f910 JavaThread "Unconstrained build operations Thread 21" [_thread_blocked, id=4952, stack(0x0000004f2de00000,0x0000004f2df00000)]
  0x0000021eb41098d0 JavaThread "Unconstrained build operations Thread 22" [_thread_blocked, id=8144, stack(0x0000004f2df00000,0x0000004f2e000000)]
  0x0000021eb410d290 JavaThread "Unconstrained build operations Thread 23" [_thread_blocked, id=8012, stack(0x0000004f2e000000,0x0000004f2e100000)]
  0x0000021eb410bf50 JavaThread "Unconstrained build operations Thread 24" [_thread_blocked, id=4988, stack(0x0000004f2e100000,0x0000004f2e200000)]
  0x0000021eb410fde0 JavaThread "Unconstrained build operations Thread 25" [_thread_blocked, id=12236, stack(0x0000004f2e200000,0x0000004f2e300000)]
  0x0000021eb4109da0 JavaThread "Unconstrained build operations Thread 26" [_thread_blocked, id=5088, stack(0x0000004f2e300000,0x0000004f2e400000)]
  0x0000021eb410a270 JavaThread "Unconstrained build operations Thread 27" [_thread_blocked, id=4984, stack(0x0000004f2e400000,0x0000004f2e500000)]
  0x0000021eb410a740 JavaThread "Unconstrained build operations Thread 28" [_thread_blocked, id=5872, stack(0x0000004f2e500000,0x0000004f2e600000)]
  0x0000021eb410b5b0 JavaThread "Unconstrained build operations Thread 29" [_thread_blocked, id=16324, stack(0x0000004f2e600000,0x0000004f2e700000)]
  0x0000021eb410d760 JavaThread "Unconstrained build operations Thread 30" [_thread_blocked, id=2480, stack(0x0000004f2e700000,0x0000004f2e800000)]
  0x0000021eb410c8f0 JavaThread "Unconstrained build operations Thread 31" [_thread_blocked, id=7772, stack(0x0000004f2e800000,0x0000004f2e900000)]
  0x0000021eb410dc30 JavaThread "Unconstrained build operations Thread 32" [_thread_blocked, id=13568, stack(0x0000004f2e900000,0x0000004f2ea00000)]
  0x0000021eb410e5d0 JavaThread "Unconstrained build operations Thread 33" [_thread_blocked, id=15200, stack(0x0000004f2ea00000,0x0000004f2eb00000)]
  0x0000021eb410cdc0 JavaThread "Unconstrained build operations Thread 34" [_thread_blocked, id=14452, stack(0x0000004f2eb00000,0x0000004f2ec00000)]
  0x0000021eb23921b0 JavaThread "Unconstrained build operations Thread 35" [_thread_blocked, id=13760, stack(0x0000004f2ec00000,0x0000004f2ed00000)]
  0x0000021eb2396510 JavaThread "Unconstrained build operations Thread 36" [_thread_blocked, id=16168, stack(0x0000004f2ed00000,0x0000004f2ee00000)]
  0x0000021eb2394830 JavaThread "Unconstrained build operations Thread 37" [_thread_blocked, id=16016, stack(0x0000004f2ee00000,0x0000004f2ef00000)]
  0x0000021eb238fb30 JavaThread "Unconstrained build operations Thread 38" [_thread_blocked, id=3828, stack(0x0000004f2ef00000,0x0000004f2f000000)]
  0x0000021eb2390000 JavaThread "Unconstrained build operations Thread 39" [_thread_blocked, id=13116, stack(0x0000004f2f000000,0x0000004f2f100000)]
  0x0000021eb23909a0 JavaThread "Unconstrained build operations Thread 40" [_thread_blocked, id=19288, stack(0x0000004f2f100000,0x0000004f2f200000)]
  0x0000021eb23939c0 JavaThread "Unconstrained build operations Thread 41" [_thread_blocked, id=12232, stack(0x0000004f2f200000,0x0000004f2f300000)]
  0x0000021eb2390e70 JavaThread "Unconstrained build operations Thread 42" [_thread_blocked, id=5712, stack(0x0000004f2f300000,0x0000004f2f400000)]
  0x0000021eb238f660 JavaThread "Unconstrained build operations Thread 43" [_thread_blocked, id=12868, stack(0x0000004f2f400000,0x0000004f2f500000)]
  0x0000021eb2394d00 JavaThread "Unconstrained build operations Thread 44" [_thread_blocked, id=19904, stack(0x0000004f2f500000,0x0000004f2f600000)]
  0x0000021eb2396040 JavaThread "Unconstrained build operations Thread 45" [_thread_blocked, id=7440, stack(0x0000004f2f600000,0x0000004f2f700000)]
  0x0000021eb2393020 JavaThread "Unconstrained build operations Thread 46" [_thread_blocked, id=17084, stack(0x0000004f2f700000,0x0000004f2f800000)]
  0x0000021eb2393e90 JavaThread "Unconstrained build operations Thread 47" [_thread_blocked, id=4808, stack(0x0000004f2f800000,0x0000004f2f900000)]
  0x0000021eb23934f0 JavaThread "Unconstrained build operations Thread 48" [_thread_blocked, id=15264, stack(0x0000004f2f900000,0x0000004f2fa00000)]
  0x0000021eb23951d0 JavaThread "Unconstrained build operations Thread 49" [_thread_blocked, id=8760, stack(0x0000004f2fa00000,0x0000004f2fb00000)]
  0x0000021eb23956a0 JavaThread "Unconstrained build operations Thread 50" [_thread_blocked, id=3972, stack(0x0000004f2fb00000,0x0000004f2fc00000)]
  0x0000021eb23904d0 JavaThread "Unconstrained build operations Thread 51" [_thread_blocked, id=19544, stack(0x0000004f2fc00000,0x0000004f2fd00000)]
  0x0000021eb2391340 JavaThread "Unconstrained build operations Thread 52" [_thread_blocked, id=9720, stack(0x0000004f2fd00000,0x0000004f2fe00000)]
  0x0000021eb2395b70 JavaThread "Unconstrained build operations Thread 53" [_thread_blocked, id=7436, stack(0x0000004f2fe00000,0x0000004f2ff00000)]
  0x0000021eb2391810 JavaThread "Unconstrained build operations Thread 54" [_thread_blocked, id=1788, stack(0x0000004f2ff00000,0x0000004f30000000)]
  0x0000021eb2391ce0 JavaThread "Unconstrained build operations Thread 55" [_thread_blocked, id=19940, stack(0x0000004f30000000,0x0000004f30100000)]
  0x0000021eb2392680 JavaThread "Unconstrained build operations Thread 56" [_thread_blocked, id=17072, stack(0x0000004f30100000,0x0000004f30200000)]
  0x0000021eb2394360 JavaThread "Unconstrained build operations Thread 57" [_thread_blocked, id=6900, stack(0x0000004f30200000,0x0000004f30300000)]
  0x0000021eb23969e0 JavaThread "Unconstrained build operations Thread 58" [_thread_blocked, id=17516, stack(0x0000004f30300000,0x0000004f30400000)]
  0x0000021eb2392b50 JavaThread "Unconstrained build operations Thread 59" [_thread_blocked, id=16192, stack(0x0000004f30400000,0x0000004f30500000)]
  0x0000021eb238f190 JavaThread "Unconstrained build operations Thread 60" [_thread_blocked, id=16148, stack(0x0000004f30500000,0x0000004f30600000)]
  0x0000021eb56268a0 JavaThread "Unconstrained build operations Thread 61" [_thread_blocked, id=10252, stack(0x0000004f30600000,0x0000004f30700000)]
  0x0000021eb5623d50 JavaThread "Unconstrained build operations Thread 62" [_thread_blocked, id=19220, stack(0x0000004f30700000,0x0000004f30800000)]
  0x0000021eb5622540 JavaThread "Unconstrained build operations Thread 63" [_thread_blocked, id=18128, stack(0x0000004f30800000,0x0000004f30900000)]
  0x0000021eb5620860 JavaThread "Unconstrained build operations Thread 64" [_thread_blocked, id=3404, stack(0x0000004f30900000,0x0000004f30a00000)]
  0x0000021eb5620d30 JavaThread "Unconstrained build operations Thread 65" [_thread_blocked, id=17908, stack(0x0000004f30a00000,0x0000004f30b00000)]
  0x0000021eb5621200 JavaThread "Unconstrained build operations Thread 66" [_thread_blocked, id=20028, stack(0x0000004f30b00000,0x0000004f30c00000)]
  0x0000021eb561fec0 JavaThread "Unconstrained build operations Thread 67" [_thread_blocked, id=2172, stack(0x0000004f30c00000,0x0000004f30d00000)]
  0x0000021eb5625090 JavaThread "Unconstrained build operations Thread 68" [_thread_blocked, id=2460, stack(0x0000004f30d00000,0x0000004f30e00000)]
  0x0000021eb5622ee0 JavaThread "Unconstrained build operations Thread 69" [_thread_blocked, id=8096, stack(0x0000004f30e00000,0x0000004f30f00000)]
  0x0000021eb5625a30 JavaThread "Unconstrained build operations Thread 70" [_thread_blocked, id=13916, stack(0x0000004f30f00000,0x0000004f31000000)]
  0x0000021eb5625f00 JavaThread "Unconstrained build operations Thread 71" [_thread_blocked, id=17432, stack(0x0000004f31000000,0x0000004f31100000)]
  0x0000021eb5626d70 JavaThread "Unconstrained build operations Thread 72" [_thread_blocked, id=15108, stack(0x0000004f31100000,0x0000004f31200000)]
  0x0000021eb56233b0 JavaThread "Unconstrained build operations Thread 73" [_thread_blocked, id=2724, stack(0x0000004f31200000,0x0000004f31300000)]
  0x0000021eb5624bc0 JavaThread "Unconstrained build operations Thread 74" [_thread_blocked, id=16248, stack(0x0000004f31300000,0x0000004f31400000)]
  0x0000021eb561f520 JavaThread "Unconstrained build operations Thread 75" [_thread_blocked, id=14188, stack(0x0000004f31400000,0x0000004f31500000)]
  0x0000021eb5622a10 JavaThread "Unconstrained build operations Thread 76" [_thread_blocked, id=10884, stack(0x0000004f31500000,0x0000004f31600000)]
  0x0000021eb56216d0 JavaThread "Unconstrained build operations Thread 77" [_thread_blocked, id=14048, stack(0x0000004f31600000,0x0000004f31700000)]
  0x0000021eb56246f0 JavaThread "Unconstrained build operations Thread 78" [_thread_blocked, id=17824, stack(0x0000004f31700000,0x0000004f31800000)]
  0x0000021eb5624220 JavaThread "Unconstrained build operations Thread 79" [_thread_blocked, id=15000, stack(0x0000004f31800000,0x0000004f31900000)]
  0x0000021eb561f9f0 JavaThread "Unconstrained build operations Thread 80" [_thread_blocked, id=14800, stack(0x0000004f31900000,0x0000004f31a00000)]
  0x0000021eb5625560 JavaThread "Memory manager" [_thread_blocked, id=10148, stack(0x0000004f31a00000,0x0000004f31b00000)]
  0x0000021eb4a44310 JavaThread "C2 CompilerThread1" daemon [_thread_blocked, id=676, stack(0x0000004f2c600000,0x0000004f2c700000)]

Other Threads:
  0x0000021eb1237720 VMThread "VM Thread" [stack: 0x0000004f29400000,0x0000004f29500000] [id=19296]
  0x0000021e97462680 WatcherThread [stack: 0x0000004f2a000000,0x0000004f2a100000] [id=15328]
  0x0000021e974405e0 GCTaskThread "GC Thread#0" [stack: 0x0000004f28f00000,0x0000004f29000000] [id=19268]
  0x0000021eb28f0190 GCTaskThread "GC Thread#1" [stack: 0x0000004f2a200000,0x0000004f2a300000] [id=19164]
  0x0000021eb29cbd30 GCTaskThread "GC Thread#2" [stack: 0x0000004f2a300000,0x0000004f2a400000] [id=9500]
  0x0000021eb2624780 GCTaskThread "GC Thread#3" [stack: 0x0000004f2a400000,0x0000004f2a500000] [id=18592]
  0x0000021eb3305aa0 GCTaskThread "GC Thread#4" [stack: 0x0000004f2a500000,0x0000004f2a600000] [id=9936]
  0x0000021eb49ef550 GCTaskThread "GC Thread#5" [stack: 0x0000004f2af00000,0x0000004f2b000000] [id=10140]
  0x0000021eb2e919e0 GCTaskThread "GC Thread#6" [stack: 0x0000004f2b000000,0x0000004f2b100000] [id=17188]
  0x0000021eb35945c0 GCTaskThread "GC Thread#7" [stack: 0x0000004f2b100000,0x0000004f2b200000] [id=18540]
  0x0000021e97451520 ConcurrentGCThread "G1 Main Marker" [stack: 0x0000004f29000000,0x0000004f29100000] [id=19272]
  0x0000021e974526d0 ConcurrentGCThread "G1 Conc#0" [stack: 0x0000004f29100000,0x0000004f29200000] [id=19276]
  0x0000021eb513dd70 ConcurrentGCThread "G1 Conc#1" [stack: 0x0000004f2b200000,0x0000004f2b300000] [id=11648]
  0x0000021e9749e510 ConcurrentGCThread "G1 Refine#0" [stack: 0x0000004f29200000,0x0000004f29300000] [id=15780]
  0x0000021eb10780e0 ConcurrentGCThread "G1 Service" [stack: 0x0000004f29300000,0x0000004f29400000] [id=3820]

Threads with active compile tasks:
C2 CompilerThread0    16714 8092 %     4       org.gradle.internal.instantiation.generator.AbstractClassGenerator::inspectType @ 207 (560 bytes)
C1 CompilerThread0    16714 8197       3       java.util.regex.Pattern$BitClass::<init> (14 bytes)
C2 CompilerThread1    16714 8154       4       com.google.gson.stream.JsonReader::nextQuotedValue (271 bytes)

VM state: at safepoint (normal execution)

VM Mutex/Monitor currently owned by a thread:  ([mutex/lock_event])
[0x0000021e973ddc40] Threads_lock - owner thread: 0x0000021eb1237720
[0x0000021e973dd220] Heap_lock - owner thread: 0x0000021eb4675300

Heap address: 0x0000000080000000, size: 2048 MB, Compressed Oops mode: 32-bit

CDS archive(s) not mapped
Compressed class space mapped at: 0x0000000100000000-0x0000000140000000, reserved size: 1073741824
Narrow klass base: 0x0000000000000000, Narrow klass shift: 3, Narrow klass range: 0x140000000

GC Precious Log:
 CPUs: 8 total, 8 available
 Memory: 7502M
 Large Page Support: Disabled
 NUMA Support: Disabled
 Compressed Oops: Enabled (32-bit)
 Heap Region Size: 1M
 Heap Min Capacity: 8M
 Heap Initial Capacity: 118M
 Heap Max Capacity: 2G
 Pre-touch: Disabled
 Parallel Workers: 8
 Concurrent Workers: 2
 Concurrent Refinement Workers: 8
 Periodic GC: Disabled

Heap:
 garbage-first heap   total 155648K, used 99388K [0x0000000080000000, 0x0000000100000000)
  region size 1024K, 3 young (3072K), 3 survivors (3072K)
 Metaspace       used 81852K, committed 82560K, reserved 1122304K
  class space    used 10849K, committed 11200K, reserved 1048576K

Heap Regions: E=young(eden), S=young(survivor), O=old, HS=humongous(starts), HC=humongous(continues), CS=collection set, F=free, OA=open archive, CA=closed archive, TAMS=top-at-mark-start (previous, next)
|   0|0x0000000080000000, 0x0000000080100000, 0x0000000080100000|100%|HS|  |TAMS 0x0000000080100000, 0x0000000080000000| Complete 
|   1|0x0000000080100000, 0x0000000080200000, 0x0000000080200000|100%|HC|  |TAMS 0x0000000080200000, 0x0000000080100000| Complete 
|   2|0x0000000080200000, 0x0000000080300000, 0x0000000080300000|100%|HC|  |TAMS 0x0000000080300000, 0x0000000080200000| Complete 
|   3|0x0000000080300000, 0x0000000080400000, 0x0000000080400000|100%|HC|  |TAMS 0x0000000080400000, 0x0000000080300000| Complete 
|   4|0x0000000080400000, 0x0000000080500000, 0x0000000080500000|100%| O|  |TAMS 0x0000000080500000, 0x0000000080400000| Untracked 
|   5|0x0000000080500000, 0x0000000080600000, 0x0000000080600000|100%| O|  |TAMS 0x0000000080600000, 0x0000000080500000| Untracked 
|   6|0x0000000080600000, 0x0000000080700000, 0x0000000080700000|100%| O|  |TAMS 0x0000000080700000, 0x0000000080600000| Untracked 
|   7|0x0000000080700000, 0x0000000080800000, 0x0000000080800000|100%| O|  |TAMS 0x0000000080800000, 0x0000000080700000| Untracked 
|   8|0x0000000080800000, 0x0000000080900000, 0x0000000080900000|100%| O|  |TAMS 0x0000000080900000, 0x0000000080800000| Untracked 
|   9|0x0000000080900000, 0x0000000080a00000, 0x0000000080a00000|100%| O|  |TAMS 0x0000000080a00000, 0x0000000080900000| Untracked 
|  10|0x0000000080a00000, 0x0000000080b00000, 0x0000000080b00000|100%| O|  |TAMS 0x0000000080b00000, 0x0000000080a00000| Untracked 
|  11|0x0000000080b00000, 0x0000000080c00000, 0x0000000080c00000|100%| O|  |TAMS 0x0000000080c00000, 0x0000000080b00000| Untracked 
|  12|0x0000000080c00000, 0x0000000080d00000, 0x0000000080d00000|100%| O|  |TAMS 0x0000000080d00000, 0x0000000080c00000| Untracked 
|  13|0x0000000080d00000, 0x0000000080e00000, 0x0000000080e00000|100%| O|  |TAMS 0x0000000080e00000, 0x0000000080d00000| Untracked 
|  14|0x0000000080e00000, 0x0000000080f00000, 0x0000000080f00000|100%|HS|  |TAMS 0x0000000080f00000, 0x0000000080e00000| Complete 
|  15|0x0000000080f00000, 0x0000000081000000, 0x0000000081000000|100%|HC|  |TAMS 0x0000000081000000, 0x0000000080f00000| Complete 
|  16|0x0000000081000000, 0x0000000081100000, 0x0000000081100000|100%| O|  |TAMS 0x0000000081100000, 0x0000000081000000| Untracked 
|  17|0x0000000081100000, 0x0000000081200000, 0x0000000081200000|100%| O|  |TAMS 0x0000000081200000, 0x0000000081100000| Untracked 
|  18|0x0000000081200000, 0x0000000081300000, 0x0000000081300000|100%| O|  |TAMS 0x0000000081300000, 0x0000000081200000| Untracked 
|  19|0x0000000081300000, 0x0000000081400000, 0x0000000081400000|100%| O|  |TAMS 0x0000000081400000, 0x0000000081300000| Untracked 
|  20|0x0000000081400000, 0x0000000081500000, 0x0000000081500000|100%| O|  |TAMS 0x0000000081500000, 0x0000000081400000| Untracked 
|  21|0x0000000081500000, 0x0000000081600000, 0x0000000081600000|100%| O|  |TAMS 0x0000000081600000, 0x0000000081500000| Untracked 
|  22|0x0000000081600000, 0x0000000081700000, 0x0000000081700000|100%| O|  |TAMS 0x0000000081700000, 0x0000000081600000| Untracked 
|  23|0x0000000081700000, 0x0000000081800000, 0x0000000081800000|100%|HS|  |TAMS 0x0000000081800000, 0x0000000081700000| Complete 
|  24|0x0000000081800000, 0x0000000081900000, 0x0000000081900000|100%|HC|  |TAMS 0x0000000081900000, 0x0000000081800000| Complete 
|  25|0x0000000081900000, 0x0000000081a00000, 0x0000000081a00000|100%|HC|  |TAMS 0x0000000081a00000, 0x0000000081900000| Complete 
|  26|0x0000000081a00000, 0x0000000081b00000, 0x0000000081b00000|100%|HS|  |TAMS 0x0000000081b00000, 0x0000000081a00000| Complete 
|  27|0x0000000081b00000, 0x0000000081c00000, 0x0000000081c00000|100%|HC|  |TAMS 0x0000000081c00000, 0x0000000081b00000| Complete 
|  28|0x0000000081c00000, 0x0000000081d00000, 0x0000000081d00000|100%|HC|  |TAMS 0x0000000081d00000, 0x0000000081c00000| Complete 
|  29|0x0000000081d00000, 0x0000000081e00000, 0x0000000081e00000|100%| O|  |TAMS 0x0000000081e00000, 0x0000000081d00000| Untracked 
|  30|0x0000000081e00000, 0x0000000081f00000, 0x0000000081f00000|100%| O|  |TAMS 0x0000000081f00000, 0x0000000081e00000| Untracked 
|  31|0x0000000081f00000, 0x0000000082000000, 0x0000000082000000|100%| O|  |TAMS 0x0000000082000000, 0x0000000081f00000| Untracked 
|  32|0x0000000082000000, 0x0000000082100000, 0x0000000082100000|100%| O|  |TAMS 0x0000000082100000, 0x0000000082000000| Untracked 
|  33|0x0000000082100000, 0x0000000082200000, 0x0000000082200000|100%| O|  |TAMS 0x0000000082200000, 0x0000000082100000| Untracked 
|  34|0x0000000082200000, 0x0000000082300000, 0x0000000082300000|100%| O|  |TAMS 0x0000000082300000, 0x0000000082200000| Untracked 
|  35|0x0000000082300000, 0x0000000082400000, 0x0000000082400000|100%| O|  |TAMS 0x0000000082400000, 0x0000000082300000| Untracked 
|  36|0x0000000082400000, 0x0000000082500000, 0x0000000082500000|100%|HS|  |TAMS 0x0000000082500000, 0x0000000082400000| Complete 
|  37|0x0000000082500000, 0x0000000082600000, 0x0000000082600000|100%|HC|  |TAMS 0x0000000082600000, 0x0000000082500000| Complete 
|  38|0x0000000082600000, 0x0000000082700000, 0x0000000082700000|100%|HC|  |TAMS 0x0000000082700000, 0x0000000082600000| Complete 
|  39|0x0000000082700000, 0x0000000082800000, 0x0000000082800000|100%| O|  |TAMS 0x0000000082800000, 0x0000000082700000| Untracked 
|  40|0x0000000082800000, 0x0000000082900000, 0x0000000082900000|100%| O|  |TAMS 0x0000000082900000, 0x0000000082800000| Untracked 
|  41|0x0000000082900000, 0x0000000082a00000, 0x0000000082a00000|100%| O|  |TAMS 0x0000000082a00000, 0x0000000082900000| Untracked 
|  42|0x0000000082a00000, 0x0000000082b00000, 0x0000000082b00000|100%|HS|  |TAMS 0x0000000082b00000, 0x0000000082a00000| Complete 
|  43|0x0000000082b00000, 0x0000000082c00000, 0x0000000082c00000|100%|HC|  |TAMS 0x0000000082c00000, 0x0000000082b00000| Complete 
|  44|0x0000000082c00000, 0x0000000082d00000, 0x0000000082d00000|100%|HC|  |TAMS 0x0000000082d00000, 0x0000000082c00000| Complete 
|  45|0x0000000082d00000, 0x0000000082e00000, 0x0000000082e00000|100%| O|  |TAMS 0x0000000082e00000, 0x0000000082d00000| Untracked 
|  46|0x0000000082e00000, 0x0000000082f00000, 0x0000000082f00000|100%| O|  |TAMS 0x0000000082f00000, 0x0000000082e00000| Untracked 
|  47|0x0000000082f00000, 0x0000000083000000, 0x0000000083000000|100%| O|  |TAMS 0x0000000083000000, 0x0000000082f00000| Untracked 
|  48|0x0000000083000000, 0x0000000083100000, 0x0000000083100000|100%| O|  |TAMS 0x0000000083100000, 0x0000000083000000| Untracked 
|  49|0x0000000083100000, 0x0000000083200000, 0x0000000083200000|100%| O|  |TAMS 0x0000000083200000, 0x0000000083100000| Untracked 
|  50|0x0000000083200000, 0x0000000083300000, 0x0000000083300000|100%| O|  |TAMS 0x0000000083300000, 0x0000000083200000| Untracked 
|  51|0x0000000083300000, 0x0000000083400000, 0x0000000083400000|100%| O|  |TAMS 0x0000000083400000, 0x0000000083300000| Untracked 
|  52|0x0000000083400000, 0x0000000083500000, 0x0000000083500000|100%| O|  |TAMS 0x0000000083500000, 0x0000000083400000| Untracked 
|  53|0x0000000083500000, 0x0000000083600000, 0x0000000083600000|100%| O|  |TAMS 0x0000000083600000, 0x0000000083500000| Untracked 
|  54|0x0000000083600000, 0x0000000083700000, 0x0000000083700000|100%|HS|  |TAMS 0x0000000083600000, 0x0000000083600000| Complete 
|  55|0x0000000083700000, 0x0000000083800000, 0x0000000083800000|100%| O|  |TAMS 0x0000000083800000, 0x0000000083700000| Untracked 
|  56|0x0000000083800000, 0x0000000083900000, 0x0000000083900000|100%|HS|  |TAMS 0x0000000083900000, 0x0000000083800000| Complete 
|  57|0x0000000083900000, 0x0000000083a00000, 0x0000000083a00000|100%|HS|  |TAMS 0x0000000083a00000, 0x0000000083900000| Complete 
|  58|0x0000000083a00000, 0x0000000083b00000, 0x0000000083b00000|100%| O|  |TAMS 0x0000000083b00000, 0x0000000083a00000| Untracked 
|  59|0x0000000083b00000, 0x0000000083c00000, 0x0000000083c00000|100%| O|  |TAMS 0x0000000083c00000, 0x0000000083b00000| Untracked 
|  60|0x0000000083c00000, 0x0000000083d00000, 0x0000000083d00000|100%|HS|  |TAMS 0x0000000083d00000, 0x0000000083c00000| Complete 
|  61|0x0000000083d00000, 0x0000000083e00000, 0x0000000083e00000|100%|HC|  |TAMS 0x0000000083e00000, 0x0000000083d00000| Complete 
|  62|0x0000000083e00000, 0x0000000083f00000, 0x0000000083f00000|100%|HS|  |TAMS 0x0000000083f00000, 0x0000000083e00000| Complete 
|  63|0x0000000083f00000, 0x0000000084000000, 0x0000000084000000|100%|HS|  |TAMS 0x0000000084000000, 0x0000000083f00000| Complete 
|  64|0x0000000084000000, 0x0000000084100000, 0x0000000084100000|100%|HC|  |TAMS 0x0000000084100000, 0x0000000084000000| Complete 
|  65|0x0000000084100000, 0x0000000084200000, 0x0000000084200000|100%|HC|  |TAMS 0x0000000084200000, 0x0000000084100000| Complete 
|  66|0x0000000084200000, 0x0000000084300000, 0x0000000084300000|100%|HC|  |TAMS 0x0000000084300000, 0x0000000084200000| Complete 
|  67|0x0000000084300000, 0x0000000084400000, 0x0000000084400000|100%| O|  |TAMS 0x0000000084400000, 0x0000000084300000| Untracked 
|  68|0x0000000084400000, 0x0000000084500000, 0x0000000084500000|100%| O|  |TAMS 0x0000000084500000, 0x0000000084400000| Untracked 
|  69|0x0000000084500000, 0x0000000084600000, 0x0000000084600000|100%| O|  |TAMS 0x0000000084600000, 0x0000000084500000| Untracked 
|  70|0x0000000084600000, 0x0000000084700000, 0x0000000084700000|100%| O|  |TAMS 0x0000000084700000, 0x0000000084600000| Untracked 
|  71|0x0000000084700000, 0x0000000084800000, 0x0000000084800000|100%| O|  |TAMS 0x0000000084800000, 0x0000000084700000| Untracked 
|  72|0x0000000084800000, 0x0000000084900000, 0x0000000084900000|100%| O|  |TAMS 0x0000000084800000, 0x0000000084800000| Untracked 
|  73|0x0000000084900000, 0x0000000084a00000, 0x0000000084a00000|100%| O|  |TAMS 0x00000000849fd800, 0x0000000084900000| Untracked 
|  74|0x0000000084a00000, 0x0000000084b00000, 0x0000000084b00000|100%| O|  |TAMS 0x0000000084a00000, 0x0000000084a00000| Untracked 
|  75|0x0000000084b00000, 0x0000000084c00000, 0x0000000084c00000|100%|HS|  |TAMS 0x0000000084b00000, 0x0000000084b00000| Complete 
|  76|0x0000000084c00000, 0x0000000084d00000, 0x0000000084d00000|100%|HS|  |TAMS 0x0000000084c00000, 0x0000000084c00000| Complete 
|  77|0x0000000084d00000, 0x0000000084e00000, 0x0000000084e00000|100%| O|  |TAMS 0x0000000084d00000, 0x0000000084d00000| Untracked 
|  78|0x0000000084e00000, 0x0000000084f00000, 0x0000000084f00000|100%| O|  |TAMS 0x0000000084e00000, 0x0000000084e00000| Untracked 
|  79|0x0000000084f00000, 0x0000000085000000, 0x0000000085000000|100%| O|  |TAMS 0x0000000084f00000, 0x0000000084f00000| Untracked 
|  80|0x0000000085000000, 0x0000000085100000, 0x0000000085100000|100%|HS|  |TAMS 0x0000000085000000, 0x0000000085000000| Complete 
|  81|0x0000000085100000, 0x0000000085200000, 0x0000000085200000|100%| O|  |TAMS 0x0000000085100000, 0x0000000085100000| Untracked 
|  82|0x0000000085200000, 0x0000000085300000, 0x0000000085300000|100%| O|  |TAMS 0x0000000085200000, 0x0000000085200000| Untracked 
|  83|0x0000000085300000, 0x0000000085400000, 0x0000000085400000|100%| O|  |TAMS 0x0000000085300000, 0x0000000085300000| Untracked 
|  84|0x0000000085400000, 0x0000000085500000, 0x0000000085500000|100%| O|  |TAMS 0x0000000085400000, 0x0000000085400000| Untracked 
|  85|0x0000000085500000, 0x0000000085600000, 0x0000000085600000|100%| O|  |TAMS 0x0000000085500000, 0x0000000085500000| Untracked 
|  86|0x0000000085600000, 0x0000000085700000, 0x0000000085700000|100%| O|  |TAMS 0x0000000085600000, 0x0000000085600000| Untracked 
|  87|0x0000000085700000, 0x0000000085800000, 0x0000000085800000|100%| O|  |TAMS 0x0000000085700000, 0x0000000085700000| Untracked 
|  88|0x0000000085800000, 0x0000000085900000, 0x0000000085900000|100%| O|  |TAMS 0x0000000085800000, 0x0000000085800000| Untracked 
|  89|0x0000000085900000, 0x0000000085a00000, 0x0000000085a00000|100%| O|  |TAMS 0x0000000085900000, 0x0000000085900000| Untracked 
|  90|0x0000000085a00000, 0x0000000085a00000, 0x0000000085b00000|  0%| F|  |TAMS 0x0000000085a00000, 0x0000000085a00000| Untracked 
|  91|0x0000000085b00000, 0x0000000085c00000, 0x0000000085c00000|100%| O|  |TAMS 0x0000000085b00000, 0x0000000085b00000| Untracked 
|  92|0x0000000085c00000, 0x0000000085d00000, 0x0000000085d00000|100%| O|  |TAMS 0x0000000085c00000, 0x0000000085c00000| Untracked 
|  93|0x0000000085d00000, 0x0000000085e00000, 0x0000000085e00000|100%| O|  |TAMS 0x0000000085d00000, 0x0000000085d00000| Untracked 
|  94|0x0000000085e00000, 0x0000000085f00000, 0x0000000085f00000|100%| O|  |TAMS 0x0000000085e00000, 0x0000000085e00000| Untracked 
|  95|0x0000000085f00000, 0x0000000085f3fe00, 0x0000000086000000| 24%| O|  |TAMS 0x0000000085f00000, 0x0000000085f00000| Untracked 
|  96|0x0000000086000000, 0x0000000086000000, 0x0000000086100000|  0%| F|  |TAMS 0x0000000086000000, 0x0000000086000000| Untracked 
|  97|0x0000000086100000, 0x0000000086100000, 0x0000000086200000|  0%| F|  |TAMS 0x0000000086100000, 0x0000000086100000| Untracked 
|  98|0x0000000086200000, 0x0000000086200000, 0x0000000086300000|  0%| F|  |TAMS 0x0000000086200000, 0x0000000086200000| Untracked 
|  99|0x0000000086300000, 0x0000000086300000, 0x0000000086400000|  0%| F|  |TAMS 0x0000000086300000, 0x0000000086300000| Untracked 
| 100|0x0000000086400000, 0x0000000086400000, 0x0000000086500000|  0%| F|  |TAMS 0x0000000086400000, 0x0000000086400000| Untracked 
| 101|0x0000000086500000, 0x0000000086500000, 0x0000000086600000|  0%| F|  |TAMS 0x0000000086500000, 0x0000000086500000| Untracked 
| 102|0x0000000086600000, 0x0000000086600000, 0x0000000086700000|  0%| F|  |TAMS 0x0000000086600000, 0x0000000086600000| Untracked 
| 103|0x0000000086700000, 0x0000000086700000, 0x0000000086800000|  0%| F|  |TAMS 0x0000000086700000, 0x0000000086700000| Untracked 
| 104|0x0000000086800000, 0x0000000086800000, 0x0000000086900000|  0%| F|  |TAMS 0x0000000086800000, 0x0000000086800000| Untracked 
| 105|0x0000000086900000, 0x0000000086900000, 0x0000000086a00000|  0%| F|  |TAMS 0x0000000086900000, 0x0000000086900000| Untracked 
| 106|0x0000000086a00000, 0x0000000086a00000, 0x0000000086b00000|  0%| F|  |TAMS 0x0000000086a00000, 0x0000000086a00000| Untracked 
| 107|0x0000000086b00000, 0x0000000086b00000, 0x0000000086c00000|  0%| F|  |TAMS 0x0000000086b00000, 0x0000000086b00000| Untracked 
| 108|0x0000000086c00000, 0x0000000086c00000, 0x0000000086d00000|  0%| F|  |TAMS 0x0000000086c00000, 0x0000000086c00000| Untracked 
| 109|0x0000000086d00000, 0x0000000086d00000, 0x0000000086e00000|  0%| F|  |TAMS 0x0000000086d00000, 0x0000000086d00000| Untracked 
| 110|0x0000000086e00000, 0x0000000086e00000, 0x0000000086f00000|  0%| F|  |TAMS 0x0000000086e00000, 0x0000000086e00000| Untracked 
| 111|0x0000000086f00000, 0x0000000086f00000, 0x0000000087000000|  0%| F|  |TAMS 0x0000000086f00000, 0x0000000086f00000| Untracked 
| 112|0x0000000087000000, 0x0000000087000000, 0x0000000087100000|  0%| F|  |TAMS 0x0000000087000000, 0x0000000087000000| Untracked 
| 113|0x0000000087100000, 0x0000000087100000, 0x0000000087200000|  0%| F|  |TAMS 0x0000000087100000, 0x0000000087100000| Untracked 
| 114|0x0000000087200000, 0x0000000087200000, 0x0000000087300000|  0%| F|  |TAMS 0x0000000087200000, 0x0000000087200000| Untracked 
| 115|0x0000000087300000, 0x0000000087300000, 0x0000000087400000|  0%| F|  |TAMS 0x0000000087300000, 0x0000000087300000| Untracked 
| 116|0x0000000087400000, 0x0000000087400000, 0x0000000087500000|  0%| F|  |TAMS 0x0000000087400000, 0x0000000087400000| Untracked 
| 117|0x0000000087500000, 0x0000000087500000, 0x0000000087600000|  0%| F|  |TAMS 0x0000000087500000, 0x0000000087500000| Untracked 
| 118|0x0000000087600000, 0x0000000087600000, 0x0000000087700000|  0%| F|  |TAMS 0x0000000087600000, 0x0000000087600000| Untracked 
| 119|0x0000000087700000, 0x0000000087700000, 0x0000000087800000|  0%| F|  |TAMS 0x0000000087700000, 0x0000000087700000| Untracked 
| 120|0x0000000087800000, 0x00000000878cf2f0, 0x0000000087900000| 80%| S|CS|TAMS 0x0000000087800000, 0x0000000087800000| Complete 
| 121|0x0000000087900000, 0x0000000087900000, 0x0000000087a00000|  0%| F|  |TAMS 0x0000000087900000, 0x0000000087900000| Untracked 
| 122|0x0000000087a00000, 0x0000000087b00000, 0x0000000087b00000|100%| S|CS|TAMS 0x0000000087a00000, 0x0000000087a00000| Complete 
| 123|0x0000000087b00000, 0x0000000087c00000, 0x0000000087c00000|100%| S|CS|TAMS 0x0000000087b00000, 0x0000000087b00000| Complete 
| 124|0x0000000087c00000, 0x0000000087c00000, 0x0000000087d00000|  0%| F|  |TAMS 0x0000000087c00000, 0x0000000087c00000| Untracked 
| 125|0x0000000087d00000, 0x0000000087d00000, 0x0000000087e00000|  0%| F|  |TAMS 0x0000000087d00000, 0x0000000087d00000| Untracked 
| 126|0x0000000087e00000, 0x0000000087e00000, 0x0000000087f00000|  0%| F|  |TAMS 0x0000000087e00000, 0x0000000087e00000| Untracked 
| 127|0x0000000087f00000, 0x0000000087f00000, 0x0000000088000000|  0%| F|  |TAMS 0x0000000087f00000, 0x0000000087f00000| Untracked 
| 128|0x0000000088000000, 0x0000000088000000, 0x0000000088100000|  0%| F|  |TAMS 0x0000000088000000, 0x0000000088000000| Untracked 
| 129|0x0000000088100000, 0x0000000088100000, 0x0000000088200000|  0%| F|  |TAMS 0x0000000088100000, 0x0000000088100000| Untracked 
| 130|0x0000000088200000, 0x0000000088200000, 0x0000000088300000|  0%| F|  |TAMS 0x0000000088200000, 0x0000000088200000| Untracked 
| 131|0x0000000088300000, 0x0000000088300000, 0x0000000088400000|  0%| F|  |TAMS 0x0000000088300000, 0x0000000088300000| Untracked 
| 132|0x0000000088400000, 0x0000000088400000, 0x0000000088500000|  0%| F|  |TAMS 0x0000000088400000, 0x0000000088400000| Untracked 
| 133|0x0000000088500000, 0x0000000088500000, 0x0000000088600000|  0%| F|  |TAMS 0x0000000088500000, 0x0000000088500000| Untracked 
| 134|0x0000000088600000, 0x0000000088600000, 0x0000000088700000|  0%| F|  |TAMS 0x0000000088600000, 0x0000000088600000| Untracked 
| 135|0x0000000088700000, 0x0000000088700000, 0x0000000088800000|  0%| F|  |TAMS 0x0000000088700000, 0x0000000088700000| Untracked 
| 136|0x0000000088800000, 0x0000000088800000, 0x0000000088900000|  0%| F|  |TAMS 0x0000000088800000, 0x0000000088800000| Untracked 
| 137|0x0000000088900000, 0x0000000088900000, 0x0000000088a00000|  0%| F|  |TAMS 0x0000000088900000, 0x0000000088900000| Untracked 
| 138|0x0000000088a00000, 0x0000000088a00000, 0x0000000088b00000|  0%| F|  |TAMS 0x0000000088a00000, 0x0000000088a00000| Untracked 
| 139|0x0000000088b00000, 0x0000000088b00000, 0x0000000088c00000|  0%| F|  |TAMS 0x0000000088b00000, 0x0000000088b00000| Untracked 
| 140|0x0000000088c00000, 0x0000000088c00000, 0x0000000088d00000|  0%| F|  |TAMS 0x0000000088c00000, 0x0000000088c00000| Untracked 
| 141|0x0000000088d00000, 0x0000000088d00000, 0x0000000088e00000|  0%| F|  |TAMS 0x0000000088d00000, 0x0000000088d00000| Untracked 
| 142|0x0000000088e00000, 0x0000000088e00000, 0x0000000088f00000|  0%| F|  |TAMS 0x0000000088e00000, 0x0000000088e00000| Untracked 
| 143|0x0000000088f00000, 0x0000000088f00000, 0x0000000089000000|  0%| F|  |TAMS 0x0000000088f00000, 0x0000000088f00000| Untracked 
| 144|0x0000000089000000, 0x0000000089000000, 0x0000000089100000|  0%| F|  |TAMS 0x0000000089000000, 0x0000000089000000| Untracked 
| 145|0x0000000089100000, 0x0000000089100000, 0x0000000089200000|  0%| F|  |TAMS 0x0000000089100000, 0x0000000089100000| Untracked 
| 146|0x0000000089200000, 0x0000000089200000, 0x0000000089300000|  0%| F|  |TAMS 0x0000000089200000, 0x0000000089200000| Untracked 
| 147|0x0000000089300000, 0x0000000089300000, 0x0000000089400000|  0%| F|  |TAMS 0x0000000089300000, 0x0000000089300000| Untracked 
| 148|0x0000000089400000, 0x0000000089400000, 0x0000000089500000|  0%| F|  |TAMS 0x0000000089400000, 0x0000000089400000| Untracked 
| 149|0x0000000089500000, 0x0000000089500000, 0x0000000089600000|  0%| F|  |TAMS 0x0000000089500000, 0x0000000089500000| Untracked 
| 150|0x0000000089600000, 0x0000000089600000, 0x0000000089700000|  0%| F|  |TAMS 0x0000000089600000, 0x0000000089600000| Untracked 
| 151|0x0000000089700000, 0x0000000089700000, 0x0000000089800000|  0%| F|  |TAMS 0x0000000089700000, 0x0000000089700000| Untracked 

Card table byte_map: [0x0000021ea9fd0000,0x0000021eaa3d0000] _byte_map_base: 0x0000021ea9bd0000

Marking Bits (Prev, Next): (CMBitMap*) 0x0000021e97440bf0, (CMBitMap*) 0x0000021e97440c30
 Prev Bits: [0x0000021eaa7d0000, 0x0000021eac7d0000)
 Next Bits: [0x0000021eac7d0000, 0x0000021eae7d0000)

Polling page: 0x0000021e96ba0000

Metaspace:

Usage:
  Non-class:     69.34 MB used.
      Class:     10.59 MB used.
       Both:     79.93 MB used.

Virtual space:
  Non-class space:       72.00 MB reserved,      69.69 MB ( 97%) committed,  9 nodes.
      Class space:        1.00 GB reserved,      10.94 MB (  1%) committed,  1 nodes.
             Both:        1.07 GB reserved,      80.62 MB (  7%) committed. 

Chunk freelists:
   Non-Class:  1.88 MB
       Class:  928.00 KB
        Both:  2.78 MB

MaxMetaspaceSize: unlimited
CompressedClassSpaceSize: 1.00 GB
Initial GC threshold: 21.00 MB
Current GC threshold: 103.44 MB
CDS: off
MetaspaceReclaimPolicy: balanced
 - commit_granule_bytes: 65536.
 - commit_granule_words: 8192.
 - virtual_space_node_default_size: 1048576.
 - enlarge_chunks_in_place: 1.
 - new_chunks_are_fully_committed: 0.
 - uncommit_free_chunks: 1.
 - use_allocation_guard: 0.
 - handle_deallocations: 1.


Internal statistics:

num_allocs_failed_limit: 3.
num_arena_births: 824.
num_arena_deaths: 0.
num_vsnodes_births: 10.
num_vsnodes_deaths: 0.
num_space_committed: 1290.
num_space_uncommitted: 0.
num_chunks_returned_to_freelist: 3.
num_chunks_taken_from_freelist: 3684.
num_chunk_merges: 3.
num_chunk_splits: 2492.
num_chunks_enlarged: 1728.
num_purges: 0.
num_inconsistent_stats: 0.

CodeHeap 'non-profiled nmethods': size=120000Kb used=4156Kb max_used=4156Kb free=115843Kb
 bounds [0x0000021ea2370000, 0x0000021ea2780000, 0x0000021ea98a0000]
CodeHeap 'profiled nmethods': size=120000Kb used=14450Kb max_used=14450Kb free=105549Kb
 bounds [0x0000021e9a8a0000, 0x0000021e9b6c0000, 0x0000021ea1dd0000]
CodeHeap 'non-nmethods': size=5760Kb used=2379Kb max_used=2435Kb free=3381Kb
 bounds [0x0000021ea1dd0000, 0x0000021ea2040000, 0x0000021ea2370000]
 total_blobs=8270 nmethods=7358 adapters=823
 compilation: enabled
              stopped_count=0, restarted_count=0
 full_count=0

Compilation events (20 events):
Event: 16.670 Thread 0x0000021eb1c2da50 nmethod 8187 0x0000021e9b6b4e90 code [0x0000021e9b6b5140, 0x0000021e9b6b6128]
Event: 16.670 Thread 0x0000021eb1c2da50 8188       3       java.util.regex.Pattern::bitsOrSingle (106 bytes)
Event: 16.670 Thread 0x0000021eb1c2da50 nmethod 8188 0x0000021e9b6b6710 code [0x0000021e9b6b6900, 0x0000021e9b6b6f58]
Event: 16.671 Thread 0x0000021eb1c2da50 8189       3       java.lang.AbstractStringBuilder::append (63 bytes)
Event: 16.672 Thread 0x0000021eb1c2da50 nmethod 8189 0x0000021e9b6b7090 code [0x0000021e9b6b7280, 0x0000021e9b6b77c8]
Event: 16.672 Thread 0x0000021eb1c2da50 8190       3       java.lang.String::indexOf (18 bytes)
Event: 16.673 Thread 0x0000021eb1c2da50 nmethod 8190 0x0000021e9b6b7910 code [0x0000021e9b6b7ae0, 0x0000021e9b6b7da8]
Event: 16.673 Thread 0x0000021eb1c2da50 8193       3       java.lang.String::indexOf (113 bytes)
Event: 16.673 Thread 0x0000021eb1c2da50 nmethod 8193 0x0000021e9b6b7f10 code [0x0000021e9b6b8140, 0x0000021e9b6b8768]
Event: 16.675 Thread 0x0000021eb1c2da50 8194       3       java.lang.AbstractStringBuilder::append (45 bytes)
Event: 16.675 Thread 0x0000021eb1c2da50 nmethod 8194 0x0000021e9b6b8910 code [0x0000021e9b6b8ae0, 0x0000021e9b6b8e28]
Event: 16.677 Thread 0x0000021eb1c2da50 8195       3       java.util.regex.Pattern$CharPropertyGreedy::study (45 bytes)
Event: 16.677 Thread 0x0000021eb1c2da50 nmethod 8195 0x0000021e9b6b8f90 code [0x0000021e9b6b9140, 0x0000021e9b6b9368]
Event: 16.678 Thread 0x0000021eb1c2da50 8196       3       java.lang.AbstractStringBuilder::putStringAt (12 bytes)
Event: 16.678 Thread 0x0000021eb1c2da50 nmethod 8196 0x0000021e9b6b9490 code [0x0000021e9b6b9640, 0x0000021e9b6b9888]
Event: 16.678 Thread 0x0000021eb1c2da50 8199       3       java.lang.StringBuilder::toString (35 bytes)
Event: 16.679 Thread 0x0000021eb1c2da50 nmethod 8199 0x0000021e9b6b9a10 code [0x0000021e9b6b9be0, 0x0000021e9b6b9eb8]
Event: 16.679 Thread 0x0000021eb1c2da50 8198       3       java.util.regex.Pattern::clazz (450 bytes)
Event: 16.680 Thread 0x0000021eb1c2da50 nmethod 8198 0x0000021e9b6b9f90 code [0x0000021e9b6ba3a0, 0x0000021e9b6bc198]
Event: 16.680 Thread 0x0000021eb1c2da50 8197       3       java.util.regex.Pattern$BitClass::<init> (14 bytes)

GC Heap History (20 events):
Event: 12.571 GC heap after
{Heap after GC invocations=29 (full 0):
 garbage-first heap   total 106496K, used 62883K [0x0000000080000000, 0x0000000100000000)
  region size 1024K, 2 young (2048K), 2 survivors (2048K)
 Metaspace       used 56213K, committed 56832K, reserved 1105920K
  class space    used 7528K, committed 7808K, reserved 1048576K
}
Event: 12.911 GC heap before
{Heap before GC invocations=30 (full 0):
 garbage-first heap   total 114688K, used 84387K [0x0000000080000000, 0x0000000100000000)
  region size 1024K, 16 young (16384K), 2 survivors (2048K)
 Metaspace       used 57259K, committed 57856K, reserved 1105920K
  class space    used 7657K, committed 7936K, reserved 1048576K
}
Event: 12.914 GC heap after
{Heap after GC invocations=31 (full 0):
 garbage-first heap   total 114688K, used 74935K [0x0000000080000000, 0x0000000100000000)
  region size 1024K, 2 young (2048K), 2 survivors (2048K)
 Metaspace       used 57259K, committed 57856K, reserved 1105920K
  class space    used 7657K, committed 7936K, reserved 1048576K
}
Event: 12.960 GC heap before
{Heap before GC invocations=31 (full 0):
 garbage-first heap   total 114688K, used 76983K [0x0000000080000000, 0x0000000100000000)
  region size 1024K, 5 young (5120K), 2 survivors (2048K)
 Metaspace       used 57600K, committed 58240K, reserved 1105920K
  class space    used 7710K, committed 8000K, reserved 1048576K
}
Event: 12.962 GC heap after
{Heap after GC invocations=32 (full 0):
 garbage-first heap   total 155648K, used 74908K [0x0000000080000000, 0x0000000100000000)
  region size 1024K, 1 young (1024K), 1 survivors (1024K)
 Metaspace       used 57600K, committed 58240K, reserved 1105920K
  class space    used 7710K, committed 8000K, reserved 1048576K
}
Event: 13.606 GC heap before
{Heap before GC invocations=32 (full 0):
 garbage-first heap   total 155648K, used 106652K [0x0000000080000000, 0x0000000100000000)
  region size 1024K, 32 young (32768K), 1 survivors (1024K)
 Metaspace       used 62728K, committed 63360K, reserved 1105920K
  class space    used 8312K, committed 8576K, reserved 1048576K
}
Event: 13.610 GC heap after
{Heap after GC invocations=33 (full 0):
 garbage-first heap   total 155648K, used 76048K [0x0000000080000000, 0x0000000100000000)
  region size 1024K, 2 young (2048K), 2 survivors (2048K)
 Metaspace       used 62728K, committed 63360K, reserved 1105920K
  class space    used 8312K, committed 8576K, reserved 1048576K
}
Event: 14.259 GC heap before
{Heap before GC invocations=34 (full 0):
 garbage-first heap   total 155648K, used 114960K [0x0000000080000000, 0x0000000100000000)
  region size 1024K, 36 young (36864K), 2 survivors (2048K)
 Metaspace       used 67672K, committed 68416K, reserved 1114112K
  class space    used 8974K, committed 9280K, reserved 1048576K
}
Event: 14.268 GC heap after
{Heap after GC invocations=35 (full 0):
 garbage-first heap   total 155648K, used 85015K [0x0000000080000000, 0x0000000100000000)
  region size 1024K, 5 young (5120K), 5 survivors (5120K)
 Metaspace       used 67672K, committed 68416K, reserved 1114112K
  class space    used 8974K, committed 9280K, reserved 1048576K
}
Event: 14.279 GC heap before
{Heap before GC invocations=35 (full 0):
 garbage-first heap   total 155648K, used 88087K [0x0000000080000000, 0x0000000100000000)
  region size 1024K, 7 young (7168K), 5 survivors (5120K)
 Metaspace       used 67677K, committed 68416K, reserved 1114112K
  class space    used 8974K, committed 9280K, reserved 1048576K
}
Event: 14.283 GC heap after
{Heap after GC invocations=36 (full 0):
 garbage-first heap   total 155648K, used 86583K [0x0000000080000000, 0x0000000100000000)
  region size 1024K, 1 young (1024K), 1 survivors (1024K)
 Metaspace       used 67677K, committed 68416K, reserved 1114112K
  class space    used 8974K, committed 9280K, reserved 1048576K
}
Event: 14.669 GC heap before
{Heap before GC invocations=36 (full 0):
 garbage-first heap   total 155648K, used 116279K [0x0000000080000000, 0x0000000100000000)
  region size 1024K, 30 young (30720K), 1 survivors (1024K)
 Metaspace       used 70237K, committed 70912K, reserved 1114112K
  class space    used 9311K, committed 9600K, reserved 1048576K
}
Event: 14.672 GC heap after
{Heap after GC invocations=37 (full 0):
 garbage-first heap   total 155648K, used 88626K [0x0000000080000000, 0x0000000100000000)
  region size 1024K, 3 young (3072K), 3 survivors (3072K)
 Metaspace       used 70237K, committed 70912K, reserved 1114112K
  class space    used 9311K, committed 9600K, reserved 1048576K
}
Event: 15.231 GC heap before
{Heap before GC invocations=37 (full 0):
 garbage-first heap   total 155648K, used 119346K [0x0000000080000000, 0x0000000100000000)
  region size 1024K, 33 young (33792K), 3 survivors (3072K)
 Metaspace       used 73614K, committed 74304K, reserved 1114112K
  class space    used 9769K, committed 10112K, reserved 1048576K
}
Event: 15.235 GC heap after
{Heap after GC invocations=38 (full 0):
 garbage-first heap   total 155648K, used 90105K [0x0000000080000000, 0x0000000100000000)
  region size 1024K, 4 young (4096K), 4 survivors (4096K)
 Metaspace       used 73614K, committed 74304K, reserved 1114112K
  class space    used 9769K, committed 10112K, reserved 1048576K
}
Event: 15.785 GC heap before
{Heap before GC invocations=38 (full 0):
 garbage-first heap   total 155648K, used 121849K [0x0000000080000000, 0x0000000100000000)
  region size 1024K, 35 young (35840K), 4 survivors (4096K)
 Metaspace       used 77587K, committed 78336K, reserved 1122304K
  class space    used 10285K, committed 10624K, reserved 1048576K
}
Event: 15.791 GC heap after
{Heap after GC invocations=39 (full 0):
 garbage-first heap   total 155648K, used 92591K [0x0000000080000000, 0x0000000100000000)
  region size 1024K, 5 young (5120K), 5 survivors (5120K)
 Metaspace       used 77587K, committed 78336K, reserved 1122304K
  class space    used 10285K, committed 10624K, reserved 1048576K
}
Event: 16.191 GC heap before
{Heap before GC invocations=39 (full 0):
 garbage-first heap   total 155648K, used 123311K [0x0000000080000000, 0x0000000100000000)
  region size 1024K, 35 young (35840K), 5 survivors (5120K)
 Metaspace       used 78936K, committed 79680K, reserved 1122304K
  class space    used 10455K, committed 10816K, reserved 1048576K
}
Event: 16.198 GC heap after
{Heap after GC invocations=40 (full 0):
 garbage-first heap   total 155648K, used 96298K [0x0000000080000000, 0x0000000100000000)
  region size 1024K, 5 young (5120K), 5 survivors (5120K)
 Metaspace       used 78936K, committed 79680K, reserved 1122304K
  class space    used 10455K, committed 10816K, reserved 1048576K
}
Event: 16.680 GC heap before
{Heap before GC invocations=40 (full 0):
 garbage-first heap   total 155648K, used 124970K [0x0000000080000000, 0x0000000100000000)
  region size 1024K, 33 young (33792K), 5 survivors (5120K)
 Metaspace       used 81852K, committed 82560K, reserved 1122304K
  class space    used 10849K, committed 11200K, reserved 1048576K
}

Dll operation events (2 events):
Event: 0.014 Loaded shared library C:\Program Files\Android\Android Studio\jbr\bin\java.dll
Event: 0.659 Loaded shared library C:\Program Files\Android\Android Studio\jbr\bin\verify.dll

Deoptimization events (20 events):
Event: 16.666 Thread 0x0000021eb4675300 Uncommon trap: trap_request=0xffffff45 fr.pc=0x0000021ea2445554 relative=0x0000000000000514
Event: 16.666 Thread 0x0000021eb4675300 Uncommon trap: reason=unstable_if action=reinterpret pc=0x0000021ea2445554 method=java.lang.AbstractStringBuilder.appendChars(Ljava/lang/String;II)V @ 11 c2
Event: 16.666 Thread 0x0000021eb4675300 DEOPT PACKING pc=0x0000021ea2445554 sp=0x0000004f2abf6d20
Event: 16.666 Thread 0x0000021eb4675300 DEOPT UNPACKING pc=0x0000021ea1e269a3 sp=0x0000004f2abf6c50 mode 2
Event: 16.666 Thread 0x0000021eb4675300 Uncommon trap: trap_request=0xffffff45 fr.pc=0x0000021ea2446c6c relative=0x000000000000014c
Event: 16.666 Thread 0x0000021eb4675300 Uncommon trap: reason=unstable_if action=reinterpret pc=0x0000021ea2446c6c method=java.lang.AbstractStringBuilder.appendChars(Ljava/lang/String;II)V @ 11 c2
Event: 16.666 Thread 0x0000021eb4675300 DEOPT PACKING pc=0x0000021ea2446c6c sp=0x0000004f2abf6c90
Event: 16.666 Thread 0x0000021eb4675300 DEOPT UNPACKING pc=0x0000021ea1e269a3 sp=0x0000004f2abf6c40 mode 2
Event: 16.666 Thread 0x0000021eb4675300 Uncommon trap: trap_request=0xffffff45 fr.pc=0x0000021ea242ab74 relative=0x00000000000003d4
Event: 16.666 Thread 0x0000021eb4675300 Uncommon trap: reason=unstable_if action=reinterpret pc=0x0000021ea242ab74 method=java.lang.StringBuilder.toString()Ljava/lang/String; @ 4 c2
Event: 16.666 Thread 0x0000021eb4675300 DEOPT PACKING pc=0x0000021ea242ab74 sp=0x0000004f2abf6dd0
Event: 16.666 Thread 0x0000021eb4675300 DEOPT UNPACKING pc=0x0000021ea1e269a3 sp=0x0000004f2abf6db0 mode 2
Event: 16.666 Thread 0x0000021eb4675300 Uncommon trap: trap_request=0xffffff45 fr.pc=0x0000021ea23bf4ec relative=0x00000000000004ac
Event: 16.666 Thread 0x0000021eb4675300 Uncommon trap: reason=unstable_if action=reinterpret pc=0x0000021ea23bf4ec method=java.lang.AbstractStringBuilder.putStringAt(ILjava/lang/String;II)V @ 8 c2
Event: 16.666 Thread 0x0000021eb4675300 DEOPT PACKING pc=0x0000021ea23bf4ec sp=0x0000004f2abf6d40
Event: 16.666 Thread 0x0000021eb4675300 DEOPT UNPACKING pc=0x0000021ea1e269a3 sp=0x0000004f2abf6c20 mode 2
Event: 16.666 Thread 0x0000021eb4675300 Uncommon trap: trap_request=0xffffff45 fr.pc=0x0000021ea23a7c4c relative=0x000000000000012c
Event: 16.666 Thread 0x0000021eb4675300 Uncommon trap: reason=unstable_if action=reinterpret pc=0x0000021ea23a7c4c method=java.lang.AbstractStringBuilder.putStringAt(ILjava/lang/String;II)V @ 8 c2
Event: 16.666 Thread 0x0000021eb4675300 DEOPT PACKING pc=0x0000021ea23a7c4c sp=0x0000004f2abf6cc0
Event: 16.666 Thread 0x0000021eb4675300 DEOPT UNPACKING pc=0x0000021ea1e269a3 sp=0x0000004f2abf6c08 mode 2

Classes unloaded (0 events):
No events

Classes redefined (0 events):
No events

Internal exceptions (20 events):
Event: 15.092 Thread 0x0000021eb4675300 Exception <a 'java/lang/ClassNotFoundException'{0x0000000088126528}: org/gradle/api/plugins/internal/DefaultBasePluginConventionCustomizer> (0x0000000088126528) 
thrown [s\src\hotspot\share\classfile\systemDictionary.cpp, line 256]
Event: 15.093 Thread 0x0000021eb4675300 Exception <a 'java/lang/ClassNotFoundException'{0x000000008814f1b8}: org/gradle/api/plugins/internal/DefaultBasePluginConvention_DecoratedCustomizer> (0x000000008814f1b8) 
thrown [s\src\hotspot\share\classfile\systemDictionary.cpp, line 256]
Event: 15.098 Thread 0x0000021eb4675300 Exception <a 'java/lang/ClassNotFoundException'{0x00000000881bea58}: org/gradle/api/plugins/internal/DefaultJavaPluginConvention_DecoratedBeanInfo> (0x00000000881bea58) 
thrown [s\src\hotspot\share\classfile\systemDictionary.cpp, line 256]
Event: 15.101 Thread 0x0000021eb4675300 Exception <a 'java/lang/ClassNotFoundException'{0x00000000881d61b0}: org/gradle/api/plugins/internal/DefaultJavaPluginConventionBeanInfo> (0x00000000881d61b0) 
thrown [s\src\hotspot\share\classfile\systemDictionary.cpp, line 256]
Event: 15.102 Thread 0x0000021eb4675300 Exception <a 'java/lang/ClassNotFoundException'{0x00000000881eda28}: org/gradle/api/plugins/JavaPluginConventionBeanInfo> (0x00000000881eda28) 
thrown [s\src\hotspot\share\classfile\systemDictionary.cpp, line 256]
Event: 15.104 Thread 0x0000021eb4675300 Exception <a 'java/lang/ClassNotFoundException'{0x0000000088004f98}: org/gradle/api/plugins/JavaPluginConventionCustomizer> (0x0000000088004f98) 
thrown [s\src\hotspot\share\classfile\systemDictionary.cpp, line 256]
Event: 15.107 Thread 0x0000021eb4675300 Exception <a 'java/lang/ClassNotFoundException'{0x000000008802ff20}: org/gradle/api/plugins/internal/DefaultJavaPluginConventionCustomizer> (0x000000008802ff20) 
thrown [s\src\hotspot\share\classfile\systemDictionary.cpp, line 256]
Event: 15.110 Thread 0x0000021eb4675300 Exception <a 'java/lang/ClassNotFoundException'{0x000000008806cda0}: org/gradle/api/plugins/internal/DefaultJavaPluginConvention_DecoratedCustomizer> (0x000000008806cda0) 
thrown [s\src\hotspot\share\classfile\systemDictionary.cpp, line 256]
Event: 15.384 Thread 0x0000021eb4675300 Exception <a 'java/lang/ClassNotFoundException'{0x0000000089147380}: org/jetbrains/kotlin/gradle/targets/js/npm/DefaultNpmDependencyExtensionBeanInfo> (0x0000000089147380) 
thrown [s\src\hotspot\share\classfile\systemDictionary.cpp, line 256]
Event: 15.384 Thread 0x0000021eb4675300 Exception <a 'java/lang/ClassNotFoundException'{0x00000000891529f0}: org/jetbrains/kotlin/gradle/targets/js/npm/DefaultNpmDependencyExtensionCustomizer> (0x00000000891529f0) 
thrown [s\src\hotspot\share\classfile\systemDictionary.cpp, line 256]
Event: 15.392 Thread 0x0000021eb4675300 Exception <a 'java/lang/ClassNotFoundException'{0x00000000891bf118}: org/jetbrains/kotlin/gradle/targets/js/npm/NpmDependencyExtensionKt$defaultNpmDependencyDelegate$1BeanInfo> (0x00000000891bf118) 
thrown [s\src\hotspot\share\classfile\systemDictionary.cpp, line 256]
Event: 15.392 Thread 0x0000021eb4675300 Exception <a 'java/lang/ClassNotFoundException'{0x00000000891ca7d0}: org/jetbrains/kotlin/gradle/targets/js/npm/NpmDependencyExtensionDelegateBeanInfo> (0x00000000891ca7d0) 
thrown [s\src\hotspot\share\classfile\systemDictionary.cpp, line 256]
Event: 15.393 Thread 0x0000021eb4675300 Exception <a 'java/lang/ClassNotFoundException'{0x00000000891d5e50}: org/jetbrains/kotlin/gradle/targets/js/npm/NpmDependencyExtensionDelegateCustomizer> (0x00000000891d5e50) 
thrown [s\src\hotspot\share\classfile\systemDictionary.cpp, line 256]
Event: 15.394 Thread 0x0000021eb4675300 Exception <a 'java/lang/ClassNotFoundException'{0x00000000891f9938}: org/jetbrains/kotlin/gradle/targets/js/npm/NpmDependencyExtensionKt$defaultNpmDependencyDelegate$1Customizer> (0x00000000891f9938) 
thrown [s\src\hotspot\share\classfile\systemDictionary.cpp, line 256]
Event: 15.397 Thread 0x0000021eb4675300 Exception <a 'java/lang/ClassNotFoundException'{0x000000008902f208}: org/jetbrains/kotlin/gradle/targets/js/npm/DefaultDevNpmDependencyExtensionBeanInfo> (0x000000008902f208) 
thrown [s\src\hotspot\share\classfile\systemDictionary.cpp, line 256]
Event: 15.397 Thread 0x0000021eb4675300 Exception <a 'java/lang/ClassNotFoundException'{0x000000008903a890}: org/jetbrains/kotlin/gradle/targets/js/npm/DefaultDevNpmDependencyExtensionCustomizer> (0x000000008903a890) 
thrown [s\src\hotspot\share\classfile\systemDictionary.cpp, line 256]
Event: 15.400 Thread 0x0000021eb4675300 Exception <a 'java/lang/ClassNotFoundException'{0x0000000089074ea0}: org/jetbrains/kotlin/gradle/targets/js/npm/DefaultPeerNpmDependencyExtensionBeanInfo> (0x0000000089074ea0) 
thrown [s\src\hotspot\share\classfile\systemDictionary.cpp, line 256]
Event: 15.400 Thread 0x0000021eb4675300 Exception <a 'java/lang/ClassNotFoundException'{0x0000000089080558}: org/jetbrains/kotlin/gradle/targets/js/npm/DefaultPeerNpmDependencyExtensionCustomizer> (0x0000000089080558) 
thrown [s\src\hotspot\share\classfile\systemDictionary.cpp, line 256]
Event: 15.404 Thread 0x0000021eb4675300 Exception <a 'java/lang/ClassNotFoundException'{0x00000000890c1dd8}: org/jetbrains/kotlin/gradle/targets/js/npm/DefaultPeerNpmDependencyExtension$delegate$1BeanInfo> (0x00000000890c1dd8) 
thrown [s\src\hotspot\share\classfile\systemDictionary.cpp, line 256]
Event: 15.404 Thread 0x0000021eb4675300 Exception <a 'java/lang/ClassNotFoundException'{0x00000000890cd658}: org/jetbrains/kotlin/gradle/targets/js/npm/DefaultPeerNpmDependencyExtension$delegate$1Customizer> (0x00000000890cd658) 
thrown [s\src\hotspot\share\classfile\systemDictionary.cpp, line 256]

VM Operations (20 events):
Event: 14.268 Executing VM operation: G1CollectForAllocation done
Event: 14.279 Executing VM operation: G1CollectForAllocation
Event: 14.283 Executing VM operation: G1CollectForAllocation done
Event: 14.668 Executing VM operation: G1CollectForAllocation
Event: 14.672 Executing VM operation: G1CollectForAllocation done
Event: 14.895 Executing VM operation: HandshakeAllThreads
Event: 14.895 Executing VM operation: HandshakeAllThreads done
Event: 15.084 Executing VM operation: HandshakeAllThreads
Event: 15.084 Executing VM operation: HandshakeAllThreads done
Event: 15.092 Executing VM operation: ICBufferFull
Event: 15.092 Executing VM operation: ICBufferFull done
Event: 15.231 Executing VM operation: G1CollectForAllocation
Event: 15.235 Executing VM operation: G1CollectForAllocation done
Event: 15.785 Executing VM operation: G1CollectForAllocation
Event: 15.791 Executing VM operation: G1CollectForAllocation done
Event: 16.191 Executing VM operation: G1CollectForAllocation
Event: 16.198 Executing VM operation: G1CollectForAllocation done
Event: 16.316 Executing VM operation: HandshakeAllThreads
Event: 16.316 Executing VM operation: HandshakeAllThreads done
Event: 16.680 Executing VM operation: G1CollectForAllocation

Events (20 events):
Event: 14.952 loading class java/text/CharacterIterator
Event: 14.952 loading class java/text/CharacterIterator done
Event: 14.998 loading class java/time/format/DateTimeFormatterBuilder$WeekBasedFieldPrinterParser
Event: 14.998 loading class java/time/format/DateTimeFormatterBuilder$WeekBasedFieldPrinterParser done
Event: 15.010 loading class com/sun/jmx/mbeanserver/StandardMBeanSupport
Event: 15.010 loading class com/sun/jmx/mbeanserver/StandardMBeanSupport done
Event: 15.010 loading class com/sun/jmx/mbeanserver/StandardMBeanIntrospector
Event: 15.010 loading class com/sun/jmx/mbeanserver/StandardMBeanIntrospector done
Event: 15.565 Thread 0x0000021eb4a44310 Thread exited: 0x0000021eb4a44310
Event: 15.852 loading class java/util/ArrayList$SubList$1
Event: 15.852 loading class java/util/ArrayList$SubList$1 done
Event: 15.903 Thread 0x0000021eb4a44310 Thread added: 0x0000021eb4a44310
Event: 16.226 loading class jdk/internal/loader/URLClassPath$FileLoader
Event: 16.227 loading class jdk/internal/loader/URLClassPath$FileLoader done
Event: 16.228 loading class jdk/internal/loader/URLClassPath$FileLoader$1
Event: 16.229 loading class jdk/internal/loader/URLClassPath$FileLoader$1 done
Event: 16.590 loading class sun/reflect/generics/repository/FieldRepository
Event: 16.590 loading class sun/reflect/generics/repository/FieldRepository done
Event: 16.667 loading class java/util/regex/Pattern$Caret
Event: 16.667 loading class java/util/regex/Pattern$Caret done


Dynamic libraries:
0x00007ff785660000 - 0x00007ff78566a000 	C:\Program Files\Android\Android Studio\jbr\bin\java.exe
0x00007fff80a10000 - 0x00007fff80c26000 	C:\WINDOWS\SYSTEM32\ntdll.dll
0x00007fff7eb20000 - 0x00007fff7ebe4000 	C:\WINDOWS\System32\KERNEL32.DLL
0x00007fff7e3b0000 - 0x00007fff7e756000 	C:\WINDOWS\System32\KERNELBASE.dll
0x00007fff7e0d0000 - 0x00007fff7e1e1000 	C:\WINDOWS\System32\ucrtbase.dll
0x00007fff50440000 - 0x00007fff50457000 	C:\Program Files\Android\Android Studio\jbr\bin\jli.dll
0x00007fff75160000 - 0x00007fff7517b000 	C:\Program Files\Android\Android Studio\jbr\bin\VCRUNTIME140.dll
0x00007fff7f9a0000 - 0x00007fff7fb4d000 	C:\WINDOWS\System32\USER32.dll
0x00007fff7dd50000 - 0x00007fff7dd76000 	C:\WINDOWS\System32\win32u.dll
0x00007fff729c0000 - 0x00007fff72c53000 	C:\WINDOWS\WinSxS\amd64_microsoft.windows.common-controls_6595b64144ccf1df_6.0.22621.3235_none_270f74e173860f98\COMCTL32.dll
0x00007fff7f080000 - 0x00007fff7f0a9000 	C:\WINDOWS\System32\GDI32.dll
0x00007fff7fd10000 - 0x00007fff7fdb7000 	C:\WINDOWS\System32\msvcrt.dll
0x00007fff7e260000 - 0x00007fff7e378000 	C:\WINDOWS\System32\gdi32full.dll
0x00007fff7dd80000 - 0x00007fff7de1a000 	C:\WINDOWS\System32\msvcp_win.dll
0x00007fff806d0000 - 0x00007fff80701000 	C:\WINDOWS\System32\IMM32.DLL
0x00007fff75030000 - 0x00007fff7503c000 	C:\Program Files\Android\Android Studio\jbr\bin\vcruntime140_1.dll
0x00007fff3eb90000 - 0x00007fff3ec1d000 	C:\Program Files\Android\Android Studio\jbr\bin\msvcp140.dll
0x00007ffee4be0000 - 0x00007ffee584e000 	C:\Program Files\Android\Android Studio\jbr\bin\server\jvm.dll
0x00007fff7e760000 - 0x00007fff7e812000 	C:\WINDOWS\System32\ADVAPI32.dll
0x00007fff808d0000 - 0x00007fff80978000 	C:\WINDOWS\System32\sechost.dll
0x00007fff7e380000 - 0x00007fff7e3a8000 	C:\WINDOWS\System32\bcrypt.dll
0x00007fff7e820000 - 0x00007fff7e935000 	C:\WINDOWS\System32\RPCRT4.dll
0x00007fff619c0000 - 0x00007fff619c9000 	C:\WINDOWS\SYSTEM32\WSOCK32.dll
0x00007fff76140000 - 0x00007fff76174000 	C:\WINDOWS\SYSTEM32\WINMM.dll
0x00007fff74e10000 - 0x00007fff74e1a000 	C:\WINDOWS\SYSTEM32\VERSION.dll
0x00007fff7e940000 - 0x00007fff7e9b1000 	C:\WINDOWS\System32\WS2_32.dll
0x00007fff7cd90000 - 0x00007fff7cda8000 	C:\WINDOWS\SYSTEM32\kernel.appcore.dll
0x00007fff790a0000 - 0x00007fff790aa000 	C:\Program Files\Android\Android Studio\jbr\bin\jimage.dll
0x00007fff6d7b0000 - 0x00007fff6d9e3000 	C:\WINDOWS\SYSTEM32\DBGHELP.DLL
0x00007fff7ff80000 - 0x00007fff80308000 	C:\WINDOWS\System32\combase.dll
0x00007fff7ea40000 - 0x00007fff7eb17000 	C:\WINDOWS\System32\OLEAUT32.dll
0x00007fff73220000 - 0x00007fff73252000 	C:\WINDOWS\SYSTEM32\dbgcore.DLL
0x00007fff7e050000 - 0x00007fff7e0ca000 	C:\WINDOWS\System32\bcryptPrimitives.dll
0x00007fff51e60000 - 0x00007fff51e85000 	C:\Program Files\Android\Android Studio\jbr\bin\java.dll
0x00007fff52040000 - 0x00007fff52058000 	C:\Program Files\Android\Android Studio\jbr\bin\zip.dll
0x00007fff7f140000 - 0x00007fff7f99d000 	C:\WINDOWS\System32\SHELL32.dll
0x00007fff7bcb0000 - 0x00007fff7c5a8000 	C:\WINDOWS\SYSTEM32\windows.storage.dll
0x00007fff7bb70000 - 0x00007fff7bcae000 	C:\WINDOWS\SYSTEM32\wintypes.dll
0x00007fff7fb50000 - 0x00007fff7fc43000 	C:\WINDOWS\System32\SHCORE.dll
0x00007fff7fdd0000 - 0x00007fff7fe2e000 	C:\WINDOWS\System32\shlwapi.dll
0x00007fff7dc80000 - 0x00007fff7dca6000 	C:\WINDOWS\SYSTEM32\profapi.dll
0x00007fff51e10000 - 0x00007fff51e29000 	C:\Program Files\Android\Android Studio\jbr\bin\net.dll
0x00007fff78390000 - 0x00007fff784c7000 	C:\WINDOWS\SYSTEM32\WINHTTP.dll
0x00007fff7d280000 - 0x00007fff7d2e9000 	C:\WINDOWS\system32\mswsock.dll
0x00007fff51df0000 - 0x00007fff51e06000 	C:\Program Files\Android\Android Studio\jbr\bin\nio.dll
0x00007fff787f0000 - 0x00007fff78800000 	C:\Program Files\Android\Android Studio\jbr\bin\verify.dll
0x00007fff751a0000 - 0x00007fff751c7000 	C:\Users\23480\.gradle\native\68d5fa5c4cc2d200863cafc0d521ce42e7d3e7ee720ec0a83991735586a16f82\windows-amd64\native-platform.dll
0x00007fff406c0000 - 0x00007fff40804000 	C:\Users\23480\.gradle\native\e376f236ea51e6404a007f0833ffe2c6e607c4080706a723a18a27aeea778392\windows-amd64\native-platform-file-events.dll
0x00007fff77900000 - 0x00007fff77909000 	C:\Program Files\Android\Android Studio\jbr\bin\management.dll
0x00007fff658f0000 - 0x00007fff658fb000 	C:\Program Files\Android\Android Studio\jbr\bin\management_ext.dll
0x00007fff7f070000 - 0x00007fff7f078000 	C:\WINDOWS\System32\PSAPI.DLL
0x00007fff7d4d0000 - 0x00007fff7d4eb000 	C:\WINDOWS\SYSTEM32\CRYPTSP.dll
0x00007fff7ccf0000 - 0x00007fff7cd25000 	C:\WINDOWS\system32\rsaenh.dll
0x00007fff7d370000 - 0x00007fff7d39c000 	C:\WINDOWS\SYSTEM32\USERENV.dll
0x00007fff7d4f0000 - 0x00007fff7d4fc000 	C:\WINDOWS\SYSTEM32\CRYPTBASE.dll
0x00007fff7c810000 - 0x00007fff7c83d000 	C:\WINDOWS\SYSTEM32\IPHLPAPI.DLL
0x00007fff7fdc0000 - 0x00007fff7fdc9000 	C:\WINDOWS\System32\NSI.dll
0x00007fff78370000 - 0x00007fff78389000 	C:\WINDOWS\SYSTEM32\dhcpcsvc6.DLL
0x00007fff78350000 - 0x00007fff7836f000 	C:\WINDOWS\SYSTEM32\dhcpcsvc.DLL
0x00007fff7c880000 - 0x00007fff7c979000 	C:\WINDOWS\SYSTEM32\DNSAPI.dll
0x00007ffefce00000 - 0x00007ffefce08000 	C:\WINDOWS\system32\wshunix.dll

dbghelp: loaded successfully - version: 4.0.5 - missing functions: none
symbol engine: initialized successfully - sym options: 0x614 - pdb path: .;C:\Program Files\Android\Android Studio\jbr\bin;C:\WINDOWS\SYSTEM32;C:\WINDOWS\WinSxS\amd64_microsoft.windows.common-controls_6595b64144ccf1df_6.0.22621.3235_none_270f74e173860f98;C:\Program Files\Android\Android Studio\jbr\bin\server;C:\Users\23480\.gradle\native\68d5fa5c4cc2d200863cafc0d521ce42e7d3e7ee720ec0a83991735586a16f82\windows-amd64;C:\Users\23480\.gradle\native\e376f236ea51e6404a007f0833ffe2c6e607c4080706a723a18a27aeea778392\windows-amd64

VM Arguments:
jvm_args: --add-opens=java.base/java.util.concurrent.atomic=ALL-UNNAMED --add-opens=java.base/java.util=ALL-UNNAMED --add-opens=java.base/java.lang=ALL-UNNAMED --add-opens=java.base/java.lang.invoke=ALL-UNNAMED --add-opens=java.prefs/java.util.prefs=ALL-UNNAMED --add-opens=java.base/java.nio.charset=ALL-UNNAMED --add-opens=java.base/java.net=ALL-UNNAMED --add-opens=java.base/java.util.concurrent.atomic=ALL-UNNAMED -Xmx2048m -Dfile.encoding=UTF-8 -Duser.country=US -Duser.language=en -Duser.variant 
java_command: org.gradle.launcher.daemon.bootstrap.GradleDaemon 8.0
java_class_path (initial): C:\Users\23480\.gradle\wrapper\dists\gradle-8.0-bin\ca5e32bp14vu59qr306oxotwh\gradle-8.0\lib\gradle-launcher-8.0.jar
Launcher Type: SUN_STANDARD

[Global flags]
     intx CICompilerCount                          = 4                                         {product} {ergonomic}
     uint ConcGCThreads                            = 2                                         {product} {ergonomic}
     uint G1ConcRefinementThreads                  = 8                                         {product} {ergonomic}
   size_t G1HeapRegionSize                         = 1048576                                   {product} {ergonomic}
    uintx GCDrainStackTargetSize                   = 64                                        {product} {ergonomic}
   size_t InitialHeapSize                          = 123731968                                 {product} {ergonomic}
   size_t MarkStackSize                            = 4194304                                   {product} {ergonomic}
   size_t MaxHeapSize                              = 2147483648                                {product} {command line}
   size_t MaxNewSize                               = 1287651328                                {product} {ergonomic}
   size_t MinHeapDeltaBytes                        = 1048576                                   {product} {ergonomic}
   size_t MinHeapSize                              = 8388608                                   {product} {ergonomic}
    uintx NonNMethodCodeHeapSize                   = 5839372                                {pd product} {ergonomic}
    uintx NonProfiledCodeHeapSize                  = 122909434                              {pd product} {ergonomic}
    uintx ProfiledCodeHeapSize                     = 122909434                              {pd product} {ergonomic}
    uintx ReservedCodeCacheSize                    = 251658240                              {pd product} {ergonomic}
     bool SegmentedCodeCache                       = true                                      {product} {ergonomic}
   size_t SoftMaxHeapSize                          = 2147483648                             {manageable} {ergonomic}
     bool UseCompressedClassPointers               = true                           {product lp64_product} {ergonomic}
     bool UseCompressedOops                        = true                           {product lp64_product} {ergonomic}
     bool UseG1GC                                  = true                                      {product} {ergonomic}
     bool UseLargePagesIndividualAllocation        = false                                  {pd product} {ergonomic}

Logging:
Log output configuration:
 #0: stdout all=warning uptime,level,tags
 #1: stderr all=off uptime,level,tags

Environment Variables:
PATH=C:\WINDOWS\system32;C:\WINDOWS;C:\WINDOWS\System32\Wbem;C:\WINDOWS\System32\WindowsPowerShell\v1.0\;C:\WINDOWS\System32\OpenSSH\;C:\Program Files\nodejs\;C:\Program Files\Git\cmd;C:\Users\23480\AppData\Local\Programs\Python\Python311\Scripts\;C:\Users\23480\AppData\Local\Programs\Python\Python311\;C:\Users\23480\AppData\Local\Microsoft\WindowsApps;C:\Users\23480\AppData\Local\atom\bin;C:\Users\23480\AppData\Local\Programs\Microsoft VS Code\bin;C:\Users\23480\AppData\Local\Microsoft\WindowsApps;;C:\Program Files\JetBrains\IntelliJ IDEA Community Edition 2023.2.1\bin;;C:\Users\23480\AppData\Roaming\npm
USERNAME=23480
OS=Windows_NT
PROCESSOR_IDENTIFIER=AMD64 Family 23 Model 104 Stepping 1, AuthenticAMD
TMP=C:\Users\23480\AppData\Local\Temp
TEMP=C:\Users\23480\AppData\Local\Temp


JNI global refs:
JNI global refs: 27, weak refs: 1

JNI global refs memory usage: 843, weak refs: 841


---------------  S Y S T E M  ---------------

OS:
 Windows 11 , 64 bit Build 22621 (10.0.22621.3235)
OS uptime: 0 days 3:24 hours

CPU: total 8 (initial active 8) (8 cores per cpu, 2 threads per core) family 23 model 104 stepping 1 microcode 0x0, cx8, cmov, fxsr, ht, mmx, 3dnowpref, sse, sse2, sse3, ssse3, sse4a, sse4.1, sse4.2, popcnt, lzcnt, tsc, tscinvbit, avx, avx2, aes, clmul, bmi1, bmi2, adx, sha, fma, vzeroupper, clflush, clflushopt

Memory: 4k page, system-wide physical 7502M (430M free)
TotalPageFile size 11571M (AvailPageFile size 5M)
current process WorkingSet (physical memory assigned to process): 380M, peak: 380M
current process commit charge ("private bytes"): 565M, peak: 567M

vm_info: OpenJDK 64-Bit Server VM (17.0.6+0-b2043.56-10027231) for windows-amd64 JRE (17.0.6+0-b2043.56-10027231), built on Apr 28 2023 00:43:19 by "androidbuild" with MS VC++ 16.10 / 16.11 (VS2019)

END.
