#
# There is insufficient memory for the Java Runtime Environment to continue.
# Native memory allocation (malloc) failed to allocate 1194016 bytes for Chunk::new
# Possible reasons:
#   The system is out of physical RAM or swap space
#   The process is running with CompressedOops enabled, and the Java Heap may be blocking the growth of the native heap
# Possible solutions:
#   Reduce memory load on the system
#   Increase physical memory or swap space
#   Check if swap backing store is full
#   Decrease Java heap size (-Xmx/-Xms)
#   Decrease number of Java threads
#   Decrease Java thread stack sizes (-Xss)
#   Set larger code cache with -XX:ReservedCodeCacheSize=
#   JVM is running with Unscaled Compressed Oops mode in which the Java heap is
#     placed in the first 4GB address space. The Java Heap base address is the
#     maximum limit for the native heap growth. Please use -XX:HeapBaseMinAddress
#     to set the Java Heap base and to place the Java Heap above 4GB virtual address.
# This output file may be truncated or incomplete.
#
#  Out of Memory Error (arena.cpp:189), pid=14964, tid=18376
#
# JRE version: OpenJDK Runtime Environment (17.0.6) (build 17.0.6+0-b2043.56-10027231)
# Java VM: OpenJDK 64-Bit Server VM (17.0.6+0-b2043.56-10027231, mixed mode, tiered, compressed oops, compressed class ptrs, g1 gc, windows-amd64)
# No core dump will be written. Minidumps are not enabled by default on client versions of Windows
#

---------------  S U M M A R Y ------------

Command Line: --add-opens=java.base/java.util=ALL-UNNAMED --add-opens=java.base/java.lang=ALL-UNNAMED --add-opens=java.base/java.lang.invoke=ALL-UNNAMED --add-opens=java.prefs/java.util.prefs=ALL-UNNAMED --add-opens=java.base/java.nio.charset=ALL-UNNAMED --add-opens=java.base/java.net=ALL-UNNAMED --add-opens=java.base/java.util.concurrent.atomic=ALL-UNNAMED -Xmx2048m -Dfile.encoding=UTF-8 -Duser.country=US -Duser.language=en -Duser.variant org.gradle.launcher.daemon.bootstrap.GradleDaemon 8.0

Host: AMD Ryzen 3 5300U with Radeon Graphics         , 8 cores, 7G,  Windows 11 , 64 bit Build 22621 (10.0.22621.3235)
Time: Thu Apr 18 10:26:47 2024 W. Central Africa Standard Time elapsed time: 25.068790 seconds (0d 0h 0m 25s)

---------------  T H R E A D  ---------------

Current thread (0x0000025963429120):  JavaThread "C2 CompilerThread0" daemon [_thread_in_native, id=18376, stack(0x000000e9dc000000,0x000000e9dc100000)]


Current CompileTask:
C2:  25068 10779   !   4       org.gradle.api.internal.attributes.DefaultImmutableAttributesFactory::doConcatIsolatable (128 bytes)

Stack: [0x000000e9dc000000,0x000000e9dc100000]
Native frames: (J=compiled Java code, j=interpreted, Vv=VM code, C=native code)
V  [jvm.dll+0x683c9a]
V  [jvm.dll+0x8427a4]
V  [jvm.dll+0x843f9e]
V  [jvm.dll+0x844603]
V  [jvm.dll+0x249b75]
V  [jvm.dll+0xabcac]
V  [jvm.dll+0xac27c]
V  [jvm.dll+0x2b0eef]
V  [jvm.dll+0x58a267]
V  [jvm.dll+0x2243b2]
V  [jvm.dll+0x22478f]
V  [jvm.dll+0x21e055]
V  [jvm.dll+0x21b51b]
V  [jvm.dll+0x1a4fdd]
V  [jvm.dll+0x22b098]
V  [jvm.dll+0x229159]
V  [jvm.dll+0x7f81ec]
V  [jvm.dll+0x7f274a]
V  [jvm.dll+0x682ad5]
C  [ucrtbase.dll+0x29363]
C  [KERNEL32.DLL+0x1257d]
C  [ntdll.dll+0x5aa58]


---------------  P R O C E S S  ---------------

Threads class SMR info:
_java_thread_list=0x00000259664cc010, length=137, elements={
0x0000025948b6e480, 0x00000259629d2020, 0x00000259629d2e90, 0x00000259629d7230,
0x0000025963424000, 0x00000259634259d0, 0x0000025963428390, 0x0000025963429120,
0x000002596342abd0, 0x000002596342eac0, 0x00000259635df340, 0x00000259635e1c90,
0x0000025964a74710, 0x0000025964e06090, 0x0000025964ef4b20, 0x0000025964e92f00,
0x0000025964dcaa80, 0x0000025964c75410, 0x0000025964bd9870, 0x0000025964bed810,
0x0000025964bee680, 0x0000025964bf0360, 0x0000025964bef020, 0x0000025964bedce0,
0x0000025964bf0830, 0x0000025964bed340, 0x0000025964befe90, 0x0000025964bf0d00,
0x0000025964bee1b0, 0x0000025964beeb50, 0x0000025964bef9c0, 0x0000025964bef4f0,
0x00000259678d24c0, 0x00000259678d4b40, 0x00000259678d9370, 0x00000259678d1ff0,
0x00000259678d59b0, 0x00000259678d8ea0, 0x00000259678d8500, 0x00000259678d5e80,
0x00000259678d2e60, 0x00000259678d4670, 0x00000259678d6820, 0x00000259678d7b60,
0x00000259678d54e0, 0x00000259678d6cf0, 0x00000259678d71c0, 0x00000259678d7690,
0x0000025963b33ad0, 0x0000025963b35c80, 0x0000025963b33fa0, 0x0000025963b36620,
0x0000025963b36150, 0x0000025963b39640, 0x0000025963b36af0, 0x0000025963b32790,
0x0000025963b37960, 0x0000025963b34470, 0x0000025963b36fc0, 0x0000025963b32c60,
0x0000025963b387d0, 0x0000025963b37490, 0x0000025963b38ca0, 0x0000025963b37e30,
0x0000025963b33600, 0x0000025963b33130, 0x0000025963b39fe0, 0x0000025963b38300,
0x0000025963b39170, 0x0000025963b39b10, 0x0000025963b352e0, 0x0000025963b34940,
0x0000025963b34e10, 0x0000025963b357b0, 0x00000259660c5030, 0x00000259660c5500,
0x00000259660c6370, 0x00000259660c8520, 0x00000259660c71e0, 0x00000259660c9d30,
0x00000259660c89f0, 0x00000259660c8ec0, 0x00000259660c9860, 0x00000259660c59d0,
0x00000259660c9390, 0x00000259660c6d10, 0x00000259660ca200, 0x00000259660c76b0,
0x00000259660ca6d0, 0x00000259660cb540, 0x00000259660c7b80, 0x00000259660caba0,
0x00000259660cb070, 0x00000259660cba10, 0x00000259660cbee0, 0x00000259660c8050,
0x00000259660c6840, 0x00000259660c4690, 0x00000259660c4b60, 0x00000259660c5ea0,
0x0000025965fe8960, 0x0000025965fe5e10, 0x0000025965fe8490, 0x0000025965fe62e0,
0x0000025965fe7fc0, 0x0000025965fe67b0, 0x0000025965fe8e30, 0x0000025965fe9300,
0x0000025965fe6c80, 0x0000025965fe7150, 0x0000025965fe7620, 0x0000025965fe7af0,
0x0000025965fe5940, 0x0000025963756840, 0x0000025963755030, 0x0000025963759860,
0x0000025963753cf0, 0x0000025963755500, 0x0000025963758520, 0x0000025963754b60,
0x00000259637589f0, 0x0000025963753350, 0x0000025963759d30, 0x0000025963753820,
0x000002596375a200, 0x00000259637576b0, 0x0000025963759390, 0x0000025963754690,
0x00000259678d3cd0, 0x0000025964fbe4a0, 0x0000025964fbdb00, 0x0000025964fc0650,
0x0000025964fc0b20, 0x0000025964fbf310, 0x0000025964fc1e60, 0x0000025964fbee40,
0x0000025964fbd160
}

Java Threads: ( => current thread )
  0x0000025948b6e480 JavaThread "main" [_thread_blocked, id=14692, stack(0x000000e9db300000,0x000000e9db400000)]
  0x00000259629d2020 JavaThread "Reference Handler" daemon [_thread_blocked, id=22016, stack(0x000000e9dba00000,0x000000e9dbb00000)]
  0x00000259629d2e90 JavaThread "Finalizer" daemon [_thread_blocked, id=2868, stack(0x000000e9dbb00000,0x000000e9dbc00000)]
  0x00000259629d7230 JavaThread "Signal Dispatcher" daemon [_thread_blocked, id=16716, stack(0x000000e9dbc00000,0x000000e9dbd00000)]
  0x0000025963424000 JavaThread "Attach Listener" daemon [_thread_blocked, id=4204, stack(0x000000e9dbd00000,0x000000e9dbe00000)]
  0x00000259634259d0 JavaThread "Service Thread" daemon [_thread_blocked, id=11984, stack(0x000000e9dbe00000,0x000000e9dbf00000)]
  0x0000025963428390 JavaThread "Monitor Deflation Thread" daemon [_thread_blocked, id=19032, stack(0x000000e9dbf00000,0x000000e9dc000000)]
=>0x0000025963429120 JavaThread "C2 CompilerThread0" daemon [_thread_in_native, id=18376, stack(0x000000e9dc000000,0x000000e9dc100000)]
  0x000002596342abd0 JavaThread "C1 CompilerThread0" daemon [_thread_blocked, id=5892, stack(0x000000e9dc100000,0x000000e9dc200000)]
  0x000002596342eac0 JavaThread "Sweeper thread" daemon [_thread_blocked, id=6504, stack(0x000000e9dc200000,0x000000e9dc300000)]
  0x00000259635df340 JavaThread "Common-Cleaner" daemon [_thread_blocked, id=19888, stack(0x000000e9dc300000,0x000000e9dc400000)]
  0x00000259635e1c90 JavaThread "Notification Thread" daemon [_thread_blocked, id=16824, stack(0x000000e9dc400000,0x000000e9dc500000)]
  0x0000025964a74710 JavaThread "Daemon health stats" [_thread_blocked, id=15956, stack(0x000000e9dca00000,0x000000e9dcb00000)]
  0x0000025964e06090 JavaThread "Incoming local TCP Connector on port 56771" [_thread_in_native, id=5884, stack(0x000000e9dcb00000,0x000000e9dcc00000)]
  0x0000025964ef4b20 JavaThread "Daemon periodic checks" [_thread_blocked, id=15372, stack(0x000000e9dcc00000,0x000000e9dcd00000)]
  0x0000025964e92f00 JavaThread "Daemon" [_thread_blocked, id=23156, stack(0x000000e9dcd00000,0x000000e9dce00000)]
  0x0000025964dcaa80 JavaThread "Handler for socket connection from /127.0.0.1:56771 to /127.0.0.1:56772" [_thread_in_native, id=17868, stack(0x000000e9dce00000,0x000000e9dcf00000)]
  0x0000025964c75410 JavaThread "Cancel handler" [_thread_blocked, id=14540, stack(0x000000e9dcf00000,0x000000e9dd000000)]
  0x0000025964bd9870 JavaThread "Daemon worker" [_thread_blocked, id=3840, stack(0x000000e9dd000000,0x000000e9dd100000)]
  0x0000025964bed810 JavaThread "Asynchronous log dispatcher for DefaultDaemonConnection: socket connection from /127.0.0.1:56771 to /127.0.0.1:56772" [_thread_blocked, id=18856, stack(0x000000e9dd100000,0x000000e9dd200000)]
  0x0000025964bee680 JavaThread "Stdin handler" [_thread_blocked, id=7308, stack(0x000000e9dd200000,0x000000e9dd300000)]
  0x0000025964bf0360 JavaThread "Daemon client event forwarder" [_thread_blocked, id=404, stack(0x000000e9dd300000,0x000000e9dd400000)]
  0x0000025964bef020 JavaThread "Cache worker for journal cache (C:\Users\23480\.gradle\caches\journal-1)" [_thread_blocked, id=22720, stack(0x000000e9dd800000,0x000000e9dd900000)]
  0x0000025964bedce0 JavaThread "File lock request listener" [_thread_in_native, id=13552, stack(0x000000e9dd900000,0x000000e9dda00000)]
  0x0000025964bf0830 JavaThread "Cache worker for file hash cache (C:\Users\23480\.gradle\caches\8.0\fileHashes)" [_thread_blocked, id=15576, stack(0x000000e9dda00000,0x000000e9ddb00000)]
  0x0000025964bed340 JavaThread "File watcher server" daemon [_thread_in_native, id=16852, stack(0x000000e9ddb00000,0x000000e9ddc00000)]
  0x0000025964befe90 JavaThread "File watcher consumer" daemon [_thread_blocked, id=14676, stack(0x000000e9ddc00000,0x000000e9ddd00000)]
  0x0000025964bf0d00 JavaThread "Cache worker for checksums cache (C:\Users\23480\Documents\androidproject\Motivation\.gradle\8.0\checksums)" [_thread_blocked, id=16676, stack(0x000000e9ddd00000,0x000000e9dde00000)]
  0x0000025964bee1b0 JavaThread "Cache worker for cache directory md-rule (C:\Users\23480\.gradle\caches\8.0\md-rule)" [_thread_blocked, id=14096, stack(0x000000e9dde00000,0x000000e9ddf00000)]
  0x0000025964beeb50 JavaThread "Cache worker for file content cache (C:\Users\23480\.gradle\caches\8.0\fileContent)" [_thread_blocked, id=3196, stack(0x000000e9ddf00000,0x000000e9de000000)]
  0x0000025964bef9c0 JavaThread "Cache worker for file hash cache (C:\Users\23480\Documents\androidproject\Motivation\.gradle\8.0\fileHashes)" [_thread_in_native, id=1828, stack(0x000000e9de000000,0x000000e9de100000)]
  0x0000025964bef4f0 JavaThread "Cache worker for cache directory md-supplier (C:\Users\23480\.gradle\caches\8.0\md-supplier)" [_thread_blocked, id=4308, stack(0x000000e9de100000,0x000000e9de200000)]
  0x00000259678d24c0 JavaThread "Cache worker for execution history cache (C:\Users\23480\.gradle\caches\8.0\executionHistory)" [_thread_blocked, id=22292, stack(0x000000e9de200000,0x000000e9de300000)]
  0x00000259678d4b40 JavaThread "jar transforms" [_thread_blocked, id=12312, stack(0x000000e9de300000,0x000000e9de400000)]
  0x00000259678d9370 JavaThread "jar transforms Thread 2" [_thread_blocked, id=4852, stack(0x000000e9de400000,0x000000e9de500000)]
  0x00000259678d1ff0 JavaThread "Cache worker for kotlin-dsl (C:\Users\23480\.gradle\caches\8.0\kotlin-dsl)" [_thread_blocked, id=5372, stack(0x000000e9de500000,0x000000e9de600000)]
  0x00000259678d59b0 JavaThread "jar transforms Thread 3" [_thread_blocked, id=11640, stack(0x000000e9de600000,0x000000e9de700000)]
  0x00000259678d8ea0 JavaThread "jar transforms Thread 4" [_thread_blocked, id=8440, stack(0x000000e9de700000,0x000000e9de800000)]
  0x00000259678d8500 JavaThread "Cache worker for dependencies-accessors (C:\Users\23480\Documents\androidproject\Motivation\.gradle\8.0\dependencies-accessors)" [_thread_blocked, id=12760, stack(0x000000e9de800000,0x000000e9de900000)]
  0x00000259678d5e80 JavaThread "Cache worker for Build Output Cleanup Cache (C:\Users\23480\Documents\androidproject\Motivation\.gradle\buildOutputCleanup)" [_thread_blocked, id=7200, stack(0x000000e9de900000,0x000000e9dea00000)]
  0x00000259678d2e60 JavaThread "jar transforms Thread 5" [_thread_blocked, id=22624, stack(0x000000e9dea00000,0x000000e9deb00000)]
  0x00000259678d4670 JavaThread "Unconstrained build operations" [_thread_blocked, id=13408, stack(0x000000e9deb00000,0x000000e9dec00000)]
  0x00000259678d6820 JavaThread "Unconstrained build operations Thread 2" [_thread_blocked, id=18080, stack(0x000000e9dec00000,0x000000e9ded00000)]
  0x00000259678d7b60 JavaThread "Unconstrained build operations Thread 3" [_thread_blocked, id=756, stack(0x000000e9ded00000,0x000000e9dee00000)]
  0x00000259678d54e0 JavaThread "Unconstrained build operations Thread 4" [_thread_blocked, id=13252, stack(0x000000e9dee00000,0x000000e9def00000)]
  0x00000259678d6cf0 JavaThread "Unconstrained build operations Thread 5" [_thread_blocked, id=23376, stack(0x000000e9def00000,0x000000e9df000000)]
  0x00000259678d71c0 JavaThread "Unconstrained build operations Thread 6" [_thread_blocked, id=15964, stack(0x000000e9df000000,0x000000e9df100000)]
  0x00000259678d7690 JavaThread "Unconstrained build operations Thread 7" [_thread_blocked, id=20408, stack(0x000000e9df100000,0x000000e9df200000)]
  0x0000025963b33ad0 JavaThread "Unconstrained build operations Thread 8" [_thread_blocked, id=8076, stack(0x000000e9df200000,0x000000e9df300000)]
  0x0000025963b35c80 JavaThread "Unconstrained build operations Thread 9" [_thread_blocked, id=21768, stack(0x000000e9df300000,0x000000e9df400000)]
  0x0000025963b33fa0 JavaThread "Unconstrained build operations Thread 10" [_thread_blocked, id=17836, stack(0x000000e9df400000,0x000000e9df500000)]
  0x0000025963b36620 JavaThread "Unconstrained build operations Thread 11" [_thread_blocked, id=12524, stack(0x000000e9df500000,0x000000e9df600000)]
  0x0000025963b36150 JavaThread "Unconstrained build operations Thread 12" [_thread_blocked, id=8540, stack(0x000000e9df600000,0x000000e9df700000)]
  0x0000025963b39640 JavaThread "Unconstrained build operations Thread 13" [_thread_blocked, id=6996, stack(0x000000e9df700000,0x000000e9df800000)]
  0x0000025963b36af0 JavaThread "Unconstrained build operations Thread 14" [_thread_blocked, id=20072, stack(0x000000e9df800000,0x000000e9df900000)]
  0x0000025963b32790 JavaThread "Unconstrained build operations Thread 15" [_thread_blocked, id=17844, stack(0x000000e9df900000,0x000000e9dfa00000)]
  0x0000025963b37960 JavaThread "Unconstrained build operations Thread 16" [_thread_blocked, id=1700, stack(0x000000e9dfa00000,0x000000e9dfb00000)]
  0x0000025963b34470 JavaThread "Unconstrained build operations Thread 17" [_thread_blocked, id=20448, stack(0x000000e9dfb00000,0x000000e9dfc00000)]
  0x0000025963b36fc0 JavaThread "Unconstrained build operations Thread 18" [_thread_blocked, id=11952, stack(0x000000e9dfc00000,0x000000e9dfd00000)]
  0x0000025963b32c60 JavaThread "Unconstrained build operations Thread 19" [_thread_blocked, id=17028, stack(0x000000e9dfd00000,0x000000e9dfe00000)]
  0x0000025963b387d0 JavaThread "Unconstrained build operations Thread 20" [_thread_blocked, id=10132, stack(0x000000e9dfe00000,0x000000e9dff00000)]
  0x0000025963b37490 JavaThread "Unconstrained build operations Thread 21" [_thread_blocked, id=20560, stack(0x000000e9dff00000,0x000000e9e0000000)]
  0x0000025963b38ca0 JavaThread "Unconstrained build operations Thread 22" [_thread_blocked, id=3368, stack(0x000000e9e0000000,0x000000e9e0100000)]
  0x0000025963b37e30 JavaThread "Unconstrained build operations Thread 23" [_thread_blocked, id=1316, stack(0x000000e9e0100000,0x000000e9e0200000)]
  0x0000025963b33600 JavaThread "Unconstrained build operations Thread 24" [_thread_blocked, id=4164, stack(0x000000e9e0200000,0x000000e9e0300000)]
  0x0000025963b33130 JavaThread "Unconstrained build operations Thread 25" [_thread_blocked, id=15512, stack(0x000000e9e0300000,0x000000e9e0400000)]
  0x0000025963b39fe0 JavaThread "Unconstrained build operations Thread 26" [_thread_blocked, id=12848, stack(0x000000e9e0400000,0x000000e9e0500000)]
  0x0000025963b38300 JavaThread "Unconstrained build operations Thread 27" [_thread_blocked, id=1708, stack(0x000000e9e0500000,0x000000e9e0600000)]
  0x0000025963b39170 JavaThread "Unconstrained build operations Thread 28" [_thread_blocked, id=21620, stack(0x000000e9e0600000,0x000000e9e0700000)]
  0x0000025963b39b10 JavaThread "Unconstrained build operations Thread 29" [_thread_blocked, id=23348, stack(0x000000e9e0700000,0x000000e9e0800000)]
  0x0000025963b352e0 JavaThread "Unconstrained build operations Thread 30" [_thread_blocked, id=284, stack(0x000000e9e0800000,0x000000e9e0900000)]
  0x0000025963b34940 JavaThread "Unconstrained build operations Thread 31" [_thread_blocked, id=7536, stack(0x000000e9e0900000,0x000000e9e0a00000)]
  0x0000025963b34e10 JavaThread "Unconstrained build operations Thread 32" [_thread_blocked, id=21348, stack(0x000000e9e0a00000,0x000000e9e0b00000)]
  0x0000025963b357b0 JavaThread "Unconstrained build operations Thread 33" [_thread_blocked, id=16652, stack(0x000000e9e0b00000,0x000000e9e0c00000)]
  0x00000259660c5030 JavaThread "Unconstrained build operations Thread 34" [_thread_blocked, id=20656, stack(0x000000e9e0c00000,0x000000e9e0d00000)]
  0x00000259660c5500 JavaThread "Unconstrained build operations Thread 35" [_thread_blocked, id=22680, stack(0x000000e9e0d00000,0x000000e9e0e00000)]
  0x00000259660c6370 JavaThread "Unconstrained build operations Thread 36" [_thread_blocked, id=8060, stack(0x000000e9e0e00000,0x000000e9e0f00000)]
  0x00000259660c8520 JavaThread "Unconstrained build operations Thread 37" [_thread_blocked, id=15328, stack(0x000000e9e0f00000,0x000000e9e1000000)]
  0x00000259660c71e0 JavaThread "Unconstrained build operations Thread 38" [_thread_blocked, id=21040, stack(0x000000e9e1000000,0x000000e9e1100000)]
  0x00000259660c9d30 JavaThread "Unconstrained build operations Thread 39" [_thread_blocked, id=2320, stack(0x000000e9e1100000,0x000000e9e1200000)]
  0x00000259660c89f0 JavaThread "Unconstrained build operations Thread 40" [_thread_blocked, id=9160, stack(0x000000e9e1200000,0x000000e9e1300000)]
  0x00000259660c8ec0 JavaThread "Unconstrained build operations Thread 41" [_thread_blocked, id=5196, stack(0x000000e9e1300000,0x000000e9e1400000)]
  0x00000259660c9860 JavaThread "Unconstrained build operations Thread 42" [_thread_blocked, id=16876, stack(0x000000e9e1400000,0x000000e9e1500000)]
  0x00000259660c59d0 JavaThread "Unconstrained build operations Thread 43" [_thread_blocked, id=5548, stack(0x000000e9e1500000,0x000000e9e1600000)]
  0x00000259660c9390 JavaThread "Unconstrained build operations Thread 44" [_thread_blocked, id=8836, stack(0x000000e9e1600000,0x000000e9e1700000)]
  0x00000259660c6d10 JavaThread "Unconstrained build operations Thread 45" [_thread_blocked, id=3224, stack(0x000000e9e1700000,0x000000e9e1800000)]
  0x00000259660ca200 JavaThread "Unconstrained build operations Thread 46" [_thread_blocked, id=12028, stack(0x000000e9e1800000,0x000000e9e1900000)]
  0x00000259660c76b0 JavaThread "Unconstrained build operations Thread 47" [_thread_blocked, id=20492, stack(0x000000e9e1900000,0x000000e9e1a00000)]
  0x00000259660ca6d0 JavaThread "Unconstrained build operations Thread 48" [_thread_blocked, id=20680, stack(0x000000e9e1a00000,0x000000e9e1b00000)]
  0x00000259660cb540 JavaThread "Unconstrained build operations Thread 49" [_thread_blocked, id=16904, stack(0x000000e9e1b00000,0x000000e9e1c00000)]
  0x00000259660c7b80 JavaThread "Unconstrained build operations Thread 50" [_thread_blocked, id=988, stack(0x000000e9e1c00000,0x000000e9e1d00000)]
  0x00000259660caba0 JavaThread "Unconstrained build operations Thread 51" [_thread_blocked, id=3008, stack(0x000000e9e1d00000,0x000000e9e1e00000)]
  0x00000259660cb070 JavaThread "Unconstrained build operations Thread 52" [_thread_blocked, id=23424, stack(0x000000e9e1e00000,0x000000e9e1f00000)]
  0x00000259660cba10 JavaThread "Unconstrained build operations Thread 53" [_thread_blocked, id=6096, stack(0x000000e9e1f00000,0x000000e9e2000000)]
  0x00000259660cbee0 JavaThread "Unconstrained build operations Thread 54" [_thread_blocked, id=6404, stack(0x000000e9e2000000,0x000000e9e2100000)]
  0x00000259660c8050 JavaThread "Unconstrained build operations Thread 55" [_thread_blocked, id=13892, stack(0x000000e9e2100000,0x000000e9e2200000)]
  0x00000259660c6840 JavaThread "Unconstrained build operations Thread 56" [_thread_blocked, id=17880, stack(0x000000e9e2200000,0x000000e9e2300000)]
  0x00000259660c4690 JavaThread "Unconstrained build operations Thread 57" [_thread_blocked, id=19440, stack(0x000000e9e2300000,0x000000e9e2400000)]
  0x00000259660c4b60 JavaThread "Unconstrained build operations Thread 58" [_thread_blocked, id=9096, stack(0x000000e9e2400000,0x000000e9e2500000)]
  0x00000259660c5ea0 JavaThread "Unconstrained build operations Thread 59" [_thread_blocked, id=15344, stack(0x000000e9e2500000,0x000000e9e2600000)]
  0x0000025965fe8960 JavaThread "Unconstrained build operations Thread 60" [_thread_blocked, id=3068, stack(0x000000e9e2600000,0x000000e9e2700000)]
  0x0000025965fe5e10 JavaThread "Unconstrained build operations Thread 61" [_thread_blocked, id=7792, stack(0x000000e9e2700000,0x000000e9e2800000)]
  0x0000025965fe8490 JavaThread "Unconstrained build operations Thread 62" [_thread_blocked, id=23036, stack(0x000000e9e2800000,0x000000e9e2900000)]
  0x0000025965fe62e0 JavaThread "Unconstrained build operations Thread 63" [_thread_blocked, id=4092, stack(0x000000e9e2900000,0x000000e9e2a00000)]
  0x0000025965fe7fc0 JavaThread "Unconstrained build operations Thread 64" [_thread_blocked, id=20124, stack(0x000000e9e2a00000,0x000000e9e2b00000)]
  0x0000025965fe67b0 JavaThread "Unconstrained build operations Thread 65" [_thread_blocked, id=11900, stack(0x000000e9e2b00000,0x000000e9e2c00000)]
  0x0000025965fe8e30 JavaThread "Unconstrained build operations Thread 66" [_thread_blocked, id=20704, stack(0x000000e9e2c00000,0x000000e9e2d00000)]
  0x0000025965fe9300 JavaThread "Unconstrained build operations Thread 67" [_thread_blocked, id=4216, stack(0x000000e9e2d00000,0x000000e9e2e00000)]
  0x0000025965fe6c80 JavaThread "Unconstrained build operations Thread 68" [_thread_blocked, id=13028, stack(0x000000e9e2e00000,0x000000e9e2f00000)]
  0x0000025965fe7150 JavaThread "Unconstrained build operations Thread 69" [_thread_blocked, id=14704, stack(0x000000e9e2f00000,0x000000e9e3000000)]
  0x0000025965fe7620 JavaThread "Unconstrained build operations Thread 70" [_thread_blocked, id=21380, stack(0x000000e9e3000000,0x000000e9e3100000)]
  0x0000025965fe7af0 JavaThread "Unconstrained build operations Thread 71" [_thread_blocked, id=8216, stack(0x000000e9e3100000,0x000000e9e3200000)]
  0x0000025965fe5940 JavaThread "Unconstrained build operations Thread 72" [_thread_blocked, id=23068, stack(0x000000e9e3200000,0x000000e9e3300000)]
  0x0000025963756840 JavaThread "Unconstrained build operations Thread 73" [_thread_blocked, id=22440, stack(0x000000e9e3300000,0x000000e9e3400000)]
  0x0000025963755030 JavaThread "Unconstrained build operations Thread 74" [_thread_blocked, id=19048, stack(0x000000e9e3400000,0x000000e9e3500000)]
  0x0000025963759860 JavaThread "Unconstrained build operations Thread 75" [_thread_blocked, id=6336, stack(0x000000e9e3500000,0x000000e9e3600000)]
  0x0000025963753cf0 JavaThread "Unconstrained build operations Thread 76" [_thread_blocked, id=12128, stack(0x000000e9e3600000,0x000000e9e3700000)]
  0x0000025963755500 JavaThread "Unconstrained build operations Thread 77" [_thread_blocked, id=12864, stack(0x000000e9e3700000,0x000000e9e3800000)]
  0x0000025963758520 JavaThread "Unconstrained build operations Thread 78" [_thread_blocked, id=4668, stack(0x000000e9e3800000,0x000000e9e3900000)]
  0x0000025963754b60 JavaThread "Unconstrained build operations Thread 79" [_thread_blocked, id=12108, stack(0x000000e9e3900000,0x000000e9e3a00000)]
  0x00000259637589f0 JavaThread "Unconstrained build operations Thread 80" [_thread_blocked, id=4320, stack(0x000000e9e3a00000,0x000000e9e3b00000)]
  0x0000025963753350 JavaThread "jar transforms Thread 6" [_thread_blocked, id=12588, stack(0x000000e9e3b00000,0x000000e9e3c00000)]
  0x0000025963759d30 JavaThread "jar transforms Thread 7" [_thread_blocked, id=4920, stack(0x000000e9e3c00000,0x000000e9e3d00000)]
  0x0000025963753820 JavaThread "jar transforms Thread 8" [_thread_blocked, id=20308, stack(0x000000e9e3d00000,0x000000e9e3e00000)]
  0x000002596375a200 JavaThread "build event listener" [_thread_blocked, id=17336, stack(0x000000e9e3e00000,0x000000e9e3f00000)]
  0x00000259637576b0 JavaThread "Memory manager" [_thread_blocked, id=5776, stack(0x000000e9e3f00000,0x000000e9e4000000)]
  0x0000025963759390 JavaThread "pool-3-thread-1" [_thread_blocked, id=4996, stack(0x000000e9e4000000,0x000000e9e4100000)]
  0x0000025963754690 JavaThread "build event listener" [_thread_blocked, id=15888, stack(0x000000e9e4100000,0x000000e9e4200000)]
  0x00000259678d3cd0 JavaThread "included builds" [_thread_blocked, id=16532, stack(0x000000e9e4200000,0x000000e9e4300000)]
  0x0000025964fbe4a0 JavaThread "Execution worker" [_thread_blocked, id=15148, stack(0x000000e9e4300000,0x000000e9e4400000)]
  0x0000025964fbdb00 JavaThread "Execution worker Thread 2" [_thread_blocked, id=5576, stack(0x000000e9e4400000,0x000000e9e4500000)]
  0x0000025964fc0650 JavaThread "Execution worker Thread 3" [_thread_blocked, id=11456, stack(0x000000e9e4500000,0x000000e9e4600000)]
  0x0000025964fc0b20 JavaThread "Execution worker Thread 4" [_thread_blocked, id=6628, stack(0x000000e9e4600000,0x000000e9e4700000)]
  0x0000025964fbf310 JavaThread "Execution worker Thread 5" [_thread_blocked, id=11768, stack(0x000000e9e4700000,0x000000e9e4800000)]
  0x0000025964fc1e60 JavaThread "Execution worker Thread 6" [_thread_blocked, id=1960, stack(0x000000e9e4800000,0x000000e9e4900000)]
  0x0000025964fbee40 JavaThread "Execution worker Thread 7" [_thread_blocked, id=20140, stack(0x000000e9e4900000,0x000000e9e4a00000)]
  0x0000025964fbd160 JavaThread "Cache worker for execution history cache (C:\Users\23480\Documents\androidproject\Motivation\.gradle\8.0\executionHistory)" [_thread_blocked, id=21684, stack(0x000000e9e4a00000,0x000000e9e4b00000)]

Other Threads:
  0x00000259629b0440 VMThread "VM Thread" [stack: 0x000000e9db900000,0x000000e9dba00000] [id=13948]
  0x00000259635e2160 WatcherThread [stack: 0x000000e9dc500000,0x000000e9dc600000] [id=23500]
  0x0000025948bcb620 GCTaskThread "GC Thread#0" [stack: 0x000000e9db400000,0x000000e9db500000] [id=456]
  0x00000259636f0fe0 GCTaskThread "GC Thread#1" [stack: 0x000000e9dc600000,0x000000e9dc700000] [id=18656]
  0x00000259636f0270 GCTaskThread "GC Thread#2" [stack: 0x000000e9dc700000,0x000000e9dc800000] [id=22188]
  0x00000259636f0a80 GCTaskThread "GC Thread#3" [stack: 0x000000e9dc800000,0x000000e9dc900000] [id=23480]
  0x00000259636f17f0 GCTaskThread "GC Thread#4" [stack: 0x000000e9dc900000,0x000000e9dca00000] [id=20716]
  0x00000259636f0520 GCTaskThread "GC Thread#5" [stack: 0x000000e9dd400000,0x000000e9dd500000] [id=23456]
  0x00000259636f07d0 GCTaskThread "GC Thread#6" [stack: 0x000000e9dd500000,0x000000e9dd600000] [id=12100]
  0x00000259636f0d30 GCTaskThread "GC Thread#7" [stack: 0x000000e9dd600000,0x000000e9dd700000] [id=17936]
  0x0000025948bdc560 ConcurrentGCThread "G1 Main Marker" [stack: 0x000000e9db500000,0x000000e9db600000] [id=9264]
  0x0000025948bdd710 ConcurrentGCThread "G1 Conc#0" [stack: 0x000000e9db600000,0x000000e9db700000] [id=13832]
  0x0000025965aaa340 ConcurrentGCThread "G1 Conc#1" [stack: 0x000000e9dd700000,0x000000e9dd800000] [id=20052]
  0x0000025948c2e640 ConcurrentGCThread "G1 Refine#0" [stack: 0x000000e9db700000,0x000000e9db800000] [id=23016]
  0x0000025962804220 ConcurrentGCThread "G1 Service" [stack: 0x000000e9db800000,0x000000e9db900000] [id=18116]

Threads with active compile tasks:
C2 CompilerThread0    25159 10779   !   4       org.gradle.api.internal.attributes.DefaultImmutableAttributesFactory::doConcatIsolatable (128 bytes)

VM state: not at safepoint (normal execution)

VM Mutex/Monitor currently owned by a thread: None

Heap address: 0x0000000080000000, size: 2048 MB, Compressed Oops mode: 32-bit

CDS archive(s) not mapped
Compressed class space mapped at: 0x0000000100000000-0x0000000140000000, reserved size: 1073741824
Narrow klass base: 0x0000000000000000, Narrow klass shift: 3, Narrow klass range: 0x140000000

GC Precious Log:
 CPUs: 8 total, 8 available
 Memory: 7502M
 Large Page Support: Disabled
 NUMA Support: Disabled
 Compressed Oops: Enabled (32-bit)
 Heap Region Size: 1M
 Heap Min Capacity: 8M
 Heap Initial Capacity: 118M
 Heap Max Capacity: 2G
 Pre-touch: Disabled
 Parallel Workers: 8
 Concurrent Workers: 2
 Concurrent Refinement Workers: 8
 Periodic GC: Disabled

Heap:
 garbage-first heap   total 164864K, used 102501K [0x0000000080000000, 0x0000000100000000)
  region size 1024K, 7 young (7168K), 5 survivors (5120K)
 Metaspace       used 102658K, committed 103424K, reserved 1138688K
  class space    used 13830K, committed 14208K, reserved 1048576K

Heap Regions: E=young(eden), S=young(survivor), O=old, HS=humongous(starts), HC=humongous(continues), CS=collection set, F=free, OA=open archive, CA=closed archive, TAMS=top-at-mark-start (previous, next)
|   0|0x0000000080000000, 0x0000000080100000, 0x0000000080100000|100%|HS|  |TAMS 0x0000000080100000, 0x0000000080000000| Complete 
|   1|0x0000000080100000, 0x0000000080200000, 0x0000000080200000|100%|HC|  |TAMS 0x0000000080200000, 0x0000000080100000| Complete 
|   2|0x0000000080200000, 0x0000000080300000, 0x0000000080300000|100%|HC|  |TAMS 0x0000000080300000, 0x0000000080200000| Complete 
|   3|0x0000000080300000, 0x0000000080400000, 0x0000000080400000|100%|HC|  |TAMS 0x0000000080400000, 0x0000000080300000| Complete 
|   4|0x0000000080400000, 0x0000000080500000, 0x0000000080500000|100%| O|  |TAMS 0x0000000080500000, 0x0000000080400000| Untracked 
|   5|0x0000000080500000, 0x0000000080600000, 0x0000000080600000|100%| O|  |TAMS 0x0000000080600000, 0x0000000080500000| Untracked 
|   6|0x0000000080600000, 0x0000000080700000, 0x0000000080700000|100%| O|  |TAMS 0x0000000080700000, 0x0000000080600000| Untracked 
|   7|0x0000000080700000, 0x0000000080800000, 0x0000000080800000|100%| O|  |TAMS 0x0000000080800000, 0x0000000080700000| Untracked 
|   8|0x0000000080800000, 0x0000000080900000, 0x0000000080900000|100%| O|  |TAMS 0x0000000080900000, 0x0000000080800000| Untracked 
|   9|0x0000000080900000, 0x0000000080a00000, 0x0000000080a00000|100%| O|  |TAMS 0x0000000080a00000, 0x0000000080900000| Untracked 
|  10|0x0000000080a00000, 0x0000000080b00000, 0x0000000080b00000|100%| O|  |TAMS 0x0000000080b00000, 0x0000000080a00000| Untracked 
|  11|0x0000000080b00000, 0x0000000080c00000, 0x0000000080c00000|100%| O|  |TAMS 0x0000000080c00000, 0x0000000080b00000| Untracked 
|  12|0x0000000080c00000, 0x0000000080d00000, 0x0000000080d00000|100%| O|  |TAMS 0x0000000080d00000, 0x0000000080c00000| Untracked 
|  13|0x0000000080d00000, 0x0000000080e00000, 0x0000000080e00000|100%| O|  |TAMS 0x0000000080e00000, 0x0000000080d00000| Untracked 
|  14|0x0000000080e00000, 0x0000000080f00000, 0x0000000080f00000|100%| O|  |TAMS 0x0000000080f00000, 0x0000000080e00000| Untracked 
|  15|0x0000000080f00000, 0x0000000081000000, 0x0000000081000000|100%| O|  |TAMS 0x0000000081000000, 0x0000000080f00000| Untracked 
|  16|0x0000000081000000, 0x0000000081100000, 0x0000000081100000|100%| O|  |TAMS 0x0000000081100000, 0x0000000081000000| Untracked 
|  17|0x0000000081100000, 0x0000000081200000, 0x0000000081200000|100%| O|  |TAMS 0x0000000081200000, 0x0000000081100000| Untracked 
|  18|0x0000000081200000, 0x0000000081300000, 0x0000000081300000|100%| O|  |TAMS 0x0000000081300000, 0x0000000081200000| Untracked 
|  19|0x0000000081300000, 0x0000000081400000, 0x0000000081400000|100%| O|  |TAMS 0x0000000081400000, 0x0000000081300000| Untracked 
|  20|0x0000000081400000, 0x0000000081500000, 0x0000000081500000|100%| O|  |TAMS 0x0000000081500000, 0x0000000081400000| Untracked 
|  21|0x0000000081500000, 0x0000000081600000, 0x0000000081600000|100%| O|  |TAMS 0x0000000081600000, 0x0000000081500000| Untracked 
|  22|0x0000000081600000, 0x0000000081700000, 0x0000000081700000|100%| O|  |TAMS 0x0000000081700000, 0x0000000081600000| Untracked 
|  23|0x0000000081700000, 0x0000000081800000, 0x0000000081800000|100%| O|  |TAMS 0x0000000081800000, 0x0000000081700000| Untracked 
|  24|0x0000000081800000, 0x0000000081900000, 0x0000000081900000|100%| O|  |TAMS 0x0000000081900000, 0x0000000081800000| Untracked 
|  25|0x0000000081900000, 0x0000000081a00000, 0x0000000081a00000|100%| O|  |TAMS 0x0000000081a00000, 0x0000000081900000| Untracked 
|  26|0x0000000081a00000, 0x0000000081b00000, 0x0000000081b00000|100%| O|  |TAMS 0x0000000081b00000, 0x0000000081a00000| Untracked 
|  27|0x0000000081b00000, 0x0000000081c00000, 0x0000000081c00000|100%| O|  |TAMS 0x0000000081c00000, 0x0000000081b00000| Untracked 
|  28|0x0000000081c00000, 0x0000000081d00000, 0x0000000081d00000|100%| O|  |TAMS 0x0000000081d00000, 0x0000000081c00000| Untracked 
|  29|0x0000000081d00000, 0x0000000081e00000, 0x0000000081e00000|100%| O|  |TAMS 0x0000000081e00000, 0x0000000081d00000| Untracked 
|  30|0x0000000081e00000, 0x0000000081f00000, 0x0000000081f00000|100%| O|  |TAMS 0x0000000081f00000, 0x0000000081e00000| Untracked 
|  31|0x0000000081f00000, 0x0000000082000000, 0x0000000082000000|100%| O|  |TAMS 0x0000000082000000, 0x0000000081f00000| Untracked 
|  32|0x0000000082000000, 0x0000000082100000, 0x0000000082100000|100%| O|  |TAMS 0x0000000082100000, 0x0000000082000000| Untracked 
|  33|0x0000000082100000, 0x0000000082200000, 0x0000000082200000|100%|HS|  |TAMS 0x0000000082200000, 0x0000000082100000| Complete 
|  34|0x0000000082200000, 0x0000000082300000, 0x0000000082300000|100%|HS|  |TAMS 0x0000000082300000, 0x0000000082200000| Complete 
|  35|0x0000000082300000, 0x0000000082400000, 0x0000000082400000|100%| O|  |TAMS 0x0000000082400000, 0x0000000082300000| Untracked 
|  36|0x0000000082400000, 0x0000000082500000, 0x0000000082500000|100%| O|  |TAMS 0x0000000082500000, 0x0000000082400000| Untracked 
|  37|0x0000000082500000, 0x0000000082600000, 0x0000000082600000|100%| O|  |TAMS 0x0000000082600000, 0x0000000082500000| Untracked 
|  38|0x0000000082600000, 0x0000000082700000, 0x0000000082700000|100%| O|  |TAMS 0x0000000082700000, 0x0000000082600000| Untracked 
|  39|0x0000000082700000, 0x0000000082800000, 0x0000000082800000|100%| O|  |TAMS 0x0000000082800000, 0x0000000082700000| Untracked 
|  40|0x0000000082800000, 0x0000000082900000, 0x0000000082900000|100%| O|  |TAMS 0x0000000082800000, 0x0000000082800000| Untracked 
|  41|0x0000000082900000, 0x0000000082a00000, 0x0000000082a00000|100%| O|  |TAMS 0x0000000082900000, 0x0000000082900000| Untracked 
|  42|0x0000000082a00000, 0x0000000082b00000, 0x0000000082b00000|100%| O|  |TAMS 0x0000000082b00000, 0x0000000082a00000| Untracked 
|  43|0x0000000082b00000, 0x0000000082c00000, 0x0000000082c00000|100%|HS|  |TAMS 0x0000000082c00000, 0x0000000082b00000| Complete 
|  44|0x0000000082c00000, 0x0000000082d00000, 0x0000000082d00000|100%|HC|  |TAMS 0x0000000082d00000, 0x0000000082c00000| Complete 
|  45|0x0000000082d00000, 0x0000000082e00000, 0x0000000082e00000|100%|HS|  |TAMS 0x0000000082e00000, 0x0000000082d00000| Complete 
|  46|0x0000000082e00000, 0x0000000082f00000, 0x0000000082f00000|100%| O|  |TAMS 0x0000000082f00000, 0x0000000082e00000| Untracked 
|  47|0x0000000082f00000, 0x0000000083000000, 0x0000000083000000|100%|HS|  |TAMS 0x0000000083000000, 0x0000000082f00000| Complete 
|  48|0x0000000083000000, 0x0000000083100000, 0x0000000083100000|100%|HC|  |TAMS 0x0000000083100000, 0x0000000083000000| Complete 
|  49|0x0000000083100000, 0x0000000083200000, 0x0000000083200000|100%|HC|  |TAMS 0x0000000083200000, 0x0000000083100000| Complete 
|  50|0x0000000083200000, 0x0000000083300000, 0x0000000083300000|100%|HC|  |TAMS 0x0000000083300000, 0x0000000083200000| Complete 
|  51|0x0000000083300000, 0x0000000083400000, 0x0000000083400000|100%| O|  |TAMS 0x0000000083400000, 0x0000000083300000| Untracked 
|  52|0x0000000083400000, 0x0000000083500000, 0x0000000083500000|100%| O|  |TAMS 0x0000000083500000, 0x0000000083400000| Untracked 
|  53|0x0000000083500000, 0x0000000083600000, 0x0000000083600000|100%| O|  |TAMS 0x0000000083600000, 0x0000000083500000| Untracked 
|  54|0x0000000083600000, 0x0000000083700000, 0x0000000083700000|100%| O|  |TAMS 0x0000000083700000, 0x0000000083600000| Untracked 
|  55|0x0000000083700000, 0x0000000083800000, 0x0000000083800000|100%| O|  |TAMS 0x0000000083800000, 0x0000000083700000| Untracked 
|  56|0x0000000083800000, 0x0000000083900000, 0x0000000083900000|100%| O|  |TAMS 0x0000000083900000, 0x0000000083800000| Untracked 
|  57|0x0000000083900000, 0x0000000083a00000, 0x0000000083a00000|100%| O|  |TAMS 0x0000000083a00000, 0x0000000083900000| Untracked 
|  58|0x0000000083a00000, 0x0000000083b00000, 0x0000000083b00000|100%| O|  |TAMS 0x0000000083b00000, 0x0000000083a00000| Untracked 
|  59|0x0000000083b00000, 0x0000000083c00000, 0x0000000083c00000|100%| O|  |TAMS 0x0000000083c00000, 0x0000000083b00000| Untracked 
|  60|0x0000000083c00000, 0x0000000083d00000, 0x0000000083d00000|100%| O|  |TAMS 0x0000000083d00000, 0x0000000083c00000| Untracked 
|  61|0x0000000083d00000, 0x0000000083e00000, 0x0000000083e00000|100%| O|  |TAMS 0x0000000083d1f400, 0x0000000083d00000| Untracked 
|  62|0x0000000083e00000, 0x0000000083f00000, 0x0000000083f00000|100%| O|  |TAMS 0x0000000083f00000, 0x0000000083e00000| Untracked 
|  63|0x0000000083f00000, 0x0000000084000000, 0x0000000084000000|100%| O|  |TAMS 0x0000000084000000, 0x0000000083f00000| Untracked 
|  64|0x0000000084000000, 0x0000000084100000, 0x0000000084100000|100%| O|  |TAMS 0x0000000084100000, 0x0000000084000000| Untracked 
|  65|0x0000000084100000, 0x0000000084200000, 0x0000000084200000|100%| O|  |TAMS 0x0000000084200000, 0x0000000084100000| Untracked 
|  66|0x0000000084200000, 0x0000000084300000, 0x0000000084300000|100%| O|  |TAMS 0x0000000084300000, 0x0000000084200000| Untracked 
|  67|0x0000000084300000, 0x0000000084400000, 0x0000000084400000|100%| O|  |TAMS 0x0000000084400000, 0x0000000084300000| Untracked 
|  68|0x0000000084400000, 0x0000000084500000, 0x0000000084500000|100%| O|  |TAMS 0x0000000084500000, 0x0000000084400000| Untracked 
|  69|0x0000000084500000, 0x0000000084600000, 0x0000000084600000|100%| O|  |TAMS 0x0000000084600000, 0x0000000084500000| Untracked 
|  70|0x0000000084600000, 0x0000000084700000, 0x0000000084700000|100%| O|  |TAMS 0x0000000084700000, 0x0000000084600000| Untracked 
|  71|0x0000000084700000, 0x0000000084800000, 0x0000000084800000|100%| O|  |TAMS 0x0000000084800000, 0x0000000084700000| Untracked 
|  72|0x0000000084800000, 0x0000000084900000, 0x0000000084900000|100%| O|  |TAMS 0x0000000084800000, 0x0000000084800000| Untracked 
|  73|0x0000000084900000, 0x0000000084a00000, 0x0000000084a00000|100%| O|  |TAMS 0x0000000084900000, 0x0000000084900000| Untracked 
|  74|0x0000000084a00000, 0x0000000084b00000, 0x0000000084b00000|100%| O|  |TAMS 0x0000000084a00000, 0x0000000084a00000| Untracked 
|  75|0x0000000084b00000, 0x0000000084c00000, 0x0000000084c00000|100%| O|  |TAMS 0x0000000084b00000, 0x0000000084b00000| Untracked 
|  76|0x0000000084c00000, 0x0000000084d00000, 0x0000000084d00000|100%| O|  |TAMS 0x0000000084c00000, 0x0000000084c00000| Untracked 
|  77|0x0000000084d00000, 0x0000000084e00000, 0x0000000084e00000|100%| O|  |TAMS 0x0000000084d00000, 0x0000000084d00000| Untracked 
|  78|0x0000000084e00000, 0x0000000084f00000, 0x0000000084f00000|100%| O|  |TAMS 0x0000000084e00000, 0x0000000084e00000| Untracked 
|  79|0x0000000084f00000, 0x0000000085000000, 0x0000000085000000|100%| O|  |TAMS 0x0000000084f00000, 0x0000000084f00000| Untracked 
|  80|0x0000000085000000, 0x0000000085100000, 0x0000000085100000|100%| O|  |TAMS 0x0000000085000000, 0x0000000085000000| Untracked 
|  81|0x0000000085100000, 0x0000000085200000, 0x0000000085200000|100%| O|  |TAMS 0x0000000085100000, 0x0000000085100000| Untracked 
|  82|0x0000000085200000, 0x0000000085300000, 0x0000000085300000|100%| O|  |TAMS 0x0000000085200000, 0x0000000085200000| Untracked 
|  83|0x0000000085300000, 0x0000000085400000, 0x0000000085400000|100%| O|  |TAMS 0x0000000085300000, 0x0000000085300000| Untracked 
|  84|0x0000000085400000, 0x0000000085500000, 0x0000000085500000|100%| O|  |TAMS 0x0000000085400000, 0x0000000085400000| Untracked 
|  85|0x0000000085500000, 0x0000000085600000, 0x0000000085600000|100%| O|  |TAMS 0x0000000085500000, 0x0000000085500000| Untracked 
|  86|0x0000000085600000, 0x0000000085700000, 0x0000000085700000|100%| O|  |TAMS 0x0000000085600000, 0x0000000085600000| Untracked 
|  87|0x0000000085700000, 0x0000000085800000, 0x0000000085800000|100%| O|  |TAMS 0x0000000085700000, 0x0000000085700000| Untracked 
|  88|0x0000000085800000, 0x0000000085900000, 0x0000000085900000|100%| O|  |TAMS 0x0000000085800000, 0x0000000085800000| Untracked 
|  89|0x0000000085900000, 0x0000000085a00000, 0x0000000085a00000|100%| O|  |TAMS 0x0000000085900000, 0x0000000085900000| Untracked 
|  90|0x0000000085a00000, 0x0000000085b00000, 0x0000000085b00000|100%| O|  |TAMS 0x0000000085a00000, 0x0000000085a00000| Untracked 
|  91|0x0000000085b00000, 0x0000000085c00000, 0x0000000085c00000|100%| O|  |TAMS 0x0000000085b00000, 0x0000000085b00000| Untracked 
|  92|0x0000000085c00000, 0x0000000085d00000, 0x0000000085d00000|100%| O|  |TAMS 0x0000000085c00000, 0x0000000085c00000| Untracked 
|  93|0x0000000085d00000, 0x0000000085e00000, 0x0000000085e00000|100%| O|  |TAMS 0x0000000085d00000, 0x0000000085d00000| Untracked 
|  94|0x0000000085e00000, 0x0000000085e24c00, 0x0000000085f00000| 14%| O|  |TAMS 0x0000000085e00000, 0x0000000085e00000| Untracked 
|  95|0x0000000085f00000, 0x0000000085f00000, 0x0000000086000000|  0%| F|  |TAMS 0x0000000085f00000, 0x0000000085f00000| Untracked 
|  96|0x0000000086000000, 0x0000000086000000, 0x0000000086100000|  0%| F|  |TAMS 0x0000000086000000, 0x0000000086000000| Untracked 
|  97|0x0000000086100000, 0x0000000086100000, 0x0000000086200000|  0%| F|  |TAMS 0x0000000086100000, 0x0000000086100000| Untracked 
|  98|0x0000000086200000, 0x0000000086200000, 0x0000000086300000|  0%| F|  |TAMS 0x0000000086200000, 0x0000000086200000| Untracked 
|  99|0x0000000086300000, 0x0000000086300000, 0x0000000086400000|  0%| F|  |TAMS 0x0000000086300000, 0x0000000086300000| Untracked 
| 100|0x0000000086400000, 0x0000000086400000, 0x0000000086500000|  0%| F|  |TAMS 0x0000000086400000, 0x0000000086400000| Untracked 
| 101|0x0000000086500000, 0x0000000086500000, 0x0000000086600000|  0%| F|  |TAMS 0x0000000086500000, 0x0000000086500000| Untracked 
| 102|0x0000000086600000, 0x0000000086600000, 0x0000000086700000|  0%| F|  |TAMS 0x0000000086600000, 0x0000000086600000| Untracked 
| 103|0x0000000086700000, 0x0000000086700000, 0x0000000086800000|  0%| F|  |TAMS 0x0000000086700000, 0x0000000086700000| Untracked 
| 104|0x0000000086800000, 0x0000000086800000, 0x0000000086900000|  0%| F|  |TAMS 0x0000000086800000, 0x0000000086800000| Untracked 
| 105|0x0000000086900000, 0x0000000086900000, 0x0000000086a00000|  0%| F|  |TAMS 0x0000000086900000, 0x0000000086900000| Untracked 
| 106|0x0000000086a00000, 0x0000000086a00000, 0x0000000086b00000|  0%| F|  |TAMS 0x0000000086a00000, 0x0000000086a00000| Untracked 
| 107|0x0000000086b00000, 0x0000000086b00000, 0x0000000086c00000|  0%| F|  |TAMS 0x0000000086b00000, 0x0000000086b00000| Untracked 
| 108|0x0000000086c00000, 0x0000000086c00000, 0x0000000086d00000|  0%| F|  |TAMS 0x0000000086c00000, 0x0000000086c00000| Untracked 
| 109|0x0000000086d00000, 0x0000000086d00000, 0x0000000086e00000|  0%| F|  |TAMS 0x0000000086d00000, 0x0000000086d00000| Untracked 
| 110|0x0000000086e00000, 0x0000000086e00000, 0x0000000086f00000|  0%| F|  |TAMS 0x0000000086e00000, 0x0000000086e00000| Untracked 
| 111|0x0000000086f00000, 0x0000000086f00000, 0x0000000087000000|  0%| F|  |TAMS 0x0000000086f00000, 0x0000000086f00000| Untracked 
| 112|0x0000000087000000, 0x0000000087000000, 0x0000000087100000|  0%| F|  |TAMS 0x0000000087000000, 0x0000000087000000| Untracked 
| 113|0x0000000087100000, 0x0000000087100000, 0x0000000087200000|  0%| F|  |TAMS 0x0000000087100000, 0x0000000087100000| Untracked 
| 114|0x0000000087200000, 0x0000000087200000, 0x0000000087300000|  0%| F|  |TAMS 0x0000000087200000, 0x0000000087200000| Untracked 
| 115|0x0000000087300000, 0x0000000087300000, 0x0000000087400000|  0%| F|  |TAMS 0x0000000087300000, 0x0000000087300000| Untracked 
| 116|0x0000000087400000, 0x0000000087400000, 0x0000000087500000|  0%| F|  |TAMS 0x0000000087400000, 0x0000000087400000| Untracked 
| 117|0x0000000087500000, 0x0000000087500000, 0x0000000087600000|  0%| F|  |TAMS 0x0000000087500000, 0x0000000087500000| Untracked 
| 118|0x0000000087600000, 0x0000000087600000, 0x0000000087700000|  0%| F|  |TAMS 0x0000000087600000, 0x0000000087600000| Untracked 
| 119|0x0000000087700000, 0x0000000087700000, 0x0000000087800000|  0%| F|  |TAMS 0x0000000087700000, 0x0000000087700000| Untracked 
| 120|0x0000000087800000, 0x00000000878f4a70, 0x0000000087900000| 95%| S|CS|TAMS 0x0000000087800000, 0x0000000087800000| Complete 
| 121|0x0000000087900000, 0x0000000087a00000, 0x0000000087a00000|100%| S|CS|TAMS 0x0000000087900000, 0x0000000087900000| Complete 
| 122|0x0000000087a00000, 0x0000000087b00000, 0x0000000087b00000|100%| S|CS|TAMS 0x0000000087a00000, 0x0000000087a00000| Complete 
| 123|0x0000000087b00000, 0x0000000087c00000, 0x0000000087c00000|100%| S|CS|TAMS 0x0000000087b00000, 0x0000000087b00000| Complete 
| 124|0x0000000087c00000, 0x0000000087d00000, 0x0000000087d00000|100%| S|CS|TAMS 0x0000000087c00000, 0x0000000087c00000| Complete 
| 125|0x0000000087d00000, 0x0000000087d00000, 0x0000000087e00000|  0%| F|  |TAMS 0x0000000087d00000, 0x0000000087d00000| Untracked 
| 126|0x0000000087e00000, 0x0000000087e00000, 0x0000000087f00000|  0%| F|  |TAMS 0x0000000087e00000, 0x0000000087e00000| Untracked 
| 127|0x0000000087f00000, 0x0000000087f00000, 0x0000000088000000|  0%| F|  |TAMS 0x0000000087f00000, 0x0000000087f00000| Untracked 
| 128|0x0000000088000000, 0x0000000088000000, 0x0000000088100000|  0%| F|  |TAMS 0x0000000088000000, 0x0000000088000000| Untracked 
| 129|0x0000000088100000, 0x0000000088100000, 0x0000000088200000|  0%| F|  |TAMS 0x0000000088100000, 0x0000000088100000| Untracked 
| 130|0x0000000088200000, 0x0000000088200000, 0x0000000088300000|  0%| F|  |TAMS 0x0000000088200000, 0x0000000088200000| Untracked 
| 131|0x0000000088300000, 0x0000000088300000, 0x0000000088400000|  0%| F|  |TAMS 0x0000000088300000, 0x0000000088300000| Untracked 
| 132|0x0000000088400000, 0x0000000088400000, 0x0000000088500000|  0%| F|  |TAMS 0x0000000088400000, 0x0000000088400000| Untracked 
| 133|0x0000000088500000, 0x0000000088500000, 0x0000000088600000|  0%| F|  |TAMS 0x0000000088500000, 0x0000000088500000| Untracked 
| 134|0x0000000088600000, 0x0000000088600000, 0x0000000088700000|  0%| F|  |TAMS 0x0000000088600000, 0x0000000088600000| Untracked 
| 135|0x0000000088700000, 0x0000000088700000, 0x0000000088800000|  0%| F|  |TAMS 0x0000000088700000, 0x0000000088700000| Untracked 
| 136|0x0000000088800000, 0x0000000088800000, 0x0000000088900000|  0%| F|  |TAMS 0x0000000088800000, 0x0000000088800000| Untracked 
| 137|0x0000000088900000, 0x0000000088900000, 0x0000000088a00000|  0%| F|  |TAMS 0x0000000088900000, 0x0000000088900000| Untracked 
| 138|0x0000000088a00000, 0x0000000088a00000, 0x0000000088b00000|  0%| F|  |TAMS 0x0000000088a00000, 0x0000000088a00000| Untracked 
| 139|0x0000000088b00000, 0x0000000088b00000, 0x0000000088c00000|  0%| F|  |TAMS 0x0000000088b00000, 0x0000000088b00000| Untracked 
| 140|0x0000000088c00000, 0x0000000088c00000, 0x0000000088d00000|  0%| F|  |TAMS 0x0000000088c00000, 0x0000000088c00000| Untracked 
| 141|0x0000000088d00000, 0x0000000088d00000, 0x0000000088e00000|  0%| F|  |TAMS 0x0000000088d00000, 0x0000000088d00000| Untracked 
| 142|0x0000000088e00000, 0x0000000088e00000, 0x0000000088f00000|  0%| F|  |TAMS 0x0000000088e00000, 0x0000000088e00000| Untracked 
| 143|0x0000000088f00000, 0x0000000088f00000, 0x0000000089000000|  0%| F|  |TAMS 0x0000000088f00000, 0x0000000088f00000| Untracked 
| 144|0x0000000089000000, 0x0000000089000000, 0x0000000089100000|  0%| F|  |TAMS 0x0000000089000000, 0x0000000089000000| Untracked 
| 145|0x0000000089100000, 0x0000000089100000, 0x0000000089200000|  0%| F|  |TAMS 0x0000000089100000, 0x0000000089100000| Untracked 
| 146|0x0000000089200000, 0x0000000089200000, 0x0000000089300000|  0%| F|  |TAMS 0x0000000089200000, 0x0000000089200000| Untracked 
| 147|0x0000000089300000, 0x0000000089300000, 0x0000000089400000|  0%| F|  |TAMS 0x0000000089300000, 0x0000000089300000| Untracked 
| 148|0x0000000089400000, 0x0000000089400000, 0x0000000089500000|  0%| F|  |TAMS 0x0000000089400000, 0x0000000089400000| Untracked 
| 149|0x0000000089500000, 0x0000000089500000, 0x0000000089600000|  0%| F|  |TAMS 0x0000000089500000, 0x0000000089500000| Untracked 
| 150|0x0000000089600000, 0x0000000089600000, 0x0000000089700000|  0%| F|  |TAMS 0x0000000089600000, 0x0000000089600000| Untracked 
| 151|0x0000000089700000, 0x0000000089700000, 0x0000000089800000|  0%| F|  |TAMS 0x0000000089700000, 0x0000000089700000| Untracked 
| 152|0x0000000089800000, 0x0000000089800000, 0x0000000089900000|  0%| F|  |TAMS 0x0000000089800000, 0x0000000089800000| Untracked 
| 153|0x0000000089900000, 0x0000000089900000, 0x0000000089a00000|  0%| F|  |TAMS 0x0000000089900000, 0x0000000089900000| Untracked 
| 154|0x0000000089a00000, 0x0000000089a00000, 0x0000000089b00000|  0%| F|  |TAMS 0x0000000089a00000, 0x0000000089a00000| Untracked 
| 155|0x0000000089b00000, 0x0000000089b00000, 0x0000000089c00000|  0%| F|  |TAMS 0x0000000089b00000, 0x0000000089b00000| Untracked 
| 156|0x0000000089c00000, 0x0000000089c00000, 0x0000000089d00000|  0%| F|  |TAMS 0x0000000089c00000, 0x0000000089c00000| Untracked 
| 157|0x0000000089d00000, 0x0000000089d00000, 0x0000000089e00000|  0%| F|  |TAMS 0x0000000089d00000, 0x0000000089d00000| Untracked 
| 158|0x0000000089e00000, 0x0000000089e00000, 0x0000000089f00000|  0%| F|  |TAMS 0x0000000089e00000, 0x0000000089e00000| Untracked 
| 159|0x0000000089f00000, 0x0000000089fc2d90, 0x000000008a000000| 76%| E|  |TAMS 0x0000000089f00000, 0x0000000089f00000| Complete 
| 160|0x000000008a000000, 0x000000008a100000, 0x000000008a100000|100%| E|CS|TAMS 0x000000008a000000, 0x000000008a000000| Complete 

Card table byte_map: [0x000002595b760000,0x000002595bb60000] _byte_map_base: 0x000002595b360000

Marking Bits (Prev, Next): (CMBitMap*) 0x0000025948bcbc30, (CMBitMap*) 0x0000025948bcbc70
 Prev Bits: [0x000002595bf60000, 0x000002595df60000)
 Next Bits: [0x000002595df60000, 0x000002595ff60000)

Polling page: 0x0000025946b40000

Metaspace:

Usage:
  Non-class:     86.75 MB used.
      Class:     13.51 MB used.
       Both:    100.25 MB used.

Virtual space:
  Non-class space:       88.00 MB reserved,      87.12 MB (>99%) committed,  11 nodes.
      Class space:        1.00 GB reserved,      13.88 MB (  1%) committed,  1 nodes.
             Both:        1.09 GB reserved,     101.00 MB (  9%) committed. 

Chunk freelists:
   Non-Class:  352.00 KB
       Class:  2.09 MB
        Both:  2.44 MB

MaxMetaspaceSize: unlimited
CompressedClassSpaceSize: 1.00 GB
Initial GC threshold: 21.00 MB
Current GC threshold: 145.31 MB
CDS: off
MetaspaceReclaimPolicy: balanced
 - commit_granule_bytes: 65536.
 - commit_granule_words: 8192.
 - virtual_space_node_default_size: 1048576.
 - enlarge_chunks_in_place: 1.
 - new_chunks_are_fully_committed: 0.
 - uncommit_free_chunks: 1.
 - use_allocation_guard: 0.
 - handle_deallocations: 1.


Internal statistics:

num_allocs_failed_limit: 6.
num_arena_births: 1054.
num_arena_deaths: 0.
num_vsnodes_births: 12.
num_vsnodes_deaths: 0.
num_space_committed: 1615.
num_space_uncommitted: 0.
num_chunks_returned_to_freelist: 6.
num_chunks_taken_from_freelist: 4786.
num_chunk_merges: 6.
num_chunk_splits: 3186.
num_chunks_enlarged: 2174.
num_purges: 0.
num_inconsistent_stats: 0.

CodeHeap 'non-profiled nmethods': size=120000Kb used=4117Kb max_used=4117Kb free=115883Kb
 bounds [0x0000025953b00000, 0x0000025953f10000, 0x000002595b030000]
CodeHeap 'profiled nmethods': size=120000Kb used=17940Kb max_used=17940Kb free=102059Kb
 bounds [0x000002594c030000, 0x000002594d1c0000, 0x0000025953560000]
CodeHeap 'non-nmethods': size=5760Kb used=2414Kb max_used=2456Kb free=3345Kb
 bounds [0x0000025953560000, 0x00000259537d0000, 0x0000025953b00000]
 total_blobs=10879 nmethods=9924 adapters=867
 compilation: enabled
              stopped_count=0, restarted_count=0
 full_count=0

Compilation events (20 events):
Event: 25.031 Thread 0x000002596342abd0 11033       2       com.google.common.collect.MapMakerInternalMap$WeakKeyDummyValueEntry$Helper::copy (17 bytes)
Event: 25.031 Thread 0x000002596342abd0 nmethod 11033 0x000002594d1ab890 code [0x000002594d1aba40, 0x000002594d1abc68]
Event: 25.031 Thread 0x000002596342abd0 11029       2       org.gradle.internal.execution.history.impl.FingerprintMapSerializer::readFingerprint (96 bytes)
Event: 25.032 Thread 0x000002596342abd0 nmethod 11029 0x000002594d1abe10 code [0x000002594d1ac020, 0x000002594d1ac498]
Event: 25.032 Thread 0x000002596342abd0 11031       2       org.gradle.internal.execution.history.impl.FingerprintMapSerializer::readFileType (58 bytes)
Event: 25.032 Thread 0x000002596342abd0 nmethod 11031 0x000002594d1ac710 code [0x000002594d1ac8e0, 0x000002594d1acb38]
Event: 25.032 Thread 0x000002596342abd0 11032       2       org.gradle.internal.execution.history.impl.FingerprintMapSerializer::readContentHash (63 bytes)
Event: 25.033 Thread 0x000002596342abd0 nmethod 11032 0x000002594d1acc10 code [0x000002594d1ace00, 0x000002594d1ad198]
Event: 25.033 Thread 0x000002596342abd0 11035       2       com.google.common.collect.MapMakerInternalMap$WeakKeyDummyValueEntry::copy (18 bytes)
Event: 25.033 Thread 0x000002596342abd0 nmethod 11035 0x000002594d1ad390 code [0x000002594d1ad540, 0x000002594d1ad6e8]
Event: 25.033 Thread 0x000002596342abd0 11034       2       com.google.common.collect.MapMakerInternalMap$WeakKeyDummyValueEntry$Helper::copy (19 bytes)
Event: 25.033 Thread 0x000002596342abd0 nmethod 11034 0x000002594d1ad790 code [0x000002594d1ad940, 0x000002594d1adae8]
Event: 25.035 Thread 0x000002596342abd0 11037       2       com.esotericsoftware.kryo.io.Input::readUtf8_slow (255 bytes)
Event: 25.036 Thread 0x000002596342abd0 nmethod 11037 0x000002594d1adc10 code [0x000002594d1adde0, 0x000002594d1ae228]
Event: 25.038 Thread 0x000002596342abd0 11038       2       java.util.stream.ReferencePipeline$4$1::accept (23 bytes)
Event: 25.039 Thread 0x000002596342abd0 nmethod 11038 0x000002594d1ae510 code [0x000002594d1ae6c0, 0x000002594d1ae818]
Event: 25.039 Thread 0x000002596342abd0 11039   !   2       org.gradle.internal.serialize.kryo.KryoBackedDecoder::readSmallLong (16 bytes)
Event: 25.039 Thread 0x000002596342abd0 nmethod 11039 0x000002594d1ae910 code [0x000002594d1aeb00, 0x000002594d1aeda8]
Event: 25.055 Thread 0x000002596342abd0 11041   !   2       org.gradle.cache.internal.InMemoryDecoratedCache::get (44 bytes)
Event: 25.056 Thread 0x000002596342abd0 nmethod 11041 0x000002594d1aef90 code [0x000002594d1af180, 0x000002594d1af4b8]

GC Heap History (20 events):
Event: 17.911 GC heap before
{Heap before GC invocations=36 (full 0):
 garbage-first heap   total 121856K, used 93933K [0x0000000080000000, 0x0000000100000000)
  region size 1024K, 29 young (29696K), 4 survivors (4096K)
 Metaspace       used 80145K, committed 80704K, reserved 1122304K
  class space    used 10560K, committed 10816K, reserved 1048576K
}
Event: 17.919 GC heap after
{Heap after GC invocations=37 (full 0):
 garbage-first heap   total 121856K, used 73104K [0x0000000080000000, 0x0000000100000000)
  region size 1024K, 4 young (4096K), 4 survivors (4096K)
 Metaspace       used 80145K, committed 80704K, reserved 1122304K
  class space    used 10560K, committed 10816K, reserved 1048576K
}
Event: 17.935 GC heap before
{Heap before GC invocations=37 (full 0):
 garbage-first heap   total 121856K, used 74128K [0x0000000080000000, 0x0000000100000000)
  region size 1024K, 5 young (5120K), 4 survivors (4096K)
 Metaspace       used 80147K, committed 80704K, reserved 1122304K
  class space    used 10560K, committed 10816K, reserved 1048576K
}
Event: 17.940 GC heap after
{Heap after GC invocations=38 (full 0):
 garbage-first heap   total 121856K, used 73465K [0x0000000080000000, 0x0000000100000000)
  region size 1024K, 1 young (1024K), 1 survivors (1024K)
 Metaspace       used 80147K, committed 80704K, reserved 1122304K
  class space    used 10560K, committed 10816K, reserved 1048576K
}
Event: 18.670 GC heap before
{Heap before GC invocations=38 (full 0):
 garbage-first heap   total 121856K, used 99065K [0x0000000080000000, 0x0000000100000000)
  region size 1024K, 26 young (26624K), 1 survivors (1024K)
 Metaspace       used 82777K, committed 83392K, reserved 1122304K
  class space    used 10919K, committed 11200K, reserved 1048576K
}
Event: 18.673 GC heap after
{Heap after GC invocations=39 (full 0):
 garbage-first heap   total 121856K, used 74873K [0x0000000080000000, 0x0000000100000000)
  region size 1024K, 3 young (3072K), 3 survivors (3072K)
 Metaspace       used 82777K, committed 83392K, reserved 1122304K
  class space    used 10919K, committed 11200K, reserved 1048576K
}
Event: 19.494 GC heap before
{Heap before GC invocations=39 (full 0):
 garbage-first heap   total 121856K, used 99449K [0x0000000080000000, 0x0000000100000000)
  region size 1024K, 27 young (27648K), 3 survivors (3072K)
 Metaspace       used 85917K, committed 86528K, reserved 1130496K
  class space    used 11549K, committed 11840K, reserved 1048576K
}
Event: 19.499 GC heap after
{Heap after GC invocations=40 (full 0):
 garbage-first heap   total 121856K, used 75411K [0x0000000080000000, 0x0000000100000000)
  region size 1024K, 3 young (3072K), 3 survivors (3072K)
 Metaspace       used 85917K, committed 86528K, reserved 1130496K
  class space    used 11549K, committed 11840K, reserved 1048576K
}
Event: 20.206 GC heap before
{Heap before GC invocations=40 (full 0):
 garbage-first heap   total 121856K, used 99987K [0x0000000080000000, 0x0000000100000000)
  region size 1024K, 27 young (27648K), 3 survivors (3072K)
 Metaspace       used 88350K, committed 88960K, reserved 1130496K
  class space    used 11889K, committed 12160K, reserved 1048576K
}
Event: 20.212 GC heap after
{Heap after GC invocations=41 (full 0):
 garbage-first heap   total 121856K, used 77247K [0x0000000080000000, 0x0000000100000000)
  region size 1024K, 4 young (4096K), 4 survivors (4096K)
 Metaspace       used 88350K, committed 88960K, reserved 1130496K
  class space    used 11889K, committed 12160K, reserved 1048576K
}
Event: 20.895 GC heap before
{Heap before GC invocations=42 (full 0):
 garbage-first heap   total 137216K, used 98751K [0x0000000080000000, 0x0000000100000000)
  region size 1024K, 25 young (25600K), 4 survivors (4096K)
 Metaspace       used 90545K, committed 91200K, reserved 1130496K
  class space    used 12242K, committed 12544K, reserved 1048576K
}
Event: 20.901 GC heap after
{Heap after GC invocations=43 (full 0):
 garbage-first heap   total 137216K, used 78743K [0x0000000080000000, 0x0000000100000000)
  region size 1024K, 4 young (4096K), 4 survivors (4096K)
 Metaspace       used 90545K, committed 91200K, reserved 1130496K
  class space    used 12242K, committed 12544K, reserved 1048576K
}
Event: 20.964 GC heap before
{Heap before GC invocations=43 (full 0):
 garbage-first heap   total 137216K, used 80791K [0x0000000080000000, 0x0000000100000000)
  region size 1024K, 6 young (6144K), 4 survivors (4096K)
 Metaspace       used 90909K, committed 91520K, reserved 1130496K
  class space    used 12292K, committed 12608K, reserved 1048576K
}
Event: 20.971 GC heap after
{Heap after GC invocations=44 (full 0):
 garbage-first heap   total 164864K, used 77307K [0x0000000080000000, 0x0000000100000000)
  region size 1024K, 1 young (1024K), 1 survivors (1024K)
 Metaspace       used 90909K, committed 91520K, reserved 1130496K
  class space    used 12292K, committed 12608K, reserved 1048576K
}
Event: 22.461 GC heap before
{Heap before GC invocations=44 (full 0):
 garbage-first heap   total 164864K, used 133627K [0x0000000080000000, 0x0000000100000000)
  region size 1024K, 56 young (57344K), 1 survivors (1024K)
 Metaspace       used 97247K, committed 97920K, reserved 1138688K
  class space    used 13186K, committed 13504K, reserved 1048576K
}
Event: 22.470 GC heap after
{Heap after GC invocations=45 (full 0):
 garbage-first heap   total 164864K, used 81879K [0x0000000080000000, 0x0000000100000000)
  region size 1024K, 5 young (5120K), 5 survivors (5120K)
 Metaspace       used 97247K, committed 97920K, reserved 1138688K
  class space    used 13186K, committed 13504K, reserved 1048576K
}
Event: 23.330 GC heap before
{Heap before GC invocations=45 (full 0):
 garbage-first heap   total 164864K, used 133079K [0x0000000080000000, 0x0000000100000000)
  region size 1024K, 55 young (56320K), 5 survivors (5120K)
 Metaspace       used 99058K, committed 99776K, reserved 1138688K
  class space    used 13427K, committed 13760K, reserved 1048576K
}
Event: 23.343 GC heap after
{Heap after GC invocations=46 (full 0):
 garbage-first heap   total 164864K, used 88368K [0x0000000080000000, 0x0000000100000000)
  region size 1024K, 7 young (7168K), 7 survivors (7168K)
 Metaspace       used 99058K, committed 99776K, reserved 1138688K
  class space    used 13427K, committed 13760K, reserved 1048576K
}
Event: 23.910 GC heap before
{Heap before GC invocations=46 (full 0):
 garbage-first heap   total 164864K, used 133424K [0x0000000080000000, 0x0000000100000000)
  region size 1024K, 51 young (52224K), 7 survivors (7168K)
 Metaspace       used 100779K, committed 101440K, reserved 1138688K
  class space    used 13535K, committed 13888K, reserved 1048576K
}
Event: 23.925 GC heap after
{Heap after GC invocations=47 (full 0):
 garbage-first heap   total 164864K, used 96048K [0x0000000080000000, 0x0000000100000000)
  region size 1024K, 7 young (7168K), 7 survivors (7168K)
 Metaspace       used 100779K, committed 101440K, reserved 1138688K
  class space    used 13535K, committed 13888K, reserved 1048576K
}

Dll operation events (2 events):
Event: 0.018 Loaded shared library C:\Program Files\Android\Android Studio\jbr\bin\java.dll
Event: 0.750 Loaded shared library C:\Program Files\Android\Android Studio\jbr\bin\verify.dll

Deoptimization events (20 events):
Event: 24.834 Thread 0x0000025964fc1e60 DEOPT PACKING pc=0x0000025953ef8fc0 sp=0x000000e9e48fb310
Event: 24.834 Thread 0x0000025964fc1e60 DEOPT UNPACKING pc=0x00000259535b69a3 sp=0x000000e9e48fb2a8 mode 2
Event: 24.843 Thread 0x0000025964bf0360 DEOPT PACKING pc=0x000002594d053c10 sp=0x000000e9dd3fe240
Event: 24.843 Thread 0x0000025964bf0360 DEOPT UNPACKING pc=0x00000259535b7143 sp=0x000000e9dd3fd708 mode 0
Event: 24.851 Thread 0x0000025964bf0360 DEOPT PACKING pc=0x000002594d053c10 sp=0x000000e9dd3fd850
Event: 24.851 Thread 0x0000025964bf0360 DEOPT UNPACKING pc=0x00000259535b7143 sp=0x000000e9dd3fcd18 mode 0
Event: 24.851 Thread 0x0000025964bf0360 DEOPT PACKING pc=0x000002594d053c10 sp=0x000000e9dd3fdbe0
Event: 24.851 Thread 0x0000025964bf0360 DEOPT UNPACKING pc=0x00000259535b7143 sp=0x000000e9dd3fd0a8 mode 0
Event: 24.863 Thread 0x0000025964bf0360 DEOPT PACKING pc=0x000002594d053c10 sp=0x000000e9dd3fd760
Event: 24.863 Thread 0x0000025964bf0360 DEOPT UNPACKING pc=0x00000259535b7143 sp=0x000000e9dd3fcc28 mode 0
Event: 24.864 Thread 0x0000025964bf0360 DEOPT PACKING pc=0x000002594d053c10 sp=0x000000e9dd3fdb20
Event: 24.864 Thread 0x0000025964bf0360 DEOPT UNPACKING pc=0x00000259535b7143 sp=0x000000e9dd3fcfe8 mode 0
Event: 24.881 Thread 0x0000025964fc1e60 Uncommon trap: trap_request=0xffffffde fr.pc=0x0000025953dd3edc relative=0x000000000000143c
Event: 24.881 Thread 0x0000025964fc1e60 Uncommon trap: reason=class_check action=maybe_recompile pc=0x0000025953dd3edc method=java.util.concurrent.ConcurrentHashMap.putVal(Ljava/lang/Object;Ljava/lang/Object;Z)Ljava/lang/Object; @ 242 c2
Event: 24.881 Thread 0x0000025964fc1e60 DEOPT PACKING pc=0x0000025953dd3edc sp=0x000000e9e48fa8b0
Event: 24.881 Thread 0x0000025964fc1e60 DEOPT UNPACKING pc=0x00000259535b69a3 sp=0x000000e9e48fa830 mode 2
Event: 25.007 Thread 0x0000025964bf0360 DEOPT PACKING pc=0x000002594d053c10 sp=0x000000e9dd3fd760
Event: 25.007 Thread 0x0000025964bf0360 DEOPT UNPACKING pc=0x00000259535b7143 sp=0x000000e9dd3fcc28 mode 0
Event: 25.008 Thread 0x0000025964bf0360 DEOPT PACKING pc=0x000002594d053c10 sp=0x000000e9dd3fdb20
Event: 25.008 Thread 0x0000025964bf0360 DEOPT UNPACKING pc=0x00000259535b7143 sp=0x000000e9dd3fcfe8 mode 0

Classes unloaded (0 events):
No events

Classes redefined (0 events):
No events

Internal exceptions (20 events):
Event: 24.036 Thread 0x0000025964bf0360 Exception <a 'java/lang/NoSuchMethodError'{0x0000000089c9ebc8}: static Lorg/gradle/internal/build/event/types/DefaultTaskStartedProgressEvent;.<clinit>()V> (0x0000000089c9ebc8) 
thrown [s\src\hotspot\share\prims\jni.cpp, line 1108]
Event: 24.037 Thread 0x0000025964bf0360 Exception <a 'java/lang/NoSuchMethodError'{0x0000000089ccffe8}: static Lorg/gradle/internal/build/event/types/DefaultTaskDescriptor;.<clinit>()V> (0x0000000089ccffe8) 
thrown [s\src\hotspot\share\prims\jni.cpp, line 1108]
Event: 24.095 Thread 0x0000025964bf0360 Exception <a 'java/lang/NoSuchMethodError'{0x0000000089a63a48}: static Lorg/gradle/internal/build/event/types/DefaultTaskFinishedProgressEvent;.<clinit>()V> (0x0000000089a63a48) 
thrown [s\src\hotspot\share\prims\jni.cpp, line 1108]
Event: 24.098 Thread 0x0000025964bf0360 Exception <a 'java/lang/NoSuchMethodError'{0x0000000089a99380}: static Lorg/gradle/internal/build/event/types/DefaultTaskSuccessResult;.<clinit>()V> (0x0000000089a99380) 
thrown [s\src\hotspot\share\prims\jni.cpp, line 1108]
Event: 24.098 Thread 0x0000025964bf0360 Exception <a 'java/lang/NoSuchMethodError'{0x0000000089a9aa88}: static Lorg/gradle/internal/build/event/types/AbstractTaskResult;.<clinit>()V> (0x0000000089a9aa88) 
thrown [s\src\hotspot\share\prims\jni.cpp, line 1108]
Event: 24.111 Thread 0x0000025964fc1e60 Exception <a 'sun/nio/fs/WindowsException'{0x0000000089e60a50}> (0x0000000089e60a50) 
thrown [s\src\hotspot\share\prims\jni.cpp, line 517]
Event: 24.120 Thread 0x0000025964bf0360 Exception <a 'java/lang/NoSuchMethodError'{0x00000000899ca3e8}: static Lorg/gradle/internal/build/event/types/DefaultTaskSkippedResult;.<clinit>()V> (0x00000000899ca3e8) 
thrown [s\src\hotspot\share\prims\jni.cpp, line 1108]
Event: 24.120 Thread 0x000002596375a200 Exception <a 'java/lang/NoSuchMethodError'{0x0000000089a59040}: static Lcom/android/buildanalyzer/common/AndroidGradlePluginAttributionData$BuildInfo;.<clinit>()V> (0x0000000089a59040) 
thrown [s\src\hotspot\share\prims\jni.cpp, line 1108]
Event: 24.126 Thread 0x000002596375a200 Exception <a 'java/lang/NoSuchMethodError'{0x0000000089809c48}: static Lcom/android/buildanalyzer/common/AndroidGradlePluginAttributionData$JavaInfo;.<clinit>()V> (0x0000000089809c48) 
thrown [s\src\hotspot\share\prims\jni.cpp, line 1108]
Event: 24.132 Thread 0x000002596375a200 Exception <a 'java/lang/NoSuchMethodError'{0x00000000898533b8}: static [Ljava/lang/String;.<clinit>()V> (0x00000000898533b8) 
thrown [s\src\hotspot\share\prims\jni.cpp, line 1108]
Event: 24.133 Thread 0x000002596375a200 Exception <a 'java/lang/NoSuchMethodError'{0x000000008985fc80}: static Lcom/android/buildanalyzer/common/AndroidGradlePluginAttributionData$TaskInfo;.<clinit>()V> (0x000000008985fc80) 
thrown [s\src\hotspot\share\prims\jni.cpp, line 1108]
Event: 24.135 Thread 0x000002596375a200 Exception <a 'java/lang/NoSuchMethodError'{0x000000008986c660}: static Lcom/android/buildanalyzer/common/AndroidGradlePluginAttributionData$TaskCategoryInfo;.<clinit>()V> (0x000000008986c660) 
thrown [s\src\hotspot\share\prims\jni.cpp, line 1108]
Event: 24.290 Thread 0x0000025964bf0360 Exception <a 'java/lang/NoSuchMethodError'{0x000000008949cae8}: static Lorg/gradle/internal/build/event/types/DefaultFileDownloadDescriptor;.<clinit>()V> (0x000000008949cae8) 
thrown [s\src\hotspot\share\prims\jni.cpp, line 1108]
Event: 24.302 Thread 0x0000025964fc1e60 Exception <a 'java/net/UnknownHostException'{0x00000000894a85b8}> (0x00000000894a85b8) 
thrown [s\src\hotspot\share\prims\jni.cpp, line 517]
Event: 24.311 Thread 0x0000025964bf0360 Exception <a 'java/lang/NoSuchMethodError'{0x00000000893afb20}: static Lorg/gradle/internal/build/event/types/DefaultFileDownloadFailureResult;.<clinit>()V> (0x00000000893afb20) 
thrown [s\src\hotspot\share\prims\jni.cpp, line 1108]
Event: 24.312 Thread 0x0000025964bf0360 Exception <a 'java/lang/NoSuchMethodError'{0x00000000893b0f60}: static Lorg/gradle/internal/build/event/types/DefaultFailureResult;.<clinit>()V> (0x00000000893b0f60) 
thrown [s\src\hotspot\share\prims\jni.cpp, line 1108]
Event: 24.315 Thread 0x0000025964bf0360 Exception <a 'java/lang/NoSuchMethodError'{0x00000000893c7320}: static Lorg/gradle/internal/build/event/types/DefaultFailure;.<clinit>()V> (0x00000000893c7320) 
thrown [s\src\hotspot\share\prims\jni.cpp, line 1108]
Event: 24.317 Thread 0x0000025964fc1e60 Exception <a 'java/net/UnknownHostException'{0x0000000089399df0}> (0x0000000089399df0) 
thrown [s\src\hotspot\share\prims\jni.cpp, line 517]
Event: 25.001 Thread 0x0000025964bf0360 Exception <a 'java/lang/NoSuchMethodError'{0x0000000087f17fc0}: static Lorg/gradle/internal/build/event/types/DefaultTaskFailureResult;.<clinit>()V> (0x0000000087f17fc0) 
thrown [s\src\hotspot\share\prims\jni.cpp, line 1108]
Event: 25.007 Thread 0x0000025964bf0360 Exception <a 'java/lang/NoSuchMethodError'{0x0000000087f61590}: static [Ljava/lang/Object;.<clinit>()V> (0x0000000087f61590) 
thrown [s\src\hotspot\share\prims\jni.cpp, line 1108]

VM Operations (20 events):
Event: 23.330 Executing VM operation: G1CollectForAllocation
Event: 23.343 Executing VM operation: G1CollectForAllocation done
Event: 23.832 Executing VM operation: HandshakeAllThreads
Event: 23.833 Executing VM operation: HandshakeAllThreads done
Event: 23.910 Executing VM operation: G1CollectForAllocation
Event: 23.925 Executing VM operation: G1CollectForAllocation done
Event: 23.995 Executing VM operation: HandshakeAllThreads
Event: 23.995 Executing VM operation: HandshakeAllThreads done
Event: 24.092 Executing VM operation: HandshakeAllThreads
Event: 24.093 Executing VM operation: HandshakeAllThreads done
Event: 24.268 Executing VM operation: HandshakeAllThreads
Event: 24.268 Executing VM operation: HandshakeAllThreads done
Event: 24.310 Executing VM operation: ICBufferFull
Event: 24.310 Executing VM operation: ICBufferFull done
Event: 24.655 Executing VM operation: ICBufferFull
Event: 24.655 Executing VM operation: ICBufferFull done
Event: 24.803 Executing VM operation: ICBufferFull
Event: 24.803 Executing VM operation: ICBufferFull done
Event: 25.038 Executing VM operation: ICBufferFull
Event: 25.038 Executing VM operation: ICBufferFull done

Events (20 events):
Event: 23.900 loading class java/util/concurrent/ConcurrentLinkedQueue$Itr
Event: 23.900 loading class java/util/concurrent/ConcurrentLinkedQueue$Itr done
Event: 23.901 Thread 0x0000025963754690 Thread added: 0x0000025963754690
Event: 23.955 Thread 0x00000259678d3cd0 Thread added: 0x00000259678d3cd0
Event: 23.967 Thread 0x0000025964fbe4a0 Thread added: 0x0000025964fbe4a0
Event: 23.967 Thread 0x0000025964fbdb00 Thread added: 0x0000025964fbdb00
Event: 23.967 Thread 0x0000025964fc0650 Thread added: 0x0000025964fc0650
Event: 23.967 Thread 0x0000025964fc0b20 Thread added: 0x0000025964fc0b20
Event: 23.967 Thread 0x0000025964fbf310 Thread added: 0x0000025964fbf310
Event: 23.967 Thread 0x0000025964fc1e60 Thread added: 0x0000025964fc1e60
Event: 23.968 Thread 0x0000025964fbee40 Thread added: 0x0000025964fbee40
Event: 24.008 Thread 0x0000025964fbd160 Thread added: 0x0000025964fbd160
Event: 24.030 loading class java/util/TreeMap$KeySpliterator
Event: 24.031 loading class java/util/TreeMap$KeySpliterator done
Event: 24.131 loading class java/io/ObjectStreamClass$ExceptionInfo
Event: 24.131 loading class java/io/ObjectStreamClass$ExceptionInfo done
Event: 24.305 loading class java/lang/Throwable$WrappedPrintWriter
Event: 24.305 loading class java/lang/Throwable$PrintStreamOrWriter
Event: 24.305 loading class java/lang/Throwable$PrintStreamOrWriter done
Event: 24.305 loading class java/lang/Throwable$WrappedPrintWriter done


Dynamic libraries:
0x00007ff6f1110000 - 0x00007ff6f111a000 	C:\Program Files\Android\Android Studio\jbr\bin\java.exe
0x00007ff9069d0000 - 0x00007ff906be6000 	C:\WINDOWS\SYSTEM32\ntdll.dll
0x00007ff905c70000 - 0x00007ff905d34000 	C:\WINDOWS\System32\KERNEL32.DLL
0x00007ff903dd0000 - 0x00007ff904176000 	C:\WINDOWS\System32\KERNELBASE.dll
0x00007ff904320000 - 0x00007ff904431000 	C:\WINDOWS\System32\ucrtbase.dll
0x00007ff8cac50000 - 0x00007ff8cac67000 	C:\Program Files\Android\Android Studio\jbr\bin\jli.dll
0x00007ff8e7de0000 - 0x00007ff8e7dfb000 	C:\Program Files\Android\Android Studio\jbr\bin\VCRUNTIME140.dll
0x00007ff905260000 - 0x00007ff90540d000 	C:\WINDOWS\System32\USER32.dll
0x00007ff904560000 - 0x00007ff904586000 	C:\WINDOWS\System32\win32u.dll
0x00007ff9058d0000 - 0x00007ff9058f9000 	C:\WINDOWS\System32\GDI32.dll
0x00007ff8f8d30000 - 0x00007ff8f8fc3000 	C:\WINDOWS\WinSxS\amd64_microsoft.windows.common-controls_6595b64144ccf1df_6.0.22621.3235_none_270f74e173860f98\COMCTL32.dll
0x00007ff904440000 - 0x00007ff904558000 	C:\WINDOWS\System32\gdi32full.dll
0x00007ff904840000 - 0x00007ff9048e7000 	C:\WINDOWS\System32\msvcrt.dll
0x00007ff904680000 - 0x00007ff90471a000 	C:\WINDOWS\System32\msvcp_win.dll
0x00007ff905c10000 - 0x00007ff905c41000 	C:\WINDOWS\System32\IMM32.DLL
0x00007ff8e8d30000 - 0x00007ff8e8d3c000 	C:\Program Files\Android\Android Studio\jbr\bin\vcruntime140_1.dll
0x00007ff8df180000 - 0x00007ff8df20d000 	C:\Program Files\Android\Android Studio\jbr\bin\msvcp140.dll
0x00007ff8a3870000 - 0x00007ff8a44de000 	C:\Program Files\Android\Android Studio\jbr\bin\server\jvm.dll
0x00007ff904720000 - 0x00007ff9047d2000 	C:\WINDOWS\System32\ADVAPI32.dll
0x00007ff906360000 - 0x00007ff906408000 	C:\WINDOWS\System32\sechost.dll
0x00007ff904180000 - 0x00007ff9041a8000 	C:\WINDOWS\System32\bcrypt.dll
0x00007ff905990000 - 0x00007ff905aa5000 	C:\WINDOWS\System32\RPCRT4.dll
0x00007ff8fa0b0000 - 0x00007ff8fa0ba000 	C:\WINDOWS\SYSTEM32\VERSION.dll
0x00007ff8e80b0000 - 0x00007ff8e80b9000 	C:\WINDOWS\SYSTEM32\WSOCK32.dll
0x00007ff8fb3f0000 - 0x00007ff8fb424000 	C:\WINDOWS\SYSTEM32\WINMM.dll
0x00007ff905910000 - 0x00007ff905981000 	C:\WINDOWS\System32\WS2_32.dll
0x00007ff902d50000 - 0x00007ff902d68000 	C:\WINDOWS\SYSTEM32\kernel.appcore.dll
0x00007ff8ff670000 - 0x00007ff8ff67a000 	C:\Program Files\Android\Android Studio\jbr\bin\jimage.dll
0x00007ff8f9260000 - 0x00007ff8f9493000 	C:\WINDOWS\SYSTEM32\DBGHELP.DLL
0x00007ff9064a0000 - 0x00007ff906828000 	C:\WINDOWS\System32\combase.dll
0x00007ff906830000 - 0x00007ff906907000 	C:\WINDOWS\System32\OLEAUT32.dll
0x00007ff8f8c50000 - 0x00007ff8f8c82000 	C:\WINDOWS\SYSTEM32\dbgcore.DLL
0x00007ff904590000 - 0x00007ff90460a000 	C:\WINDOWS\System32\bcryptPrimitives.dll
0x00007ff8e68e0000 - 0x00007ff8e6905000 	C:\Program Files\Android\Android Studio\jbr\bin\java.dll
0x00007ff8fc050000 - 0x00007ff8fc068000 	C:\Program Files\Android\Android Studio\jbr\bin\zip.dll
0x00007ff904950000 - 0x00007ff9051ad000 	C:\WINDOWS\System32\SHELL32.dll
0x00007ff901c70000 - 0x00007ff902568000 	C:\WINDOWS\SYSTEM32\windows.storage.dll
0x00007ff901b30000 - 0x00007ff901c6e000 	C:\WINDOWS\SYSTEM32\wintypes.dll
0x00007ff905ab0000 - 0x00007ff905ba3000 	C:\WINDOWS\System32\SHCORE.dll
0x00007ff9048f0000 - 0x00007ff90494e000 	C:\WINDOWS\System32\shlwapi.dll
0x00007ff903c40000 - 0x00007ff903c66000 	C:\WINDOWS\SYSTEM32\profapi.dll
0x00007ff8df6b0000 - 0x00007ff8df6c9000 	C:\Program Files\Android\Android Studio\jbr\bin\net.dll
0x00007ff8fdb30000 - 0x00007ff8fdc67000 	C:\WINDOWS\SYSTEM32\WINHTTP.dll
0x00007ff903240000 - 0x00007ff9032a9000 	C:\WINDOWS\system32\mswsock.dll
0x00007ff8d22d0000 - 0x00007ff8d22e6000 	C:\Program Files\Android\Android Studio\jbr\bin\nio.dll
0x00007ff8ff540000 - 0x00007ff8ff550000 	C:\Program Files\Android\Android Studio\jbr\bin\verify.dll
0x00007ff8febb0000 - 0x00007ff8febd7000 	C:\Users\23480\.gradle\native\68d5fa5c4cc2d200863cafc0d521ce42e7d3e7ee720ec0a83991735586a16f82\windows-amd64\native-platform.dll
0x00007ff8b67a0000 - 0x00007ff8b68e4000 	C:\Users\23480\.gradle\native\e376f236ea51e6404a007f0833ffe2c6e607c4080706a723a18a27aeea778392\windows-amd64\native-platform-file-events.dll
0x00007ff8ff4c0000 - 0x00007ff8ff4c9000 	C:\Program Files\Android\Android Studio\jbr\bin\management.dll
0x00007ff8f9080000 - 0x00007ff8f908b000 	C:\Program Files\Android\Android Studio\jbr\bin\management_ext.dll
0x00007ff906340000 - 0x00007ff906348000 	C:\WINDOWS\System32\PSAPI.DLL
0x00007ff903490000 - 0x00007ff9034ab000 	C:\WINDOWS\SYSTEM32\CRYPTSP.dll
0x00007ff902cb0000 - 0x00007ff902ce5000 	C:\WINDOWS\system32\rsaenh.dll
0x00007ff903330000 - 0x00007ff90335c000 	C:\WINDOWS\SYSTEM32\USERENV.dll
0x00007ff9034b0000 - 0x00007ff9034bc000 	C:\WINDOWS\SYSTEM32\CRYPTBASE.dll
0x00007ff9027d0000 - 0x00007ff9027fd000 	C:\WINDOWS\SYSTEM32\IPHLPAPI.DLL
0x00007ff904830000 - 0x00007ff904839000 	C:\WINDOWS\System32\NSI.dll
0x00007ff8fdb10000 - 0x00007ff8fdb29000 	C:\WINDOWS\SYSTEM32\dhcpcsvc6.DLL
0x00007ff8fdaf0000 - 0x00007ff8fdb0f000 	C:\WINDOWS\SYSTEM32\dhcpcsvc.DLL
0x00007ff902800000 - 0x00007ff9028f9000 	C:\WINDOWS\SYSTEM32\DNSAPI.dll
0x00007ff882270000 - 0x00007ff882278000 	C:\WINDOWS\system32\wshunix.dll
0x000000006d5f0000 - 0x000000006d616000 	C:\Program Files\Bonjour\mdnsNSP.dll
0x00007ff8f9f90000 - 0x00007ff8f9f9a000 	C:\Windows\System32\rasadhlp.dll
0x00007ff8e1250000 - 0x00007ff8e1267000 	C:\WINDOWS\system32\napinsp.dll
0x00007ff8e0d30000 - 0x00007ff8e0d4b000 	C:\WINDOWS\system32\pnrpnsp.dll
0x00007ff8e0ce0000 - 0x00007ff8e0cf1000 	C:\WINDOWS\System32\winrnr.dll
0x00007ff8fd440000 - 0x00007ff8fd455000 	C:\WINDOWS\system32\wshbth.dll
0x00007ff8df9a0000 - 0x00007ff8df9c1000 	C:\WINDOWS\system32\nlansp_c.dll
0x00007ff8fa980000 - 0x00007ff8faa03000 	C:\WINDOWS\System32\fwpuclnt.dll

dbghelp: loaded successfully - version: 4.0.5 - missing functions: none
symbol engine: initialized successfully - sym options: 0x614 - pdb path: .;C:\Program Files\Android\Android Studio\jbr\bin;C:\WINDOWS\SYSTEM32;C:\WINDOWS\WinSxS\amd64_microsoft.windows.common-controls_6595b64144ccf1df_6.0.22621.3235_none_270f74e173860f98;C:\Program Files\Android\Android Studio\jbr\bin\server;C:\Users\23480\.gradle\native\68d5fa5c4cc2d200863cafc0d521ce42e7d3e7ee720ec0a83991735586a16f82\windows-amd64;C:\Users\23480\.gradle\native\e376f236ea51e6404a007f0833ffe2c6e607c4080706a723a18a27aeea778392\windows-amd64;C:\Program Files\Bonjour

VM Arguments:
jvm_args: --add-opens=java.base/java.util=ALL-UNNAMED --add-opens=java.base/java.lang=ALL-UNNAMED --add-opens=java.base/java.lang.invoke=ALL-UNNAMED --add-opens=java.prefs/java.util.prefs=ALL-UNNAMED --add-opens=java.base/java.nio.charset=ALL-UNNAMED --add-opens=java.base/java.net=ALL-UNNAMED --add-opens=java.base/java.util.concurrent.atomic=ALL-UNNAMED -Xmx2048m -Dfile.encoding=UTF-8 -Duser.country=US -Duser.language=en -Duser.variant 
java_command: org.gradle.launcher.daemon.bootstrap.GradleDaemon 8.0
java_class_path (initial): C:\Users\23480\.gradle\wrapper\dists\gradle-8.0-bin\ca5e32bp14vu59qr306oxotwh\gradle-8.0\lib\gradle-launcher-8.0.jar
Launcher Type: SUN_STANDARD

[Global flags]
     intx CICompilerCount                          = 4                                         {product} {ergonomic}
     uint ConcGCThreads                            = 2                                         {product} {ergonomic}
     uint G1ConcRefinementThreads                  = 8                                         {product} {ergonomic}
   size_t G1HeapRegionSize                         = 1048576                                   {product} {ergonomic}
    uintx GCDrainStackTargetSize                   = 64                                        {product} {ergonomic}
   size_t InitialHeapSize                          = 123731968                                 {product} {ergonomic}
   size_t MarkStackSize                            = 4194304                                   {product} {ergonomic}
   size_t MaxHeapSize                              = 2147483648                                {product} {command line}
   size_t MaxNewSize                               = 1287651328                                {product} {ergonomic}
   size_t MinHeapDeltaBytes                        = 1048576                                   {product} {ergonomic}
   size_t MinHeapSize                              = 8388608                                   {product} {ergonomic}
    uintx NonNMethodCodeHeapSize                   = 5839372                                {pd product} {ergonomic}
    uintx NonProfiledCodeHeapSize                  = 122909434                              {pd product} {ergonomic}
    uintx ProfiledCodeHeapSize                     = 122909434                              {pd product} {ergonomic}
    uintx ReservedCodeCacheSize                    = 251658240                              {pd product} {ergonomic}
     bool SegmentedCodeCache                       = true                                      {product} {ergonomic}
   size_t SoftMaxHeapSize                          = 2147483648                             {manageable} {ergonomic}
     bool UseCompressedClassPointers               = true                           {product lp64_product} {ergonomic}
     bool UseCompressedOops                        = true                           {product lp64_product} {ergonomic}
     bool UseG1GC                                  = true                                      {product} {ergonomic}
     bool UseLargePagesIndividualAllocation        = false                                  {pd product} {ergonomic}

Logging:
Log output configuration:
 #0: stdout all=warning uptime,level,tags
 #1: stderr all=off uptime,level,tags

Environment Variables:
PATH=C:\WINDOWS\system32;C:\WINDOWS;C:\WINDOWS\System32\Wbem;C:\WINDOWS\System32\WindowsPowerShell\v1.0\;C:\WINDOWS\System32\OpenSSH\;C:\Program Files\nodejs\;C:\Program Files\Git\cmd;C:\Program Files\HP\HP One Agent;C:\Users\23480\AppData\Local\Programs\Python\Python311\Scripts\;C:\Users\23480\AppData\Local\Programs\Python\Python311\;C:\Users\23480\AppData\Local\Microsoft\WindowsApps;C:\Users\23480\AppData\Local\atom\bin;C:\Users\23480\AppData\Local\Programs\Microsoft VS Code\bin;C:\Users\23480\AppData\Local\Microsoft\WindowsApps;;C:\Program Files\JetBrains\IntelliJ IDEA Community Edition 2023.2.1\bin;;C:\Users\23480\AppData\Roaming\npm
USERNAME=23480
OS=Windows_NT
PROCESSOR_IDENTIFIER=AMD64 Family 23 Model 104 Stepping 1, AuthenticAMD
TMP=C:\Users\23480\AppData\Local\Temp
TEMP=C:\Users\23480\AppData\Local\Temp


JNI global refs:
JNI global refs: 27, weak refs: 16

JNI global refs memory usage: 843, weak refs: 841


---------------  S Y S T E M  ---------------

OS:
 Windows 11 , 64 bit Build 22621 (10.0.22621.3235)
OS uptime: 0 days 21:29 hours

CPU: total 8 (initial active 8) (8 cores per cpu, 2 threads per core) family 23 model 104 stepping 1 microcode 0x0, cx8, cmov, fxsr, ht, mmx, 3dnowpref, sse, sse2, sse3, ssse3, sse4a, sse4.1, sse4.2, popcnt, lzcnt, tsc, tscinvbit, avx, avx2, aes, clmul, bmi1, bmi2, adx, sha, fma, vzeroupper, clflush, clflushopt

Memory: 4k page, system-wide physical 7502M (223M free)
TotalPageFile size 11571M (AvailPageFile size 0M)
current process WorkingSet (physical memory assigned to process): 409M, peak: 410M
current process commit charge ("private bytes"): 443M, peak: 444M

vm_info: OpenJDK 64-Bit Server VM (17.0.6+0-b2043.56-10027231) for windows-amd64 JRE (17.0.6+0-b2043.56-10027231), built on Apr 28 2023 00:43:19 by "androidbuild" with MS VC++ 16.10 / 16.11 (VS2019)

END.
