#
# There is insufficient memory for the Java Runtime Environment to continue.
# Native memory allocation (malloc) failed to allocate 2427232 bytes for Chunk::new
# Possible reasons:
#   The system is out of physical RAM or swap space
#   The process is running with CompressedOops enabled, and the Java Heap may be blocking the growth of the native heap
# Possible solutions:
#   Reduce memory load on the system
#   Increase physical memory or swap space
#   Check if swap backing store is full
#   Decrease Java heap size (-Xmx/-Xms)
#   Decrease number of Java threads
#   Decrease Java thread stack sizes (-Xss)
#   Set larger code cache with -XX:ReservedCodeCacheSize=
#   JVM is running with Unscaled Compressed Oops mode in which the Java heap is
#     placed in the first 4GB address space. The Java Heap base address is the
#     maximum limit for the native heap growth. Please use -XX:HeapBaseMinAddress
#     to set the Java Heap base and to place the Java Heap above 4GB virtual address.
# This output file may be truncated or incomplete.
#
#  Out of Memory Error (arena.cpp:189), pid=10808, tid=19176
#
# JRE version: OpenJDK Runtime Environment (17.0.6) (build 17.0.6+0-b2043.56-10027231)
# Java VM: OpenJDK 64-Bit Server VM (17.0.6+0-b2043.56-10027231, mixed mode, tiered, compressed oops, compressed class ptrs, g1 gc, windows-amd64)
# No core dump will be written. Minidumps are not enabled by default on client versions of Windows
#

---------------  S U M M A R Y ------------

Command Line: --add-opens=java.base/java.util=ALL-UNNAMED --add-opens=java.base/java.lang=ALL-UNNAMED --add-opens=java.base/java.lang.invoke=ALL-UNNAMED --add-opens=java.prefs/java.util.prefs=ALL-UNNAMED --add-opens=java.base/java.nio.charset=ALL-UNNAMED --add-opens=java.base/java.net=ALL-UNNAMED --add-opens=java.base/java.util.concurrent.atomic=ALL-UNNAMED -Xmx2048m -Dfile.encoding=UTF-8 -Duser.country=US -Duser.language=en -Duser.variant org.gradle.launcher.daemon.bootstrap.GradleDaemon 8.0

Host: AMD Ryzen 3 5300U with Radeon Graphics         , 8 cores, 7G,  Windows 11 , 64 bit Build 22621 (10.0.22621.3235)
Time: Tue Apr  2 15:15:50 2024 W. Central Africa Standard Time elapsed time: 7.928620 seconds (0d 0h 0m 7s)

---------------  T H R E A D  ---------------

Current thread (0x00000218c9451d10):  JavaThread "C2 CompilerThread0" daemon [_thread_in_native, id=19176, stack(0x000000e3c4700000,0x000000e3c4800000)]


Current CompileTask:
C2:   7928 6186       4       org.objectweb.asm.Frame::execute (2318 bytes)

Stack: [0x000000e3c4700000,0x000000e3c4800000]
Native frames: (J=compiled Java code, j=interpreted, Vv=VM code, C=native code)
V  [jvm.dll+0x683c9a]
V  [jvm.dll+0x8427a4]
V  [jvm.dll+0x843f9e]
V  [jvm.dll+0x844603]
V  [jvm.dll+0x249b75]
V  [jvm.dll+0xabcac]
V  [jvm.dll+0xac27c]
V  [jvm.dll+0x368857]
V  [jvm.dll+0x332f31]
V  [jvm.dll+0x3323da]
V  [jvm.dll+0x21c201]
V  [jvm.dll+0x21b621]
V  [jvm.dll+0x1a4fdd]
V  [jvm.dll+0x22b098]
V  [jvm.dll+0x229159]
V  [jvm.dll+0x7f81ec]
V  [jvm.dll+0x7f274a]
V  [jvm.dll+0x682ad5]
C  [ucrtbase.dll+0x29363]
C  [KERNEL32.DLL+0x1257d]
C  [ntdll.dll+0x5aa58]


---------------  P R O C E S S  ---------------

Threads class SMR info:
_java_thread_list=0x00000218d07320c0, length=126, elements={
0x00000218aecde400, 0x00000218c9433260, 0x00000218c94346e0, 0x00000218c881ca10,
0x00000218c881d5c0, 0x00000218c881e170, 0x00000218c9451010, 0x00000218c9451d10,
0x00000218c9456cc0, 0x00000218c94616d0, 0x00000218c95f69d0, 0x00000218c95d82a0,
0x00000218ca6524c0, 0x00000218cae0b0d0, 0x00000218ca8c3d90, 0x00000218caaadda0,
0x00000218cacc6a30, 0x00000218cab52900, 0x00000218cbe57020, 0x00000218cab84a50,
0x00000218cab81f00, 0x00000218cab81a30, 0x00000218cab81090, 0x00000218cab83be0,
0x00000218cab823d0, 0x00000218cab82d70, 0x00000218cab828a0, 0x00000218cab840b0,
0x00000218cab81560, 0x00000218cab83240, 0x00000218cab83710, 0x00000218cab84580,
0x00000218cc427720, 0x00000218cc4250a0, 0x00000218cc428f30, 0x00000218cc429400,
0x00000218cc422a20, 0x00000218cc422080, 0x00000218cc425a40, 0x00000218cc425f10,
0x00000218cc427bf0, 0x00000218cc4298d0, 0x00000218cc427250, 0x00000218cc422550,
0x00000218cc4280c0, 0x00000218cc4263e0, 0x00000218cc422ef0, 0x00000218cc4268b0,
0x00000218cc426d80, 0x00000218cc423890, 0x00000218cc423d60, 0x00000218cc428590,
0x00000218cc428a60, 0x00000218cc424230, 0x00000218cd957a00, 0x00000218cd95a080,
0x00000218cd95e3e0, 0x00000218cd958d40, 0x00000218cd957ed0, 0x00000218cd95aef0,
0x00000218cd95d570, 0x00000218cd957060, 0x00000218cd95aa20, 0x00000218cd95bd60,
0x00000218cd959210, 0x00000218cd9596e0, 0x00000218cd95e8b0, 0x00000218cd95b3c0,
0x00000218cd9583a0, 0x00000218cd95b890, 0x00000218cd95a550, 0x00000218cd958870,
0x00000218cd95cbd0, 0x00000218cd95c230, 0x00000218cd957530, 0x00000218cd95c700,
0x00000218cd95da40, 0x00000218cd95df10, 0x00000218cd959bb0, 0x00000218cd95d0a0,
0x00000218ce253850, 0x00000218ce24f4f0, 0x00000218ce255060, 0x00000218ce24fe90,
0x00000218ce255530, 0x00000218ce255a00, 0x00000218ce252eb0, 0x00000218ce2563a0,
0x00000218ce253380, 0x00000218ce2516a0, 0x00000218ce255ed0, 0x00000218ce251b70,
0x00000218ce250360, 0x00000218ce250830, 0x00000218ce256870, 0x00000218ce253d20,
0x00000218ce250d00, 0x00000218ce252040, 0x00000218ce252510, 0x00000218ce2511d0,
0x00000218ce2541f0, 0x00000218ce24f020, 0x00000218ce24f9c0, 0x00000218ce2546c0,
0x00000218ce2529e0, 0x00000218ce254b90, 0x00000218ca210950, 0x00000218ca213e40,
0x00000218ca215b20, 0x00000218ca212fd0, 0x00000218ca212630, 0x00000218ca211c90,
0x00000218ca210e20, 0x00000218ca213970, 0x00000218ca214310, 0x00000218ca2147e0,
0x00000218ca217800, 0x00000218ca2112f0, 0x00000218ca216e60, 0x00000218ca212160,
0x00000218ca2117c0, 0x00000218ca215ff0, 0x00000218ca212b00, 0x00000218ca2134a0,
0x00000218ca217330, 0x00000218ca214cb0
}

Java Threads: ( => current thread )
  0x00000218aecde400 JavaThread "main" [_thread_blocked, id=12420, stack(0x000000e3c3a00000,0x000000e3c3b00000)]
  0x00000218c9433260 JavaThread "Reference Handler" daemon [_thread_blocked, id=8284, stack(0x000000e3c4100000,0x000000e3c4200000)]
  0x00000218c94346e0 JavaThread "Finalizer" daemon [_thread_blocked, id=19936, stack(0x000000e3c4200000,0x000000e3c4300000)]
  0x00000218c881ca10 JavaThread "Signal Dispatcher" daemon [_thread_blocked, id=11548, stack(0x000000e3c4300000,0x000000e3c4400000)]
  0x00000218c881d5c0 JavaThread "Attach Listener" daemon [_thread_blocked, id=9004, stack(0x000000e3c4400000,0x000000e3c4500000)]
  0x00000218c881e170 JavaThread "Service Thread" daemon [_thread_blocked, id=14844, stack(0x000000e3c4500000,0x000000e3c4600000)]
  0x00000218c9451010 JavaThread "Monitor Deflation Thread" daemon [_thread_blocked, id=18528, stack(0x000000e3c4600000,0x000000e3c4700000)]
=>0x00000218c9451d10 JavaThread "C2 CompilerThread0" daemon [_thread_in_native, id=19176, stack(0x000000e3c4700000,0x000000e3c4800000)]
  0x00000218c9456cc0 JavaThread "C1 CompilerThread0" daemon [_thread_blocked, id=3988, stack(0x000000e3c4800000,0x000000e3c4900000)]
  0x00000218c94616d0 JavaThread "Sweeper thread" daemon [_thread_blocked, id=15316, stack(0x000000e3c4900000,0x000000e3c4a00000)]
  0x00000218c95f69d0 JavaThread "Common-Cleaner" daemon [_thread_blocked, id=8340, stack(0x000000e3c4a00000,0x000000e3c4b00000)]
  0x00000218c95d82a0 JavaThread "Notification Thread" daemon [_thread_blocked, id=3424, stack(0x000000e3c4b00000,0x000000e3c4c00000)]
  0x00000218ca6524c0 JavaThread "Daemon health stats" [_thread_blocked, id=15472, stack(0x000000e3c5100000,0x000000e3c5200000)]
  0x00000218cae0b0d0 JavaThread "Incoming local TCP Connector on port 51227" [_thread_in_native, id=6448, stack(0x000000e3c5200000,0x000000e3c5300000)]
  0x00000218ca8c3d90 JavaThread "Daemon periodic checks" [_thread_blocked, id=16660, stack(0x000000e3c5300000,0x000000e3c5400000)]
  0x00000218caaadda0 JavaThread "Daemon" [_thread_blocked, id=15076, stack(0x000000e3c5400000,0x000000e3c5500000)]
  0x00000218cacc6a30 JavaThread "Handler for socket connection from /127.0.0.1:51227 to /127.0.0.1:51228" [_thread_in_native, id=5072, stack(0x000000e3c5500000,0x000000e3c5600000)]
  0x00000218cab52900 JavaThread "Cancel handler" [_thread_blocked, id=10932, stack(0x000000e3c5600000,0x000000e3c5700000)]
  0x00000218cbe57020 JavaThread "Daemon worker" [_thread_in_native, id=12472, stack(0x000000e3c5700000,0x000000e3c5800000)]
  0x00000218cab84a50 JavaThread "Asynchronous log dispatcher for DefaultDaemonConnection: socket connection from /127.0.0.1:51227 to /127.0.0.1:51228" [_thread_blocked, id=1704, stack(0x000000e3c5800000,0x000000e3c5900000)]
  0x00000218cab81f00 JavaThread "Stdin handler" [_thread_blocked, id=14964, stack(0x000000e3c5900000,0x000000e3c5a00000)]
  0x00000218cab81a30 JavaThread "Daemon client event forwarder" [_thread_blocked, id=10100, stack(0x000000e3c5a00000,0x000000e3c5b00000)]
  0x00000218cab81090 JavaThread "Cache worker for journal cache (C:\Users\23480\.gradle\caches\journal-1)" [_thread_blocked, id=8672, stack(0x000000e3c5f00000,0x000000e3c6000000)]
  0x00000218cab83be0 JavaThread "File lock request listener" [_thread_in_native, id=15384, stack(0x000000e3c6000000,0x000000e3c6100000)]
  0x00000218cab823d0 JavaThread "Cache worker for file hash cache (C:\Users\23480\.gradle\caches\8.0\fileHashes)" [_thread_blocked, id=15328, stack(0x000000e3c6100000,0x000000e3c6200000)]
  0x00000218cab82d70 JavaThread "File watcher server" daemon [_thread_in_native, id=15064, stack(0x000000e3c6200000,0x000000e3c6300000)]
  0x00000218cab828a0 JavaThread "File watcher consumer" daemon [_thread_blocked, id=2236, stack(0x000000e3c6300000,0x000000e3c6400000)]
  0x00000218cab840b0 JavaThread "Cache worker for checksums cache (C:\Users\23480\Documents\androidproject\Motivation\.gradle\8.0\checksums)" [_thread_blocked, id=9380, stack(0x000000e3c6400000,0x000000e3c6500000)]
  0x00000218cab81560 JavaThread "Cache worker for cache directory md-rule (C:\Users\23480\.gradle\caches\8.0\md-rule)" [_thread_blocked, id=20268, stack(0x000000e3c6500000,0x000000e3c6600000)]
  0x00000218cab83240 JavaThread "Cache worker for file content cache (C:\Users\23480\.gradle\caches\8.0\fileContent)" [_thread_blocked, id=15952, stack(0x000000e3c6600000,0x000000e3c6700000)]
  0x00000218cab83710 JavaThread "Cache worker for file hash cache (C:\Users\23480\Documents\androidproject\Motivation\.gradle\8.0\fileHashes)" [_thread_blocked, id=14988, stack(0x000000e3c6700000,0x000000e3c6800000)]
  0x00000218cab84580 JavaThread "Cache worker for cache directory md-supplier (C:\Users\23480\.gradle\caches\8.0\md-supplier)" [_thread_blocked, id=2204, stack(0x000000e3c6800000,0x000000e3c6900000)]
  0x00000218cc427720 JavaThread "Cache worker for execution history cache (C:\Users\23480\.gradle\caches\8.0\executionHistory)" [_thread_blocked, id=19108, stack(0x000000e3c6900000,0x000000e3c6a00000)]
  0x00000218cc4250a0 JavaThread "jar transforms" [_thread_blocked, id=7504, stack(0x000000e3c6a00000,0x000000e3c6b00000)]
  0x00000218cc428f30 JavaThread "jar transforms Thread 2" [_thread_blocked, id=9560, stack(0x000000e3c6b00000,0x000000e3c6c00000)]
  0x00000218cc429400 JavaThread "Cache worker for kotlin-dsl (C:\Users\23480\.gradle\caches\8.0\kotlin-dsl)" [_thread_blocked, id=17824, stack(0x000000e3c6c00000,0x000000e3c6d00000)]
  0x00000218cc422a20 JavaThread "jar transforms Thread 3" [_thread_blocked, id=18732, stack(0x000000e3c6d00000,0x000000e3c6e00000)]
  0x00000218cc422080 JavaThread "jar transforms Thread 4" [_thread_blocked, id=10636, stack(0x000000e3c6e00000,0x000000e3c6f00000)]
  0x00000218cc425a40 JavaThread "Cache worker for dependencies-accessors (C:\Users\23480\Documents\androidproject\Motivation\.gradle\8.0\dependencies-accessors)" [_thread_blocked, id=15792, stack(0x000000e3c6f00000,0x000000e3c7000000)]
  0x00000218cc425f10 JavaThread "Cache worker for Build Output Cleanup Cache (C:\Users\23480\Documents\androidproject\Motivation\.gradle\buildOutputCleanup)" [_thread_blocked, id=2304, stack(0x000000e3c7000000,0x000000e3c7100000)]
  0x00000218cc427bf0 JavaThread "jar transforms Thread 5" [_thread_blocked, id=11556, stack(0x000000e3c7100000,0x000000e3c7200000)]
  0x00000218cc4298d0 JavaThread "Unconstrained build operations" [_thread_blocked, id=7712, stack(0x000000e3c7200000,0x000000e3c7300000)]
  0x00000218cc427250 JavaThread "Unconstrained build operations Thread 2" [_thread_blocked, id=5776, stack(0x000000e3c7300000,0x000000e3c7400000)]
  0x00000218cc422550 JavaThread "Unconstrained build operations Thread 3" [_thread_blocked, id=20284, stack(0x000000e3c7400000,0x000000e3c7500000)]
  0x00000218cc4280c0 JavaThread "Unconstrained build operations Thread 4" [_thread_blocked, id=11860, stack(0x000000e3c7500000,0x000000e3c7600000)]
  0x00000218cc4263e0 JavaThread "Unconstrained build operations Thread 5" [_thread_blocked, id=2816, stack(0x000000e3c7600000,0x000000e3c7700000)]
  0x00000218cc422ef0 JavaThread "Unconstrained build operations Thread 6" [_thread_blocked, id=19500, stack(0x000000e3c7700000,0x000000e3c7800000)]
  0x00000218cc4268b0 JavaThread "Unconstrained build operations Thread 7" [_thread_blocked, id=15020, stack(0x000000e3c7800000,0x000000e3c7900000)]
  0x00000218cc426d80 JavaThread "Unconstrained build operations Thread 8" [_thread_blocked, id=20208, stack(0x000000e3c7900000,0x000000e3c7a00000)]
  0x00000218cc423890 JavaThread "Unconstrained build operations Thread 9" [_thread_blocked, id=18664, stack(0x000000e3c7a00000,0x000000e3c7b00000)]
  0x00000218cc423d60 JavaThread "Unconstrained build operations Thread 10" [_thread_blocked, id=11016, stack(0x000000e3c7b00000,0x000000e3c7c00000)]
  0x00000218cc428590 JavaThread "Unconstrained build operations Thread 11" [_thread_blocked, id=1692, stack(0x000000e3c7c00000,0x000000e3c7d00000)]
  0x00000218cc428a60 JavaThread "Unconstrained build operations Thread 12" [_thread_blocked, id=13412, stack(0x000000e3c7d00000,0x000000e3c7e00000)]
  0x00000218cc424230 JavaThread "Unconstrained build operations Thread 13" [_thread_blocked, id=10164, stack(0x000000e3c7e00000,0x000000e3c7f00000)]
  0x00000218cd957a00 JavaThread "Unconstrained build operations Thread 14" [_thread_blocked, id=2240, stack(0x000000e3c7f00000,0x000000e3c8000000)]
  0x00000218cd95a080 JavaThread "Unconstrained build operations Thread 15" [_thread_blocked, id=8944, stack(0x000000e3c8000000,0x000000e3c8100000)]
  0x00000218cd95e3e0 JavaThread "Unconstrained build operations Thread 16" [_thread_blocked, id=2572, stack(0x000000e3c8100000,0x000000e3c8200000)]
  0x00000218cd958d40 JavaThread "Unconstrained build operations Thread 17" [_thread_blocked, id=1848, stack(0x000000e3c8200000,0x000000e3c8300000)]
  0x00000218cd957ed0 JavaThread "Unconstrained build operations Thread 18" [_thread_blocked, id=12596, stack(0x000000e3c8300000,0x000000e3c8400000)]
  0x00000218cd95aef0 JavaThread "Unconstrained build operations Thread 19" [_thread_blocked, id=2144, stack(0x000000e3c8400000,0x000000e3c8500000)]
  0x00000218cd95d570 JavaThread "Unconstrained build operations Thread 20" [_thread_blocked, id=10072, stack(0x000000e3c8500000,0x000000e3c8600000)]
  0x00000218cd957060 JavaThread "Unconstrained build operations Thread 21" [_thread_blocked, id=20072, stack(0x000000e3c8600000,0x000000e3c8700000)]
  0x00000218cd95aa20 JavaThread "Unconstrained build operations Thread 22" [_thread_blocked, id=12536, stack(0x000000e3c8700000,0x000000e3c8800000)]
  0x00000218cd95bd60 JavaThread "Unconstrained build operations Thread 23" [_thread_blocked, id=19740, stack(0x000000e3c8800000,0x000000e3c8900000)]
  0x00000218cd959210 JavaThread "Unconstrained build operations Thread 24" [_thread_blocked, id=10180, stack(0x000000e3c8900000,0x000000e3c8a00000)]
  0x00000218cd9596e0 JavaThread "Unconstrained build operations Thread 25" [_thread_blocked, id=16620, stack(0x000000e3c8a00000,0x000000e3c8b00000)]
  0x00000218cd95e8b0 JavaThread "Unconstrained build operations Thread 26" [_thread_blocked, id=3444, stack(0x000000e3c8b00000,0x000000e3c8c00000)]
  0x00000218cd95b3c0 JavaThread "Unconstrained build operations Thread 27" [_thread_blocked, id=19452, stack(0x000000e3c8c00000,0x000000e3c8d00000)]
  0x00000218cd9583a0 JavaThread "Unconstrained build operations Thread 28" [_thread_blocked, id=16088, stack(0x000000e3c8d00000,0x000000e3c8e00000)]
  0x00000218cd95b890 JavaThread "Unconstrained build operations Thread 29" [_thread_blocked, id=18608, stack(0x000000e3c8e00000,0x000000e3c8f00000)]
  0x00000218cd95a550 JavaThread "Unconstrained build operations Thread 30" [_thread_blocked, id=17048, stack(0x000000e3c8f00000,0x000000e3c9000000)]
  0x00000218cd958870 JavaThread "Unconstrained build operations Thread 31" [_thread_blocked, id=12548, stack(0x000000e3c9000000,0x000000e3c9100000)]
  0x00000218cd95cbd0 JavaThread "Unconstrained build operations Thread 32" [_thread_blocked, id=1352, stack(0x000000e3c9100000,0x000000e3c9200000)]
  0x00000218cd95c230 JavaThread "Unconstrained build operations Thread 33" [_thread_blocked, id=2308, stack(0x000000e3c9200000,0x000000e3c9300000)]
  0x00000218cd957530 JavaThread "Unconstrained build operations Thread 34" [_thread_blocked, id=10352, stack(0x000000e3c9300000,0x000000e3c9400000)]
  0x00000218cd95c700 JavaThread "Unconstrained build operations Thread 35" [_thread_blocked, id=16004, stack(0x000000e3c9400000,0x000000e3c9500000)]
  0x00000218cd95da40 JavaThread "Unconstrained build operations Thread 36" [_thread_blocked, id=14884, stack(0x000000e3c9500000,0x000000e3c9600000)]
  0x00000218cd95df10 JavaThread "Unconstrained build operations Thread 37" [_thread_blocked, id=14972, stack(0x000000e3c9600000,0x000000e3c9700000)]
  0x00000218cd959bb0 JavaThread "Unconstrained build operations Thread 38" [_thread_blocked, id=3712, stack(0x000000e3c9700000,0x000000e3c9800000)]
  0x00000218cd95d0a0 JavaThread "Unconstrained build operations Thread 39" [_thread_blocked, id=264, stack(0x000000e3c9800000,0x000000e3c9900000)]
  0x00000218ce253850 JavaThread "Unconstrained build operations Thread 40" [_thread_blocked, id=8208, stack(0x000000e3c9900000,0x000000e3c9a00000)]
  0x00000218ce24f4f0 JavaThread "Unconstrained build operations Thread 41" [_thread_blocked, id=19384, stack(0x000000e3c9a00000,0x000000e3c9b00000)]
  0x00000218ce255060 JavaThread "Unconstrained build operations Thread 42" [_thread_blocked, id=1432, stack(0x000000e3c9b00000,0x000000e3c9c00000)]
  0x00000218ce24fe90 JavaThread "Unconstrained build operations Thread 43" [_thread_blocked, id=1708, stack(0x000000e3c9c00000,0x000000e3c9d00000)]
  0x00000218ce255530 JavaThread "Unconstrained build operations Thread 44" [_thread_blocked, id=3052, stack(0x000000e3c9d00000,0x000000e3c9e00000)]
  0x00000218ce255a00 JavaThread "Unconstrained build operations Thread 45" [_thread_blocked, id=8500, stack(0x000000e3c9e00000,0x000000e3c9f00000)]
  0x00000218ce252eb0 JavaThread "Unconstrained build operations Thread 46" [_thread_blocked, id=16200, stack(0x000000e3c9f00000,0x000000e3ca000000)]
  0x00000218ce2563a0 JavaThread "Unconstrained build operations Thread 47" [_thread_blocked, id=11772, stack(0x000000e3ca000000,0x000000e3ca100000)]
  0x00000218ce253380 JavaThread "Unconstrained build operations Thread 48" [_thread_blocked, id=4296, stack(0x000000e3ca100000,0x000000e3ca200000)]
  0x00000218ce2516a0 JavaThread "Unconstrained build operations Thread 49" [_thread_blocked, id=2020, stack(0x000000e3ca200000,0x000000e3ca300000)]
  0x00000218ce255ed0 JavaThread "Unconstrained build operations Thread 50" [_thread_blocked, id=14128, stack(0x000000e3ca300000,0x000000e3ca400000)]
  0x00000218ce251b70 JavaThread "Unconstrained build operations Thread 51" [_thread_blocked, id=5348, stack(0x000000e3ca400000,0x000000e3ca500000)]
  0x00000218ce250360 JavaThread "Unconstrained build operations Thread 52" [_thread_blocked, id=20288, stack(0x000000e3ca500000,0x000000e3ca600000)]
  0x00000218ce250830 JavaThread "Unconstrained build operations Thread 53" [_thread_blocked, id=20256, stack(0x000000e3ca600000,0x000000e3ca700000)]
  0x00000218ce256870 JavaThread "Unconstrained build operations Thread 54" [_thread_blocked, id=2656, stack(0x000000e3ca700000,0x000000e3ca800000)]
  0x00000218ce253d20 JavaThread "Unconstrained build operations Thread 55" [_thread_blocked, id=3908, stack(0x000000e3ca800000,0x000000e3ca900000)]
  0x00000218ce250d00 JavaThread "Unconstrained build operations Thread 56" [_thread_blocked, id=2712, stack(0x000000e3ca900000,0x000000e3caa00000)]
  0x00000218ce252040 JavaThread "Unconstrained build operations Thread 57" [_thread_blocked, id=14604, stack(0x000000e3caa00000,0x000000e3cab00000)]
  0x00000218ce252510 JavaThread "Unconstrained build operations Thread 58" [_thread_blocked, id=8016, stack(0x000000e3cab00000,0x000000e3cac00000)]
  0x00000218ce2511d0 JavaThread "Unconstrained build operations Thread 59" [_thread_blocked, id=8540, stack(0x000000e3cac00000,0x000000e3cad00000)]
  0x00000218ce2541f0 JavaThread "Unconstrained build operations Thread 60" [_thread_blocked, id=9516, stack(0x000000e3cad00000,0x000000e3cae00000)]
  0x00000218ce24f020 JavaThread "Unconstrained build operations Thread 61" [_thread_blocked, id=19956, stack(0x000000e3cae00000,0x000000e3caf00000)]
  0x00000218ce24f9c0 JavaThread "Unconstrained build operations Thread 62" [_thread_blocked, id=18268, stack(0x000000e3caf00000,0x000000e3cb000000)]
  0x00000218ce2546c0 JavaThread "Unconstrained build operations Thread 63" [_thread_blocked, id=13868, stack(0x000000e3cb000000,0x000000e3cb100000)]
  0x00000218ce2529e0 JavaThread "Unconstrained build operations Thread 64" [_thread_blocked, id=5296, stack(0x000000e3cb100000,0x000000e3cb200000)]
  0x00000218ce254b90 JavaThread "Unconstrained build operations Thread 65" [_thread_blocked, id=18080, stack(0x000000e3cb200000,0x000000e3cb300000)]
  0x00000218ca210950 JavaThread "Unconstrained build operations Thread 66" [_thread_blocked, id=16664, stack(0x000000e3cb300000,0x000000e3cb400000)]
  0x00000218ca213e40 JavaThread "Unconstrained build operations Thread 67" [_thread_blocked, id=4852, stack(0x000000e3cb400000,0x000000e3cb500000)]
  0x00000218ca215b20 JavaThread "Unconstrained build operations Thread 68" [_thread_blocked, id=10820, stack(0x000000e3cb500000,0x000000e3cb600000)]
  0x00000218ca212fd0 JavaThread "Unconstrained build operations Thread 69" [_thread_blocked, id=2040, stack(0x000000e3cb600000,0x000000e3cb700000)]
  0x00000218ca212630 JavaThread "Unconstrained build operations Thread 70" [_thread_blocked, id=17236, stack(0x000000e3cb700000,0x000000e3cb800000)]
  0x00000218ca211c90 JavaThread "Unconstrained build operations Thread 71" [_thread_blocked, id=19880, stack(0x000000e3cb800000,0x000000e3cb900000)]
  0x00000218ca210e20 JavaThread "Unconstrained build operations Thread 72" [_thread_blocked, id=3272, stack(0x000000e3cb900000,0x000000e3cba00000)]
  0x00000218ca213970 JavaThread "Unconstrained build operations Thread 73" [_thread_blocked, id=20392, stack(0x000000e3cba00000,0x000000e3cbb00000)]
  0x00000218ca214310 JavaThread "Unconstrained build operations Thread 74" [_thread_blocked, id=9808, stack(0x000000e3cbb00000,0x000000e3cbc00000)]
  0x00000218ca2147e0 JavaThread "Unconstrained build operations Thread 75" [_thread_blocked, id=18116, stack(0x000000e3cbc00000,0x000000e3cbd00000)]
  0x00000218ca217800 JavaThread "Unconstrained build operations Thread 76" [_thread_blocked, id=17960, stack(0x000000e3cbd00000,0x000000e3cbe00000)]
  0x00000218ca2112f0 JavaThread "Unconstrained build operations Thread 77" [_thread_blocked, id=20296, stack(0x000000e3cbe00000,0x000000e3cbf00000)]
  0x00000218ca216e60 JavaThread "Unconstrained build operations Thread 78" [_thread_blocked, id=14080, stack(0x000000e3cbf00000,0x000000e3cc000000)]
  0x00000218ca212160 JavaThread "Unconstrained build operations Thread 79" [_thread_blocked, id=11344, stack(0x000000e3cc000000,0x000000e3cc100000)]
  0x00000218ca2117c0 JavaThread "Unconstrained build operations Thread 80" [_thread_blocked, id=12708, stack(0x000000e3cc100000,0x000000e3cc200000)]
  0x00000218ca215ff0 JavaThread "jar transforms Thread 6" [_thread_blocked, id=20200, stack(0x000000e3cc200000,0x000000e3cc300000)]
  0x00000218ca212b00 JavaThread "jar transforms Thread 7" [_thread_blocked, id=13112, stack(0x000000e3cc300000,0x000000e3cc400000)]
  0x00000218ca2134a0 JavaThread "jar transforms Thread 8" [_thread_blocked, id=17100, stack(0x000000e3cc400000,0x000000e3cc500000)]
  0x00000218ca217330 JavaThread "build event listener" [_thread_blocked, id=5764, stack(0x000000e3cc700000,0x000000e3cc800000)]
  0x00000218ca214cb0 JavaThread "Memory manager" [_thread_blocked, id=4740, stack(0x000000e3cc800000,0x000000e3cc900000)]

Other Threads:
  0x00000218c9420950 VMThread "VM Thread" [stack: 0x000000e3c4000000,0x000000e3c4100000] [id=12328]
  0x00000218c87b0f70 WatcherThread [stack: 0x000000e3c4c00000,0x000000e3c4d00000] [id=9696]
  0x00000218aed3b5a0 GCTaskThread "GC Thread#0" [stack: 0x000000e3c3b00000,0x000000e3c3c00000] [id=2960]
  0x00000218c99af680 GCTaskThread "GC Thread#1" [stack: 0x000000e3c4d00000,0x000000e3c4e00000] [id=11256]
  0x00000218ca0d9c90 GCTaskThread "GC Thread#2" [stack: 0x000000e3c4e00000,0x000000e3c4f00000] [id=11704]
  0x00000218ca3b77b0 GCTaskThread "GC Thread#3" [stack: 0x000000e3c4f00000,0x000000e3c5000000] [id=18872]
  0x00000218ca4941c0 GCTaskThread "GC Thread#4" [stack: 0x000000e3c5000000,0x000000e3c5100000] [id=3276]
  0x00000218cad8a940 GCTaskThread "GC Thread#5" [stack: 0x000000e3c5b00000,0x000000e3c5c00000] [id=16688]
  0x00000218cad8a130 GCTaskThread "GC Thread#6" [stack: 0x000000e3c5c00000,0x000000e3c5d00000] [id=8840]
  0x00000218cad8abf0 GCTaskThread "GC Thread#7" [stack: 0x000000e3c5d00000,0x000000e3c5e00000] [id=16588]
  0x00000218aed4c4e0 ConcurrentGCThread "G1 Main Marker" [stack: 0x000000e3c3c00000,0x000000e3c3d00000] [id=9024]
  0x00000218aed4d690 ConcurrentGCThread "G1 Conc#0" [stack: 0x000000e3c3d00000,0x000000e3c3e00000] [id=10580]
  0x00000218cad8a3e0 ConcurrentGCThread "G1 Conc#1" [stack: 0x000000e3c5e00000,0x000000e3c5f00000] [id=13096]
  0x00000218aed9e280 ConcurrentGCThread "G1 Refine#0" [stack: 0x000000e3c3e00000,0x000000e3c3f00000] [id=16904]
  0x00000218cca25690 ConcurrentGCThread "G1 Refine#1" [stack: 0x000000e3cc500000,0x000000e3cc600000] [id=12956]
  0x00000218cca25970 ConcurrentGCThread "G1 Refine#2" [stack: 0x000000e3cc600000,0x000000e3cc700000] [id=16100]
  0x00000218aed9eca0 ConcurrentGCThread "G1 Service" [stack: 0x000000e3c3f00000,0x000000e3c4000000] [id=10920]

Threads with active compile tasks:
C2 CompilerThread0     7961 6186       4       org.objectweb.asm.Frame::execute (2318 bytes)

VM state: not at safepoint (normal execution)

VM Mutex/Monitor currently owned by a thread: None

Heap address: 0x0000000080000000, size: 2048 MB, Compressed Oops mode: 32-bit

CDS archive(s) not mapped
Compressed class space mapped at: 0x0000000100000000-0x0000000140000000, reserved size: 1073741824
Narrow klass base: 0x0000000000000000, Narrow klass shift: 3, Narrow klass range: 0x140000000

GC Precious Log:
 CPUs: 8 total, 8 available
 Memory: 7502M
 Large Page Support: Disabled
 NUMA Support: Disabled
 Compressed Oops: Enabled (32-bit)
 Heap Region Size: 1M
 Heap Min Capacity: 8M
 Heap Initial Capacity: 118M
 Heap Max Capacity: 2G
 Pre-touch: Disabled
 Parallel Workers: 8
 Concurrent Workers: 2
 Concurrent Refinement Workers: 8
 Periodic GC: Disabled

Heap:
 garbage-first heap   total 96256K, used 66646K [0x0000000080000000, 0x0000000100000000)
  region size 1024K, 13 young (13312K), 1 survivors (1024K)
 Metaspace       used 63693K, committed 64256K, reserved 1105920K
  class space    used 8446K, committed 8704K, reserved 1048576K

Heap Regions: E=young(eden), S=young(survivor), O=old, HS=humongous(starts), HC=humongous(continues), CS=collection set, F=free, OA=open archive, CA=closed archive, TAMS=top-at-mark-start (previous, next)
|   0|0x0000000080000000, 0x0000000080100000, 0x0000000080100000|100%|HS|  |TAMS 0x0000000080100000, 0x0000000080000000| Complete 
|   1|0x0000000080100000, 0x0000000080200000, 0x0000000080200000|100%|HC|  |TAMS 0x0000000080200000, 0x0000000080100000| Complete 
|   2|0x0000000080200000, 0x0000000080300000, 0x0000000080300000|100%|HC|  |TAMS 0x0000000080300000, 0x0000000080200000| Complete 
|   3|0x0000000080300000, 0x0000000080400000, 0x0000000080400000|100%|HC|  |TAMS 0x0000000080400000, 0x0000000080300000| Complete 
|   4|0x0000000080400000, 0x0000000080500000, 0x0000000080500000|100%| O|  |TAMS 0x0000000080500000, 0x0000000080400000| Untracked 
|   5|0x0000000080500000, 0x0000000080600000, 0x0000000080600000|100%| O|  |TAMS 0x0000000080600000, 0x0000000080500000| Untracked 
|   6|0x0000000080600000, 0x0000000080700000, 0x0000000080700000|100%| O|  |TAMS 0x0000000080700000, 0x0000000080600000| Untracked 
|   7|0x0000000080700000, 0x0000000080800000, 0x0000000080800000|100%| O|  |TAMS 0x0000000080800000, 0x0000000080700000| Untracked 
|   8|0x0000000080800000, 0x0000000080900000, 0x0000000080900000|100%| O|  |TAMS 0x0000000080900000, 0x0000000080800000| Untracked 
|   9|0x0000000080900000, 0x0000000080a00000, 0x0000000080a00000|100%| O|  |TAMS 0x0000000080a00000, 0x0000000080900000| Untracked 
|  10|0x0000000080a00000, 0x0000000080b00000, 0x0000000080b00000|100%| O|  |TAMS 0x0000000080b00000, 0x0000000080a00000| Untracked 
|  11|0x0000000080b00000, 0x0000000080c00000, 0x0000000080c00000|100%| O|  |TAMS 0x0000000080c00000, 0x0000000080b00000| Untracked 
|  12|0x0000000080c00000, 0x0000000080d00000, 0x0000000080d00000|100%| O|  |TAMS 0x0000000080d00000, 0x0000000080c00000| Untracked 
|  13|0x0000000080d00000, 0x0000000080e00000, 0x0000000080e00000|100%| O|  |TAMS 0x0000000080e00000, 0x0000000080d00000| Untracked 
|  14|0x0000000080e00000, 0x0000000080f00000, 0x0000000080f00000|100%| O|  |TAMS 0x0000000080f00000, 0x0000000080e00000| Untracked 
|  15|0x0000000080f00000, 0x0000000081000000, 0x0000000081000000|100%| O|  |TAMS 0x0000000081000000, 0x0000000080f00000| Untracked 
|  16|0x0000000081000000, 0x0000000081100000, 0x0000000081100000|100%| O|  |TAMS 0x0000000081100000, 0x0000000081000000| Untracked 
|  17|0x0000000081100000, 0x0000000081200000, 0x0000000081200000|100%| O|  |TAMS 0x0000000081200000, 0x0000000081100000| Untracked 
|  18|0x0000000081200000, 0x0000000081300000, 0x0000000081300000|100%| O|  |TAMS 0x0000000081300000, 0x0000000081200000| Untracked 
|  19|0x0000000081300000, 0x0000000081400000, 0x0000000081400000|100%| O|  |TAMS 0x0000000081400000, 0x0000000081300000| Untracked 
|  20|0x0000000081400000, 0x0000000081500000, 0x0000000081500000|100%| O|  |TAMS 0x0000000081500000, 0x0000000081400000| Untracked 
|  21|0x0000000081500000, 0x0000000081600000, 0x0000000081600000|100%| O|  |TAMS 0x0000000081600000, 0x0000000081500000| Untracked 
|  22|0x0000000081600000, 0x0000000081700000, 0x0000000081700000|100%| O|  |TAMS 0x0000000081700000, 0x0000000081600000| Untracked 
|  23|0x0000000081700000, 0x0000000081800000, 0x0000000081800000|100%| O|  |TAMS 0x0000000081800000, 0x0000000081700000| Untracked 
|  24|0x0000000081800000, 0x0000000081900000, 0x0000000081900000|100%| O|  |TAMS 0x0000000081900000, 0x0000000081800000| Untracked 
|  25|0x0000000081900000, 0x0000000081a00000, 0x0000000081a00000|100%| O|  |TAMS 0x0000000081a00000, 0x0000000081900000| Untracked 
|  26|0x0000000081a00000, 0x0000000081b00000, 0x0000000081b00000|100%| O|  |TAMS 0x0000000081b00000, 0x0000000081a00000| Untracked 
|  27|0x0000000081b00000, 0x0000000081c00000, 0x0000000081c00000|100%| O|  |TAMS 0x0000000081c00000, 0x0000000081b00000| Untracked 
|  28|0x0000000081c00000, 0x0000000081d00000, 0x0000000081d00000|100%| O|  |TAMS 0x0000000081d00000, 0x0000000081c00000| Untracked 
|  29|0x0000000081d00000, 0x0000000081e00000, 0x0000000081e00000|100%| O|  |TAMS 0x0000000081e00000, 0x0000000081d00000| Untracked 
|  30|0x0000000081e00000, 0x0000000081f00000, 0x0000000081f00000|100%| O|  |TAMS 0x0000000081f00000, 0x0000000081e00000| Untracked 
|  31|0x0000000081f00000, 0x0000000082000000, 0x0000000082000000|100%|HS|  |TAMS 0x0000000082000000, 0x0000000081f00000| Complete 
|  32|0x0000000082000000, 0x0000000082100000, 0x0000000082100000|100%|HS|  |TAMS 0x0000000082100000, 0x0000000082000000| Complete 
|  33|0x0000000082100000, 0x0000000082200000, 0x0000000082200000|100%|HS|  |TAMS 0x0000000082200000, 0x0000000082100000| Complete 
|  34|0x0000000082200000, 0x0000000082300000, 0x0000000082300000|100%|HC|  |TAMS 0x0000000082300000, 0x0000000082200000| Complete 
|  35|0x0000000082300000, 0x0000000082400000, 0x0000000082400000|100%|HS|  |TAMS 0x0000000082400000, 0x0000000082300000| Complete 
|  36|0x0000000082400000, 0x0000000082500000, 0x0000000082500000|100%|HS|  |TAMS 0x0000000082500000, 0x0000000082400000| Complete 
|  37|0x0000000082500000, 0x0000000082600000, 0x0000000082600000|100%|HC|  |TAMS 0x0000000082600000, 0x0000000082500000| Complete 
|  38|0x0000000082600000, 0x0000000082700000, 0x0000000082700000|100%|HC|  |TAMS 0x0000000082700000, 0x0000000082600000| Complete 
|  39|0x0000000082700000, 0x0000000082800000, 0x0000000082800000|100%|HC|  |TAMS 0x0000000082800000, 0x0000000082700000| Complete 
|  40|0x0000000082800000, 0x0000000082900000, 0x0000000082900000|100%| O|  |TAMS 0x0000000082900000, 0x0000000082800000| Untracked 
|  41|0x0000000082900000, 0x0000000082a00000, 0x0000000082a00000|100%| O|  |TAMS 0x0000000082a00000, 0x0000000082900000| Untracked 
|  42|0x0000000082a00000, 0x0000000082b00000, 0x0000000082b00000|100%| O|  |TAMS 0x0000000082b00000, 0x0000000082a00000| Untracked 
|  43|0x0000000082b00000, 0x0000000082c00000, 0x0000000082c00000|100%| O|  |TAMS 0x0000000082c00000, 0x0000000082b00000| Untracked 
|  44|0x0000000082c00000, 0x0000000082d00000, 0x0000000082d00000|100%| O|  |TAMS 0x0000000082d00000, 0x0000000082c00000| Untracked 
|  45|0x0000000082d00000, 0x0000000082d00000, 0x0000000082e00000|  0%| F|  |TAMS 0x0000000082d00000, 0x0000000082d00000| Untracked 
|  46|0x0000000082e00000, 0x0000000082f00000, 0x0000000082f00000|100%| O|  |TAMS 0x0000000082e00000, 0x0000000082e00000| Untracked 
|  47|0x0000000082f00000, 0x0000000083000000, 0x0000000083000000|100%| O|  |TAMS 0x0000000083000000, 0x0000000082f00000| Untracked 
|  48|0x0000000083000000, 0x0000000083100000, 0x0000000083100000|100%| O|  |TAMS 0x0000000083100000, 0x0000000083000000| Untracked 
|  49|0x0000000083100000, 0x0000000083200000, 0x0000000083200000|100%| O|  |TAMS 0x0000000083200000, 0x0000000083100000| Untracked 
|  50|0x0000000083200000, 0x0000000083300000, 0x0000000083300000|100%| O|  |TAMS 0x0000000083300000, 0x0000000083200000| Untracked 
|  51|0x0000000083300000, 0x0000000083400000, 0x0000000083400000|100%| O|  |TAMS 0x0000000083400000, 0x0000000083300000| Untracked 
|  52|0x0000000083400000, 0x0000000083500000, 0x0000000083500000|100%| O|  |TAMS 0x0000000083400000, 0x0000000083400000| Untracked 
|  53|0x0000000083500000, 0x0000000083600000, 0x0000000083600000|100%| O|  |TAMS 0x0000000083500000, 0x0000000083500000| Untracked 
|  54|0x0000000083600000, 0x00000000836d2600, 0x0000000083700000| 82%| O|  |TAMS 0x0000000083600000, 0x0000000083600000| Untracked 
|  55|0x0000000083700000, 0x0000000083700000, 0x0000000083800000|  0%| F|  |TAMS 0x0000000083700000, 0x0000000083700000| Untracked 
|  56|0x0000000083800000, 0x0000000083800000, 0x0000000083900000|  0%| F|  |TAMS 0x0000000083800000, 0x0000000083800000| Untracked 
|  57|0x0000000083900000, 0x0000000083900000, 0x0000000083a00000|  0%| F|  |TAMS 0x0000000083900000, 0x0000000083900000| Untracked 
|  58|0x0000000083a00000, 0x0000000083a00000, 0x0000000083b00000|  0%| F|  |TAMS 0x0000000083a00000, 0x0000000083a00000| Untracked 
|  59|0x0000000083b00000, 0x0000000083b00000, 0x0000000083c00000|  0%| F|  |TAMS 0x0000000083b00000, 0x0000000083b00000| Untracked 
|  60|0x0000000083c00000, 0x0000000083c00000, 0x0000000083d00000|  0%| F|  |TAMS 0x0000000083c00000, 0x0000000083c00000| Untracked 
|  61|0x0000000083d00000, 0x0000000083d00000, 0x0000000083e00000|  0%| F|  |TAMS 0x0000000083d00000, 0x0000000083d00000| Untracked 
|  62|0x0000000083e00000, 0x0000000083e00000, 0x0000000083f00000|  0%| F|  |TAMS 0x0000000083e00000, 0x0000000083e00000| Untracked 
|  63|0x0000000083f00000, 0x0000000083f00000, 0x0000000084000000|  0%| F|  |TAMS 0x0000000083f00000, 0x0000000083f00000| Untracked 
|  64|0x0000000084000000, 0x0000000084000000, 0x0000000084100000|  0%| F|  |TAMS 0x0000000084000000, 0x0000000084000000| Untracked 
|  65|0x0000000084100000, 0x0000000084100000, 0x0000000084200000|  0%| F|  |TAMS 0x0000000084100000, 0x0000000084100000| Untracked 
|  66|0x0000000084200000, 0x0000000084200000, 0x0000000084300000|  0%| F|  |TAMS 0x0000000084200000, 0x0000000084200000| Untracked 
|  67|0x0000000084300000, 0x0000000084300000, 0x0000000084400000|  0%| F|  |TAMS 0x0000000084300000, 0x0000000084300000| Untracked 
|  68|0x0000000084400000, 0x0000000084400000, 0x0000000084500000|  0%| F|  |TAMS 0x0000000084400000, 0x0000000084400000| Untracked 
|  69|0x0000000084500000, 0x0000000084500000, 0x0000000084600000|  0%| F|  |TAMS 0x0000000084500000, 0x0000000084500000| Untracked 
|  70|0x0000000084600000, 0x0000000084600000, 0x0000000084700000|  0%| F|  |TAMS 0x0000000084600000, 0x0000000084600000| Untracked 
|  71|0x0000000084700000, 0x0000000084700000, 0x0000000084800000|  0%| F|  |TAMS 0x0000000084700000, 0x0000000084700000| Untracked 
|  72|0x0000000084800000, 0x0000000084800000, 0x0000000084900000|  0%| F|  |TAMS 0x0000000084800000, 0x0000000084800000| Untracked 
|  73|0x0000000084900000, 0x0000000084900000, 0x0000000084a00000|  0%| F|  |TAMS 0x0000000084900000, 0x0000000084900000| Untracked 
|  74|0x0000000084a00000, 0x0000000084a00000, 0x0000000084b00000|  0%| F|  |TAMS 0x0000000084a00000, 0x0000000084a00000| Untracked 
|  75|0x0000000084b00000, 0x0000000084b00000, 0x0000000084c00000|  0%| F|  |TAMS 0x0000000084b00000, 0x0000000084b00000| Untracked 
|  76|0x0000000084c00000, 0x0000000084c00000, 0x0000000084d00000|  0%| F|  |TAMS 0x0000000084c00000, 0x0000000084c00000| Untracked 
|  77|0x0000000084d00000, 0x0000000084d00000, 0x0000000084e00000|  0%| F|  |TAMS 0x0000000084d00000, 0x0000000084d00000| Untracked 
|  78|0x0000000084e00000, 0x0000000084e00000, 0x0000000084f00000|  0%| F|  |TAMS 0x0000000084e00000, 0x0000000084e00000| Untracked 
|  79|0x0000000084f00000, 0x0000000084f00000, 0x0000000085000000|  0%| F|  |TAMS 0x0000000084f00000, 0x0000000084f00000| Untracked 
|  80|0x0000000085000000, 0x0000000085000000, 0x0000000085100000|  0%| F|  |TAMS 0x0000000085000000, 0x0000000085000000| Untracked 
|  81|0x0000000085100000, 0x00000000851c5b78, 0x0000000085200000| 77%| E|  |TAMS 0x0000000085100000, 0x0000000085100000| Complete 
|  82|0x0000000085200000, 0x0000000085300000, 0x0000000085300000|100%| E|CS|TAMS 0x0000000085200000, 0x0000000085200000| Complete 
|  83|0x0000000085300000, 0x0000000085400000, 0x0000000085400000|100%| E|CS|TAMS 0x0000000085300000, 0x0000000085300000| Complete 
|  84|0x0000000085400000, 0x0000000085500000, 0x0000000085500000|100%| E|CS|TAMS 0x0000000085400000, 0x0000000085400000| Complete 
|  85|0x0000000085500000, 0x0000000085600000, 0x0000000085600000|100%| E|CS|TAMS 0x0000000085500000, 0x0000000085500000| Complete 
|  86|0x0000000085600000, 0x0000000085700000, 0x0000000085700000|100%| E|CS|TAMS 0x0000000085600000, 0x0000000085600000| Complete 
|  87|0x0000000085700000, 0x0000000085800000, 0x0000000085800000|100%| E|CS|TAMS 0x0000000085700000, 0x0000000085700000| Complete 
|  88|0x0000000085800000, 0x0000000085900000, 0x0000000085900000|100%| E|CS|TAMS 0x0000000085800000, 0x0000000085800000| Complete 
|  89|0x0000000085900000, 0x0000000085a00000, 0x0000000085a00000|100%| E|CS|TAMS 0x0000000085900000, 0x0000000085900000| Complete 
|  90|0x0000000085a00000, 0x0000000085b00000, 0x0000000085b00000|100%| E|CS|TAMS 0x0000000085a00000, 0x0000000085a00000| Complete 
|  91|0x0000000085b00000, 0x0000000085b43530, 0x0000000085c00000| 26%| S|CS|TAMS 0x0000000085b00000, 0x0000000085b00000| Complete 
|  92|0x0000000085c00000, 0x0000000085d00000, 0x0000000085d00000|100%| E|CS|TAMS 0x0000000085c00000, 0x0000000085c00000| Complete 
| 117|0x0000000087500000, 0x0000000087600000, 0x0000000087600000|100%| E|CS|TAMS 0x0000000087500000, 0x0000000087500000| Complete 

Card table byte_map: [0x00000218c18d0000,0x00000218c1cd0000] _byte_map_base: 0x00000218c14d0000

Marking Bits (Prev, Next): (CMBitMap*) 0x00000218aed3bbb0, (CMBitMap*) 0x00000218aed3bbf0
 Prev Bits: [0x00000218c20d0000, 0x00000218c40d0000)
 Next Bits: [0x00000218c40d0000, 0x00000218c60d0000)

Polling page: 0x00000218ae4a0000

Metaspace:

Usage:
  Non-class:     53.98 MB used.
      Class:      8.25 MB used.
       Both:     62.23 MB used.

Virtual space:
  Non-class space:       56.00 MB reserved,      54.31 MB ( 97%) committed,  7 nodes.
      Class space:        1.00 GB reserved,       8.50 MB ( <1%) committed,  1 nodes.
             Both:        1.05 GB reserved,      62.81 MB (  6%) committed. 

Chunk freelists:
   Non-Class:  1.66 MB
       Class:  3.42 MB
        Both:  5.08 MB

MaxMetaspaceSize: unlimited
CompressedClassSpaceSize: 1.00 GB
Initial GC threshold: 21.00 MB
Current GC threshold: 96.56 MB
CDS: off
MetaspaceReclaimPolicy: balanced
 - commit_granule_bytes: 65536.
 - commit_granule_words: 8192.
 - virtual_space_node_default_size: 1048576.
 - enlarge_chunks_in_place: 1.
 - new_chunks_are_fully_committed: 0.
 - uncommit_free_chunks: 1.
 - use_allocation_guard: 0.
 - handle_deallocations: 1.


Internal statistics:

num_allocs_failed_limit: 6.
num_arena_births: 696.
num_arena_deaths: 0.
num_vsnodes_births: 8.
num_vsnodes_deaths: 0.
num_space_committed: 1005.
num_space_uncommitted: 0.
num_chunks_returned_to_freelist: 6.
num_chunks_taken_from_freelist: 2808.
num_chunk_merges: 6.
num_chunk_splits: 1872.
num_chunks_enlarged: 1281.
num_purges: 0.
num_inconsistent_stats: 0.

CodeHeap 'non-profiled nmethods': size=120000Kb used=2958Kb max_used=2958Kb free=117041Kb
 bounds [0x00000218b9c70000, 0x00000218b9f60000, 0x00000218c11a0000]
CodeHeap 'profiled nmethods': size=120000Kb used=11944Kb max_used=11944Kb free=108055Kb
 bounds [0x00000218b21a0000, 0x00000218b2d50000, 0x00000218b96d0000]
CodeHeap 'non-nmethods': size=5760Kb used=2347Kb max_used=2400Kb free=3412Kb
 bounds [0x00000218b96d0000, 0x00000218b9940000, 0x00000218b9c70000]
 total_blobs=7134 nmethods=6264 adapters=782
 compilation: enabled
              stopped_count=0, restarted_count=0
 full_count=0

Compilation events (20 events):
Event: 7.882 Thread 0x00000218c9456cc0 6303       3       java.lang.invoke.DirectMethodHandle$Holder::invokeStatic (14 bytes)
Event: 7.882 Thread 0x00000218c9456cc0 nmethod 6303 0x00000218b2d26810 code [0x00000218b2d269e0, 0x00000218b2d26eb8]
Event: 7.882 Thread 0x00000218c9456cc0 6304       3       java.lang.invoke.DirectMethodHandle$Holder::invokeStatic (17 bytes)
Event: 7.882 Thread 0x00000218c9456cc0 nmethod 6304 0x00000218b2d27010 code [0x00000218b2d271e0, 0x00000218b2d27658]
Event: 7.883 Thread 0x00000218c9456cc0 6305       3       javax.management.ImmutableDescriptor::union (308 bytes)
Event: 7.884 Thread 0x00000218c9456cc0 nmethod 6305 0x00000218b2d27790 code [0x00000218b2d27b00, 0x00000218b2d295a8]
Event: 7.884 Thread 0x00000218c9456cc0 6307       3       java.util.TreeMap::entrySet (27 bytes)
Event: 7.884 Thread 0x00000218c9456cc0 nmethod 6307 0x00000218b2d29f90 code [0x00000218b2d2a160, 0x00000218b2d2a558]
Event: 7.884 Thread 0x00000218c9456cc0 6306       3       javax.management.MBeanFeatureInfo::<init> (20 bytes)
Event: 7.884 Thread 0x00000218c9456cc0 nmethod 6306 0x00000218b2d2a690 code [0x00000218b2d2a840, 0x00000218b2d2aab8]
Event: 7.886 Thread 0x00000218c9456cc0 6308       3       java.lang.Class::searchMethods (104 bytes)
Event: 7.887 Thread 0x00000218c9456cc0 nmethod 6308 0x00000218b2d2ab90 code [0x00000218b2d2ae00, 0x00000218b2d2b8e8]
Event: 7.917 Thread 0x00000218c9456cc0 6309       3       com.google.common.collect.LinkedHashMultimap$ValueSet::iterator (9 bytes)
Event: 7.917 Thread 0x00000218c9456cc0 nmethod 6309 0x00000218b2d2bd90 code [0x00000218b2d2bf40, 0x00000218b2d2c258]
Event: 7.917 Thread 0x00000218c9456cc0 6310       3       com.google.common.collect.LinkedHashMultimap$ValueSet$1::<init> (32 bytes)
Event: 7.917 Thread 0x00000218c9456cc0 nmethod 6310 0x00000218b2d2c390 code [0x00000218b2d2c540, 0x00000218b2d2c798]
Event: 7.917 Thread 0x00000218c9456cc0 6311       3       org.objectweb.asm.AnnotationWriter::visitEnd (44 bytes)
Event: 7.918 Thread 0x00000218c9456cc0 nmethod 6311 0x00000218b2d2c890 code [0x00000218b2d2ca20, 0x00000218b2d2cbb8]
Event: 7.920 Thread 0x00000218c9456cc0 6312       3       org.gradle.internal.instantiation.generator.AsmBackedClassGenerator$ClassBuilderImpl::access$2600 (4 bytes)
Event: 7.920 Thread 0x00000218c9456cc0 nmethod 6312 0x00000218b2d2cd10 code [0x00000218b2d2cea0, 0x00000218b2d2cf98]

GC Heap History (20 events):
Event: 4.371 GC heap before
{Heap before GC invocations=10 (full 0):
 garbage-first heap   total 68608K, used 45646K [0x0000000080000000, 0x0000000100000000)
  region size 1024K, 25 young (25600K), 3 survivors (3072K)
 Metaspace       used 40366K, committed 40704K, reserved 1089536K
  class space    used 5354K, committed 5504K, reserved 1048576K
}
Event: 4.375 GC heap after
{Heap after GC invocations=11 (full 0):
 garbage-first heap   total 68608K, used 27375K [0x0000000080000000, 0x0000000100000000)
  region size 1024K, 4 young (4096K), 4 survivors (4096K)
 Metaspace       used 40366K, committed 40704K, reserved 1089536K
  class space    used 5354K, committed 5504K, reserved 1048576K
}
Event: 4.562 GC heap before
{Heap before GC invocations=11 (full 0):
 garbage-first heap   total 68608K, used 49903K [0x0000000080000000, 0x0000000100000000)
  region size 1024K, 24 young (24576K), 4 survivors (4096K)
 Metaspace       used 42279K, committed 42624K, reserved 1089536K
  class space    used 5520K, committed 5632K, reserved 1048576K
}
Event: 4.565 GC heap after
{Heap after GC invocations=12 (full 0):
 garbage-first heap   total 91136K, used 28885K [0x0000000080000000, 0x0000000100000000)
  region size 1024K, 3 young (3072K), 3 survivors (3072K)
 Metaspace       used 42279K, committed 42624K, reserved 1089536K
  class space    used 5520K, committed 5632K, reserved 1048576K
}
Event: 5.052 GC heap before
{Heap before GC invocations=12 (full 0):
 garbage-first heap   total 91136K, used 64725K [0x0000000080000000, 0x0000000100000000)
  region size 1024K, 38 young (38912K), 3 survivors (3072K)
 Metaspace       used 46077K, committed 46528K, reserved 1089536K
  class space    used 6056K, committed 6272K, reserved 1048576K
}
Event: 5.055 GC heap after
{Heap after GC invocations=13 (full 0):
 garbage-first heap   total 91136K, used 30723K [0x0000000080000000, 0x0000000100000000)
  region size 1024K, 5 young (5120K), 5 survivors (5120K)
 Metaspace       used 46077K, committed 46528K, reserved 1089536K
  class space    used 6056K, committed 6272K, reserved 1048576K
}
Event: 5.725 GC heap before
{Heap before GC invocations=13 (full 0):
 garbage-first heap   total 91136K, used 66563K [0x0000000080000000, 0x0000000100000000)
  region size 1024K, 40 young (40960K), 5 survivors (5120K)
 Metaspace       used 50960K, committed 51456K, reserved 1097728K
  class space    used 6833K, committed 7040K, reserved 1048576K
}
Event: 5.729 GC heap after
{Heap after GC invocations=14 (full 0):
 garbage-first heap   total 91136K, used 32894K [0x0000000080000000, 0x0000000100000000)
  region size 1024K, 5 young (5120K), 5 survivors (5120K)
 Metaspace       used 50960K, committed 51456K, reserved 1097728K
  class space    used 6833K, committed 7040K, reserved 1048576K
}
Event: 6.443 GC heap before
{Heap before GC invocations=14 (full 0):
 garbage-first heap   total 91136K, used 68734K [0x0000000080000000, 0x0000000100000000)
  region size 1024K, 40 young (40960K), 5 survivors (5120K)
 Metaspace       used 53083K, committed 53504K, reserved 1097728K
  class space    used 7089K, committed 7296K, reserved 1048576K
}
Event: 6.448 GC heap after
{Heap after GC invocations=15 (full 0):
 garbage-first heap   total 91136K, used 36707K [0x0000000080000000, 0x0000000100000000)
  region size 1024K, 5 young (5120K), 5 survivors (5120K)
 Metaspace       used 53083K, committed 53504K, reserved 1097728K
  class space    used 7089K, committed 7296K, reserved 1048576K
}
Event: 6.757 GC heap before
{Heap before GC invocations=15 (full 0):
 garbage-first heap   total 91136K, used 64355K [0x0000000080000000, 0x0000000100000000)
  region size 1024K, 24 young (24576K), 5 survivors (5120K)
 Metaspace       used 53550K, committed 54016K, reserved 1097728K
  class space    used 7143K, committed 7360K, reserved 1048576K
}
Event: 6.761 GC heap after
{Heap after GC invocations=16 (full 0):
 garbage-first heap   total 91136K, used 51921K [0x0000000080000000, 0x0000000100000000)
  region size 1024K, 5 young (5120K), 5 survivors (5120K)
 Metaspace       used 53550K, committed 54016K, reserved 1097728K
  class space    used 7143K, committed 7360K, reserved 1048576K
}
Event: 7.085 GC heap before
{Heap before GC invocations=17 (full 0):
 garbage-first heap   total 91136K, used 71377K [0x0000000080000000, 0x0000000100000000)
  region size 1024K, 23 young (23552K), 5 survivors (5120K)
 Metaspace       used 55704K, committed 56192K, reserved 1097728K
  class space    used 7444K, committed 7680K, reserved 1048576K
}
Event: 7.088 GC heap after
{Heap after GC invocations=18 (full 0):
 garbage-first heap   total 91136K, used 54543K [0x0000000080000000, 0x0000000100000000)
  region size 1024K, 3 young (3072K), 3 survivors (3072K)
 Metaspace       used 55704K, committed 56192K, reserved 1097728K
  class space    used 7444K, committed 7680K, reserved 1048576K
}
Event: 7.372 GC heap before
{Heap before GC invocations=18 (full 0):
 garbage-first heap   total 91136K, used 70927K [0x0000000080000000, 0x0000000100000000)
  region size 1024K, 19 young (19456K), 3 survivors (3072K)
 Metaspace       used 58426K, committed 58944K, reserved 1105920K
  class space    used 7766K, committed 8000K, reserved 1048576K
}
Event: 7.375 GC heap after
{Heap after GC invocations=19 (full 0):
 garbage-first heap   total 91136K, used 55272K [0x0000000080000000, 0x0000000100000000)
  region size 1024K, 1 young (1024K), 1 survivors (1024K)
 Metaspace       used 58426K, committed 58944K, reserved 1105920K
  class space    used 7766K, committed 8000K, reserved 1048576K
}
Event: 7.722 GC heap before
{Heap before GC invocations=20 (full 0):
 garbage-first heap   total 96256K, used 71656K [0x0000000080000000, 0x0000000100000000)
  region size 1024K, 18 young (18432K), 1 survivors (1024K)
 Metaspace       used 61107K, committed 61632K, reserved 1105920K
  class space    used 8064K, committed 8320K, reserved 1048576K
}
Event: 7.724 GC heap after
{Heap after GC invocations=21 (full 0):
 garbage-first heap   total 96256K, used 55980K [0x0000000080000000, 0x0000000100000000)
  region size 1024K, 2 young (2048K), 2 survivors (2048K)
 Metaspace       used 61107K, committed 61632K, reserved 1105920K
  class space    used 8064K, committed 8320K, reserved 1048576K
}
Event: 7.755 GC heap before
{Heap before GC invocations=21 (full 0):
 garbage-first heap   total 96256K, used 58028K [0x0000000080000000, 0x0000000100000000)
  region size 1024K, 4 young (4096K), 2 survivors (2048K)
 Metaspace       used 61417K, committed 61952K, reserved 1105920K
  class space    used 8127K, committed 8384K, reserved 1048576K
}
Event: 7.757 GC heap after
{Heap after GC invocations=22 (full 0):
 garbage-first heap   total 96256K, used 55382K [0x0000000080000000, 0x0000000100000000)
  region size 1024K, 1 young (1024K), 1 survivors (1024K)
 Metaspace       used 61417K, committed 61952K, reserved 1105920K
  class space    used 8127K, committed 8384K, reserved 1048576K
}

Dll operation events (2 events):
Event: 0.009 Loaded shared library C:\Program Files\Android\Android Studio\jbr\bin\java.dll
Event: 0.496 Loaded shared library C:\Program Files\Android\Android Studio\jbr\bin\verify.dll

Deoptimization events (20 events):
Event: 7.178 Thread 0x00000218cbe57020 Uncommon trap: trap_request=0xffffffc6 fr.pc=0x00000218b9da5d44 relative=0x0000000000000c44
Event: 7.178 Thread 0x00000218cbe57020 Uncommon trap: reason=bimorphic_or_optimized_type_check action=maybe_recompile pc=0x00000218b9da5d44 method=java.util.Properties$LineReader.readLine()I @ 479 c2
Event: 7.178 Thread 0x00000218cbe57020 DEOPT PACKING pc=0x00000218b9da5d44 sp=0x000000e3c57f7a80
Event: 7.178 Thread 0x00000218cbe57020 DEOPT UNPACKING pc=0x00000218b97269a3 sp=0x000000e3c57f7a18 mode 2
Event: 7.706 Thread 0x00000218cbe57020 Uncommon trap: trap_request=0xffffffde fr.pc=0x00000218b9d8eebc relative=0x000000000000003c
Event: 7.706 Thread 0x00000218cbe57020 Uncommon trap: reason=class_check action=maybe_recompile pc=0x00000218b9d8eebc method=java.lang.StringConcatHelper.stringOf(Ljava/lang/Object;)Ljava/lang/String; @ 5 c2
Event: 7.706 Thread 0x00000218cbe57020 DEOPT PACKING pc=0x00000218b9d8eebc sp=0x000000e3c57f7b60
Event: 7.706 Thread 0x00000218cbe57020 DEOPT UNPACKING pc=0x00000218b97269a3 sp=0x000000e3c57f7af8 mode 2
Event: 7.706 Thread 0x00000218cbe57020 Uncommon trap: trap_request=0xffffffde fr.pc=0x00000218b9d8eebc relative=0x000000000000003c
Event: 7.706 Thread 0x00000218cbe57020 Uncommon trap: reason=class_check action=maybe_recompile pc=0x00000218b9d8eebc method=java.lang.StringConcatHelper.stringOf(Ljava/lang/Object;)Ljava/lang/String; @ 5 c2
Event: 7.706 Thread 0x00000218cbe57020 DEOPT PACKING pc=0x00000218b9d8eebc sp=0x000000e3c57f7b60
Event: 7.706 Thread 0x00000218cbe57020 DEOPT UNPACKING pc=0x00000218b97269a3 sp=0x000000e3c57f7af8 mode 2
Event: 7.706 Thread 0x00000218cbe57020 Uncommon trap: trap_request=0xffffffde fr.pc=0x00000218b9d8eebc relative=0x000000000000003c
Event: 7.706 Thread 0x00000218cbe57020 Uncommon trap: reason=class_check action=maybe_recompile pc=0x00000218b9d8eebc method=java.lang.StringConcatHelper.stringOf(Ljava/lang/Object;)Ljava/lang/String; @ 5 c2
Event: 7.706 Thread 0x00000218cbe57020 DEOPT PACKING pc=0x00000218b9d8eebc sp=0x000000e3c57f7b60
Event: 7.706 Thread 0x00000218cbe57020 DEOPT UNPACKING pc=0x00000218b97269a3 sp=0x000000e3c57f7af8 mode 2
Event: 7.706 Thread 0x00000218cbe57020 Uncommon trap: trap_request=0xffffffde fr.pc=0x00000218b9d8eebc relative=0x000000000000003c
Event: 7.706 Thread 0x00000218cbe57020 Uncommon trap: reason=class_check action=maybe_recompile pc=0x00000218b9d8eebc method=java.lang.StringConcatHelper.stringOf(Ljava/lang/Object;)Ljava/lang/String; @ 5 c2
Event: 7.706 Thread 0x00000218cbe57020 DEOPT PACKING pc=0x00000218b9d8eebc sp=0x000000e3c57f7b60
Event: 7.706 Thread 0x00000218cbe57020 DEOPT UNPACKING pc=0x00000218b97269a3 sp=0x000000e3c57f7af8 mode 2

Classes unloaded (0 events):
No events

Classes redefined (0 events):
No events

Internal exceptions (20 events):
Event: 5.817 Thread 0x00000218cbe57020 Exception <a 'java/lang/NoSuchMethodError'{0x00000000853780f8}: 'java.lang.Object java.lang.invoke.DirectMethodHandle$Holder.newInvokeSpecial(java.lang.Object, java.lang.Object, java.lang.Object, java.lang.Object, java.lang.Object, int)'> (0x00000000853780f8) 
thrown [s\src\hotspot\share\interpreter\linkResolver.cpp, line 771]
Event: 5.817 Thread 0x00000218cbe57020 Exception <a 'java/lang/NoSuchMethodError'{0x000000008537d750}: 'java.lang.Object java.lang.invoke.DirectMethodHandle$Holder.invokeSpecial(java.lang.Object, java.lang.Object, java.lang.Object, java.lang.Object, java.lang.Object, java.lang.Object, int)'> (0x000000008537d750) 
thrown [s\src\hotspot\share\interpreter\linkResolver.cpp, line 771]
Event: 5.832 Thread 0x00000218cbe57020 Exception <a 'java/lang/NoSuchMethodError'{0x000000008524ef38}: 'void java.lang.invoke.DirectMethodHandle$Holder.invokeStatic(java.lang.Object, java.lang.Object, java.lang.Object, int, java.lang.Object)'> (0x000000008524ef38) 
thrown [s\src\hotspot\share\interpreter\linkResolver.cpp, line 771]
Event: 5.887 Thread 0x00000218cbe57020 Exception <a 'java/lang/NoSuchMethodError'{0x0000000084f64900}: 'java.lang.Object java.lang.invoke.DirectMethodHandle$Holder.newInvokeSpecial(java.lang.Object, java.lang.Object, int)'> (0x0000000084f64900) 
thrown [s\src\hotspot\share\interpreter\linkResolver.cpp, line 771]
Event: 6.477 Thread 0x00000218cbe57020 Exception <a 'java/lang/NoSuchMethodError'{0x00000000855a4a68}: 'long java.lang.invoke.DirectMethodHandle$Holder.invokeVirtual(java.lang.Object, java.lang.Object)'> (0x00000000855a4a68) 
thrown [s\src\hotspot\share\interpreter\linkResolver.cpp, line 771]
Event: 6.482 Thread 0x00000218cab81a30 Exception <a 'java/lang/NoSuchMethodError'{0x00000000855d3f50}: static Lorg/gradle/internal/build/event/types/DefaultOperationFinishedProgressEvent;.<clinit>()V> (0x00000000855d3f50) 
thrown [s\src\hotspot\share\prims\jni.cpp, line 1108]
Event: 6.484 Thread 0x00000218cab81a30 Exception <a 'java/lang/NoSuchMethodError'{0x00000000854088d8}: static Lorg/gradle/internal/build/event/types/DefaultProjectConfigurationSuccessResult;.<clinit>()V> (0x00000000854088d8) 
thrown [s\src\hotspot\share\prims\jni.cpp, line 1108]
Event: 6.485 Thread 0x00000218cab81a30 Exception <a 'java/lang/NoSuchMethodError'{0x0000000085409bd8}: static Lorg/gradle/internal/build/event/types/AbstractProjectConfigurationResult;.<clinit>()V> (0x0000000085409bd8) 
thrown [s\src\hotspot\share\prims\jni.cpp, line 1108]
Event: 6.485 Thread 0x00000218cab81a30 Exception <a 'java/lang/NoSuchMethodError'{0x000000008540af58}: static Lorg/gradle/internal/build/event/types/AbstractOperationResult;.<clinit>()V> (0x000000008540af58) 
thrown [s\src\hotspot\share\prims\jni.cpp, line 1108]
Event: 6.485 Thread 0x00000218cab81a30 Exception <a 'java/lang/NoSuchMethodError'{0x000000008540c528}: static Lorg/gradle/internal/build/event/types/AbstractResult;.<clinit>()V> (0x000000008540c528) 
thrown [s\src\hotspot\share\prims\jni.cpp, line 1108]
Event: 6.487 Thread 0x00000218cab81a30 Exception <a 'java/lang/NoSuchMethodError'{0x00000000854a2740}: static Lorg/gradle/internal/build/event/types/DefaultPluginApplicationResult;.<clinit>()V> (0x00000000854a2740) 
thrown [s\src\hotspot\share\prims\jni.cpp, line 1108]
Event: 6.487 Thread 0x00000218cab81a30 Exception <a 'java/lang/NoSuchMethodError'{0x00000000854b68f8}: static Lorg/gradle/internal/build/event/types/DefaultBinaryPluginIdentifier;.<clinit>()V> (0x00000000854b68f8) 
thrown [s\src\hotspot\share\prims\jni.cpp, line 1108]
Event: 6.490 Thread 0x00000218cab81a30 Exception <a 'java/lang/NoSuchMethodError'{0x00000000854d88f8}: static Lorg/gradle/internal/build/event/types/DefaultScriptPluginIdentifier;.<clinit>()V> (0x00000000854d88f8) 
thrown [s\src\hotspot\share\prims\jni.cpp, line 1108]
Event: 6.844 Thread 0x00000218cbe57020 Exception <a 'java/lang/ClassNotFoundException'{0x0000000085648e78}: org/gradle/api/internal/plugins/DefaultObjectConfigurationActionBeanInfo> (0x0000000085648e78) 
thrown [s\src\hotspot\share\classfile\systemDictionary.cpp, line 256]
Event: 6.844 Thread 0x00000218cbe57020 Exception <a 'java/lang/ClassNotFoundException'{0x000000008565ceb0}: org/gradle/api/internal/plugins/DefaultObjectConfigurationActionCustomizer> (0x000000008565ceb0) 
thrown [s\src\hotspot\share\classfile\systemDictionary.cpp, line 256]
Event: 7.007 Thread 0x00000218cbe57020 Exception <a 'java/lang/NoSuchMethodError'{0x0000000084b1bad8}: 'java.lang.Object java.lang.invoke.DirectMethodHandle$Holder.newInvokeSpecial(java.lang.Object, java.lang.Object, java.lang.Object, java.lang.Object, int)'> (0x0000000084b1bad8) 
thrown [s\src\hotspot\share\interpreter\linkResolver.cpp, line 771]
Event: 7.007 Thread 0x00000218cbe57020 Exception <a 'java/lang/NoSuchMethodError'{0x0000000084b20f20}: 'java.lang.Object java.lang.invoke.DirectMethodHandle$Holder.invokeSpecial(java.lang.Object, java.lang.Object, java.lang.Object, java.lang.Object, java.lang.Object, int)'> (0x0000000084b20f20) 
thrown [s\src\hotspot\share\interpreter\linkResolver.cpp, line 771]
Event: 7.008 Thread 0x00000218cbe57020 Exception <a 'java/lang/NoSuchMethodError'{0x0000000084b25ca0}: 'java.lang.Object java.lang.invoke.Invokers$Holder.linkToTargetMethod(java.lang.Object, java.lang.Object, java.lang.Object, int, java.lang.Object)'> (0x0000000084b25ca0) 
thrown [s\src\hotspot\share\interpreter\linkResolver.cpp, line 771]
Event: 7.221 Thread 0x00000218cbe57020 Exception <a 'java/lang/NoSuchMethodError'{0x00000000851b9d18}: 'int java.lang.invoke.DirectMethodHandle$Holder.invokeInterface(java.lang.Object, java.lang.Object, java.lang.Object, java.lang.Object)'> (0x00000000851b9d18) 
thrown [s\src\hotspot\share\interpreter\linkResolver.cpp, line 771]
Event: 7.836 Thread 0x00000218cbe57020 Exception <a 'java/lang/IncompatibleClassChangeError'{0x0000000085816260}: Found class java.lang.Object, but interface was expected> (0x0000000085816260) 
thrown [s\src\hotspot\share\interpreter\linkResolver.cpp, line 838]

VM Operations (20 events):
Event: 6.782 Executing VM operation: G1Concurrent
Event: 6.784 Executing VM operation: G1Concurrent done
Event: 6.793 Executing VM operation: G1Concurrent
Event: 6.793 Executing VM operation: G1Concurrent done
Event: 7.085 Executing VM operation: G1CollectForAllocation
Event: 7.088 Executing VM operation: G1CollectForAllocation done
Event: 7.212 Executing VM operation: HandshakeAllThreads
Event: 7.212 Executing VM operation: HandshakeAllThreads done
Event: 7.220 Executing VM operation: HandshakeAllThreads
Event: 7.220 Executing VM operation: HandshakeAllThreads done
Event: 7.372 Executing VM operation: G1CollectForAllocation
Event: 7.376 Executing VM operation: G1CollectForAllocation done
Event: 7.403 Executing VM operation: G1Concurrent
Event: 7.407 Executing VM operation: G1Concurrent done
Event: 7.419 Executing VM operation: G1Concurrent
Event: 7.420 Executing VM operation: G1Concurrent done
Event: 7.721 Executing VM operation: G1CollectForAllocation
Event: 7.724 Executing VM operation: G1CollectForAllocation done
Event: 7.755 Executing VM operation: G1CollectForAllocation
Event: 7.757 Executing VM operation: G1CollectForAllocation done

Events (20 events):
Event: 7.884 loading class javax/management/NotificationListener done
Event: 7.884 loading class javax/management/NotificationFilter
Event: 7.884 loading class javax/management/NotificationFilter done
Event: 7.884 loading class javax/management/ListenerNotFoundException
Event: 7.884 loading class javax/management/ListenerNotFoundException done
Event: 7.884 loading class jdk/jfr/Recording
Event: 7.885 loading class jdk/jfr/Recording done
Event: 7.885 loading class jdk/jfr/FlightRecorder
Event: 7.885 loading class jdk/jfr/FlightRecorder done
Event: 7.886 loading class jdk/management/jfr/FlightRecorderMXBeanImpl$MXBeanListener
Event: 7.886 loading class jdk/jfr/FlightRecorderListener
Event: 7.886 loading class jdk/jfr/FlightRecorderListener done
Event: 7.886 loading class jdk/management/jfr/FlightRecorderMXBeanImpl$MXBeanListener done
Event: 7.886 loading class sun/reflect/misc/MethodUtil
Event: 7.887 loading class sun/reflect/misc/MethodUtil done
Event: 7.887 loading class sun/reflect/misc/MethodUtil$1
Event: 7.887 loading class sun/reflect/misc/MethodUtil$1 done
Event: 7.889 Thread 0x00000218ca214cb0 Thread added: 0x00000218ca214cb0
Event: 7.892 loading class java/lang/Byte$ByteCache
Event: 7.892 loading class java/lang/Byte$ByteCache done


Dynamic libraries:
0x00007ff6844e0000 - 0x00007ff6844ea000 	C:\Program Files\Android\Android Studio\jbr\bin\java.exe
0x00007ffc42150000 - 0x00007ffc42366000 	C:\WINDOWS\SYSTEM32\ntdll.dll
0x00007ffc40580000 - 0x00007ffc40644000 	C:\WINDOWS\System32\KERNEL32.DLL
0x00007ffc3f930000 - 0x00007ffc3fcd6000 	C:\WINDOWS\System32\KERNELBASE.dll
0x00007ffc3fce0000 - 0x00007ffc3fdf1000 	C:\WINDOWS\System32\ucrtbase.dll
0x00007ffbe66a0000 - 0x00007ffbe66bb000 	C:\Program Files\Android\Android Studio\jbr\bin\VCRUNTIME140.dll
0x00007ffc14f80000 - 0x00007ffc14f97000 	C:\Program Files\Android\Android Studio\jbr\bin\jli.dll
0x00007ffc40190000 - 0x00007ffc4033d000 	C:\WINDOWS\System32\USER32.dll
0x00007ffc3fe00000 - 0x00007ffc3fe26000 	C:\WINDOWS\System32\win32u.dll
0x00007ffc417c0000 - 0x00007ffc417e9000 	C:\WINDOWS\System32\GDI32.dll
0x00007ffc34580000 - 0x00007ffc34813000 	C:\WINDOWS\WinSxS\amd64_microsoft.windows.common-controls_6595b64144ccf1df_6.0.22621.3235_none_270f74e173860f98\COMCTL32.dll
0x00007ffc3f6b0000 - 0x00007ffc3f7c8000 	C:\WINDOWS\System32\gdi32full.dll
0x00007ffc3fea0000 - 0x00007ffc3ff47000 	C:\WINDOWS\System32\msvcrt.dll
0x00007ffc3f7d0000 - 0x00007ffc3f86a000 	C:\WINDOWS\System32\msvcp_win.dll
0x00007ffc400f0000 - 0x00007ffc40121000 	C:\WINDOWS\System32\IMM32.DLL
0x00007ffbf03d0000 - 0x00007ffbf03dc000 	C:\Program Files\Android\Android Studio\jbr\bin\vcruntime140_1.dll
0x00007ffbe6610000 - 0x00007ffbe669d000 	C:\Program Files\Android\Android Studio\jbr\bin\msvcp140.dll
0x00007ffbe8be0000 - 0x00007ffbe984e000 	C:\Program Files\Android\Android Studio\jbr\bin\server\jvm.dll
0x00007ffc40bc0000 - 0x00007ffc40c72000 	C:\WINDOWS\System32\ADVAPI32.dll
0x00007ffc414e0000 - 0x00007ffc41588000 	C:\WINDOWS\System32\sechost.dll
0x00007ffc3f680000 - 0x00007ffc3f6a8000 	C:\WINDOWS\System32\bcrypt.dll
0x00007ffc416a0000 - 0x00007ffc417b5000 	C:\WINDOWS\System32\RPCRT4.dll
0x00007ffc35870000 - 0x00007ffc3587a000 	C:\WINDOWS\SYSTEM32\VERSION.dll
0x00007ffc36290000 - 0x00007ffc362c4000 	C:\WINDOWS\SYSTEM32\WINMM.dll
0x00007ffc21b60000 - 0x00007ffc21b69000 	C:\WINDOWS\SYSTEM32\WSOCK32.dll
0x00007ffc41590000 - 0x00007ffc41601000 	C:\WINDOWS\System32\WS2_32.dll
0x00007ffc3e4d0000 - 0x00007ffc3e4e8000 	C:\WINDOWS\SYSTEM32\kernel.appcore.dll
0x00007ffc34400000 - 0x00007ffc3440a000 	C:\Program Files\Android\Android Studio\jbr\bin\jimage.dll
0x00007ffc2f100000 - 0x00007ffc2f333000 	C:\WINDOWS\SYSTEM32\DBGHELP.DLL
0x00007ffc40650000 - 0x00007ffc409d8000 	C:\WINDOWS\System32\combase.dll
0x00007ffc40010000 - 0x00007ffc400e7000 	C:\WINDOWS\System32\OLEAUT32.dll
0x00007ffc337c0000 - 0x00007ffc337f2000 	C:\WINDOWS\SYSTEM32\dbgcore.DLL
0x00007ffc3f490000 - 0x00007ffc3f50a000 	C:\WINDOWS\System32\bcryptPrimitives.dll
0x00007ffc2d870000 - 0x00007ffc2d895000 	C:\Program Files\Android\Android Studio\jbr\bin\java.dll
0x00007ffc33800000 - 0x00007ffc33818000 	C:\Program Files\Android\Android Studio\jbr\bin\zip.dll
0x00007ffc40c80000 - 0x00007ffc414dd000 	C:\WINDOWS\System32\SHELL32.dll
0x00007ffc3d3f0000 - 0x00007ffc3dce8000 	C:\WINDOWS\SYSTEM32\windows.storage.dll
0x00007ffc3d2b0000 - 0x00007ffc3d3ee000 	C:\WINDOWS\SYSTEM32\wintypes.dll
0x00007ffc40350000 - 0x00007ffc40443000 	C:\WINDOWS\System32\SHCORE.dll
0x00007ffc42050000 - 0x00007ffc420ae000 	C:\WINDOWS\System32\shlwapi.dll
0x00007ffc3f3c0000 - 0x00007ffc3f3e6000 	C:\WINDOWS\SYSTEM32\profapi.dll
0x00007ffc337a0000 - 0x00007ffc337b9000 	C:\Program Files\Android\Android Studio\jbr\bin\net.dll
0x00007ffc38f70000 - 0x00007ffc390a7000 	C:\WINDOWS\SYSTEM32\WINHTTP.dll
0x00007ffc3e9b0000 - 0x00007ffc3ea19000 	C:\WINDOWS\system32\mswsock.dll
0x00007ffc2d850000 - 0x00007ffc2d866000 	C:\Program Files\Android\Android Studio\jbr\bin\nio.dll
0x00007ffc2d840000 - 0x00007ffc2d850000 	C:\Program Files\Android\Android Studio\jbr\bin\verify.dll
0x00007ffbe5700000 - 0x00007ffbe5727000 	C:\Users\23480\.gradle\native\68d5fa5c4cc2d200863cafc0d521ce42e7d3e7ee720ec0a83991735586a16f82\windows-amd64\native-platform.dll
0x00007ffbedae0000 - 0x00007ffbedc24000 	C:\Users\23480\.gradle\native\e376f236ea51e6404a007f0833ffe2c6e607c4080706a723a18a27aeea778392\windows-amd64\native-platform-file-events.dll
0x00007ffc2d530000 - 0x00007ffc2d539000 	C:\Program Files\Android\Android Studio\jbr\bin\management.dll
0x00007ffc275d0000 - 0x00007ffc275db000 	C:\Program Files\Android\Android Studio\jbr\bin\management_ext.dll
0x00007ffc40000000 - 0x00007ffc40008000 	C:\WINDOWS\System32\PSAPI.DLL
0x00007ffc3ec00000 - 0x00007ffc3ec1b000 	C:\WINDOWS\SYSTEM32\CRYPTSP.dll
0x00007ffc3e430000 - 0x00007ffc3e465000 	C:\WINDOWS\system32\rsaenh.dll
0x00007ffc3eaa0000 - 0x00007ffc3eacc000 	C:\WINDOWS\SYSTEM32\USERENV.dll
0x00007ffc3ec30000 - 0x00007ffc3ec3c000 	C:\WINDOWS\SYSTEM32\CRYPTBASE.dll
0x00007ffc3df50000 - 0x00007ffc3df7d000 	C:\WINDOWS\SYSTEM32\IPHLPAPI.DLL
0x00007ffc40340000 - 0x00007ffc40349000 	C:\WINDOWS\System32\NSI.dll
0x00007ffc39100000 - 0x00007ffc39119000 	C:\WINDOWS\SYSTEM32\dhcpcsvc6.DLL
0x00007ffc38e40000 - 0x00007ffc38e5f000 	C:\WINDOWS\SYSTEM32\dhcpcsvc.DLL
0x00007ffc3dfc0000 - 0x00007ffc3e0b9000 	C:\WINDOWS\SYSTEM32\DNSAPI.dll
0x00007ffbb56e0000 - 0x00007ffbb56e8000 	C:\WINDOWS\system32\wshunix.dll

dbghelp: loaded successfully - version: 4.0.5 - missing functions: none
symbol engine: initialized successfully - sym options: 0x614 - pdb path: .;C:\Program Files\Android\Android Studio\jbr\bin;C:\WINDOWS\SYSTEM32;C:\WINDOWS\WinSxS\amd64_microsoft.windows.common-controls_6595b64144ccf1df_6.0.22621.3235_none_270f74e173860f98;C:\Program Files\Android\Android Studio\jbr\bin\server;C:\Users\23480\.gradle\native\68d5fa5c4cc2d200863cafc0d521ce42e7d3e7ee720ec0a83991735586a16f82\windows-amd64;C:\Users\23480\.gradle\native\e376f236ea51e6404a007f0833ffe2c6e607c4080706a723a18a27aeea778392\windows-amd64

VM Arguments:
jvm_args: --add-opens=java.base/java.util=ALL-UNNAMED --add-opens=java.base/java.lang=ALL-UNNAMED --add-opens=java.base/java.lang.invoke=ALL-UNNAMED --add-opens=java.prefs/java.util.prefs=ALL-UNNAMED --add-opens=java.base/java.nio.charset=ALL-UNNAMED --add-opens=java.base/java.net=ALL-UNNAMED --add-opens=java.base/java.util.concurrent.atomic=ALL-UNNAMED -Xmx2048m -Dfile.encoding=UTF-8 -Duser.country=US -Duser.language=en -Duser.variant 
java_command: org.gradle.launcher.daemon.bootstrap.GradleDaemon 8.0
java_class_path (initial): C:\Users\23480\.gradle\wrapper\dists\gradle-8.0-bin\ca5e32bp14vu59qr306oxotwh\gradle-8.0\lib\gradle-launcher-8.0.jar
Launcher Type: SUN_STANDARD

[Global flags]
     intx CICompilerCount                          = 4                                         {product} {ergonomic}
     uint ConcGCThreads                            = 2                                         {product} {ergonomic}
     uint G1ConcRefinementThreads                  = 8                                         {product} {ergonomic}
   size_t G1HeapRegionSize                         = 1048576                                   {product} {ergonomic}
    uintx GCDrainStackTargetSize                   = 64                                        {product} {ergonomic}
   size_t InitialHeapSize                          = 123731968                                 {product} {ergonomic}
   size_t MarkStackSize                            = 4194304                                   {product} {ergonomic}
   size_t MaxHeapSize                              = 2147483648                                {product} {command line}
   size_t MaxNewSize                               = 1287651328                                {product} {ergonomic}
   size_t MinHeapDeltaBytes                        = 1048576                                   {product} {ergonomic}
   size_t MinHeapSize                              = 8388608                                   {product} {ergonomic}
    uintx NonNMethodCodeHeapSize                   = 5839372                                {pd product} {ergonomic}
    uintx NonProfiledCodeHeapSize                  = 122909434                              {pd product} {ergonomic}
    uintx ProfiledCodeHeapSize                     = 122909434                              {pd product} {ergonomic}
    uintx ReservedCodeCacheSize                    = 251658240                              {pd product} {ergonomic}
     bool SegmentedCodeCache                       = true                                      {product} {ergonomic}
   size_t SoftMaxHeapSize                          = 2147483648                             {manageable} {ergonomic}
     bool UseCompressedClassPointers               = true                           {product lp64_product} {ergonomic}
     bool UseCompressedOops                        = true                           {product lp64_product} {ergonomic}
     bool UseG1GC                                  = true                                      {product} {ergonomic}
     bool UseLargePagesIndividualAllocation        = false                                  {pd product} {ergonomic}

Logging:
Log output configuration:
 #0: stdout all=warning uptime,level,tags
 #1: stderr all=off uptime,level,tags

Environment Variables:
PATH=C:\WINDOWS\system32;C:\WINDOWS;C:\WINDOWS\System32\Wbem;C:\WINDOWS\System32\WindowsPowerShell\v1.0\;C:\WINDOWS\System32\OpenSSH\;C:\Program Files\nodejs\;C:\Program Files\Git\cmd;C:\Users\23480\AppData\Local\Programs\Python\Python311\Scripts\;C:\Users\23480\AppData\Local\Programs\Python\Python311\;C:\Users\23480\AppData\Local\Microsoft\WindowsApps;C:\Users\23480\AppData\Local\atom\bin;C:\Users\23480\AppData\Local\Programs\Microsoft VS Code\bin;C:\Users\23480\AppData\Local\Microsoft\WindowsApps;;C:\Program Files\JetBrains\IntelliJ IDEA Community Edition 2023.2.1\bin;;C:\Users\23480\AppData\Roaming\npm
USERNAME=23480
OS=Windows_NT
PROCESSOR_IDENTIFIER=AMD64 Family 23 Model 104 Stepping 1, AuthenticAMD
TMP=C:\Users\23480\AppData\Local\Temp
TEMP=C:\Users\23480\AppData\Local\Temp


JNI global refs:
JNI global refs: 25, weak refs: 7

JNI global refs memory usage: 843, weak refs: 841


---------------  S Y S T E M  ---------------

OS:
 Windows 11 , 64 bit Build 22621 (10.0.22621.3235)
OS uptime: 0 days 2:39 hours

CPU: total 8 (initial active 8) (8 cores per cpu, 2 threads per core) family 23 model 104 stepping 1 microcode 0x0, cx8, cmov, fxsr, ht, mmx, 3dnowpref, sse, sse2, sse3, ssse3, sse4a, sse4.1, sse4.2, popcnt, lzcnt, tsc, tscinvbit, avx, avx2, aes, clmul, bmi1, bmi2, adx, sha, fma, vzeroupper, clflush, clflushopt

Memory: 4k page, system-wide physical 7502M (281M free)
TotalPageFile size 11571M (AvailPageFile size 6M)
current process WorkingSet (physical memory assigned to process): 293M, peak: 293M
current process commit charge ("private bytes"): 330M, peak: 332M

vm_info: OpenJDK 64-Bit Server VM (17.0.6+0-b2043.56-10027231) for windows-amd64 JRE (17.0.6+0-b2043.56-10027231), built on Apr 28 2023 00:43:19 by "androidbuild" with MS VC++ 16.10 / 16.11 (VS2019)

END.
