#
# There is insufficient memory for the Java Runtime Environment to continue.
# Native memory allocation (mmap) failed to map 6291456 bytes for G1 virtual space
# Possible reasons:
#   The system is out of physical RAM or swap space
#   The process is running with CompressedOops enabled, and the Java Heap may be blocking the growth of the native heap
# Possible solutions:
#   Reduce memory load on the system
#   Increase physical memory or swap space
#   Check if swap backing store is full
#   Decrease Java heap size (-Xmx/-Xms)
#   Decrease number of Java threads
#   Decrease Java thread stack sizes (-Xss)
#   Set larger code cache with -XX:ReservedCodeCacheSize=
#   JVM is running with Unscaled Compressed Oops mode in which the Java heap is
#     placed in the first 4GB address space. The Java Heap base address is the
#     maximum limit for the native heap growth. Please use -XX:HeapBaseMinAddress
#     to set the Java Heap base and to place the Java Heap above 4GB virtual address.
# This output file may be truncated or incomplete.
#
#  Out of Memory Error (os_windows.cpp:3769), pid=2504, tid=2356
#
# JRE version: OpenJDK Runtime Environment (17.0.6) (build 17.0.6+0-b2043.56-10027231)
# Java VM: OpenJDK 64-Bit Server VM (17.0.6+0-b2043.56-10027231, mixed mode, tiered, compressed oops, compressed class ptrs, g1 gc, windows-amd64)
# No core dump will be written. Minidumps are not enabled by default on client versions of Windows
#

---------------  S U M M A R Y ------------

Command Line: --add-opens=java.base/java.util.concurrent.atomic=ALL-UNNAMED --add-opens=java.base/java.util=ALL-UNNAMED --add-opens=java.base/java.lang=ALL-UNNAMED --add-opens=java.base/java.lang.invoke=ALL-UNNAMED --add-opens=java.prefs/java.util.prefs=ALL-UNNAMED --add-opens=java.base/java.nio.charset=ALL-UNNAMED --add-opens=java.base/java.net=ALL-UNNAMED --add-opens=java.base/java.util.concurrent.atomic=ALL-UNNAMED -Xmx2048m -Dfile.encoding=UTF-8 -Duser.country=US -Duser.language=en -Duser.variant org.gradle.launcher.daemon.bootstrap.GradleDaemon 8.0

Host: AMD Ryzen 3 5300U with Radeon Graphics         , 8 cores, 7G,  Windows 11 , 64 bit Build 22621 (10.0.22621.3235)
Time: Tue Apr  2 13:15:12 2024 W. Central Africa Standard Time elapsed time: 10.718958 seconds (0d 0h 0m 10s)

---------------  T H R E A D  ---------------

Current thread (0x00000258db587060):  VMThread "VM Thread" [stack: 0x0000009c08d00000,0x0000009c08e00000] [id=2356]

Stack: [0x0000009c08d00000,0x0000009c08e00000]
Native frames: (J=compiled Java code, j=interpreted, Vv=VM code, C=native code)
V  [jvm.dll+0x683c9a]
V  [jvm.dll+0x8427a4]
V  [jvm.dll+0x843f9e]
V  [jvm.dll+0x844603]
V  [jvm.dll+0x249b75]
V  [jvm.dll+0x680b69]
V  [jvm.dll+0x67505a]
V  [jvm.dll+0x309acb]
V  [jvm.dll+0x310f86]
V  [jvm.dll+0x3608ee]
V  [jvm.dll+0x360b1f]
V  [jvm.dll+0x2dfbf8]
V  [jvm.dll+0x2e2ce6]
V  [jvm.dll+0x2ed478]
V  [jvm.dll+0x322150]
V  [jvm.dll+0x848ccb]
V  [jvm.dll+0x849a04]
V  [jvm.dll+0x849f1d]
V  [jvm.dll+0x84a2f4]
V  [jvm.dll+0x84a3c0]
V  [jvm.dll+0x7f274a]
V  [jvm.dll+0x682ad5]
C  [ucrtbase.dll+0x29363]
C  [KERNEL32.DLL+0x1257d]
C  [ntdll.dll+0x5aa58]

VM_Operation (0x0000009c089ff330): G1Concurrent, mode: safepoint, requested by thread 0x00000258bf81d350


---------------  P R O C E S S  ---------------

Threads class SMR info:
_java_thread_list=0x00000258e04a2250, length=41, elements={
0x00000258bf7ae530, 0x00000258db5cb030, 0x00000258db5cbea0, 0x00000258db5a2a90,
0x00000258db5a3810, 0x00000258db5a4520, 0x00000258db5a5ee0, 0x00000258dc02cd40,
0x00000258dc02d730, 0x00000258dc02e120, 0x00000258dc198390, 0x00000258dc198860,
0x00000258dce6e310, 0x00000258dcc38ef0, 0x00000258ddb17e30, 0x00000258de419450,
0x00000258dd896070, 0x00000258dda82b30, 0x00000258dda819d0, 0x00000258dd67a870,
0x00000258dd67b6e0, 0x00000258dd67a3a0, 0x00000258dd679a00, 0x00000258dd679530,
0x00000258dd67bbb0, 0x00000258dd679ed0, 0x00000258dd67b210, 0x00000258dd67c080,
0x00000258dd67ad40, 0x00000258dd67c550, 0x00000258dd67ca20, 0x00000258dd679060,
0x00000258de523410, 0x00000258de521730, 0x00000258de520d90, 0x00000258de525a90,
0x00000258de524280, 0x00000258de521260, 0x00000258de524750, 0x00000258de524c20,
0x00000258de521c00
}

Java Threads: ( => current thread )
  0x00000258bf7ae530 JavaThread "main" [_thread_blocked, id=14032, stack(0x0000009c08700000,0x0000009c08800000)]
  0x00000258db5cb030 JavaThread "Reference Handler" daemon [_thread_blocked, id=17928, stack(0x0000009c08e00000,0x0000009c08f00000)]
  0x00000258db5cbea0 JavaThread "Finalizer" daemon [_thread_blocked, id=2456, stack(0x0000009c08f00000,0x0000009c09000000)]
  0x00000258db5a2a90 JavaThread "Signal Dispatcher" daemon [_thread_blocked, id=6808, stack(0x0000009c09000000,0x0000009c09100000)]
  0x00000258db5a3810 JavaThread "Attach Listener" daemon [_thread_blocked, id=11644, stack(0x0000009c09100000,0x0000009c09200000)]
  0x00000258db5a4520 JavaThread "Service Thread" daemon [_thread_blocked, id=9116, stack(0x0000009c09200000,0x0000009c09300000)]
  0x00000258db5a5ee0 JavaThread "Monitor Deflation Thread" daemon [_thread_blocked, id=15296, stack(0x0000009c09300000,0x0000009c09400000)]
  0x00000258dc02cd40 JavaThread "C2 CompilerThread0" daemon [_thread_blocked, id=1164, stack(0x0000009c09400000,0x0000009c09500000)]
  0x00000258dc02d730 JavaThread "C1 CompilerThread0" daemon [_thread_blocked, id=20460, stack(0x0000009c09500000,0x0000009c09600000)]
  0x00000258dc02e120 JavaThread "Sweeper thread" daemon [_thread_blocked, id=8164, stack(0x0000009c09600000,0x0000009c09700000)]
  0x00000258dc198390 JavaThread "Common-Cleaner" daemon [_thread_blocked, id=18332, stack(0x0000009c09700000,0x0000009c09800000)]
  0x00000258dc198860 JavaThread "Notification Thread" daemon [_thread_blocked, id=14572, stack(0x0000009c09800000,0x0000009c09900000)]
  0x00000258dce6e310 JavaThread "Daemon health stats" [_thread_blocked, id=14320, stack(0x0000009c09e00000,0x0000009c09f00000)]
  0x00000258dcc38ef0 JavaThread "Incoming local TCP Connector on port 50865" [_thread_in_native, id=17152, stack(0x0000009c09f00000,0x0000009c0a000000)]
  0x00000258ddb17e30 JavaThread "Daemon periodic checks" [_thread_blocked, id=6736, stack(0x0000009c0a000000,0x0000009c0a100000)]
  0x00000258de419450 JavaThread "Daemon" [_thread_blocked, id=15448, stack(0x0000009c0a100000,0x0000009c0a200000)]
  0x00000258dd896070 JavaThread "Handler for socket connection from /127.0.0.1:50865 to /127.0.0.1:50866" [_thread_in_native, id=8276, stack(0x0000009c0a200000,0x0000009c0a300000)]
  0x00000258dda82b30 JavaThread "Cancel handler" [_thread_blocked, id=9200, stack(0x0000009c0a300000,0x0000009c0a400000)]
  0x00000258dda819d0 JavaThread "Daemon worker" [_thread_blocked, id=12832, stack(0x0000009c0a400000,0x0000009c0a500000)]
  0x00000258dd67a870 JavaThread "Asynchronous log dispatcher for DefaultDaemonConnection: socket connection from /127.0.0.1:50865 to /127.0.0.1:50866" [_thread_blocked, id=12220, stack(0x0000009c0a500000,0x0000009c0a600000)]
  0x00000258dd67b6e0 JavaThread "Stdin handler" [_thread_blocked, id=14588, stack(0x0000009c0a600000,0x0000009c0a700000)]
  0x00000258dd67a3a0 JavaThread "Daemon client event forwarder" [_thread_blocked, id=20360, stack(0x0000009c0a700000,0x0000009c0a800000)]
  0x00000258dd679a00 JavaThread "Cache worker for journal cache (C:\Users\23480\.gradle\caches\journal-1)" [_thread_blocked, id=12768, stack(0x0000009c0ac00000,0x0000009c0ad00000)]
  0x00000258dd679530 JavaThread "File lock request listener" [_thread_in_native, id=10204, stack(0x0000009c0ad00000,0x0000009c0ae00000)]
  0x00000258dd67bbb0 JavaThread "Cache worker for file hash cache (C:\Users\23480\.gradle\caches\8.0\fileHashes)" [_thread_blocked, id=13940, stack(0x0000009c0ae00000,0x0000009c0af00000)]
  0x00000258dd679ed0 JavaThread "File watcher server" daemon [_thread_in_native, id=9464, stack(0x0000009c0af00000,0x0000009c0b000000)]
  0x00000258dd67b210 JavaThread "File watcher consumer" daemon [_thread_blocked, id=752, stack(0x0000009c0b000000,0x0000009c0b100000)]
  0x00000258dd67c080 JavaThread "jar transforms" [_thread_blocked, id=8812, stack(0x0000009c0b100000,0x0000009c0b200000)]
  0x00000258dd67ad40 JavaThread "jar transforms Thread 2" [_thread_blocked, id=10208, stack(0x0000009c0b200000,0x0000009c0b300000)]
  0x00000258dd67c550 JavaThread "jar transforms Thread 3" [_thread_blocked, id=10224, stack(0x0000009c0b300000,0x0000009c0b400000)]
  0x00000258dd67ca20 JavaThread "jar transforms Thread 4" [_thread_blocked, id=9620, stack(0x0000009c0b400000,0x0000009c0b500000)]
  0x00000258dd679060 JavaThread "jar transforms Thread 5" [_thread_blocked, id=19044, stack(0x0000009c0b500000,0x0000009c0b600000)]
  0x00000258de523410 JavaThread "jar transforms Thread 6" [_thread_blocked, id=10648, stack(0x0000009c0b600000,0x0000009c0b700000)]
  0x00000258de521730 JavaThread "jar transforms Thread 7" [_thread_blocked, id=3800, stack(0x0000009c0b700000,0x0000009c0b800000)]
  0x00000258de520d90 JavaThread "jar transforms Thread 8" [_thread_blocked, id=11972, stack(0x0000009c0b800000,0x0000009c0b900000)]
  0x00000258de525a90 JavaThread "Cache worker for checksums cache (C:\Users\23480\Documents\androidproject\Motivation\.gradle\8.0\checksums)" [_thread_blocked, id=10820, stack(0x0000009c0b900000,0x0000009c0ba00000)]
  0x00000258de524280 JavaThread "Cache worker for cache directory md-rule (C:\Users\23480\.gradle\caches\8.0\md-rule)" [_thread_blocked, id=5824, stack(0x0000009c0ba00000,0x0000009c0bb00000)]
  0x00000258de521260 JavaThread "Cache worker for file content cache (C:\Users\23480\.gradle\caches\8.0\fileContent)" [_thread_blocked, id=10568, stack(0x0000009c0bb00000,0x0000009c0bc00000)]
  0x00000258de524750 JavaThread "Cache worker for file hash cache (C:\Users\23480\Documents\androidproject\Motivation\.gradle\8.0\fileHashes)" [_thread_blocked, id=13016, stack(0x0000009c0bc00000,0x0000009c0bd00000)]
  0x00000258de524c20 JavaThread "Cache worker for cache directory md-supplier (C:\Users\23480\.gradle\caches\8.0\md-supplier)" [_thread_blocked, id=9128, stack(0x0000009c0bd00000,0x0000009c0be00000)]
  0x00000258de521c00 JavaThread "Cache worker for execution history cache (C:\Users\23480\.gradle\caches\8.0\executionHistory)" [_thread_blocked, id=6292, stack(0x0000009c0be00000,0x0000009c0bf00000)]

Other Threads:
=>0x00000258db587060 VMThread "VM Thread" [stack: 0x0000009c08d00000,0x0000009c08e00000] [id=2356]
  0x00000258bf839a40 WatcherThread [stack: 0x0000009c09900000,0x0000009c09a00000] [id=19864]
  0x00000258bf80c410 GCTaskThread "GC Thread#0" [stack: 0x0000009c08800000,0x0000009c08900000] [id=11256]
  0x00000258dcac9ea0 GCTaskThread "GC Thread#1" [stack: 0x0000009c09a00000,0x0000009c09b00000] [id=4216]
  0x00000258dcad7b50 GCTaskThread "GC Thread#2" [stack: 0x0000009c09b00000,0x0000009c09c00000] [id=4656]
  0x00000258dcacaf20 GCTaskThread "GC Thread#3" [stack: 0x0000009c09c00000,0x0000009c09d00000] [id=10532]
  0x00000258dd23a640 GCTaskThread "GC Thread#4" [stack: 0x0000009c09d00000,0x0000009c09e00000] [id=6368]
  0x00000258de6b7860 GCTaskThread "GC Thread#5" [stack: 0x0000009c0a800000,0x0000009c0a900000] [id=6108]
  0x00000258dda12d70 GCTaskThread "GC Thread#6" [stack: 0x0000009c0a900000,0x0000009c0aa00000] [id=19576]
  0x00000258dda0b880 GCTaskThread "GC Thread#7" [stack: 0x0000009c0aa00000,0x0000009c0ab00000] [id=16996]
  0x00000258bf81d350 ConcurrentGCThread "G1 Main Marker" [stack: 0x0000009c08900000,0x0000009c08a00000] [id=14804]
  0x00000258bf81dd60 ConcurrentGCThread "G1 Conc#0" [stack: 0x0000009c08a00000,0x0000009c08b00000] [id=8212]
  0x00000258dd02ca40 ConcurrentGCThread "G1 Conc#1" [stack: 0x0000009c0ab00000,0x0000009c0ac00000] [id=16004]
  0x00000258bf86e770 ConcurrentGCThread "G1 Refine#0" [stack: 0x0000009c08b00000,0x0000009c08c00000] [id=16220]
  0x00000258db3fa350 ConcurrentGCThread "G1 Service" [stack: 0x0000009c08c00000,0x0000009c08d00000] [id=6456]

Threads with active compile tasks:
C2 CompilerThread0    10760 4091 %     4       java.util.zip.ZipFile$Source::initCEN @ 240 (591 bytes)

VM state: at safepoint (normal execution)

VM Mutex/Monitor currently owned by a thread:  ([mutex/lock_event])
[0x00000258bf7ab070] Threads_lock - owner thread: 0x00000258db587060
[0x00000258bf7aa5c0] Heap_lock - owner thread: 0x00000258bf81d350

Heap address: 0x0000000080000000, size: 2048 MB, Compressed Oops mode: 32-bit

CDS archive(s) not mapped
Compressed class space mapped at: 0x0000000100000000-0x0000000140000000, reserved size: 1073741824
Narrow klass base: 0x0000000000000000, Narrow klass shift: 3, Narrow klass range: 0x140000000

GC Precious Log:
 CPUs: 8 total, 8 available
 Memory: 7502M
 Large Page Support: Disabled
 NUMA Support: Disabled
 Compressed Oops: Enabled (32-bit)
 Heap Region Size: 1M
 Heap Min Capacity: 8M
 Heap Initial Capacity: 118M
 Heap Max Capacity: 2G
 Pre-touch: Disabled
 Parallel Workers: 8
 Concurrent Workers: 2
 Concurrent Refinement Workers: 8
 Periodic GC: Disabled

Heap:
 garbage-first heap   total 80896K, used 49192K [0x0000000080000000, 0x0000000100000000)
  region size 1024K, 5 young (5120K), 3 survivors (3072K)
 Metaspace       used 46347K, committed 46784K, reserved 1089536K
  class space    used 6143K, committed 6336K, reserved 1048576K

Heap Regions: E=young(eden), S=young(survivor), O=old, HS=humongous(starts), HC=humongous(continues), CS=collection set, F=free, OA=open archive, CA=closed archive, TAMS=top-at-mark-start (previous, next)
|   0|0x0000000080000000, 0x0000000080100000, 0x0000000080100000|100%|HS|  |TAMS 0x0000000080100000, 0x0000000080000000| Complete 
|   1|0x0000000080100000, 0x0000000080200000, 0x0000000080200000|100%|HC|  |TAMS 0x0000000080200000, 0x0000000080100000| Complete 
|   2|0x0000000080200000, 0x0000000080300000, 0x0000000080300000|100%|HC|  |TAMS 0x0000000080300000, 0x0000000080200000| Complete 
|   3|0x0000000080300000, 0x0000000080400000, 0x0000000080400000|100%|HC|  |TAMS 0x0000000080400000, 0x0000000080300000| Complete 
|   4|0x0000000080400000, 0x0000000080500000, 0x0000000080500000|100%| O|  |TAMS 0x0000000080500000, 0x0000000080400000| Untracked 
|   5|0x0000000080500000, 0x0000000080600000, 0x0000000080600000|100%| O|  |TAMS 0x0000000080600000, 0x0000000080500000| Untracked 
|   6|0x0000000080600000, 0x0000000080700000, 0x0000000080700000|100%| O|  |TAMS 0x0000000080700000, 0x0000000080600000| Untracked 
|   7|0x0000000080700000, 0x0000000080800000, 0x0000000080800000|100%| O|  |TAMS 0x0000000080800000, 0x0000000080700000| Untracked 
|   8|0x0000000080800000, 0x0000000080900000, 0x0000000080900000|100%| O|  |TAMS 0x0000000080900000, 0x0000000080800000| Untracked 
|   9|0x0000000080900000, 0x0000000080a00000, 0x0000000080a00000|100%| O|  |TAMS 0x0000000080a00000, 0x0000000080900000| Updating 
|  10|0x0000000080a00000, 0x0000000080b00000, 0x0000000080b00000|100%| O|  |TAMS 0x0000000080b00000, 0x0000000080a00000| Updating 
|  11|0x0000000080b00000, 0x0000000080b62a00, 0x0000000080c00000| 38%| O|  |TAMS 0x0000000080b62a00, 0x0000000080b00000| Updating 
|  12|0x0000000080c00000, 0x0000000080d00000, 0x0000000080d00000|100%| O|  |TAMS 0x0000000080d00000, 0x0000000080c00000| Untracked 
|  13|0x0000000080d00000, 0x0000000080e00000, 0x0000000080e00000|100%| O|  |TAMS 0x0000000080e00000, 0x0000000080d00000| Updating 
|  14|0x0000000080e00000, 0x0000000080f00000, 0x0000000080f00000|100%| O|  |TAMS 0x0000000080f00000, 0x0000000080e00000| Untracked 
|  15|0x0000000080f00000, 0x0000000081000000, 0x0000000081000000|100%| O|  |TAMS 0x0000000081000000, 0x0000000080f00000| Untracked 
|  16|0x0000000081000000, 0x0000000081100000, 0x0000000081100000|100%| O|  |TAMS 0x0000000081100000, 0x0000000081000000| Untracked 
|  17|0x0000000081100000, 0x0000000081200000, 0x0000000081200000|100%| O|  |TAMS 0x0000000081200000, 0x0000000081100000| Untracked 
|  18|0x0000000081200000, 0x0000000081300000, 0x0000000081300000|100%| O|  |TAMS 0x0000000081300000, 0x0000000081200000| Untracked 
|  19|0x0000000081300000, 0x0000000081400000, 0x0000000081400000|100%|HS|  |TAMS 0x0000000081400000, 0x0000000081300000| Complete 
|  20|0x0000000081400000, 0x0000000081500000, 0x0000000081500000|100%|HC|  |TAMS 0x0000000081500000, 0x0000000081400000| Complete 
|  21|0x0000000081500000, 0x0000000081600000, 0x0000000081600000|100%|HS|  |TAMS 0x0000000081600000, 0x0000000081500000| Complete 
|  22|0x0000000081600000, 0x0000000081700000, 0x0000000081700000|100%|HC|  |TAMS 0x0000000081700000, 0x0000000081600000| Complete 
|  23|0x0000000081700000, 0x0000000081800000, 0x0000000081800000|100%|HC|  |TAMS 0x0000000081800000, 0x0000000081700000| Complete 
|  24|0x0000000081800000, 0x0000000081900000, 0x0000000081900000|100%| O|  |TAMS 0x0000000081900000, 0x0000000081800000| Untracked 
|  25|0x0000000081900000, 0x0000000081a00000, 0x0000000081a00000|100%| O|  |TAMS 0x0000000081a00000, 0x0000000081900000| Untracked 
|  26|0x0000000081a00000, 0x0000000081b00000, 0x0000000081b00000|100%| O|  |TAMS 0x0000000081b00000, 0x0000000081a00000| Untracked 
|  27|0x0000000081b00000, 0x0000000081c00000, 0x0000000081c00000|100%|HS|  |TAMS 0x0000000081c00000, 0x0000000081b00000| Complete 
|  28|0x0000000081c00000, 0x0000000081d00000, 0x0000000081d00000|100%|HC|  |TAMS 0x0000000081d00000, 0x0000000081c00000| Complete 
|  29|0x0000000081d00000, 0x0000000081e00000, 0x0000000081e00000|100%|HC|  |TAMS 0x0000000081e00000, 0x0000000081d00000| Complete 
|  30|0x0000000081e00000, 0x0000000081f00000, 0x0000000081f00000|100%| O|  |TAMS 0x0000000081f00000, 0x0000000081e00000| Untracked 
|  31|0x0000000081f00000, 0x0000000082000000, 0x0000000082000000|100%| O|  |TAMS 0x0000000082000000, 0x0000000081f00000| Updating 
|  32|0x0000000082000000, 0x0000000082100000, 0x0000000082100000|100%| O|  |TAMS 0x0000000082100000, 0x0000000082000000| Updating 
|  33|0x0000000082100000, 0x0000000082200000, 0x0000000082200000|100%| O|  |TAMS 0x0000000082200000, 0x0000000082100000| Updating 
|  34|0x0000000082200000, 0x0000000082300000, 0x0000000082300000|100%| O|  |TAMS 0x0000000082300000, 0x0000000082200000| Updating 
|  35|0x0000000082300000, 0x0000000082400000, 0x0000000082400000|100%| O|  |TAMS 0x0000000082400000, 0x0000000082300000| Untracked 
|  36|0x0000000082400000, 0x0000000082500000, 0x0000000082500000|100%| O|  |TAMS 0x0000000082500000, 0x0000000082400000| Untracked 
|  37|0x0000000082500000, 0x0000000082600000, 0x0000000082600000|100%| O|  |TAMS 0x0000000082600000, 0x0000000082500000| Updating 
|  38|0x0000000082600000, 0x0000000082700000, 0x0000000082700000|100%| O|  |TAMS 0x0000000082700000, 0x0000000082600000| Untracked 
|  39|0x0000000082700000, 0x0000000082800000, 0x0000000082800000|100%|HS|  |TAMS 0x0000000082700000, 0x0000000082700000| Complete 
|  40|0x0000000082800000, 0x0000000082900000, 0x0000000082900000|100%|HC|  |TAMS 0x0000000082800000, 0x0000000082800000| Complete 
|  41|0x0000000082900000, 0x0000000082a00000, 0x0000000082a00000|100%|HC|  |TAMS 0x0000000082900000, 0x0000000082900000| Complete 
|  42|0x0000000082a00000, 0x0000000082abbc00, 0x0000000082b00000| 73%| O|  |TAMS 0x0000000082abbc00, 0x0000000082a00000| Updating 
|  43|0x0000000082b00000, 0x0000000082c00000, 0x0000000082c00000|100%|HS|  |TAMS 0x0000000082b00000, 0x0000000082b00000| Complete 
|  44|0x0000000082c00000, 0x0000000082d00000, 0x0000000082d00000|100%|HC|  |TAMS 0x0000000082c00000, 0x0000000082c00000| Complete 
|  45|0x0000000082d00000, 0x0000000082e00000, 0x0000000082e00000|100%|HC|  |TAMS 0x0000000082d00000, 0x0000000082d00000| Complete 
|  46|0x0000000082e00000, 0x0000000082e00000, 0x0000000082f00000|  0%| F|  |TAMS 0x0000000082e00000, 0x0000000082e00000| Untracked 
|  47|0x0000000082f00000, 0x0000000082f00000, 0x0000000083000000|  0%| F|  |TAMS 0x0000000082f00000, 0x0000000082f00000| Untracked 
|  48|0x0000000083000000, 0x0000000083000000, 0x0000000083100000|  0%| F|  |TAMS 0x0000000083000000, 0x0000000083000000| Untracked 
|  49|0x0000000083100000, 0x0000000083100000, 0x0000000083200000|  0%| F|  |TAMS 0x0000000083100000, 0x0000000083100000| Untracked 
|  50|0x0000000083200000, 0x0000000083200000, 0x0000000083300000|  0%| F|  |TAMS 0x0000000083200000, 0x0000000083200000| Untracked 
|  51|0x0000000083300000, 0x0000000083300000, 0x0000000083400000|  0%| F|  |TAMS 0x0000000083300000, 0x0000000083300000| Untracked 
|  52|0x0000000083400000, 0x00000000834ebaf0, 0x0000000083500000| 92%| S|CS|TAMS 0x0000000083400000, 0x0000000083400000| Complete 
|  53|0x0000000083500000, 0x0000000083600000, 0x0000000083600000|100%| S|CS|TAMS 0x0000000083500000, 0x0000000083500000| Complete 
|  54|0x0000000083600000, 0x0000000083700000, 0x0000000083700000|100%| S|CS|TAMS 0x0000000083600000, 0x0000000083600000| Complete 
|  55|0x0000000083700000, 0x0000000083700000, 0x0000000083800000|  0%| F|  |TAMS 0x0000000083700000, 0x0000000083700000| Untracked 
|  56|0x0000000083800000, 0x0000000083800000, 0x0000000083900000|  0%| F|  |TAMS 0x0000000083800000, 0x0000000083800000| Untracked 
|  57|0x0000000083900000, 0x0000000083900000, 0x0000000083a00000|  0%| F|  |TAMS 0x0000000083900000, 0x0000000083900000| Untracked 
|  58|0x0000000083a00000, 0x0000000083a00000, 0x0000000083b00000|  0%| F|  |TAMS 0x0000000083a00000, 0x0000000083a00000| Untracked 
|  59|0x0000000083b00000, 0x0000000083b00000, 0x0000000083c00000|  0%| F|  |TAMS 0x0000000083b00000, 0x0000000083b00000| Untracked 
|  60|0x0000000083c00000, 0x0000000083c00000, 0x0000000083d00000|  0%| F|  |TAMS 0x0000000083c00000, 0x0000000083c00000| Untracked 
|  61|0x0000000083d00000, 0x0000000083d00000, 0x0000000083e00000|  0%| F|  |TAMS 0x0000000083d00000, 0x0000000083d00000| Untracked 
|  62|0x0000000083e00000, 0x0000000083e00000, 0x0000000083f00000|  0%| F|  |TAMS 0x0000000083e00000, 0x0000000083e00000| Untracked 
|  63|0x0000000083f00000, 0x0000000083f00000, 0x0000000084000000|  0%| F|  |TAMS 0x0000000083f00000, 0x0000000083f00000| Untracked 
|  64|0x0000000084000000, 0x0000000084000000, 0x0000000084100000|  0%| F|  |TAMS 0x0000000084000000, 0x0000000084000000| Untracked 
|  65|0x0000000084100000, 0x0000000084100000, 0x0000000084200000|  0%| F|  |TAMS 0x0000000084100000, 0x0000000084100000| Untracked 
|  66|0x0000000084200000, 0x0000000084200000, 0x0000000084300000|  0%| F|  |TAMS 0x0000000084200000, 0x0000000084200000| Untracked 
|  67|0x0000000084300000, 0x0000000084300000, 0x0000000084400000|  0%| F|  |TAMS 0x0000000084300000, 0x0000000084300000| Untracked 
|  68|0x0000000084400000, 0x0000000084400000, 0x0000000084500000|  0%| F|  |TAMS 0x0000000084400000, 0x0000000084400000| Untracked 
|  69|0x0000000084500000, 0x0000000084500000, 0x0000000084600000|  0%| F|  |TAMS 0x0000000084500000, 0x0000000084500000| Untracked 
|  70|0x0000000084600000, 0x0000000084600000, 0x0000000084700000|  0%| F|  |TAMS 0x0000000084600000, 0x0000000084600000| Untracked 
|  71|0x0000000084700000, 0x0000000084700000, 0x0000000084800000|  0%| F|  |TAMS 0x0000000084700000, 0x0000000084700000| Untracked 
|  72|0x0000000084800000, 0x0000000084800000, 0x0000000084900000|  0%| F|  |TAMS 0x0000000084800000, 0x0000000084800000| Untracked 
|  73|0x0000000084900000, 0x0000000084900000, 0x0000000084a00000|  0%| F|  |TAMS 0x0000000084900000, 0x0000000084900000| Untracked 
|  74|0x0000000084a00000, 0x0000000084a00000, 0x0000000084b00000|  0%| F|  |TAMS 0x0000000084a00000, 0x0000000084a00000| Untracked 
|  75|0x0000000084b00000, 0x0000000084b00000, 0x0000000084c00000|  0%| F|  |TAMS 0x0000000084b00000, 0x0000000084b00000| Untracked 
|  76|0x0000000084c00000, 0x0000000084c00000, 0x0000000084d00000|  0%| F|  |TAMS 0x0000000084c00000, 0x0000000084c00000| Untracked 
|  77|0x0000000084d00000, 0x0000000084d433f0, 0x0000000084e00000| 26%| E|  |TAMS 0x0000000084d00000, 0x0000000084d00000| Complete 
| 117|0x0000000087500000, 0x00000000875bd328, 0x0000000087600000| 73%| E|  |TAMS 0x0000000087500000, 0x0000000087500000| Complete 

Card table byte_map: [0x00000258d42c0000,0x00000258d46c0000] _byte_map_base: 0x00000258d3ec0000

Marking Bits (Prev, Next): (CMBitMap*) 0x00000258bf80ca60, (CMBitMap*) 0x00000258bf80ca20
 Prev Bits: [0x00000258d6ac0000, 0x00000258d8ac0000)
 Next Bits: [0x00000258d4ac0000, 0x00000258d6ac0000)

Polling page: 0x00000258bf870000

Metaspace:

Usage:
  Non-class:     39.26 MB used.
      Class:      6.00 MB used.
       Both:     45.26 MB used.

Virtual space:
  Non-class space:       40.00 MB reserved,      39.50 MB ( 99%) committed,  5 nodes.
      Class space:        1.00 GB reserved,       6.19 MB ( <1%) committed,  1 nodes.
             Both:        1.04 GB reserved,      45.69 MB (  4%) committed. 

Chunk freelists:
   Non-Class:  112.00 KB
       Class:  1.78 MB
        Both:  1.89 MB

MaxMetaspaceSize: unlimited
CompressedClassSpaceSize: 1.00 GB
Initial GC threshold: 21.00 MB
Current GC threshold: 69.81 MB
CDS: off
MetaspaceReclaimPolicy: balanced
 - commit_granule_bytes: 65536.
 - commit_granule_words: 8192.
 - virtual_space_node_default_size: 1048576.
 - enlarge_chunks_in_place: 1.
 - new_chunks_are_fully_committed: 0.
 - uncommit_free_chunks: 1.
 - use_allocation_guard: 0.
 - handle_deallocations: 1.


Internal statistics:

num_allocs_failed_limit: 6.
num_arena_births: 404.
num_arena_deaths: 0.
num_vsnodes_births: 6.
num_vsnodes_deaths: 0.
num_space_committed: 731.
num_space_uncommitted: 0.
num_chunks_returned_to_freelist: 6.
num_chunks_taken_from_freelist: 1792.
num_chunk_merges: 6.
num_chunk_splits: 1184.
num_chunks_enlarged: 819.
num_purges: 0.
num_inconsistent_stats: 0.

CodeHeap 'non-profiled nmethods': size=120000Kb used=1843Kb max_used=1843Kb free=118156Kb
 bounds [0x00000258cbf10000, 0x00000258cc180000, 0x00000258d3440000]
CodeHeap 'profiled nmethods': size=120000Kb used=8077Kb max_used=8077Kb free=111922Kb
 bounds [0x00000258c4440000, 0x00000258c4c30000, 0x00000258cb970000]
CodeHeap 'non-nmethods': size=5760Kb used=2295Kb max_used=2338Kb free=3464Kb
 bounds [0x00000258cb970000, 0x00000258cbbe0000, 0x00000258cbf10000]
 total_blobs=4826 nmethods=4021 adapters=716
 compilation: enabled
              stopped_count=0, restarted_count=0
 full_count=0

Compilation events (20 events):
Event: 10.660 Thread 0x00000258dc02d730 4084       3       org.gradle.internal.instantiation.generator.AbstractClassGenerator$PropertyMetadata::<init> (65 bytes)
Event: 10.660 Thread 0x00000258dc02d730 nmethod 4084 0x00000258c4c1f890 code [0x00000258c4c1fb20, 0x00000258c4c209d8]
Event: 10.660 Thread 0x00000258dc02d730 4085       1       org.gradle.internal.instantiation.generator.AbstractClassGenerator$GeneratedClassImpl::getConstructors (5 bytes)
Event: 10.661 Thread 0x00000258dc02d730 nmethod 4085 0x00000258cc0da490 code [0x00000258cc0da620, 0x00000258cc0da6f8]
Event: 10.664 Thread 0x00000258dc02d730 4086       3       com.sun.beans.util.Cache::index (7 bytes)
Event: 10.665 Thread 0x00000258dc02d730 nmethod 4086 0x00000258c4c20d90 code [0x00000258c4c20f20, 0x00000258c4c21018]
Event: 10.665 Thread 0x00000258dc02d730 4087       3       groovy.lang.MetaClassImpl::copyNonPrivateFields (100 bytes)
Event: 10.666 Thread 0x00000258dc02d730 nmethod 4087 0x00000258c4c21110 code [0x00000258c4c21380, 0x00000258c4c22178]
Event: 10.666 Thread 0x00000258dc02d730 4088       3       org.gradle.internal.event.AbstractBroadcastDispatch::dispatch (65 bytes)
Event: 10.666 Thread 0x00000258dc02d730 nmethod 4088 0x00000258c4c22610 code [0x00000258c4c22820, 0x00000258c4c22e48]
Event: 10.668 Thread 0x00000258dc02d730 4089       3       java.util.zip.ZipFile$Source$Key::hashCode (46 bytes)
Event: 10.669 Thread 0x00000258dc02d730 nmethod 4089 0x00000258c4c22f90 code [0x00000258c4c23180, 0x00000258c4c23598]
Event: 10.698 Thread 0x00000258dc02cd40 nmethod 3940 0x00000258cc0da790 code [0x00000258cc0da980, 0x00000258cc0db8e8]
Event: 10.698 Thread 0x00000258dc02cd40 4018       4       org.codehaus.groovy.reflection.CachedMethod::getModifiers (8 bytes)
Event: 10.699 Thread 0x00000258dc02cd40 nmethod 4018 0x00000258cc0dc090 code [0x00000258cc0dc200, 0x00000258cc0dc298]
Event: 10.699 Thread 0x00000258dc02cd40 3991       4       org.codehaus.groovy.reflection.CachedMethod::getName (8 bytes)
Event: 10.699 Thread 0x00000258dc02cd40 nmethod 3991 0x00000258cc0dc390 code [0x00000258cc0dc500, 0x00000258cc0dc598]
Event: 10.699 Thread 0x00000258dc02cd40 3920       4       java.lang.reflect.Method::getAnnotation (6 bytes)
Event: 10.707 Thread 0x00000258dc02cd40 nmethod 3920 0x00000258cc0dc690 code [0x00000258cc0dc840, 0x00000258cc0dcb98]
Event: 10.707 Thread 0x00000258dc02cd40 4091 %     4       java.util.zip.ZipFile$Source::initCEN @ 240 (591 bytes)

GC Heap History (20 events):
Event: 5.503 GC heap before
{Heap before GC invocations=2 (full 0):
 garbage-first heap   total 120832K, used 50570K [0x0000000080000000, 0x0000000100000000)
  region size 1024K, 40 young (40960K), 4 survivors (4096K)
 Metaspace       used 21241K, committed 21504K, reserved 1073152K
  class space    used 2559K, committed 2688K, reserved 1048576K
}
Event: 5.511 GC heap after
{Heap after GC invocations=3 (full 0):
 garbage-first heap   total 120832K, used 18759K [0x0000000080000000, 0x0000000100000000)
  region size 1024K, 8 young (8192K), 8 survivors (8192K)
 Metaspace       used 21241K, committed 21504K, reserved 1073152K
  class space    used 2559K, committed 2688K, reserved 1048576K
}
Event: 6.723 GC heap before
{Heap before GC invocations=4 (full 0):
 garbage-first heap   total 68608K, used 50503K [0x0000000080000000, 0x0000000100000000)
  region size 1024K, 40 young (40960K), 8 survivors (8192K)
 Metaspace       used 26281K, committed 26560K, reserved 1073152K
  class space    used 3449K, committed 3584K, reserved 1048576K
}
Event: 6.760 GC heap after
{Heap after GC invocations=5 (full 0):
 garbage-first heap   total 68608K, used 20980K [0x0000000080000000, 0x0000000100000000)
  region size 1024K, 3 young (3072K), 3 survivors (3072K)
 Metaspace       used 26281K, committed 26560K, reserved 1073152K
  class space    used 3449K, committed 3584K, reserved 1048576K
}
Event: 7.612 GC heap before
{Heap before GC invocations=5 (full 0):
 garbage-first heap   total 68608K, used 53748K [0x0000000080000000, 0x0000000100000000)
  region size 1024K, 28 young (28672K), 3 survivors (3072K)
 Metaspace       used 30252K, committed 30592K, reserved 1081344K
  class space    used 4108K, committed 4288K, reserved 1048576K
}
Event: 7.617 GC heap after
{Heap after GC invocations=6 (full 0):
 garbage-first heap   total 68608K, used 32127K [0x0000000080000000, 0x0000000100000000)
  region size 1024K, 4 young (4096K), 4 survivors (4096K)
 Metaspace       used 30252K, committed 30592K, reserved 1081344K
  class space    used 4108K, committed 4288K, reserved 1048576K
}
Event: 8.108 GC heap before
{Heap before GC invocations=6 (full 0):
 garbage-first heap   total 68608K, used 49535K [0x0000000080000000, 0x0000000100000000)
  region size 1024K, 21 young (21504K), 4 survivors (4096K)
 Metaspace       used 32427K, committed 32832K, reserved 1081344K
  class space    used 4476K, committed 4672K, reserved 1048576K
}
Event: 8.111 GC heap after
{Heap after GC invocations=7 (full 0):
 garbage-first heap   total 68608K, used 32830K [0x0000000080000000, 0x0000000100000000)
  region size 1024K, 1 young (1024K), 1 survivors (1024K)
 Metaspace       used 32427K, committed 32832K, reserved 1081344K
  class space    used 4476K, committed 4672K, reserved 1048576K
}
Event: 8.652 GC heap before
{Heap before GC invocations=7 (full 0):
 garbage-first heap   total 68608K, used 51262K [0x0000000080000000, 0x0000000100000000)
  region size 1024K, 19 young (19456K), 1 survivors (1024K)
 Metaspace       used 35552K, committed 35904K, reserved 1081344K
  class space    used 4939K, committed 5120K, reserved 1048576K
}
Event: 8.656 GC heap after
{Heap after GC invocations=8 (full 0):
 garbage-first heap   total 68608K, used 33567K [0x0000000080000000, 0x0000000100000000)
  region size 1024K, 2 young (2048K), 2 survivors (2048K)
 Metaspace       used 35552K, committed 35904K, reserved 1081344K
  class space    used 4939K, committed 5120K, reserved 1048576K
}
Event: 9.343 GC heap before
{Heap before GC invocations=9 (full 0):
 garbage-first heap   total 68608K, used 51999K [0x0000000080000000, 0x0000000100000000)
  region size 1024K, 21 young (21504K), 2 survivors (2048K)
 Metaspace       used 41168K, committed 41472K, reserved 1089536K
  class space    used 5506K, committed 5632K, reserved 1048576K
}
Event: 9.349 GC heap after
{Heap after GC invocations=10 (full 0):
 garbage-first heap   total 68608K, used 37827K [0x0000000080000000, 0x0000000100000000)
  region size 1024K, 3 young (3072K), 3 survivors (3072K)
 Metaspace       used 41168K, committed 41472K, reserved 1089536K
  class space    used 5506K, committed 5632K, reserved 1048576K
}
Event: 9.478 GC heap before
{Heap before GC invocations=11 (full 0):
 garbage-first heap   total 68608K, used 52163K [0x0000000080000000, 0x0000000100000000)
  region size 1024K, 17 young (17408K), 3 survivors (3072K)
 Metaspace       used 41410K, committed 41792K, reserved 1089536K
  class space    used 5527K, committed 5696K, reserved 1048576K
}
Event: 9.484 GC heap after
{Heap after GC invocations=12 (full 0):
 garbage-first heap   total 68608K, used 39567K [0x0000000080000000, 0x0000000100000000)
  region size 1024K, 2 young (2048K), 2 survivors (2048K)
 Metaspace       used 41410K, committed 41792K, reserved 1089536K
  class space    used 5527K, committed 5696K, reserved 1048576K
}
Event: 9.658 GC heap before
{Heap before GC invocations=12 (full 0):
 garbage-first heap   total 68608K, used 47759K [0x0000000080000000, 0x0000000100000000)
  region size 1024K, 12 young (12288K), 2 survivors (2048K)
 Metaspace       used 41880K, committed 42304K, reserved 1089536K
  class space    used 5573K, committed 5760K, reserved 1048576K
}
Event: 9.661 GC heap after
{Heap after GC invocations=13 (full 0):
 garbage-first heap   total 68608K, used 40602K [0x0000000080000000, 0x0000000100000000)
  region size 1024K, 2 young (2048K), 2 survivors (2048K)
 Metaspace       used 41880K, committed 42304K, reserved 1089536K
  class space    used 5573K, committed 5760K, reserved 1048576K
}
Event: 10.079 GC heap before
{Heap before GC invocations=14 (full 0):
 garbage-first heap   total 76800K, used 55962K [0x0000000080000000, 0x0000000100000000)
  region size 1024K, 14 young (14336K), 2 survivors (2048K)
 Metaspace       used 44337K, committed 44736K, reserved 1089536K
  class space    used 5826K, committed 6016K, reserved 1048576K
}
Event: 10.082 GC heap after
{Heap after GC invocations=15 (full 0):
 garbage-first heap   total 76800K, used 41081K [0x0000000080000000, 0x0000000100000000)
  region size 1024K, 1 young (1024K), 1 survivors (1024K)
 Metaspace       used 44337K, committed 44736K, reserved 1089536K
  class space    used 5826K, committed 6016K, reserved 1048576K
}
Event: 10.669 GC heap before
{Heap before GC invocations=15 (full 0):
 garbage-first heap   total 76800K, used 59513K [0x0000000080000000, 0x0000000100000000)
  region size 1024K, 20 young (20480K), 1 survivors (1024K)
 Metaspace       used 46347K, committed 46784K, reserved 1089536K
  class space    used 6143K, committed 6336K, reserved 1048576K
}
Event: 10.674 GC heap after
{Heap after GC invocations=16 (full 0):
 garbage-first heap   total 76800K, used 43048K [0x0000000080000000, 0x0000000100000000)
  region size 1024K, 3 young (3072K), 3 survivors (3072K)
 Metaspace       used 46347K, committed 46784K, reserved 1089536K
  class space    used 6143K, committed 6336K, reserved 1048576K
}

Dll operation events (2 events):
Event: 0.015 Loaded shared library C:\Program Files\Android\Android Studio\jbr\bin\java.dll
Event: 1.002 Loaded shared library C:\Program Files\Android\Android Studio\jbr\bin\verify.dll

Deoptimization events (20 events):
Event: 9.838 Thread 0x00000258dd67c080 Uncommon trap: trap_request=0xffffff45 fr.pc=0x00000258cbfce5b8 relative=0x0000000000000218
Event: 9.838 Thread 0x00000258dd67c080 Uncommon trap: reason=unstable_if action=reinterpret pc=0x00000258cbfce5b8 method=java.util.StringTokenizer.scanToken(I)I @ 42 c2
Event: 9.838 Thread 0x00000258dd67c080 DEOPT PACKING pc=0x00000258cbfce5b8 sp=0x0000009c0b1fe100
Event: 9.838 Thread 0x00000258dd67c080 DEOPT UNPACKING pc=0x00000258cb9c69a3 sp=0x0000009c0b1fe090 mode 2
Event: 10.077 Thread 0x00000258dda819d0 Uncommon trap: trap_request=0xffffff45 fr.pc=0x00000258cc0a4c30 relative=0x0000000000000110
Event: 10.077 Thread 0x00000258dda819d0 Uncommon trap: reason=unstable_if action=reinterpret pc=0x00000258cc0a4c30 method=java.util.Arrays.hashCode([Ljava/lang/Object;)I @ 34 c2
Event: 10.077 Thread 0x00000258dda819d0 DEOPT PACKING pc=0x00000258cc0a4c30 sp=0x0000009c0a4f7d20
Event: 10.077 Thread 0x00000258dda819d0 DEOPT UNPACKING pc=0x00000258cb9c69a3 sp=0x0000009c0a4f7c98 mode 2
Event: 10.099 Thread 0x00000258dda819d0 DEOPT PACKING pc=0x00000258c4b31115 sp=0x0000009c0a4f52d0
Event: 10.099 Thread 0x00000258dda819d0 DEOPT UNPACKING pc=0x00000258cb9c7143 sp=0x0000009c0a4f4758 mode 0
Event: 10.635 Thread 0x00000258dda819d0 DEOPT PACKING pc=0x00000258c44cc713 sp=0x0000009c0a4f97e0
Event: 10.635 Thread 0x00000258dda819d0 DEOPT UNPACKING pc=0x00000258cb9c7143 sp=0x0000009c0a4f8d18 mode 0
Event: 10.710 Thread 0x00000258dda819d0 Uncommon trap: trap_request=0xffffff45 fr.pc=0x00000258cc051de4 relative=0x0000000000004144
Event: 10.710 Thread 0x00000258dda819d0 Uncommon trap: reason=unstable_if action=reinterpret pc=0x00000258cc051de4 method=java.lang.StringLatin1.regionMatchesCI([BI[BII)Z @ 72 c2
Event: 10.710 Thread 0x00000258dda819d0 DEOPT PACKING pc=0x00000258cc051de4 sp=0x0000009c0a4f94b0
Event: 10.710 Thread 0x00000258dda819d0 DEOPT UNPACKING pc=0x00000258cb9c69a3 sp=0x0000009c0a4f9268 mode 2
Event: 10.710 Thread 0x00000258dda819d0 Uncommon trap: trap_request=0xffffff45 fr.pc=0x00000258cbfdd20c relative=0x000000000000064c
Event: 10.710 Thread 0x00000258dda819d0 Uncommon trap: reason=unstable_if action=reinterpret pc=0x00000258cbfdd20c method=java.lang.StringLatin1.regionMatchesCI([BI[BII)Z @ 72 c2
Event: 10.710 Thread 0x00000258dda819d0 DEOPT PACKING pc=0x00000258cbfdd20c sp=0x0000009c0a4f9330
Event: 10.710 Thread 0x00000258dda819d0 DEOPT UNPACKING pc=0x00000258cb9c69a3 sp=0x0000009c0a4f91f8 mode 2

Classes unloaded (0 events):
No events

Classes redefined (0 events):
No events

Internal exceptions (20 events):
Event: 10.091 Thread 0x00000258dda819d0 Exception <a 'java/lang/ClassNotFoundException'{0x000000008755b6f0}: org/gradle/api/internal/artifacts/dsl/dependencies/DefaultDependencyHandler_DecoratedBeanInfo> (0x000000008755b6f0) 
thrown [s\src\hotspot\share\classfile\systemDictionary.cpp, line 256]
Event: 10.092 Thread 0x00000258dda819d0 Exception <a 'java/lang/ClassNotFoundException'{0x0000000087571500}: org/gradle/api/internal/artifacts/dsl/dependencies/DefaultDependencyHandlerBeanInfo> (0x0000000087571500) 
thrown [s\src\hotspot\share\classfile\systemDictionary.cpp, line 256]
Event: 10.093 Thread 0x00000258dda819d0 Exception <a 'java/lang/ClassNotFoundException'{0x0000000087586548}: org/gradle/api/internal/artifacts/dsl/dependencies/DefaultDependencyHandlerCustomizer> (0x0000000087586548) 
thrown [s\src\hotspot\share\classfile\systemDictionary.cpp, line 256]
Event: 10.100 Thread 0x00000258dda819d0 Exception <a 'java/lang/ClassNotFoundException'{0x00000000875c60b0}: org/gradle/api/internal/artifacts/dsl/dependencies/DefaultDependencyHandler_DecoratedCustomizer> (0x00000000875c60b0) 
thrown [s\src\hotspot\share\classfile\systemDictionary.cpp, line 256]
Event: 10.104 Thread 0x00000258dda819d0 Exception <a 'java/lang/ClassNotFoundException'{0x0000000084d07748}: sync_studio_tooling3_6m05hq61dkp3mxomdld14k7wk$_run_closure1BeanInfo> (0x0000000084d07748) 
thrown [s\src\hotspot\share\classfile\systemDictionary.cpp, line 256]
Event: 10.105 Thread 0x00000258dda819d0 Exception <a 'java/lang/ClassNotFoundException'{0x0000000084d0e730}: sync_studio_tooling3_6m05hq61dkp3mxomdld14k7wk$_run_closure1Customizer> (0x0000000084d0e730) 
thrown [s\src\hotspot\share\classfile\systemDictionary.cpp, line 256]
Event: 10.196 Thread 0x00000258dda819d0 Exception <a 'java/lang/NoSuchMethodError'{0x0000000084bff848}: 'java.lang.Object java.lang.invoke.DirectMethodHandle$Holder.newInvokeSpecial(java.lang.Object, int, java.lang.Object)'> (0x0000000084bff848) 
thrown [s\src\hotspot\share\interpreter\linkResolver.cpp, line 771]
Event: 10.479 Thread 0x00000258dda819d0 Exception <a 'java/lang/NoSuchMethodError'{0x0000000083cf42d0}: 'int java.lang.invoke.DirectMethodHandle$Holder.invokeStatic(java.lang.Object)'> (0x0000000083cf42d0) 
thrown [s\src\hotspot\share\interpreter\linkResolver.cpp, line 771]
Event: 10.479 Thread 0x00000258dda819d0 Exception <a 'java/lang/NoSuchMethodError'{0x0000000083cf86c0}: 'int java.lang.invoke.DirectMethodHandle$Holder.invokeStaticInit(java.lang.Object)'> (0x0000000083cf86c0) 
thrown [s\src\hotspot\share\interpreter\linkResolver.cpp, line 771]
Event: 10.537 Thread 0x00000258dd67ad40 Exception <a 'sun/nio/fs/WindowsException'{0x0000000083a25948}> (0x0000000083a25948) 
thrown [s\src\hotspot\share\prims\jni.cpp, line 517]
Event: 10.547 Thread 0x00000258dd67ad40 Exception <a 'sun/nio/fs/WindowsException'{0x0000000083a50380}> (0x0000000083a50380) 
thrown [s\src\hotspot\share\prims\jni.cpp, line 517]
Event: 10.548 Thread 0x00000258dd67ad40 Exception <a 'sun/nio/fs/WindowsException'{0x0000000083a504e8}> (0x0000000083a504e8) 
thrown [s\src\hotspot\share\prims\jni.cpp, line 517]
Event: 10.558 Thread 0x00000258dda819d0 Exception <a 'java/lang/ClassNotFoundException'{0x0000000083ab0c50}: sync_studio_tooling3_6m05hq61dkp3mxomdld14k7wkBeanInfo> (0x0000000083ab0c50) 
thrown [s\src\hotspot\share\classfile\systemDictionary.cpp, line 256]
Event: 10.558 Thread 0x00000258dda819d0 Exception <a 'java/lang/ClassNotFoundException'{0x0000000083ab7500}: sync_studio_tooling3_6m05hq61dkp3mxomdld14k7wkCustomizer> (0x0000000083ab7500) 
thrown [s\src\hotspot\share\classfile\systemDictionary.cpp, line 256]
Event: 10.593 Thread 0x00000258dda819d0 Exception <a 'java/lang/ClassNotFoundException'{0x0000000083997038}: ijinit1_5128jktij3812w5r7noblcgdvBeanInfo> (0x0000000083997038) 
thrown [s\src\hotspot\share\classfile\systemDictionary.cpp, line 256]
Event: 10.594 Thread 0x00000258dda819d0 Exception <a 'java/lang/ClassNotFoundException'{0x000000008399d8d0}: ijinit1_5128jktij3812w5r7noblcgdvCustomizer> (0x000000008399d8d0) 
thrown [s\src\hotspot\share\classfile\systemDictionary.cpp, line 256]
Event: 10.602 Thread 0x00000258dda819d0 Exception <a 'java/lang/ClassNotFoundException'{0x00000000839e0480}: ijinit1_5128jktij3812w5r7noblcgdv$_run_closure1BeanInfo> (0x00000000839e0480) 
thrown [s\src\hotspot\share\classfile\systemDictionary.cpp, line 256]
Event: 10.602 Thread 0x00000258dda819d0 Exception <a 'java/lang/ClassNotFoundException'{0x00000000839e7408}: ijinit1_5128jktij3812w5r7noblcgdv$_run_closure1Customizer> (0x00000000839e7408) 
thrown [s\src\hotspot\share\classfile\systemDictionary.cpp, line 256]
Event: 10.664 Thread 0x00000258dda819d0 Exception <a 'java/lang/ClassNotFoundException'{0x0000000083753d78}: ijinit1_5128jktij3812w5r7noblcgdvBeanInfo> (0x0000000083753d78) 
thrown [s\src\hotspot\share\classfile\systemDictionary.cpp, line 256]
Event: 10.664 Thread 0x00000258dda819d0 Exception <a 'java/lang/ClassNotFoundException'{0x000000008375a5b0}: ijinit1_5128jktij3812w5r7noblcgdvCustomizer> (0x000000008375a5b0) 
thrown [s\src\hotspot\share\classfile\systemDictionary.cpp, line 256]

VM Operations (20 events):
Event: 9.661 Executing VM operation: G1TryInitiateConcMark done
Event: 9.688 Executing VM operation: G1Concurrent
Event: 9.708 Executing VM operation: G1Concurrent done
Event: 9.719 Executing VM operation: G1Concurrent
Event: 9.719 Executing VM operation: G1Concurrent done
Event: 9.853 Executing VM operation: HandshakeAllThreads
Event: 9.853 Executing VM operation: HandshakeAllThreads done
Event: 9.859 Executing VM operation: HandshakeAllThreads
Event: 9.859 Executing VM operation: HandshakeAllThreads done
Event: 10.036 Executing VM operation: HandshakeAllThreads
Event: 10.037 Executing VM operation: HandshakeAllThreads done
Event: 10.060 Executing VM operation: HandshakeAllThreads
Event: 10.060 Executing VM operation: HandshakeAllThreads done
Event: 10.061 Executing VM operation: HandshakeAllThreads
Event: 10.061 Executing VM operation: HandshakeAllThreads done
Event: 10.079 Executing VM operation: G1CollectForAllocation
Event: 10.082 Executing VM operation: G1CollectForAllocation done
Event: 10.669 Executing VM operation: G1TryInitiateConcMark
Event: 10.675 Executing VM operation: G1TryInitiateConcMark done
Event: 10.711 Executing VM operation: G1Concurrent

Events (20 events):
Event: 9.823 loading class java/nio/charset/UnsupportedCharsetException
Event: 9.823 loading class java/nio/charset/UnsupportedCharsetException done
Event: 9.827 loading class java/util/zip/Deflater
Event: 9.828 loading class java/util/zip/Deflater done
Event: 9.829 loading class java/util/zip/Deflater$DeflaterZStreamRef
Event: 9.829 loading class java/util/zip/Deflater$DeflaterZStreamRef done
Event: 9.835 loading class java/nio/channels/Channels
Event: 9.836 loading class java/nio/channels/Channels done
Event: 9.836 loading class sun/nio/ch/ChannelInputStream
Event: 9.836 loading class sun/nio/ch/ChannelInputStream done
Event: 9.858 loading class java/nio/StringCharBuffer
Event: 9.858 loading class java/nio/StringCharBuffer done
Event: 9.885 loading class java/nio/file/StandardCopyOption
Event: 9.885 loading class java/nio/file/StandardCopyOption done
Event: 9.885 loading class sun/nio/fs/WindowsFileCopy
Event: 9.885 loading class sun/nio/fs/WindowsFileCopy done
Event: 10.414 loading class java/io/DeleteOnExitHook
Event: 10.414 loading class java/io/DeleteOnExitHook done
Event: 10.414 loading class java/io/DeleteOnExitHook$1
Event: 10.415 loading class java/io/DeleteOnExitHook$1 done


Dynamic libraries:
0x00007ff6844e0000 - 0x00007ff6844ea000 	C:\Program Files\Android\Android Studio\jbr\bin\java.exe
0x00007ffc42150000 - 0x00007ffc42366000 	C:\WINDOWS\SYSTEM32\ntdll.dll
0x00007ffc40580000 - 0x00007ffc40644000 	C:\WINDOWS\System32\KERNEL32.DLL
0x00007ffc3f930000 - 0x00007ffc3fcd6000 	C:\WINDOWS\System32\KERNELBASE.dll
0x00007ffc3fce0000 - 0x00007ffc3fdf1000 	C:\WINDOWS\System32\ucrtbase.dll
0x00007ffbe66a0000 - 0x00007ffbe66bb000 	C:\Program Files\Android\Android Studio\jbr\bin\VCRUNTIME140.dll
0x00007ffc14f80000 - 0x00007ffc14f97000 	C:\Program Files\Android\Android Studio\jbr\bin\jli.dll
0x00007ffc40190000 - 0x00007ffc4033d000 	C:\WINDOWS\System32\USER32.dll
0x00007ffc3fe00000 - 0x00007ffc3fe26000 	C:\WINDOWS\System32\win32u.dll
0x00007ffc34580000 - 0x00007ffc34813000 	C:\WINDOWS\WinSxS\amd64_microsoft.windows.common-controls_6595b64144ccf1df_6.0.22621.3235_none_270f74e173860f98\COMCTL32.dll
0x00007ffc417c0000 - 0x00007ffc417e9000 	C:\WINDOWS\System32\GDI32.dll
0x00007ffc3fea0000 - 0x00007ffc3ff47000 	C:\WINDOWS\System32\msvcrt.dll
0x00007ffc3f6b0000 - 0x00007ffc3f7c8000 	C:\WINDOWS\System32\gdi32full.dll
0x00007ffc3f7d0000 - 0x00007ffc3f86a000 	C:\WINDOWS\System32\msvcp_win.dll
0x00007ffc400f0000 - 0x00007ffc40121000 	C:\WINDOWS\System32\IMM32.DLL
0x00007ffbf03d0000 - 0x00007ffbf03dc000 	C:\Program Files\Android\Android Studio\jbr\bin\vcruntime140_1.dll
0x00007ffbe6610000 - 0x00007ffbe669d000 	C:\Program Files\Android\Android Studio\jbr\bin\msvcp140.dll
0x00007ffbe8be0000 - 0x00007ffbe984e000 	C:\Program Files\Android\Android Studio\jbr\bin\server\jvm.dll
0x00007ffc40bc0000 - 0x00007ffc40c72000 	C:\WINDOWS\System32\ADVAPI32.dll
0x00007ffc414e0000 - 0x00007ffc41588000 	C:\WINDOWS\System32\sechost.dll
0x00007ffc3f680000 - 0x00007ffc3f6a8000 	C:\WINDOWS\System32\bcrypt.dll
0x00007ffc416a0000 - 0x00007ffc417b5000 	C:\WINDOWS\System32\RPCRT4.dll
0x00007ffc21b60000 - 0x00007ffc21b69000 	C:\WINDOWS\SYSTEM32\WSOCK32.dll
0x00007ffc36290000 - 0x00007ffc362c4000 	C:\WINDOWS\SYSTEM32\WINMM.dll
0x00007ffc41590000 - 0x00007ffc41601000 	C:\WINDOWS\System32\WS2_32.dll
0x00007ffc35870000 - 0x00007ffc3587a000 	C:\WINDOWS\SYSTEM32\VERSION.dll
0x00007ffc3e4d0000 - 0x00007ffc3e4e8000 	C:\WINDOWS\SYSTEM32\kernel.appcore.dll
0x00007ffc34400000 - 0x00007ffc3440a000 	C:\Program Files\Android\Android Studio\jbr\bin\jimage.dll
0x00007ffc2f100000 - 0x00007ffc2f333000 	C:\WINDOWS\SYSTEM32\DBGHELP.DLL
0x00007ffc40650000 - 0x00007ffc409d8000 	C:\WINDOWS\System32\combase.dll
0x00007ffc40010000 - 0x00007ffc400e7000 	C:\WINDOWS\System32\OLEAUT32.dll
0x00007ffc337c0000 - 0x00007ffc337f2000 	C:\WINDOWS\SYSTEM32\dbgcore.DLL
0x00007ffc3f490000 - 0x00007ffc3f50a000 	C:\WINDOWS\System32\bcryptPrimitives.dll
0x00007ffc2d870000 - 0x00007ffc2d895000 	C:\Program Files\Android\Android Studio\jbr\bin\java.dll
0x00007ffc33800000 - 0x00007ffc33818000 	C:\Program Files\Android\Android Studio\jbr\bin\zip.dll
0x00007ffc40c80000 - 0x00007ffc414dd000 	C:\WINDOWS\System32\SHELL32.dll
0x00007ffc3d3f0000 - 0x00007ffc3dce8000 	C:\WINDOWS\SYSTEM32\windows.storage.dll
0x00007ffc3d2b0000 - 0x00007ffc3d3ee000 	C:\WINDOWS\SYSTEM32\wintypes.dll
0x00007ffc40350000 - 0x00007ffc40443000 	C:\WINDOWS\System32\SHCORE.dll
0x00007ffc42050000 - 0x00007ffc420ae000 	C:\WINDOWS\System32\shlwapi.dll
0x00007ffc3f3c0000 - 0x00007ffc3f3e6000 	C:\WINDOWS\SYSTEM32\profapi.dll
0x00007ffc337a0000 - 0x00007ffc337b9000 	C:\Program Files\Android\Android Studio\jbr\bin\net.dll
0x00007ffc38f70000 - 0x00007ffc390a7000 	C:\WINDOWS\SYSTEM32\WINHTTP.dll
0x00007ffc3e9b0000 - 0x00007ffc3ea19000 	C:\WINDOWS\system32\mswsock.dll
0x00007ffc2d850000 - 0x00007ffc2d866000 	C:\Program Files\Android\Android Studio\jbr\bin\nio.dll
0x00007ffc2d840000 - 0x00007ffc2d850000 	C:\Program Files\Android\Android Studio\jbr\bin\verify.dll
0x00007ffbe5700000 - 0x00007ffbe5727000 	C:\Users\23480\.gradle\native\68d5fa5c4cc2d200863cafc0d521ce42e7d3e7ee720ec0a83991735586a16f82\windows-amd64\native-platform.dll
0x00007ffbe64c0000 - 0x00007ffbe6604000 	C:\Users\23480\.gradle\native\e376f236ea51e6404a007f0833ffe2c6e607c4080706a723a18a27aeea778392\windows-amd64\native-platform-file-events.dll
0x00007ffc2d530000 - 0x00007ffc2d539000 	C:\Program Files\Android\Android Studio\jbr\bin\management.dll
0x00007ffc275d0000 - 0x00007ffc275db000 	C:\Program Files\Android\Android Studio\jbr\bin\management_ext.dll
0x00007ffc40000000 - 0x00007ffc40008000 	C:\WINDOWS\System32\PSAPI.DLL
0x00007ffc3ec00000 - 0x00007ffc3ec1b000 	C:\WINDOWS\SYSTEM32\CRYPTSP.dll
0x00007ffc3e430000 - 0x00007ffc3e465000 	C:\WINDOWS\system32\rsaenh.dll
0x00007ffc3eaa0000 - 0x00007ffc3eacc000 	C:\WINDOWS\SYSTEM32\USERENV.dll
0x00007ffc3ec30000 - 0x00007ffc3ec3c000 	C:\WINDOWS\SYSTEM32\CRYPTBASE.dll
0x00007ffc3df50000 - 0x00007ffc3df7d000 	C:\WINDOWS\SYSTEM32\IPHLPAPI.DLL
0x00007ffc40340000 - 0x00007ffc40349000 	C:\WINDOWS\System32\NSI.dll
0x00007ffc39100000 - 0x00007ffc39119000 	C:\WINDOWS\SYSTEM32\dhcpcsvc6.DLL
0x00007ffc38e40000 - 0x00007ffc38e5f000 	C:\WINDOWS\SYSTEM32\dhcpcsvc.DLL
0x00007ffc3dfc0000 - 0x00007ffc3e0b9000 	C:\WINDOWS\SYSTEM32\DNSAPI.dll
0x00007ffbb56e0000 - 0x00007ffbb56e8000 	C:\WINDOWS\system32\wshunix.dll

dbghelp: loaded successfully - version: 4.0.5 - missing functions: none
symbol engine: initialized successfully - sym options: 0x614 - pdb path: .;C:\Program Files\Android\Android Studio\jbr\bin;C:\WINDOWS\SYSTEM32;C:\WINDOWS\WinSxS\amd64_microsoft.windows.common-controls_6595b64144ccf1df_6.0.22621.3235_none_270f74e173860f98;C:\Program Files\Android\Android Studio\jbr\bin\server;C:\Users\23480\.gradle\native\68d5fa5c4cc2d200863cafc0d521ce42e7d3e7ee720ec0a83991735586a16f82\windows-amd64;C:\Users\23480\.gradle\native\e376f236ea51e6404a007f0833ffe2c6e607c4080706a723a18a27aeea778392\windows-amd64

VM Arguments:
jvm_args: --add-opens=java.base/java.util.concurrent.atomic=ALL-UNNAMED --add-opens=java.base/java.util=ALL-UNNAMED --add-opens=java.base/java.lang=ALL-UNNAMED --add-opens=java.base/java.lang.invoke=ALL-UNNAMED --add-opens=java.prefs/java.util.prefs=ALL-UNNAMED --add-opens=java.base/java.nio.charset=ALL-UNNAMED --add-opens=java.base/java.net=ALL-UNNAMED --add-opens=java.base/java.util.concurrent.atomic=ALL-UNNAMED -Xmx2048m -Dfile.encoding=UTF-8 -Duser.country=US -Duser.language=en -Duser.variant 
java_command: org.gradle.launcher.daemon.bootstrap.GradleDaemon 8.0
java_class_path (initial): C:\Users\23480\.gradle\wrapper\dists\gradle-8.0-bin\ca5e32bp14vu59qr306oxotwh\gradle-8.0\lib\gradle-launcher-8.0.jar
Launcher Type: SUN_STANDARD

[Global flags]
     intx CICompilerCount                          = 4                                         {product} {ergonomic}
     uint ConcGCThreads                            = 2                                         {product} {ergonomic}
     uint G1ConcRefinementThreads                  = 8                                         {product} {ergonomic}
   size_t G1HeapRegionSize                         = 1048576                                   {product} {ergonomic}
    uintx GCDrainStackTargetSize                   = 64                                        {product} {ergonomic}
   size_t InitialHeapSize                          = 123731968                                 {product} {ergonomic}
   size_t MarkStackSize                            = 4194304                                   {product} {ergonomic}
   size_t MaxHeapSize                              = 2147483648                                {product} {command line}
   size_t MaxNewSize                               = 1287651328                                {product} {ergonomic}
   size_t MinHeapDeltaBytes                        = 1048576                                   {product} {ergonomic}
   size_t MinHeapSize                              = 8388608                                   {product} {ergonomic}
    uintx NonNMethodCodeHeapSize                   = 5839372                                {pd product} {ergonomic}
    uintx NonProfiledCodeHeapSize                  = 122909434                              {pd product} {ergonomic}
    uintx ProfiledCodeHeapSize                     = 122909434                              {pd product} {ergonomic}
    uintx ReservedCodeCacheSize                    = 251658240                              {pd product} {ergonomic}
     bool SegmentedCodeCache                       = true                                      {product} {ergonomic}
   size_t SoftMaxHeapSize                          = 2147483648                             {manageable} {ergonomic}
     bool UseCompressedClassPointers               = true                           {product lp64_product} {ergonomic}
     bool UseCompressedOops                        = true                           {product lp64_product} {ergonomic}
     bool UseG1GC                                  = true                                      {product} {ergonomic}
     bool UseLargePagesIndividualAllocation        = false                                  {pd product} {ergonomic}

Logging:
Log output configuration:
 #0: stdout all=warning uptime,level,tags
 #1: stderr all=off uptime,level,tags

Environment Variables:
PATH=C:\WINDOWS\system32;C:\WINDOWS;C:\WINDOWS\System32\Wbem;C:\WINDOWS\System32\WindowsPowerShell\v1.0\;C:\WINDOWS\System32\OpenSSH\;C:\Program Files\nodejs\;C:\Program Files\Git\cmd;C:\Users\23480\AppData\Local\Programs\Python\Python311\Scripts\;C:\Users\23480\AppData\Local\Programs\Python\Python311\;C:\Users\23480\AppData\Local\Microsoft\WindowsApps;C:\Users\23480\AppData\Local\atom\bin;C:\Users\23480\AppData\Local\Programs\Microsoft VS Code\bin;C:\Users\23480\AppData\Local\Microsoft\WindowsApps;;C:\Program Files\JetBrains\IntelliJ IDEA Community Edition 2023.2.1\bin;;C:\Users\23480\AppData\Roaming\npm
USERNAME=23480
OS=Windows_NT
PROCESSOR_IDENTIFIER=AMD64 Family 23 Model 104 Stepping 1, AuthenticAMD
TMP=C:\Users\23480\AppData\Local\Temp
TEMP=C:\Users\23480\AppData\Local\Temp


JNI global refs:
JNI global refs: 24, weak refs: 5

JNI global refs memory usage: 843, weak refs: 841


---------------  S Y S T E M  ---------------

OS:
 Windows 11 , 64 bit Build 22621 (10.0.22621.3235)
OS uptime: 0 days 0:38 hours

CPU: total 8 (initial active 8) (8 cores per cpu, 2 threads per core) family 23 model 104 stepping 1 microcode 0x0, cx8, cmov, fxsr, ht, mmx, 3dnowpref, sse, sse2, sse3, ssse3, sse4a, sse4.1, sse4.2, popcnt, lzcnt, tsc, tscinvbit, avx, avx2, aes, clmul, bmi1, bmi2, adx, sha, fma, vzeroupper, clflush, clflushopt

Memory: 4k page, system-wide physical 7502M (214M free)
TotalPageFile size 11571M (AvailPageFile size 8M)
current process WorkingSet (physical memory assigned to process): 210M, peak: 213M
current process commit charge ("private bytes"): 250M, peak: 256M

vm_info: OpenJDK 64-Bit Server VM (17.0.6+0-b2043.56-10027231) for windows-amd64 JRE (17.0.6+0-b2043.56-10027231), built on Apr 28 2023 00:43:19 by "androidbuild" with MS VC++ 16.10 / 16.11 (VS2019)

END.
